New log file opened at Fri Oct 16 15:33:34 CEST 2015 by 7140@PC-14874
Sending msg to client activator-6d1fff88-1380-40ab-b9c9-cf2a3dc67a96: ExecutionWaiting(47,jobStop 1,ClientInfo(6d1fff88-1380-40ab-b9c9-cf2a3dc67a96,activator,Activator,3,Vector()))
Sending msg to client activator-6d1fff88-1380-40ab-b9c9-cf2a3dc67a96: ExecutionStarting(47)
Sending msg to client activator-6d1fff88-1380-40ab-b9c9-cf2a3dc67a96: DetachedLogEvent(LogMessage(debug,> jobStop 1))
Sending msg to client activator-6d1fff88-1380-40ab-b9c9-cf2a3dc67a96: DetachedLogEvent(LogMessage(debug,Evaluating tasks: *:jobStop))
Sending msg to client activator-6d1fff88-1380-40ab-b9c9-cf2a3dc67a96: DetachedLogEvent(LogMessage(debug,Running task... Cancel: sbt.server.ServerTaskCancellation@147a62c4, check cycles: false))
Sending msg to client activator-6d1fff88-1380-40ab-b9c9-cf2a3dc67a96: DetachedLogEvent(LogMessage(debug,cancel strategy start enabled=true lastCommand=Some(LastCommand(CommandExecutionWork(ExecutionId(47),jobStop 1,Set(LiveClient(activator 6d1fff88-1380-40ab-b9c9-cf2a3dc67a96)),sbt.server.WorkCancellationStatus$$anon$1@3ea368ee)))))
Sending msg to client activator-6d1fff88-1380-40ab-b9c9-cf2a3dc67a96: TaskStarted(47,7539,Some(AttributeKey[void]("jobStop") in Scope(Global)))
Sending msg to client activator-6d1fff88-1380-40ab-b9c9-cf2a3dc67a96: TaskFinished(47,7539,Some(AttributeKey[void]("jobStop") in Scope(Global)),true,None)
Sending msg to client activator-6d1fff88-1380-40ab-b9c9-cf2a3dc67a96: TaskStarted(47,7538,None)
Sending msg to client activator-6d1fff88-1380-40ab-b9c9-cf2a3dc67a96: BackgroundJobLogEvent(1,LogMessage(info,Stopping Play fork run ...))
Sending msg to client activator-6d1fff88-1380-40ab-b9c9-cf2a3dc67a96: TaskFinished(47,7538,None,true,None)
Sending msg to client activator-6d1fff88-1380-40ab-b9c9-cf2a3dc67a96: TaskStarted(47,7537,None)
Sending msg to client activator-6d1fff88-1380-40ab-b9c9-cf2a3dc67a96: TaskFinished(47,7537,None,true,None)
Sending msg to client activator-6d1fff88-1380-40ab-b9c9-cf2a3dc67a96: DetachedLogEvent(LogMessage(debug,cancel strategy finish enabled=false lastCommand=Some(LastCommand(CommandExecutionWork(ExecutionId(47),jobStop 1,Set(LiveClient(activator 6d1fff88-1380-40ab-b9c9-cf2a3dc67a96)),sbt.server.WorkCancellationStatus$$anon$1@3ea368ee)))))
Sending msg to client activator-6d1fff88-1380-40ab-b9c9-cf2a3dc67a96: DetachedLogEvent(LogSuccess(Total time: 0 s, completed 16-okt-2015 15:33:34))
Sending msg to client activator-6d1fff88-1380-40ab-b9c9-cf2a3dc67a96: DetachedLogEvent(LogMessage(debug,> server-post-command-cleanup))
Sending msg to client activator-6d1fff88-1380-40ab-b9c9-cf2a3dc67a96: ExecutionSuccess(47)
Sending msg to client activator-6d1fff88-1380-40ab-b9c9-cf2a3dc67a96: DetachedLogEvent(LogMessage(debug,> server-handle-next-server-request))
Sending msg to client activator-6d1fff88-1380-40ab-b9c9-cf2a3dc67a96: BackgroundJobLogEvent(1,LogMessage(info,Forked Play process did not exit on its own, terminating it))
Sending msg to client activator-6d1fff88-1380-40ab-b9c9-cf2a3dc67a96: BackgroundJobFinished(5,1)
