New log file opened at Fri Oct 23 10:48:53 CEST 2015 by 6620@PC-14874
Sending msg to client play-fork-run-06898680-0f2a-4944-8d3b-0e711cb7cb5c: DetachedLogEvent(LogMessage(debug,sbt server socket logs are in: C:\Users\ligthartmeu\apps\myPAL\.sbtserver\connections\master.log))
Sending msg to client play-fork-run-06898680-0f2a-4944-8d3b-0e711cb7cb5c: DetachedLogEvent(LogMessage(debug,sbt general server logs are in: C:\Users\ligthartmeu\apps\myPAL\.sbtserver\master.log))
Sending msg to client play-fork-run-06898680-0f2a-4944-8d3b-0e711cb7cb5c: DetachedLogEvent(LogMessage(debug,sbt client logs are in: C:\Users\ligthartmeu\apps\myPAL\.sbtserver\connections\play-fork-run-06898680-0f2a-4944-8d3b-0e711cb7cb5c.log))
Reading next message from client.
Got request: DaemonRequest(true)
Reading next message from client.
Sending msg to client play-fork-run-06898680-0f2a-4944-8d3b-0e711cb7cb5c: (3,ReceivedResponse())
Got request: ListenToEvents()
Reading next message from client.
Sending msg to client play-fork-run-06898680-0f2a-4944-8d3b-0e711cb7cb5c: BackgroundJobStarted(4,BackgroundJobInfo(1,backgroundRun,AttributeKey[sbt.BackgroundJobHandle]("backgroundRun") in Scope(Build: file:/C:/Users/ligthartmeu/apps/myPAL/, , Project: ProjectReference(file:/C:/Users/ligthartmeu/apps/myPAL/,root), Config: compile)))
Sending msg to client play-fork-run-06898680-0f2a-4944-8d3b-0e711cb7cb5c: (4,ReceivedResponse())
Got request: KeyLookupRequest(root/playForkConfig)
Reading next message from client.
Sending msg to client play-fork-run-06898680-0f2a-4944-8d3b-0e711cb7cb5c: (5,KeyLookupResponse(root/playForkConfig,Vector(AttributeKey[play.forkrun.protocol.ForkConfig]("playForkConfig") in Scope(Build: file:/C:/Users/ligthartmeu/apps/myPAL/, , Project: ProjectReference(file:/C:/Users/ligthartmeu/apps/myPAL/,root)))))
Got request: ListenToValue(AttributeKey[play.forkrun.protocol.ForkConfig]("playForkConfig") in Scope(Build: file:/C:/Users/ligthartmeu/apps/myPAL/, , Project: ProjectReference(file:/C:/Users/ligthartmeu/apps/myPAL/,root)))
Reading next message from client.
Sending msg to client play-fork-run-06898680-0f2a-4944-8d3b-0e711cb7cb5c: (6,ReceivedResponse())
Got request: KeyExecutionRequest(AttributeKey[play.forkrun.protocol.ForkConfig]("playForkConfig") in Scope(Build: file:/C:/Users/ligthartmeu/apps/myPAL/, , Project: ProjectReference(file:/C:/Users/ligthartmeu/apps/myPAL/,root)))
Reading next message from client.
Sending msg to client play-fork-run-06898680-0f2a-4944-8d3b-0e711cb7cb5c: (7,ExecutionRequestReceived(5))
Sending msg to client play-fork-run-06898680-0f2a-4944-8d3b-0e711cb7cb5c: ExecutionWaiting(5,{file:/C:/Users/ligthartmeu/apps/myPAL/}root/*:playForkConfig,ClientInfo(06898680-0f2a-4944-8d3b-0e711cb7cb5c,play-fork-run,Play Fork Run,1,Vector()))
Sending msg to client play-fork-run-06898680-0f2a-4944-8d3b-0e711cb7cb5c: ExecutionStarting(5)
Sending msg to client play-fork-run-06898680-0f2a-4944-8d3b-0e711cb7cb5c: DetachedLogEvent(LogMessage(debug,> {file:/C:/Users/ligthartmeu/apps/myPAL/}root/*:playForkConfig))
Sending msg to client play-fork-run-06898680-0f2a-4944-8d3b-0e711cb7cb5c: DetachedLogEvent(LogMessage(debug,Evaluating tasks: *:playForkConfig))
Sending msg to client play-fork-run-06898680-0f2a-4944-8d3b-0e711cb7cb5c: DetachedLogEvent(LogMessage(debug,Running task... Cancel: sbt.server.ServerTaskCancellation@3309ff2f, check cycles: false))
Sending msg to client play-fork-run-06898680-0f2a-4944-8d3b-0e711cb7cb5c: DetachedLogEvent(LogMessage(debug,cancel strategy start enabled=true lastCommand=Some(LastCommand(CommandExecutionWork(ExecutionId(5),{file:/C:/Users/ligthartmeu/apps/myPAL/}root/*:playForkConfig,Set(LiveClient(play-fork-run 06898680-0f2a-4944-8d3b-0e711cb7cb5c)),sbt.server.WorkCancellationStatus$$anon$1@6237740)))))
Sending msg to client play-fork-run-06898680-0f2a-4944-8d3b-0e711cb7cb5c: TaskStarted(5,289,None)
Sending msg to client play-fork-run-06898680-0f2a-4944-8d3b-0e711cb7cb5c: TaskStarted(5,293,None)
Sending msg to client play-fork-run-06898680-0f2a-4944-8d3b-0e711cb7cb5c: TaskStarted(5,297,Some(AttributeKey[scala.Option[scala.collection.Seq[sbt.Resolver]]]("bootResolvers") in Scope(Build: file:/C:/Users/ligthartmeu/apps/myPAL/, , Project: ProjectReference(file:/C:/Users/ligthartmeu/apps/myPAL/,root))))
Sending msg to client play-fork-run-06898680-0f2a-4944-8d3b-0e711cb7cb5c: TaskStarted(5,298,Some(AttributeKey[scala.collection.Seq[sbt.Resolver]]("externalResolvers") in Scope(Build: file:/C:/Users/ligthartmeu/apps/myPAL/, , Project: ProjectReference(file:/C:/Users/ligthartmeu/apps/myPAL/,root))))
Sending msg to client play-fork-run-06898680-0f2a-4944-8d3b-0e711cb7cb5c: TaskStarted(5,303,None)
Sending msg to client play-fork-run-06898680-0f2a-4944-8d3b-0e711cb7cb5c: TaskStarted(5,305,Some(AttributeKey[scala.collection.Seq[sbt.Credentials]]("credentials") in Scope(Global)))
Sending msg to client play-fork-run-06898680-0f2a-4944-8d3b-0e711cb7cb5c: TaskStarted(5,309,Some(AttributeKey[java.lang.String]("updateCacheName") in Scope(Build: file:/C:/Users/ligthartmeu/apps/myPAL/, , Project: ProjectReference(file:/C:/Users/ligthartmeu/apps/myPAL/,root))))
Sending msg to client play-fork-run-06898680-0f2a-4944-8d3b-0e711cb7cb5c: TaskStarted(5,311,None)
Sending msg to client play-fork-run-06898680-0f2a-4944-8d3b-0e711cb7cb5c: TaskStarted(5,312,None)
Sending msg to client play-fork-run-06898680-0f2a-4944-8d3b-0e711cb7cb5c: TaskStarted(5,313,Some(AttributeKey[boolean]("skip") in Scope(Global)))
Sending msg to client play-fork-run-06898680-0f2a-4944-8d3b-0e711cb7cb5c: TaskStarted(5,316,None)
Sending msg to client play-fork-run-06898680-0f2a-4944-8d3b-0e711cb7cb5c: TaskStarted(5,332,None)
Sending msg to client play-fork-run-06898680-0f2a-4944-8d3b-0e711cb7cb5c: TaskStarted(5,335,Some(AttributeKey[scala.collection.Seq[java.lang.String]]("javaOptions") in Scope(Global)))
Sending msg to client play-fork-run-06898680-0f2a-4944-8d3b-0e711cb7cb5c: TaskStarted(5,339,Some(AttributeKey[scala.Tuple2[java.lang.String,java.io.File]]("playPrefixAndAssets") in Scope(Build: file:/C:/Users/ligthartmeu/apps/myPAL/, , Project: ProjectReference(file:/C:/Users/ligthartmeu/apps/myPAL/,root))))
Sending msg to client play-fork-run-06898680-0f2a-4944-8d3b-0e711cb7cb5c: TaskFinished(5,297,Some(AttributeKey[scala.Option[scala.collection.Seq[sbt.Resolver]]]("bootResolvers") in Scope(Build: file:/C:/Users/ligthartmeu/apps/myPAL/, , Project: ProjectReference(file:/C:/Users/ligthartmeu/apps/myPAL/,root))),true,None)
Sending msg to client play-fork-run-06898680-0f2a-4944-8d3b-0e711cb7cb5c: TaskFinished(5,289,None,true,None)
Sending msg to client play-fork-run-06898680-0f2a-4944-8d3b-0e711cb7cb5c: TaskFinished(5,305,Some(AttributeKey[scala.collection.Seq[sbt.Credentials]]("credentials") in Scope(Global)),true,None)
Sending msg to client play-fork-run-06898680-0f2a-4944-8d3b-0e711cb7cb5c: TaskFinished(5,293,None,true,None)
Sending msg to client play-fork-run-06898680-0f2a-4944-8d3b-0e711cb7cb5c: TaskStarted(5,292,None)
Sending msg to client play-fork-run-06898680-0f2a-4944-8d3b-0e711cb7cb5c: TaskStarted(5,295,None)
Sending msg to client play-fork-run-06898680-0f2a-4944-8d3b-0e711cb7cb5c: TaskStarted(5,304,None)
Sending msg to client play-fork-run-06898680-0f2a-4944-8d3b-0e711cb7cb5c: TaskStarted(5,319,None)
Sending msg to client play-fork-run-06898680-0f2a-4944-8d3b-0e711cb7cb5c: TaskStarted(5,320,None)
Sending msg to client play-fork-run-06898680-0f2a-4944-8d3b-0e711cb7cb5c: TaskStarted(5,322,None)
Sending msg to client play-fork-run-06898680-0f2a-4944-8d3b-0e711cb7cb5c: TaskStarted(5,326,None)
Sending msg to client play-fork-run-06898680-0f2a-4944-8d3b-0e711cb7cb5c: TaskStarted(5,333,None)
Sending msg to client play-fork-run-06898680-0f2a-4944-8d3b-0e711cb7cb5c: TaskFinished(5,298,Some(AttributeKey[scala.collection.Seq[sbt.Resolver]]("externalResolvers") in Scope(Build: file:/C:/Users/ligthartmeu/apps/myPAL/, , Project: ProjectReference(file:/C:/Users/ligthartmeu/apps/myPAL/,root))),true,None)
Sending msg to client play-fork-run-06898680-0f2a-4944-8d3b-0e711cb7cb5c: TaskFinished(5,311,None,true,None)
Sending msg to client play-fork-run-06898680-0f2a-4944-8d3b-0e711cb7cb5c: TaskFinished(5,313,Some(AttributeKey[boolean]("skip") in Scope(Global)),true,None)
Sending msg to client play-fork-run-06898680-0f2a-4944-8d3b-0e711cb7cb5c: TaskFinished(5,316,None,true,None)
Sending msg to client play-fork-run-06898680-0f2a-4944-8d3b-0e711cb7cb5c: TaskFinished(5,332,None,true,None)
Sending msg to client play-fork-run-06898680-0f2a-4944-8d3b-0e711cb7cb5c: TaskFinished(5,335,Some(AttributeKey[scala.collection.Seq[java.lang.String]]("javaOptions") in Scope(Global)),true,None)
Sending msg to client play-fork-run-06898680-0f2a-4944-8d3b-0e711cb7cb5c: TaskFinished(5,339,Some(AttributeKey[scala.Tuple2[java.lang.String,java.io.File]]("playPrefixAndAssets") in Scope(Build: file:/C:/Users/ligthartmeu/apps/myPAL/, , Project: ProjectReference(file:/C:/Users/ligthartmeu/apps/myPAL/,root))),true,None)
Sending msg to client play-fork-run-06898680-0f2a-4944-8d3b-0e711cb7cb5c: TaskStarted(5,338,None)
Sending msg to client play-fork-run-06898680-0f2a-4944-8d3b-0e711cb7cb5c: TaskFinished(5,292,None,true,None)
Sending msg to client play-fork-run-06898680-0f2a-4944-8d3b-0e711cb7cb5c: TaskFinished(5,295,None,true,None)
Sending msg to client play-fork-run-06898680-0f2a-4944-8d3b-0e711cb7cb5c: TaskFinished(5,304,None,true,None)
Sending msg to client play-fork-run-06898680-0f2a-4944-8d3b-0e711cb7cb5c: TaskFinished(5,309,Some(AttributeKey[java.lang.String]("updateCacheName") in Scope(Build: file:/C:/Users/ligthartmeu/apps/myPAL/, , Project: ProjectReference(file:/C:/Users/ligthartmeu/apps/myPAL/,root))),true,None)
Sending msg to client play-fork-run-06898680-0f2a-4944-8d3b-0e711cb7cb5c: TaskFinished(5,303,None,true,None)
Sending msg to client play-fork-run-06898680-0f2a-4944-8d3b-0e711cb7cb5c: TaskStarted(5,302,Some(AttributeKey[sbt.BuildStructure]("buildStructure") in Scope(Global)))
Sending msg to client play-fork-run-06898680-0f2a-4944-8d3b-0e711cb7cb5c: TaskStarted(5,314,Some(AttributeKey[java.io.File]("dependencyCacheDirectory") in Scope(Build: file:/C:/Users/ligthartmeu/apps/myPAL/, , Project: ProjectReference(file:/C:/Users/ligthartmeu/apps/myPAL/,root))))
Sending msg to client play-fork-run-06898680-0f2a-4944-8d3b-0e711cb7cb5c: TaskStarted(5,334,Some(AttributeKey[scala.collection.Seq[java.lang.String]]("playMonitoredFiles") in Scope(Build: file:/C:/Users/ligthartmeu/apps/myPAL/, , Project: ProjectReference(file:/C:/Users/ligthartmeu/apps/myPAL/,root))))
Sending msg to client play-fork-run-06898680-0f2a-4944-8d3b-0e711cb7cb5c: TaskFinished(5,319,None,true,None)
Sending msg to client play-fork-run-06898680-0f2a-4944-8d3b-0e711cb7cb5c: TaskStarted(5,318,Some(AttributeKey[scala.collection.immutable.Map[sbt.ModuleID,sbt.SourcePosition]]("dependencyPositions") in Scope(Build: file:/C:/Users/ligthartmeu/apps/myPAL/, , Project: ProjectReference(file:/C:/Users/ligthartmeu/apps/myPAL/,root))))
Sending msg to client play-fork-run-06898680-0f2a-4944-8d3b-0e711cb7cb5c: TaskFinished(5,312,None,true,None)
Sending msg to client play-fork-run-06898680-0f2a-4944-8d3b-0e711cb7cb5c: TaskStarted(5,310,Some(AttributeKey[scala.collection.Seq[sbt.UpdateReport]]("transitiveUpdate") in Scope(Build: file:/C:/Users/ligthartmeu/apps/myPAL/, , Project: ProjectReference(file:/C:/Users/ligthartmeu/apps/myPAL/,root))))
Sending msg to client play-fork-run-06898680-0f2a-4944-8d3b-0e711cb7cb5c: TaskFinished(5,320,None,true,None)
Sending msg to client play-fork-run-06898680-0f2a-4944-8d3b-0e711cb7cb5c: TaskFinished(5,333,None,true,None)
Sending msg to client play-fork-run-06898680-0f2a-4944-8d3b-0e711cb7cb5c: TaskFinished(5,302,Some(AttributeKey[sbt.BuildStructure]("buildStructure") in Scope(Global)),true,None)
Sending msg to client play-fork-run-06898680-0f2a-4944-8d3b-0e711cb7cb5c: TaskStarted(5,301,Some(AttributeKey[sbt.Settings[sbt.Scope]]("settingsData") in Scope(Global)))
Sending msg to client play-fork-run-06898680-0f2a-4944-8d3b-0e711cb7cb5c: TaskFinished(5,314,Some(AttributeKey[java.io.File]("dependencyCacheDirectory") in Scope(Build: file:/C:/Users/ligthartmeu/apps/myPAL/, , Project: ProjectReference(file:/C:/Users/ligthartmeu/apps/myPAL/,root))),true,None)
Sending msg to client play-fork-run-06898680-0f2a-4944-8d3b-0e711cb7cb5c: TaskFinished(5,338,None,true,None)
Sending msg to client play-fork-run-06898680-0f2a-4944-8d3b-0e711cb7cb5c: TaskStarted(5,337,None)
Sending msg to client play-fork-run-06898680-0f2a-4944-8d3b-0e711cb7cb5c: TaskFinished(5,334,Some(AttributeKey[scala.collection.Seq[java.lang.String]]("playMonitoredFiles") in Scope(Build: file:/C:/Users/ligthartmeu/apps/myPAL/, , Project: ProjectReference(file:/C:/Users/ligthartmeu/apps/myPAL/,root))),true,None)
Sending msg to client play-fork-run-06898680-0f2a-4944-8d3b-0e711cb7cb5c: TaskFinished(5,310,Some(AttributeKey[scala.collection.Seq[sbt.UpdateReport]]("transitiveUpdate") in Scope(Build: file:/C:/Users/ligthartmeu/apps/myPAL/, , Project: ProjectReference(file:/C:/Users/ligthartmeu/apps/myPAL/,root))),true,None)
Sending msg to client play-fork-run-06898680-0f2a-4944-8d3b-0e711cb7cb5c: TaskFinished(5,301,Some(AttributeKey[sbt.Settings[sbt.Scope]]("settingsData") in Scope(Global)),true,None)
Sending msg to client play-fork-run-06898680-0f2a-4944-8d3b-0e711cb7cb5c: TaskStarted(5,300,Some(AttributeKey[scala.collection.immutable.Map[org.apache.ivy.core.module.id.ModuleRevisionId,org.apache.ivy.core.module.descriptor.ModuleDescriptor]]("projectDescriptors") in Scope(Build: file:/C:/Users/ligthartmeu/apps/myPAL/, , Project: ProjectReference(file:/C:/Users/ligthartmeu/apps/myPAL/,root))))
Sending msg to client play-fork-run-06898680-0f2a-4944-8d3b-0e711cb7cb5c: TaskStarted(5,308,Some(AttributeKey[scala.collection.Seq[sbt.ModuleID]]("projectDependencies") in Scope(Build: file:/C:/Users/ligthartmeu/apps/myPAL/, , Project: ProjectReference(file:/C:/Users/ligthartmeu/apps/myPAL/,root))))
Sending msg to client play-fork-run-06898680-0f2a-4944-8d3b-0e711cb7cb5c: TaskStarted(5,315,None)
Sending msg to client play-fork-run-06898680-0f2a-4944-8d3b-0e711cb7cb5c: TaskStarted(5,325,None)
Sending msg to client play-fork-run-06898680-0f2a-4944-8d3b-0e711cb7cb5c: TaskFinished(5,337,None,true,None)
Sending msg to client play-fork-run-06898680-0f2a-4944-8d3b-0e711cb7cb5c: TaskStarted(5,336,Some(AttributeKey[scala.collection.Seq[scala.Tuple2[java.lang.String,java.io.File]]]("playAllAssets") in Scope(Build: file:/C:/Users/ligthartmeu/apps/myPAL/, , Project: ProjectReference(file:/C:/Users/ligthartmeu/apps/myPAL/,root))))
Sending msg to client play-fork-run-06898680-0f2a-4944-8d3b-0e711cb7cb5c: TaskStarted(5,341,None)
Sending msg to client play-fork-run-06898680-0f2a-4944-8d3b-0e711cb7cb5c: TaskFinished(5,318,Some(AttributeKey[scala.collection.immutable.Map[sbt.ModuleID,sbt.SourcePosition]]("dependencyPositions") in Scope(Build: file:/C:/Users/ligthartmeu/apps/myPAL/, , Project: ProjectReference(file:/C:/Users/ligthartmeu/apps/myPAL/,root))),true,None)
Sending msg to client play-fork-run-06898680-0f2a-4944-8d3b-0e711cb7cb5c: TaskStarted(5,317,Some(AttributeKey[sbt.UnresolvedWarningConfiguration]("unresolvedWarningConfiguration") in Scope(Build: file:/C:/Users/ligthartmeu/apps/myPAL/, , Project: ProjectReference(file:/C:/Users/ligthartmeu/apps/myPAL/,root), Task: AttributeKey[sbt.UpdateReport]("update"))))
Sending msg to client play-fork-run-06898680-0f2a-4944-8d3b-0e711cb7cb5c: TaskStarted(5,342,None)
Sending msg to client play-fork-run-06898680-0f2a-4944-8d3b-0e711cb7cb5c: TaskStarted(5,346,None)
Sending msg to client play-fork-run-06898680-0f2a-4944-8d3b-0e711cb7cb5c: TaskStarted(5,347,None)
Sending msg to client play-fork-run-06898680-0f2a-4944-8d3b-0e711cb7cb5c: TaskStarted(5,350,None)
Sending msg to client play-fork-run-06898680-0f2a-4944-8d3b-0e711cb7cb5c: TaskStarted(5,352,None)
Sending msg to client play-fork-run-06898680-0f2a-4944-8d3b-0e711cb7cb5c: TaskStarted(5,353,None)
Sending msg to client play-fork-run-06898680-0f2a-4944-8d3b-0e711cb7cb5c: TaskFinished(5,336,Some(AttributeKey[scala.collection.Seq[scala.Tuple2[java.lang.String,java.io.File]]]("playAllAssets") in Scope(Build: file:/C:/Users/ligthartmeu/apps/myPAL/, , Project: ProjectReference(file:/C:/Users/ligthartmeu/apps/myPAL/,root))),true,None)
Sending msg to client play-fork-run-06898680-0f2a-4944-8d3b-0e711cb7cb5c: TaskFinished(5,341,None,true,None)
Sending msg to client play-fork-run-06898680-0f2a-4944-8d3b-0e711cb7cb5c: TaskStarted(5,340,None)
Sending msg to client play-fork-run-06898680-0f2a-4944-8d3b-0e711cb7cb5c: TaskFinished(5,317,Some(AttributeKey[sbt.UnresolvedWarningConfiguration]("unresolvedWarningConfiguration") in Scope(Build: file:/C:/Users/ligthartmeu/apps/myPAL/, , Project: ProjectReference(file:/C:/Users/ligthartmeu/apps/myPAL/,root), Task: AttributeKey[sbt.UpdateReport]("update"))),true,None)
Sending msg to client play-fork-run-06898680-0f2a-4944-8d3b-0e711cb7cb5c: TaskFinished(5,342,None,true,None)
Sending msg to client play-fork-run-06898680-0f2a-4944-8d3b-0e711cb7cb5c: TaskFinished(5,315,None,true,None)
Sending msg to client play-fork-run-06898680-0f2a-4944-8d3b-0e711cb7cb5c: TaskFinished(5,308,Some(AttributeKey[scala.collection.Seq[sbt.ModuleID]]("projectDependencies") in Scope(Build: file:/C:/Users/ligthartmeu/apps/myPAL/, , Project: ProjectReference(file:/C:/Users/ligthartmeu/apps/myPAL/,root))),true,None)
Sending msg to client play-fork-run-06898680-0f2a-4944-8d3b-0e711cb7cb5c: TaskStarted(5,307,Some(AttributeKey[scala.collection.Seq[sbt.ModuleID]]("allDependencies") in Scope(Build: file:/C:/Users/ligthartmeu/apps/myPAL/, , Project: ProjectReference(file:/C:/Users/ligthartmeu/apps/myPAL/,root))))
Sending msg to client play-fork-run-06898680-0f2a-4944-8d3b-0e711cb7cb5c: TaskFinished(5,347,None,true,None)
Sending msg to client play-fork-run-06898680-0f2a-4944-8d3b-0e711cb7cb5c: TaskFinished(5,350,None,true,None)
Sending msg to client play-fork-run-06898680-0f2a-4944-8d3b-0e711cb7cb5c: TaskStarted(5,349,None)
Sending msg to client play-fork-run-06898680-0f2a-4944-8d3b-0e711cb7cb5c: TaskFinished(5,352,None,true,None)
Sending msg to client play-fork-run-06898680-0f2a-4944-8d3b-0e711cb7cb5c: TaskFinished(5,353,None,true,None)
Sending msg to client play-fork-run-06898680-0f2a-4944-8d3b-0e711cb7cb5c: TaskStarted(5,351,Some(AttributeKey[scala.collection.Seq[sbt.Attributed[java.io.File]]]("unmanagedJars") in Scope(Build: file:/C:/Users/ligthartmeu/apps/myPAL/, , Project: ProjectReference(file:/C:/Users/ligthartmeu/apps/myPAL/,root), Config: compile)))
Sending msg to client play-fork-run-06898680-0f2a-4944-8d3b-0e711cb7cb5c: TaskFinished(5,340,None,true,None)
Sending msg to client play-fork-run-06898680-0f2a-4944-8d3b-0e711cb7cb5c: TaskFinished(5,300,Some(AttributeKey[scala.collection.immutable.Map[org.apache.ivy.core.module.id.ModuleRevisionId,org.apache.ivy.core.module.descriptor.ModuleDescriptor]]("projectDescriptors") in Scope(Build: file:/C:/Users/ligthartmeu/apps/myPAL/, , Project: ProjectReference(file:/C:/Users/ligthartmeu/apps/myPAL/,root))),true,None)
Sending msg to client play-fork-run-06898680-0f2a-4944-8d3b-0e711cb7cb5c: TaskStarted(5,299,Some(AttributeKey[sbt.Resolver]("projectResolver") in Scope(Build: file:/C:/Users/ligthartmeu/apps/myPAL/, , Project: ProjectReference(file:/C:/Users/ligthartmeu/apps/myPAL/,root))))
Sending msg to client play-fork-run-06898680-0f2a-4944-8d3b-0e711cb7cb5c: TaskFinished(5,307,Some(AttributeKey[scala.collection.Seq[sbt.ModuleID]]("allDependencies") in Scope(Build: file:/C:/Users/ligthartmeu/apps/myPAL/, , Project: ProjectReference(file:/C:/Users/ligthartmeu/apps/myPAL/,root))),true,None)
Sending msg to client play-fork-run-06898680-0f2a-4944-8d3b-0e711cb7cb5c: TaskStarted(5,306,Some(AttributeKey[sbt.ModuleSettings]("moduleSettings") in Scope(Build: file:/C:/Users/ligthartmeu/apps/myPAL/, , Project: ProjectReference(file:/C:/Users/ligthartmeu/apps/myPAL/,root))))
Sending msg to client play-fork-run-06898680-0f2a-4944-8d3b-0e711cb7cb5c: TaskStarted(5,354,None)
Sending msg to client play-fork-run-06898680-0f2a-4944-8d3b-0e711cb7cb5c: TaskFinished(5,346,None,true,None)
Sending msg to client play-fork-run-06898680-0f2a-4944-8d3b-0e711cb7cb5c: TaskStarted(5,345,Some(AttributeKey[scala.collection.Seq[sbt.Attributed[java.io.File]]]("unmanagedJars") in Scope(Build: file:/C:/Users/ligthartmeu/apps/myPAL/, , Project: ProjectReference(file:/C:/Users/ligthartmeu/apps/myPAL/,root), Config: runtime)))
Sending msg to client play-fork-run-06898680-0f2a-4944-8d3b-0e711cb7cb5c: TaskFinished(5,351,Some(AttributeKey[scala.collection.Seq[sbt.Attributed[java.io.File]]]("unmanagedJars") in Scope(Build: file:/C:/Users/ligthartmeu/apps/myPAL/, , Project: ProjectReference(file:/C:/Users/ligthartmeu/apps/myPAL/,root), Config: compile)),true,None)
Sending msg to client play-fork-run-06898680-0f2a-4944-8d3b-0e711cb7cb5c: TaskFinished(5,299,Some(AttributeKey[sbt.Resolver]("projectResolver") in Scope(Build: file:/C:/Users/ligthartmeu/apps/myPAL/, , Project: ProjectReference(file:/C:/Users/ligthartmeu/apps/myPAL/,root))),true,None)
Sending msg to client play-fork-run-06898680-0f2a-4944-8d3b-0e711cb7cb5c: TaskStarted(5,296,Some(AttributeKey[scala.collection.Seq[sbt.Resolver]]("fullResolvers") in Scope(Build: file:/C:/Users/ligthartmeu/apps/myPAL/, , Project: ProjectReference(file:/C:/Users/ligthartmeu/apps/myPAL/,root))))
Sending msg to client play-fork-run-06898680-0f2a-4944-8d3b-0e711cb7cb5c: TaskFinished(5,306,Some(AttributeKey[sbt.ModuleSettings]("moduleSettings") in Scope(Build: file:/C:/Users/ligthartmeu/apps/myPAL/, , Project: ProjectReference(file:/C:/Users/ligthartmeu/apps/myPAL/,root))),true,None)
Sending msg to client play-fork-run-06898680-0f2a-4944-8d3b-0e711cb7cb5c: TaskFinished(5,354,None,true,None)
Sending msg to client play-fork-run-06898680-0f2a-4944-8d3b-0e711cb7cb5c: TaskFinished(5,349,None,true,None)
Sending msg to client play-fork-run-06898680-0f2a-4944-8d3b-0e711cb7cb5c: TaskStarted(5,348,Some(AttributeKey[scala.collection.Seq[sbt.Attributed[java.io.File]]]("unmanagedJars") in Scope(Build: file:/C:/Users/ligthartmeu/apps/myPAL/, , Project: ProjectReference(file:/C:/Users/ligthartmeu/apps/myPAL/,root), Config: compile)))
Sending msg to client play-fork-run-06898680-0f2a-4944-8d3b-0e711cb7cb5c: TaskFinished(5,296,Some(AttributeKey[scala.collection.Seq[sbt.Resolver]]("fullResolvers") in Scope(Build: file:/C:/Users/ligthartmeu/apps/myPAL/, , Project: ProjectReference(file:/C:/Users/ligthartmeu/apps/myPAL/,root))),true,None)
Sending msg to client play-fork-run-06898680-0f2a-4944-8d3b-0e711cb7cb5c: TaskStarted(5,294,Some(AttributeKey[sbt.IvyConfiguration]("ivyConfiguration") in Scope(Build: file:/C:/Users/ligthartmeu/apps/myPAL/, , Project: ProjectReference(file:/C:/Users/ligthartmeu/apps/myPAL/,root))))
Sending msg to client play-fork-run-06898680-0f2a-4944-8d3b-0e711cb7cb5c: TaskFinished(5,345,Some(AttributeKey[scala.collection.Seq[sbt.Attributed[java.io.File]]]("unmanagedJars") in Scope(Build: file:/C:/Users/ligthartmeu/apps/myPAL/, , Project: ProjectReference(file:/C:/Users/ligthartmeu/apps/myPAL/,root), Config: runtime)),true,None)
Sending msg to client play-fork-run-06898680-0f2a-4944-8d3b-0e711cb7cb5c: TaskFinished(5,348,Some(AttributeKey[scala.collection.Seq[sbt.Attributed[java.io.File]]]("unmanagedJars") in Scope(Build: file:/C:/Users/ligthartmeu/apps/myPAL/, , Project: ProjectReference(file:/C:/Users/ligthartmeu/apps/myPAL/,root), Config: compile)),true,None)
Sending msg to client play-fork-run-06898680-0f2a-4944-8d3b-0e711cb7cb5c: TaskStarted(5,344,None)
Sending msg to client play-fork-run-06898680-0f2a-4944-8d3b-0e711cb7cb5c: TaskFinished(5,344,None,true,None)
Sending msg to client play-fork-run-06898680-0f2a-4944-8d3b-0e711cb7cb5c: TaskStarted(5,343,None)
Sending msg to client play-fork-run-06898680-0f2a-4944-8d3b-0e711cb7cb5c: TaskFinished(5,294,Some(AttributeKey[sbt.IvyConfiguration]("ivyConfiguration") in Scope(Build: file:/C:/Users/ligthartmeu/apps/myPAL/, , Project: ProjectReference(file:/C:/Users/ligthartmeu/apps/myPAL/,root))),true,None)
Sending msg to client play-fork-run-06898680-0f2a-4944-8d3b-0e711cb7cb5c: TaskStarted(5,291,Some(AttributeKey[sbt.IvySbt]("ivySbt") in Scope(Build: file:/C:/Users/ligthartmeu/apps/myPAL/, , Project: ProjectReference(file:/C:/Users/ligthartmeu/apps/myPAL/,root))))
Sending msg to client play-fork-run-06898680-0f2a-4944-8d3b-0e711cb7cb5c: TaskFinished(5,343,None,true,None)
Sending msg to client play-fork-run-06898680-0f2a-4944-8d3b-0e711cb7cb5c: TaskFinished(5,325,None,true,None)
Sending msg to client play-fork-run-06898680-0f2a-4944-8d3b-0e711cb7cb5c: TaskFinished(5,291,Some(AttributeKey[sbt.IvySbt]("ivySbt") in Scope(Build: file:/C:/Users/ligthartmeu/apps/myPAL/, , Project: ProjectReference(file:/C:/Users/ligthartmeu/apps/myPAL/,root))),true,None)
Sending msg to client play-fork-run-06898680-0f2a-4944-8d3b-0e711cb7cb5c: TaskStarted(5,290,Some(AttributeKey[sbt.IvySbt$Module]("ivyModule") in Scope(Build: file:/C:/Users/ligthartmeu/apps/myPAL/, , Project: ProjectReference(file:/C:/Users/ligthartmeu/apps/myPAL/,root))))
Sending msg to client play-fork-run-06898680-0f2a-4944-8d3b-0e711cb7cb5c: TaskFinished(5,290,Some(AttributeKey[sbt.IvySbt$Module]("ivyModule") in Scope(Build: file:/C:/Users/ligthartmeu/apps/myPAL/, , Project: ProjectReference(file:/C:/Users/ligthartmeu/apps/myPAL/,root))),true,None)
Sending msg to client play-fork-run-06898680-0f2a-4944-8d3b-0e711cb7cb5c: TaskStarted(5,288,Some(AttributeKey[sbt.UpdateReport]("update") in Scope(Build: file:/C:/Users/ligthartmeu/apps/myPAL/, , Project: ProjectReference(file:/C:/Users/ligthartmeu/apps/myPAL/,root))))
Sending msg to client play-fork-run-06898680-0f2a-4944-8d3b-0e711cb7cb5c: TaskFinished(5,322,None,true,None)
Sending msg to client play-fork-run-06898680-0f2a-4944-8d3b-0e711cb7cb5c: TaskFinished(5,326,None,true,None)
Sending msg to client play-fork-run-06898680-0f2a-4944-8d3b-0e711cb7cb5c: TaskStarted(5,324,Some(AttributeKey[scala.collection.Seq[sbt.Attributed[java.io.File]]]("unmanagedClasspath") in Scope(Build: file:/C:/Users/ligthartmeu/apps/myPAL/, , Project: ProjectReference(file:/C:/Users/ligthartmeu/apps/myPAL/,root), Config: runtime)))
Sending msg to client play-fork-run-06898680-0f2a-4944-8d3b-0e711cb7cb5c: TaskFinished(5,324,Some(AttributeKey[scala.collection.Seq[sbt.Attributed[java.io.File]]]("unmanagedClasspath") in Scope(Build: file:/C:/Users/ligthartmeu/apps/myPAL/, , Project: ProjectReference(file:/C:/Users/ligthartmeu/apps/myPAL/,root), Config: runtime)),true,None)
Sending msg to client play-fork-run-06898680-0f2a-4944-8d3b-0e711cb7cb5c: TaskFinished(5,288,Some(AttributeKey[sbt.UpdateReport]("update") in Scope(Build: file:/C:/Users/ligthartmeu/apps/myPAL/, , Project: ProjectReference(file:/C:/Users/ligthartmeu/apps/myPAL/,root))),true,None)
Sending msg to client play-fork-run-06898680-0f2a-4944-8d3b-0e711cb7cb5c: TaskStarted(5,287,Some(AttributeKey[sbt.UpdateReport]("update") in Scope(Build: file:/C:/Users/ligthartmeu/apps/myPAL/, , Project: ProjectReference(file:/C:/Users/ligthartmeu/apps/myPAL/,root))))
Sending msg to client play-fork-run-06898680-0f2a-4944-8d3b-0e711cb7cb5c: TaskFinished(5,287,Some(AttributeKey[sbt.UpdateReport]("update") in Scope(Build: file:/C:/Users/ligthartmeu/apps/myPAL/, , Project: ProjectReference(file:/C:/Users/ligthartmeu/apps/myPAL/,root))),true,None)
Sending msg to client play-fork-run-06898680-0f2a-4944-8d3b-0e711cb7cb5c: TaskStarted(5,286,Some(AttributeKey[scala.collection.Seq[sbt.Attributed[java.io.File]]]("managedClasspath") in Scope(Build: file:/C:/Users/ligthartmeu/apps/myPAL/, , Project: ProjectReference(file:/C:/Users/ligthartmeu/apps/myPAL/,root), Config: docs)))
Sending msg to client play-fork-run-06898680-0f2a-4944-8d3b-0e711cb7cb5c: TaskStarted(5,331,Some(AttributeKey[sbt.Configuration]("classpathConfiguration") in Scope(Build: file:/C:/Users/ligthartmeu/apps/myPAL/, , Project: ProjectReference(file:/C:/Users/ligthartmeu/apps/myPAL/,root), Config: compile)))
Sending msg to client play-fork-run-06898680-0f2a-4944-8d3b-0e711cb7cb5c: TaskFinished(5,286,Some(AttributeKey[scala.collection.Seq[sbt.Attributed[java.io.File]]]("managedClasspath") in Scope(Build: file:/C:/Users/ligthartmeu/apps/myPAL/, , Project: ProjectReference(file:/C:/Users/ligthartmeu/apps/myPAL/,root), Config: docs)),true,None)
Sending msg to client play-fork-run-06898680-0f2a-4944-8d3b-0e711cb7cb5c: TaskFinished(5,331,Some(AttributeKey[sbt.Configuration]("classpathConfiguration") in Scope(Build: file:/C:/Users/ligthartmeu/apps/myPAL/, , Project: ProjectReference(file:/C:/Users/ligthartmeu/apps/myPAL/,root), Config: compile)),true,None)
Sending msg to client play-fork-run-06898680-0f2a-4944-8d3b-0e711cb7cb5c: TaskStarted(5,330,None)
Sending msg to client play-fork-run-06898680-0f2a-4944-8d3b-0e711cb7cb5c: TaskFinished(5,330,None,true,None)
Sending msg to client play-fork-run-06898680-0f2a-4944-8d3b-0e711cb7cb5c: TaskStarted(5,329,Some(AttributeKey[sbt.Configuration]("classpathConfiguration") in Scope(Build: file:/C:/Users/ligthartmeu/apps/myPAL/, , Project: ProjectReference(file:/C:/Users/ligthartmeu/apps/myPAL/,root), Config: runtime)))
Sending msg to client play-fork-run-06898680-0f2a-4944-8d3b-0e711cb7cb5c: TaskFinished(5,329,Some(AttributeKey[sbt.Configuration]("classpathConfiguration") in Scope(Build: file:/C:/Users/ligthartmeu/apps/myPAL/, , Project: ProjectReference(file:/C:/Users/ligthartmeu/apps/myPAL/,root), Config: runtime)),true,None)
Sending msg to client play-fork-run-06898680-0f2a-4944-8d3b-0e711cb7cb5c: TaskStarted(5,328,None)
Sending msg to client play-fork-run-06898680-0f2a-4944-8d3b-0e711cb7cb5c: TaskFinished(5,328,None,true,None)
Sending msg to client play-fork-run-06898680-0f2a-4944-8d3b-0e711cb7cb5c: TaskStarted(5,327,Some(AttributeKey[scala.collection.Seq[sbt.Attributed[java.io.File]]]("managedClasspath") in Scope(Build: file:/C:/Users/ligthartmeu/apps/myPAL/, , Project: ProjectReference(file:/C:/Users/ligthartmeu/apps/myPAL/,root), Config: runtime)))
Sending msg to client play-fork-run-06898680-0f2a-4944-8d3b-0e711cb7cb5c: TaskFinished(5,327,Some(AttributeKey[scala.collection.Seq[sbt.Attributed[java.io.File]]]("managedClasspath") in Scope(Build: file:/C:/Users/ligthartmeu/apps/myPAL/, , Project: ProjectReference(file:/C:/Users/ligthartmeu/apps/myPAL/,root), Config: runtime)),true,None)
Sending msg to client play-fork-run-06898680-0f2a-4944-8d3b-0e711cb7cb5c: TaskStarted(5,323,None)
Sending msg to client play-fork-run-06898680-0f2a-4944-8d3b-0e711cb7cb5c: TaskFinished(5,323,None,true,None)
Sending msg to client play-fork-run-06898680-0f2a-4944-8d3b-0e711cb7cb5c: TaskStarted(5,321,Some(AttributeKey[scala.collection.Seq[sbt.Attributed[java.io.File]]]("playDependencyClasspath") in Scope(Build: file:/C:/Users/ligthartmeu/apps/myPAL/, , Project: ProjectReference(file:/C:/Users/ligthartmeu/apps/myPAL/,root))))
Sending msg to client play-fork-run-06898680-0f2a-4944-8d3b-0e711cb7cb5c: TaskFinished(5,321,Some(AttributeKey[scala.collection.Seq[sbt.Attributed[java.io.File]]]("playDependencyClasspath") in Scope(Build: file:/C:/Users/ligthartmeu/apps/myPAL/, , Project: ProjectReference(file:/C:/Users/ligthartmeu/apps/myPAL/,root))),true,None)
Sending msg to client play-fork-run-06898680-0f2a-4944-8d3b-0e711cb7cb5c: TaskStarted(5,285,Some(AttributeKey[play.forkrun.protocol.ForkConfig]("playForkConfig") in Scope(Build: file:/C:/Users/ligthartmeu/apps/myPAL/, , Project: ProjectReference(file:/C:/Users/ligthartmeu/apps/myPAL/,root))))
Sending msg to client play-fork-run-06898680-0f2a-4944-8d3b-0e711cb7cb5c: TaskFinished(5,285,Some(AttributeKey[play.forkrun.protocol.ForkConfig]("playForkConfig") in Scope(Build: file:/C:/Users/ligthartmeu/apps/myPAL/, , Project: ProjectReference(file:/C:/Users/ligthartmeu/apps/myPAL/,root))),true,None)
Sending msg to client play-fork-run-06898680-0f2a-4944-8d3b-0e711cb7cb5c: ValueChanged(AttributeKey[play.forkrun.protocol.ForkConfig]("playForkConfig") in Scope(Build: file:/C:/Users/ligthartmeu/apps/myPAL/, , Project: ProjectReference(file:/C:/Users/ligthartmeu/apps/myPAL/,root)),TaskSuccess(BuildValue(LazyValue(ForkConfig(C:\Users\ligthartmeu\apps\myPAL,List(),List(C:\Users\ligthartmeu\.ivy2\cache\org.scala-lang\scala-library\jars\scala-library-2.11.6.jar, C:\Users\ligthartmeu\.ivy2\cache\com.typesafe.play\twirl-api_2.11\jars\twirl-api_2.11-1.0.2.jar, C:\Users\ligthartmeu\.ivy2\cache\org.apache.commons\commons-lang3\jars\commons-lang3-3.1.jar, C:\Users\ligthartmeu\.ivy2\cache\org.scala-lang.modules\scala-xml_2.11\bundles\scala-xml_2.11-1.0.1.jar, C:\Users\ligthartmeu\.ivy2\cache\com.typesafe.play\play_2.11\jars\play_2.11-2.3.9.jar, C:\Users\ligthartmeu\.ivy2\cache\com.typesafe.play\build-link\jars\build-link-2.3.9.jar, C:\Users\ligthartmeu\.ivy2\cache\com.typesafe.play\play-exceptions\jars\play-exceptions-2.3.9.jar, C:\Users\ligthartmeu\.ivy2\cache\com.typesafe.play\play-iteratees_2.11\jars\play-iteratees_2.11-2.3.9.jar, C:\Users\ligthartmeu\.ivy2\cache\org.scala-stm\scala-stm_2.11\jars\scala-stm_2.11-0.7.jar, C:\Users\ligthartmeu\.ivy2\cache\com.typesafe\config\bundles\config-1.2.1.jar, C:\Users\ligthartmeu\.ivy2\cache\com.typesafe.play\play-json_2.11\jars\play-json_2.11-2.3.9.jar, C:\Users\ligthartmeu\.ivy2\cache\com.typesafe.play\play-functional_2.11\jars\play-functional_2.11-2.3.9.jar, C:\Users\ligthartmeu\.ivy2\cache\com.typesafe.play\play-datacommons_2.11\jars\play-datacommons_2.11-2.3.9.jar, C:\Users\ligthartmeu\.ivy2\cache\joda-time\joda-time\jars\joda-time-2.3.jar, C:\Users\ligthartmeu\.ivy2\cache\org.joda\joda-convert\jars\joda-convert-1.6.jar, C:\Users\ligthartmeu\.ivy2\cache\com.fasterxml.jackson.core\jackson-annotations\bundles\jackson-annotations-2.3.2.jar, C:\Users\ligthartmeu\.ivy2\cache\com.fasterxml.jackson.core\jackson-core\bundles\jackson-core-2.3.2.jar, C:\Users\ligthartmeu\.ivy2\cache\com.fasterxml.jackson.core\jackson-databind\bundles\jackson-databind-2.3.2.jar, C:\Users\ligthartmeu\.ivy2\cache\org.scala-lang\scala-reflect\jars\scala-reflect-2.11.1.jar, C:\Users\ligthartmeu\.ivy2\cache\org.scala-lang.modules\scala-parser-combinators_2.11\bundles\scala-parser-combinators_2.11-1.0.1.jar, C:\Users\ligthartmeu\.ivy2\cache\io.netty\netty\bundles\netty-3.9.8.Final.jar, C:\Users\ligthartmeu\.ivy2\cache\com.typesafe.netty\netty-http-pipelining\jars\netty-http-pipelining-1.1.2.jar, C:\Users\ligthartmeu\.ivy2\cache\org.slf4j\slf4j-api\jars\slf4j-api-1.7.6.jar, C:\Users\ligthartmeu\.ivy2\cache\org.slf4j\jul-to-slf4j\jars\jul-to-slf4j-1.7.6.jar, C:\Users\ligthartmeu\.ivy2\cache\org.slf4j\jcl-over-slf4j\jars\jcl-over-slf4j-1.7.6.jar, C:\Users\ligthartmeu\.ivy2\cache\ch.qos.logback\logback-core\jars\logback-core-1.1.1.jar, C:\Users\ligthartmeu\.ivy2\cache\ch.qos.logback\logback-classic\jars\logback-classic-1.1.1.jar, C:\Users\ligthartmeu\.ivy2\cache\com.typesafe.akka\akka-actor_2.11\jars\akka-actor_2.11-2.3.4.jar, C:\Users\ligthartmeu\.ivy2\cache\com.typesafe.akka\akka-slf4j_2.11\jars\akka-slf4j_2.11-2.3.4.jar, C:\Users\ligthartmeu\.ivy2\cache\commons-codec\commons-codec\jars\commons-codec-1.9.jar, C:\Users\ligthartmeu\.ivy2\cache\xerces\xercesImpl\jars\xercesImpl-2.11.0.jar, C:\Users\ligthartmeu\.ivy2\cache\xml-apis\xml-apis\jars\xml-apis-1.4.01.jar, C:\Users\ligthartmeu\.ivy2\cache\javax.transaction\jta\jars\jta-1.1.jar, C:\Users\ligthartmeu\.ivy2\cache\com.typesafe.play\play-java_2.11\jars\play-java_2.11-2.3.9.jar, C:\Users\ligthartmeu\.ivy2\cache\org.yaml\snakeyaml\bundles\snakeyaml-1.13.jar, C:\Users\ligthartmeu\.ivy2\cache\org.hibernate\hibernate-validator\jars\hibernate-validator-5.0.3.Final.jar, C:\Users\ligthartmeu\.ivy2\cache\javax.validation\validation-api\jars\validation-api-1.1.0.Final.jar, C:\Users\ligthartmeu\.ivy2\cache\com.fasterxml\classmate\bundles\classmate-1.0.0.jar, C:\Users\ligthartmeu\.ivy2\cache\org.jboss.logging\jboss-logging\jars\jboss-logging-3.2.0.Final.jar, C:\Users\ligthartmeu\.ivy2\cache\org.springframework\spring-context\jars\spring-context-4.0.3.RELEASE.jar, C:\Users\ligthartmeu\.ivy2\cache\org.springframework\spring-core\jars\spring-core-4.0.3.RELEASE.jar, C:\Users\ligthartmeu\.ivy2\cache\org.springframework\spring-beans\jars\spring-beans-4.0.3.RELEASE.jar, C:\Users\ligthartmeu\.ivy2\cache\org.javassist\javassist\bundles\javassist-3.19.0-GA.jar, C:\Users\ligthartmeu\.ivy2\cache\org.reflections\reflections\jars\reflections-0.9.8.jar, C:\Users\ligthartmeu\.ivy2\cache\com.google.guava\guava\bundles\guava-16.0.1.jar, C:\Users\ligthartmeu\.ivy2\cache\dom4j\dom4j\jars\dom4j-1.6.1.jar, C:\Users\ligthartmeu\.ivy2\cache\com.google.code.findbugs\jsr305\jars\jsr305-2.0.3.jar, C:\Users\ligthartmeu\.ivy2\cache\org.apache.tomcat\tomcat-servlet-api\jars\tomcat-servlet-api-8.0.5.jar, C:\Users\ligthartmeu\.ivy2\cache\com.typesafe.play\play-java-jdbc_2.11\jars\play-java-jdbc_2.11-2.3.9.jar, C:\Users\ligthartmeu\.ivy2\cache\com.typesafe.play\play-jdbc_2.11\jars\play-jdbc_2.11-2.3.9.jar, C:\Users\ligthartmeu\.ivy2\cache\com.jolbox\bonecp\bundles\bonecp-0.8.0.RELEASE.jar, C:\Users\ligthartmeu\.ivy2\cache\com.h2database\h2\jars\h2-1.3.175.jar, C:\Users\ligthartmeu\.ivy2\cache\tyrex\tyrex\jars\tyrex-1.0.1.jar, C:\Users\ligthartmeu\.ivy2\cache\com.typesafe.play\play-java-ebean_2.11\jars\play-java-ebean_2.11-2.3.9.jar, C:\Users\ligthartmeu\.ivy2\cache\org.avaje.ebeanorm\avaje-ebeanorm\jars\avaje-ebeanorm-3.3.4.jar, C:\Users\ligthartmeu\.ivy2\cache\org.avaje.ebeanorm\avaje-ebeanorm-agent\jars\avaje-ebeanorm-agent-3.2.2.jar, C:\Users\ligthartmeu\.ivy2\cache\org.hibernate.javax.persistence\hibernate-jpa-2.0-api\jars\hibernate-jpa-2.0-api-1.0.1.Final.jar, C:\Users\ligthartmeu\.ivy2\cache\com.typesafe.play\play-cache_2.11\jars\play-cache_2.11-2.3.9.jar, C:\Users\ligthartmeu\.ivy2\cache\net.sf.ehcache\ehcache-core\jars\ehcache-core-2.6.8.jar, C:\Users\ligthartmeu\.ivy2\cache\com.typesafe.play\play-java-ws_2.11\jars\play-java-ws_2.11-2.3.9.jar, C:\Users\ligthartmeu\.ivy2\cache\com.typesafe.play\play-ws_2.11\jars\play-ws_2.11-2.3.9.jar, C:\Users\ligthartmeu\.ivy2\cache\com.ning\async-http-client\jars\async-http-client-1.8.15.jar, C:\Users\ligthartmeu\.ivy2\cache\oauth.signpost\signpost-core\jars\signpost-core-1.2.1.2.jar, C:\Users\ligthartmeu\.ivy2\cache\oauth.signpost\signpost-commonshttp4\jars\signpost-commonshttp4-1.2.1.2.jar, C:\Users\ligthartmeu\.ivy2\cache\org.apache.httpcomponents\httpcore\jars\httpcore-4.0.1.jar, C:\Users\ligthartmeu\.ivy2\cache\org.apache.httpcomponents\httpclient\jars\httpclient-4.0.1.jar, C:\Users\ligthartmeu\.ivy2\cache\commons-logging\commons-logging\jars\commons-logging-1.1.1.jar, C:\Users\ligthartmeu\.ivy2\cache\org.mindrot\jbcrypt\jars\jbcrypt-0.3m.jar, C:\Users\ligthartmeu\.ivy2\cache\commons-io\commons-io\jars\commons-io-2.4.jar, C:\Users\ligthartmeu\.ivy2\cache\org.imgscalr\imgscalr-lib\jars\imgscalr-lib-4.2.jar, C:\Users\ligthartmeu\.ivy2\cache\org.postgresql\postgresql\jars\postgresql-9.4-1201-jdbc41.jar),List((public/,C:\Users\ligthartmeu\apps\myPAL\target\web\public\main)),List(C:\Users\ligthartmeu\.ivy2\cache\com.typesafe.play\play-docs_2.11\jars\play-docs_2.11-2.3.9.jar, C:\Users\ligthartmeu\.ivy2\cache\org.scala-lang\scala-library\jars\scala-library-2.11.1.jar, C:\Users\ligthartmeu\.ivy2\cache\com.typesafe.play\play_2.11\jars\play_2.11-2.3.9.jar, C:\Users\ligthartmeu\.ivy2\cache\com.typesafe.play\build-link\jars\build-link-2.3.9.jar, C:\Users\ligthartmeu\.ivy2\cache\com.typesafe.play\play-exceptions\jars\play-exceptions-2.3.9.jar, C:\Users\ligthartmeu\.ivy2\cache\org.javassist\javassist\bundles\javassist-3.18.2-GA.jar, C:\Users\ligthartmeu\.ivy2\cache\com.typesafe.play\play-iteratees_2.11\jars\play-iteratees_2.11-2.3.9.jar, C:\Users\ligthartmeu\.ivy2\cache\org.scala-stm\scala-stm_2.11\jars\scala-stm_2.11-0.7.jar, C:\Users\ligthartmeu\.ivy2\cache\com.typesafe\config\bundles\config-1.2.1.jar, C:\Users\ligthartmeu\.ivy2\cache\com.typesafe.play\play-json_2.11\jars\play-json_2.11-2.3.9.jar, C:\Users\ligthartmeu\.ivy2\cache\com.typesafe.play\play-functional_2.11\jars\play-functional_2.11-2.3.9.jar, C:\Users\ligthartmeu\.ivy2\cache\com.typesafe.play\play-datacommons_2.11\jars\play-datacommons_2.11-2.3.9.jar, C:\Users\ligthartmeu\.ivy2\cache\joda-time\joda-time\jars\joda-time-2.3.jar, C:\Users\ligthartmeu\.ivy2\cache\org.joda\joda-convert\jars\joda-convert-1.6.jar, C:\Users\ligthartmeu\.ivy2\cache\com.fasterxml.jackson.core\jackson-annotations\bundles\jackson-annotations-2.3.2.jar, C:\Users\ligthartmeu\.ivy2\cache\com.fasterxml.jackson.core\jackson-core\bundles\jackson-core-2.3.2.jar, C:\Users\ligthartmeu\.ivy2\cache\com.fasterxml.jackson.core\jackson-databind\bundles\jackson-databind-2.3.2.jar, C:\Users\ligthartmeu\.ivy2\cache\org.scala-lang\scala-reflect\jars\scala-reflect-2.11.1.jar, C:\Users\ligthartmeu\.ivy2\cache\com.typesafe.play\twirl-api_2.11\jars\twirl-api_2.11-1.0.2.jar, C:\Users\ligthartmeu\.ivy2\cache\org.apache.commons\commons-lang3\jars\commons-lang3-3.1.jar, C:\Users\ligthartmeu\.ivy2\cache\org.scala-lang.modules\scala-xml_2.11\bundles\scala-xml_2.11-1.0.1.jar, C:\Users\ligthartmeu\.ivy2\cache\org.scala-lang.modules\scala-parser-combinators_2.11\bundles\scala-parser-combinators_2.11-1.0.1.jar, C:\Users\ligthartmeu\.ivy2\cache\io.netty\netty\bundles\netty-3.9.8.Final.jar, C:\Users\ligthartmeu\.ivy2\cache\com.typesafe.netty\netty-http-pipelining\jars\netty-http-pipelining-1.1.2.jar, C:\Users\ligthartmeu\.ivy2\cache\org.slf4j\slf4j-api\jars\slf4j-api-1.7.6.jar, C:\Users\ligthartmeu\.ivy2\cache\org.slf4j\jul-to-slf4j\jars\jul-to-slf4j-1.7.6.jar, C:\Users\ligthartmeu\.ivy2\cache\org.slf4j\jcl-over-slf4j\jars\jcl-over-slf4j-1.7.6.jar, C:\Users\ligthartmeu\.ivy2\cache\ch.qos.logback\logback-core\jars\logback-core-1.1.1.jar, C:\Users\ligthartmeu\.ivy2\cache\ch.qos.logback\logback-classic\jars\logback-classic-1.1.1.jar, C:\Users\ligthartmeu\.ivy2\cache\com.typesafe.akka\akka-actor_2.11\jars\akka-actor_2.11-2.3.4.jar, C:\Users\ligthartmeu\.ivy2\cache\com.typesafe.akka\akka-slf4j_2.11\jars\akka-slf4j_2.11-2.3.4.jar, C:\Users\ligthartmeu\.ivy2\cache\commons-codec\commons-codec\jars\commons-codec-1.9.jar, C:\Users\ligthartmeu\.ivy2\cache\xerces\xercesImpl\jars\xercesImpl-2.11.0.jar, C:\Users\ligthartmeu\.ivy2\cache\xml-apis\xml-apis\jars\xml-apis-1.4.01.jar, C:\Users\ligthartmeu\.ivy2\cache\javax.transaction\jta\jars\jta-1.1.jar, C:\Users\ligthartmeu\.ivy2\cache\com.typesafe.play\play-doc_2.11\jars\play-doc_2.11-1.1.0.jar, C:\Users\ligthartmeu\.ivy2\cache\org.pegdown\pegdown\jars\pegdown-1.4.0.jar, C:\Users\ligthartmeu\.ivy2\cache\org.parboiled\parboiled-java\bundles\parboiled-java-1.1.5.jar, C:\Users\ligthartmeu\.ivy2\cache\org.parboiled\parboiled-core\bundles\parboiled-core-1.1.5.jar, C:\Users\ligthartmeu\.ivy2\cache\org.ow2.asm\asm\jars\asm-4.1.jar, C:\Users\ligthartmeu\.ivy2\cache\org.ow2.asm\asm-tree\jars\asm-tree-4.1.jar, C:\Users\ligthartmeu\.ivy2\cache\org.ow2.asm\asm-analysis\jars\asm-analysis-4.1.jar, C:\Users\ligthartmeu\.ivy2\cache\org.ow2.asm\asm-util\jars\asm-util-4.1.jar, C:\Users\ligthartmeu\.ivy2\cache\commons-io\commons-io\jars\commons-io-2.4.jar),List(),9000,DefaultWatchService,List(C:\Users\ligthartmeu\apps\myPAL\app-2.11, C:\Users\ligthartmeu\apps\myPAL\app, C:\Users\ligthartmeu\apps\myPAL\conf, C:\Users\ligthartmeu\apps\myPAL\app\assets, C:\Users\ligthartmeu\apps\myPAL\public),C:\Users\ligthartmeu\apps\myPAL\target,500,root/playForkNotifyStart,root/playForkReload,300000),scala.pickling.PicklerUnpickler$DelegatingPicklerUnpickler@246cf8f6),ForkConfig(C:\Users\ligthartmeu\apps\myPAL,List(),List(C:\Users\ligthartmeu\.ivy2\cache\org.scala-lang\scala-library\jars\scala-library-2.11.6.jar, C:\Users\ligthartmeu\.ivy2\cache\com.typesafe.play\twirl-api_2.11\jars\twirl-api_2.11-1.0.2.jar, C:\Users\ligthartmeu\.ivy2\cache\org.apache.commons\commons-lang3\jars\commons-lang3-3.1.jar, C:\Users\ligthartmeu\.ivy2\cache\org.scala-lang.modules\scala-xml_2.11\bundles\scala-xml_2.11-1.0.1.jar, C:\Users\ligthartmeu\.ivy2\cache\com.typesafe.play\play_2.11\jars\play_2.11-2.3.9.jar, C:\Users\ligthartmeu\.ivy2\cache\com.typesafe.play\build-link\jars\build-link-2.3.9.jar, C:\Users\ligthartmeu\.ivy2\cache\com.typesafe.play\play-exceptions\jars\play-exceptions-2.3.9.jar, C:\Users\ligthartmeu\.ivy2\cache\com.typesafe.play\play-iteratees_2.11\jars\play-iteratees_2.11-2.3.9.jar, C:\Users\ligthartmeu\.ivy2\cache\org.scala-stm\scala-stm_2.11\jars\scala-stm_2.11-0.7.jar, C:\Users\ligthartmeu\.ivy2\cache\com.typesafe\config\bundles\config-1.2.1.jar, C:\Users\ligthartmeu\.ivy2\cache\com.typesafe.play\play-json_2.11\jars\play-json_2.11-2.3.9.jar, C:\Users\ligthartmeu\.ivy2\cache\com.typesafe.play\play-functional_2.11\jars\play-functional_2.11-2.3.9.jar, C:\Users\ligthartmeu\.ivy2\cache\com.typesafe.play\play-datacommons_2.11\jars\play-datacommons_2.11-2.3.9.jar, C:\Users\ligthartmeu\.ivy2\cache\joda-time\joda-time\jars\joda-time-2.3.jar, C:\Users\ligthartmeu\.ivy2\cache\org.joda\joda-convert\jars\joda-convert-1.6.jar, C:\Users\ligthartmeu\.ivy2\cache\com.fasterxml.jackson.core\jackson-annotations\bundles\jackson-annotations-2.3.2.jar, C:\Users\ligthartmeu\.ivy2\cache\com.fasterxml.jackson.core\jackson-core\bundles\jackson-core-2.3.2.jar, C:\Users\ligthartmeu\.ivy2\cache\com.fasterxml.jackson.core\jackson-databind\bundles\jackson-databind-2.3.2.jar, C:\Users\ligthartmeu\.ivy2\cache\org.scala-lang\scala-reflect\jars\scala-reflect-2.11.1.jar, C:\Users\ligthartmeu\.ivy2\cache\org.scala-lang.modules\scala-parser-combinators_2.11\bundles\scala-parser-combinators_2.11-1.0.1.jar, C:\Users\ligthartmeu\.ivy2\cache\io.netty\netty\bundles\netty-3.9.8.Final.jar, C:\Users\ligthartmeu\.ivy2\cache\com.typesafe.netty\netty-http-pipelining\jars\netty-http-pipelining-1.1.2.jar, C:\Users\ligthartmeu\.ivy2\cache\org.slf4j\slf4j-api\jars\slf4j-api-1.7.6.jar, C:\Users\ligthartmeu\.ivy2\cache\org.slf4j\jul-to-slf4j\jars\jul-to-slf4j-1.7.6.jar, C:\Users\ligthartmeu\.ivy2\cache\org.slf4j\jcl-over-slf4j\jars\jcl-over-slf4j-1.7.6.jar, C:\Users\ligthartmeu\.ivy2\cache\ch.qos.logback\logback-core\jars\logback-core-1.1.1.jar, C:\Users\ligthartmeu\.ivy2\cache\ch.qos.logback\logback-classic\jars\logback-classic-1.1.1.jar, C:\Users\ligthartmeu\.ivy2\cache\com.typesafe.akka\akka-actor_2.11\jars\akka-actor_2.11-2.3.4.jar, C:\Users\ligthartmeu\.ivy2\cache\com.typesafe.akka\akka-slf4j_2.11\jars\akka-slf4j_2.11-2.3.4.jar, C:\Users\ligthartmeu\.ivy2\cache\commons-codec\commons-codec\jars\commons-codec-1.9.jar, C:\Users\ligthartmeu\.ivy2\cache\xerces\xercesImpl\jars\xercesImpl-2.11.0.jar, C:\Users\ligthartmeu\.ivy2\cache\xml-apis\xml-apis\jars\xml-apis-1.4.01.jar, C:\Users\ligthartmeu\.ivy2\cache\javax.transaction\jta\jars\jta-1.1.jar, C:\Users\ligthartmeu\.ivy2\cache\com.typesafe.play\play-java_2.11\jars\play-java_2.11-2.3.9.jar, C:\Users\ligthartmeu\.ivy2\cache\org.yaml\snakeyaml\bundles\snakeyaml-1.13.jar, C:\Users\ligthartmeu\.ivy2\cache\org.hibernate\hibernate-validator\jars\hibernate-validator-5.0.3.Final.jar, C:\Users\ligthartmeu\.ivy2\cache\javax.validation\validation-api\jars\validation-api-1.1.0.Final.jar, C:\Users\ligthartmeu\.ivy2\cache\com.fasterxml\classmate\bundles\classmate-1.0.0.jar, C:\Users\ligthartmeu\.ivy2\cache\org.jboss.logging\jboss-logging\jars\jboss-logging-3.2.0.Final.jar, C:\Users\ligthartmeu\.ivy2\cache\org.springframework\spring-context\jars\spring-context-4.0.3.RELEASE.jar, C:\Users\ligthartmeu\.ivy2\cache\org.springframework\spring-core\jars\spring-core-4.0.3.RELEASE.jar, C:\Users\ligthartmeu\.ivy2\cache\org.springframework\spring-beans\jars\spring-beans-4.0.3.RELEASE.jar, C:\Users\ligthartmeu\.ivy2\cache\org.javassist\javassist\bundles\javassist-3.19.0-GA.jar, C:\Users\ligthartmeu\.ivy2\cache\org.reflections\reflections\jars\reflections-0.9.8.jar, C:\Users\ligthartmeu\.ivy2\cache\com.google.guava\guava\bundles\guava-16.0.1.jar, C:\Users\ligthartmeu\.ivy2\cache\dom4j\dom4j\jars\dom4j-1.6.1.jar, C:\Users\ligthartmeu\.ivy2\cache\com.google.code.findbugs\jsr305\jars\jsr305-2.0.3.jar, C:\Users\ligthartmeu\.ivy2\cache\org.apache.tomcat\tomcat-servlet-api\jars\tomcat-servlet-api-8.0.5.jar, C:\Users\ligthartmeu\.ivy2\cache\com.typesafe.play\play-java-jdbc_2.11\jars\play-java-jdbc_2.11-2.3.9.jar, C:\Users\ligthartmeu\.ivy2\cache\com.typesafe.play\play-jdbc_2.11\jars\play-jdbc_2.11-2.3.9.jar, C:\Users\ligthartmeu\.ivy2\cache\com.jolbox\bonecp\bundles\bonecp-0.8.0.RELEASE.jar, C:\Users\ligthartmeu\.ivy2\cache\com.h2database\h2\jars\h2-1.3.175.jar, C:\Users\ligthartmeu\.ivy2\cache\tyrex\tyrex\jars\tyrex-1.0.1.jar, C:\Users\ligthartmeu\.ivy2\cache\com.typesafe.play\play-java-ebean_2.11\jars\play-java-ebean_2.11-2.3.9.jar, C:\Users\ligthartmeu\.ivy2\cache\org.avaje.ebeanorm\avaje-ebeanorm\jars\avaje-ebeanorm-3.3.4.jar, C:\Users\ligthartmeu\.ivy2\cache\org.avaje.ebeanorm\avaje-ebeanorm-agent\jars\avaje-ebeanorm-agent-3.2.2.jar, C:\Users\ligthartmeu\.ivy2\cache\org.hibernate.javax.persistence\hibernate-jpa-2.0-api\jars\hibernate-jpa-2.0-api-1.0.1.Final.jar, C:\Users\ligthartmeu\.ivy2\cache\com.typesafe.play\play-cache_2.11\jars\play-cache_2.11-2.3.9.jar, C:\Users\ligthartmeu\.ivy2\cache\net.sf.ehcache\ehcache-core\jars\ehcache-core-2.6.8.jar, C:\Users\ligthartmeu\.ivy2\cache\com.typesafe.play\play-java-ws_2.11\jars\play-java-ws_2.11-2.3.9.jar, C:\Users\ligthartmeu\.ivy2\cache\com.typesafe.play\play-ws_2.11\jars\play-ws_2.11-2.3.9.jar, C:\Users\ligthartmeu\.ivy2\cache\com.ning\async-http-client\jars\async-http-client-1.8.15.jar, C:\Users\ligthartmeu\.ivy2\cache\oauth.signpost\signpost-core\jars\signpost-core-1.2.1.2.jar, C:\Users\ligthartmeu\.ivy2\cache\oauth.signpost\signpost-commonshttp4\jars\signpost-commonshttp4-1.2.1.2.jar, C:\Users\ligthartmeu\.ivy2\cache\org.apache.httpcomponents\httpcore\jars\httpcore-4.0.1.jar, C:\Users\ligthartmeu\.ivy2\cache\org.apache.httpcomponents\httpclient\jars\httpclient-4.0.1.jar, C:\Users\ligthartmeu\.ivy2\cache\commons-logging\commons-logging\jars\commons-logging-1.1.1.jar, C:\Users\ligthartmeu\.ivy2\cache\org.mindrot\jbcrypt\jars\jbcrypt-0.3m.jar, C:\Users\ligthartmeu\.ivy2\cache\commons-io\commons-io\jars\commons-io-2.4.jar, C:\Users\ligthartmeu\.ivy2\cache\org.imgscalr\imgscalr-lib\jars\imgscalr-lib-4.2.jar, C:\Users\ligthartmeu\.ivy2\cache\org.postgresql\postgresql\jars\postgresql-9.4-1201-jdbc41.jar),List((public/,C:\Users\ligthartmeu\apps\myPAL\target\web\public\main)),List(C:\Users\ligthartmeu\.ivy2\cache\com.typesafe.play\play-docs_2.11\jars\play-docs_2.11-2.3.9.jar, C:\Users\ligthartmeu\.ivy2\cache\org.scala-lang\scala-library\jars\scala-library-2.11.1.jar, C:\Users\ligthartmeu\.ivy2\cache\com.typesafe.play\play_2.11\jars\play_2.11-2.3.9.jar, C:\Users\ligthartmeu\.ivy2\cache\com.typesafe.play\build-link\jars\build-link-2.3.9.jar, C:\Users\ligthartmeu\.ivy2\cache\com.typesafe.play\play-exceptions\jars\play-exceptions-2.3.9.jar, C:\Users\ligthartmeu\.ivy2\cache\org.javassist\javassist\bundles\javassist-3.18.2-GA.jar, C:\Users\ligthartmeu\.ivy2\cache\com.typesafe.play\play-iteratees_2.11\jars\play-iteratees_2.11-2.3.9.jar, C:\Users\ligthartmeu\.ivy2\cache\org.scala-stm\scala-stm_2.11\jars\scala-stm_2.11-0.7.jar, C:\Users\ligthartmeu\.ivy2\cache\com.typesafe\config\bundles\config-1.2.1.jar, C:\Users\ligthartmeu\.ivy2\cache\com.typesafe.play\play-json_2.11\jars\play-json_2.11-2.3.9.jar, C:\Users\ligthartmeu\.ivy2\cache\com.typesafe.play\play-functional_2.11\jars\play-functional_2.11-2.3.9.jar, C:\Users\ligthartmeu\.ivy2\cache\com.typesafe.play\play-datacommons_2.11\jars\play-datacommons_2.11-2.3.9.jar, C:\Users\ligthartmeu\.ivy2\cache\joda-time\joda-time\jars\joda-time-2.3.jar, C:\Users\ligthartmeu\.ivy2\cache\org.joda\joda-convert\jars\joda-convert-1.6.jar, C:\Users\ligthartmeu\.ivy2\cache\com.fasterxml.jackson.core\jackson-annotations\bundles\jackson-annotations-2.3.2.jar, C:\Users\ligthartmeu\.ivy2\cache\com.fasterxml.jackson.core\jackson-core\bundles\jackson-core-2.3.2.jar, C:\Users\ligthartmeu\.ivy2\cache\com.fasterxml.jackson.core\jackson-databind\bundles\jackson-databind-2.3.2.jar, C:\Users\ligthartmeu\.ivy2\cache\org.scala-lang\scala-reflect\jars\scala-reflect-2.11.1.jar, C:\Users\ligthartmeu\.ivy2\cache\com.typesafe.play\twirl-api_2.11\jars\twirl-api_2.11-1.0.2.jar, C:\Users\ligthartmeu\.ivy2\cache\org.apache.commons\commons-lang3\jars\commons-lang3-3.1.jar, C:\Users\ligthartmeu\.ivy2\cache\org.scala-lang.modules\scala-xml_2.11\bundles\scala-xml_2.11-1.0.1.jar, C:\Users\ligthartmeu\.ivy2\cache\org.scala-lang.modules\scala-parser-combinators_2.11\bundles\scala-parser-combinators_2.11-1.0.1.jar, C:\Users\ligthartmeu\.ivy2\cache\io.netty\netty\bundles\netty-3.9.8.Final.jar, C:\Users\ligthartmeu\.ivy2\cache\com.typesafe.netty\netty-http-pipelining\jars\netty-http-pipelining-1.1.2.jar, C:\Users\ligthartmeu\.ivy2\cache\org.slf4j\slf4j-api\jars\slf4j-api-1.7.6.jar, C:\Users\ligthartmeu\.ivy2\cache\org.slf4j\jul-to-slf4j\jars\jul-to-slf4j-1.7.6.jar, C:\Users\ligthartmeu\.ivy2\cache\org.slf4j\jcl-over-slf4j\jars\jcl-over-slf4j-1.7.6.jar, C:\Users\ligthartmeu\.ivy2\cache\ch.qos.logback\logback-core\jars\logback-core-1.1.1.jar, C:\Users\ligthartmeu\.ivy2\cache\ch.qos.logback\logback-classic\jars\logback-classic-1.1.1.jar, C:\Users\ligthartmeu\.ivy2\cache\com.typesafe.akka\akka-actor_2.11\jars\akka-actor_2.11-2.3.4.jar, C:\Users\ligthartmeu\.ivy2\cache\com.typesafe.akka\akka-slf4j_2.11\jars\akka-slf4j_2.11-2.3.4.jar, C:\Users\ligthartmeu\.ivy2\cache\commons-codec\commons-codec\jars\commons-codec-1.9.jar, C:\Users\ligthartmeu\.ivy2\cache\xerces\xercesImpl\jars\xercesImpl-2.11.0.jar, C:\Users\ligthartmeu\.ivy2\cache\xml-apis\xml-apis\jars\xml-apis-1.4.01.jar, C:\Users\ligthartmeu\.ivy2\cache\javax.transaction\jta\jars\jta-1.1.jar, C:\Users\ligthartmeu\.ivy2\cache\com.typesafe.play\play-doc_2.11\jars\play-doc_2.11-1.1.0.jar, C:\Users\ligthartmeu\.ivy2\cache\org.pegdown\pegdown\jars\pegdown-1.4.0.jar, C:\Users\ligthartmeu\.ivy2\cache\org.parboiled\parboiled-java\bundles\parboiled-java-1.1.5.jar, C:\Users\ligthartmeu\.ivy2\cache\org.parboiled\parboiled-core\bundles\parboiled-core-1.1.5.jar, C:\Users\ligthartmeu\.ivy2\cache\org.ow2.asm\asm\jars\asm-4.1.jar, C:\Users\ligthartmeu\.ivy2\cache\org.ow2.asm\asm-tree\jars\asm-tree-4.1.jar, C:\Users\ligthartmeu\.ivy2\cache\org.ow2.asm\asm-analysis\jars\asm-analysis-4.1.jar, C:\Users\ligthartmeu\.ivy2\cache\org.ow2.asm\asm-util\jars\asm-util-4.1.jar, C:\Users\ligthartmeu\.ivy2\cache\commons-io\commons-io\jars\commons-io-2.4.jar),List(),9000,DefaultWatchService,List(C:\Users\ligthartmeu\apps\myPAL\app-2.11, C:\Users\ligthartmeu\apps\myPAL\app, C:\Users\ligthartmeu\apps\myPAL\conf, C:\Users\ligthartmeu\apps\myPAL\app\assets, C:\Users\ligthartmeu\apps\myPAL\public),C:\Users\ligthartmeu\apps\myPAL\target,500,root/playForkNotifyStart,root/playForkReload,300000))))
Sending msg to client play-fork-run-06898680-0f2a-4944-8d3b-0e711cb7cb5c: TaskStarted(5,284,None)
Sending msg to client play-fork-run-06898680-0f2a-4944-8d3b-0e711cb7cb5c: TaskFinished(5,284,None,true,None)
Sending msg to client play-fork-run-06898680-0f2a-4944-8d3b-0e711cb7cb5c: TaskStarted(5,283,None)
Sending msg to client play-fork-run-06898680-0f2a-4944-8d3b-0e711cb7cb5c: TaskFinished(5,283,None,true,None)
Sending msg to client play-fork-run-06898680-0f2a-4944-8d3b-0e711cb7cb5c: DetachedLogEvent(LogMessage(debug,cancel strategy finish enabled=false lastCommand=Some(LastCommand(CommandExecutionWork(ExecutionId(5),{file:/C:/Users/ligthartmeu/apps/myPAL/}root/*:playForkConfig,Set(LiveClient(play-fork-run 06898680-0f2a-4944-8d3b-0e711cb7cb5c)),sbt.server.WorkCancellationStatus$$anon$1@6237740)))))
Sending msg to client play-fork-run-06898680-0f2a-4944-8d3b-0e711cb7cb5c: DetachedLogEvent(LogSuccess(Total time: 0 s, completed 23-okt-2015 10:48:54))
Sending msg to client play-fork-run-06898680-0f2a-4944-8d3b-0e711cb7cb5c: DetachedLogEvent(LogMessage(debug,> server-post-command-cleanup))
Sending msg to client play-fork-run-06898680-0f2a-4944-8d3b-0e711cb7cb5c: ExecutionSuccess(5)
Sending msg to client play-fork-run-06898680-0f2a-4944-8d3b-0e711cb7cb5c: DetachedLogEvent(LogMessage(debug,> server-handle-next-server-request))
Sending msg to client play-fork-run-06898680-0f2a-4944-8d3b-0e711cb7cb5c: BackgroundJobLogEvent(1,LogMessage(info,))
Sending msg to client play-fork-run-06898680-0f2a-4944-8d3b-0e711cb7cb5c: BackgroundJobLogEvent(1,LogMessage(info,--- (Running the application, auto-reloading is enabled) ---))
Sending msg to client play-fork-run-06898680-0f2a-4944-8d3b-0e711cb7cb5c: BackgroundJobLogEvent(1,LogMessage(info,))
Sending msg to client play-fork-run-06898680-0f2a-4944-8d3b-0e711cb7cb5c: BackgroundJobLogEvent(1,LogMessage(info,play - Listening for HTTP on /0:0:0:0:0:0:0:0:9000))
Sending msg to client play-fork-run-06898680-0f2a-4944-8d3b-0e711cb7cb5c: BackgroundJobLogEvent(1,LogMessage(info,))
Sending msg to client play-fork-run-06898680-0f2a-4944-8d3b-0e711cb7cb5c: BackgroundJobLogEvent(1,LogMessage(info,(Server started, use Ctrl+D to stop and go back to the console...)))
Sending msg to client play-fork-run-06898680-0f2a-4944-8d3b-0e711cb7cb5c: BackgroundJobLogEvent(1,LogMessage(info,))
Got request: ExecutionRequest(root/playForkNotifyStart http://localhost:9000)
Reading next message from client.
Sending msg to client play-fork-run-06898680-0f2a-4944-8d3b-0e711cb7cb5c: (8,ExecutionRequestReceived(6))
Sending msg to client play-fork-run-06898680-0f2a-4944-8d3b-0e711cb7cb5c: ExecutionWaiting(6,root/playForkNotifyStart http://localhost:9000,ClientInfo(06898680-0f2a-4944-8d3b-0e711cb7cb5c,play-fork-run,Play Fork Run,1,Vector()))
Sending msg to client play-fork-run-06898680-0f2a-4944-8d3b-0e711cb7cb5c: ExecutionStarting(6)
Sending msg to client play-fork-run-06898680-0f2a-4944-8d3b-0e711cb7cb5c: DetachedLogEvent(LogMessage(debug,> root/playForkNotifyStart http://localhost:9000))
Sending msg to client play-fork-run-06898680-0f2a-4944-8d3b-0e711cb7cb5c: DetachedLogEvent(LogMessage(debug,Evaluating tasks: *:playForkNotifyStart))
Sending msg to client play-fork-run-06898680-0f2a-4944-8d3b-0e711cb7cb5c: DetachedLogEvent(LogMessage(debug,Running task... Cancel: sbt.server.ServerTaskCancellation@33afe6b7, check cycles: false))
Sending msg to client play-fork-run-06898680-0f2a-4944-8d3b-0e711cb7cb5c: DetachedLogEvent(LogMessage(debug,cancel strategy start enabled=true lastCommand=Some(LastCommand(CommandExecutionWork(ExecutionId(6),root/playForkNotifyStart http://localhost:9000,Set(LiveClient(play-fork-run 06898680-0f2a-4944-8d3b-0e711cb7cb5c)),sbt.server.WorkCancellationStatus$$anon$1@1d7b9306)))))
Sending msg to client play-fork-run-06898680-0f2a-4944-8d3b-0e711cb7cb5c: TaskStarted(6,359,Some(AttributeKey[sbt.SendEventService]("sendEventService") in Scope(Global)))
Sending msg to client play-fork-run-06898680-0f2a-4944-8d3b-0e711cb7cb5c: TaskFinished(6,359,Some(AttributeKey[sbt.SendEventService]("sendEventService") in Scope(Global)),true,None)
Sending msg to client play-fork-run-06898680-0f2a-4944-8d3b-0e711cb7cb5c: TaskStarted(6,358,Some(AttributeKey[scala.Function1[java.lang.String,void]]("playForkStarted") in Scope(Build: file:/C:/Users/ligthartmeu/apps/myPAL/, , Project: ProjectReference(file:/C:/Users/ligthartmeu/apps/myPAL/,root))))
Sending msg to client play-fork-run-06898680-0f2a-4944-8d3b-0e711cb7cb5c: TaskFinished(6,358,Some(AttributeKey[scala.Function1[java.lang.String,void]]("playForkStarted") in Scope(Build: file:/C:/Users/ligthartmeu/apps/myPAL/, , Project: ProjectReference(file:/C:/Users/ligthartmeu/apps/myPAL/,root))),true,None)
Sending msg to client play-fork-run-06898680-0f2a-4944-8d3b-0e711cb7cb5c: TaskStarted(6,357,Some(AttributeKey[void]("playForkNotifyStart") in Scope(Build: file:/C:/Users/ligthartmeu/apps/myPAL/, , Project: ProjectReference(file:/C:/Users/ligthartmeu/apps/myPAL/,root))))
Sending msg to client play-fork-run-06898680-0f2a-4944-8d3b-0e711cb7cb5c: TaskEvent(357,LazyValue(PlayServerStarted(http://localhost:9000),play.forkrun.protocol.Serializers$PlayForkrunProtocolPlayServerStartedPickler1$2$@50aac66b))
Sending msg to client play-fork-run-06898680-0f2a-4944-8d3b-0e711cb7cb5c: TaskFinished(6,357,Some(AttributeKey[void]("playForkNotifyStart") in Scope(Build: file:/C:/Users/ligthartmeu/apps/myPAL/, , Project: ProjectReference(file:/C:/Users/ligthartmeu/apps/myPAL/,root))),true,None)
Sending msg to client play-fork-run-06898680-0f2a-4944-8d3b-0e711cb7cb5c: TaskStarted(6,356,None)
Sending msg to client play-fork-run-06898680-0f2a-4944-8d3b-0e711cb7cb5c: TaskFinished(6,356,None,true,None)
Sending msg to client play-fork-run-06898680-0f2a-4944-8d3b-0e711cb7cb5c: TaskStarted(6,355,None)
Sending msg to client play-fork-run-06898680-0f2a-4944-8d3b-0e711cb7cb5c: TaskFinished(6,355,None,true,None)
Sending msg to client play-fork-run-06898680-0f2a-4944-8d3b-0e711cb7cb5c: DetachedLogEvent(LogMessage(debug,cancel strategy finish enabled=false lastCommand=Some(LastCommand(CommandExecutionWork(ExecutionId(6),root/playForkNotifyStart http://localhost:9000,Set(LiveClient(play-fork-run 06898680-0f2a-4944-8d3b-0e711cb7cb5c)),sbt.server.WorkCancellationStatus$$anon$1@1d7b9306)))))
Sending msg to client play-fork-run-06898680-0f2a-4944-8d3b-0e711cb7cb5c: DetachedLogEvent(LogSuccess(Total time: 0 s, completed 23-okt-2015 10:48:54))
Sending msg to client play-fork-run-06898680-0f2a-4944-8d3b-0e711cb7cb5c: DetachedLogEvent(LogMessage(debug,> server-post-command-cleanup))
Sending msg to client play-fork-run-06898680-0f2a-4944-8d3b-0e711cb7cb5c: ExecutionSuccess(6)
Sending msg to client play-fork-run-06898680-0f2a-4944-8d3b-0e711cb7cb5c: DetachedLogEvent(LogMessage(debug,> server-handle-next-server-request))
Sending msg to client play-fork-run-06898680-0f2a-4944-8d3b-0e711cb7cb5c: ExecutionWaiting(7,jobStop 1,ClientInfo(52fe0d6b-35b4-448f-943b-c0653ce5ffab,activator,Activator,3,Vector()))
Sending msg to client play-fork-run-06898680-0f2a-4944-8d3b-0e711cb7cb5c: ExecutionStarting(7)
Sending msg to client play-fork-run-06898680-0f2a-4944-8d3b-0e711cb7cb5c: DetachedLogEvent(LogMessage(debug,> jobStop 1))
Sending msg to client play-fork-run-06898680-0f2a-4944-8d3b-0e711cb7cb5c: DetachedLogEvent(LogMessage(debug,Evaluating tasks: *:jobStop))
Sending msg to client play-fork-run-06898680-0f2a-4944-8d3b-0e711cb7cb5c: DetachedLogEvent(LogMessage(debug,Running task... Cancel: sbt.server.ServerTaskCancellation@39881e43, check cycles: false))
Sending msg to client play-fork-run-06898680-0f2a-4944-8d3b-0e711cb7cb5c: DetachedLogEvent(LogMessage(debug,cancel strategy start enabled=true lastCommand=Some(LastCommand(CommandExecutionWork(ExecutionId(7),jobStop 1,Set(LiveClient(activator 52fe0d6b-35b4-448f-943b-c0653ce5ffab)),sbt.server.WorkCancellationStatus$$anon$1@a2d5d55)))))
Sending msg to client play-fork-run-06898680-0f2a-4944-8d3b-0e711cb7cb5c: TaskStarted(7,362,Some(AttributeKey[void]("jobStop") in Scope(Global)))
Sending msg to client play-fork-run-06898680-0f2a-4944-8d3b-0e711cb7cb5c: TaskFinished(7,362,Some(AttributeKey[void]("jobStop") in Scope(Global)),true,None)
Sending msg to client play-fork-run-06898680-0f2a-4944-8d3b-0e711cb7cb5c: BackgroundJobLogEvent(1,LogMessage(info,Stopping Play fork run ...))
Sending msg to client play-fork-run-06898680-0f2a-4944-8d3b-0e711cb7cb5c: TaskStarted(7,361,None)
Sending msg to client play-fork-run-06898680-0f2a-4944-8d3b-0e711cb7cb5c: TaskFinished(7,361,None,true,None)
Sending msg to client play-fork-run-06898680-0f2a-4944-8d3b-0e711cb7cb5c: TaskStarted(7,360,None)
Sending msg to client play-fork-run-06898680-0f2a-4944-8d3b-0e711cb7cb5c: TaskFinished(7,360,None,true,None)
Sending msg to client play-fork-run-06898680-0f2a-4944-8d3b-0e711cb7cb5c: DetachedLogEvent(LogMessage(debug,cancel strategy finish enabled=false lastCommand=Some(LastCommand(CommandExecutionWork(ExecutionId(7),jobStop 1,Set(LiveClient(activator 52fe0d6b-35b4-448f-943b-c0653ce5ffab)),sbt.server.WorkCancellationStatus$$anon$1@a2d5d55)))))
Sending msg to client play-fork-run-06898680-0f2a-4944-8d3b-0e711cb7cb5c: DetachedLogEvent(LogSuccess(Total time: 0 s, completed 23-okt-2015 11:05:42))
Sending msg to client play-fork-run-06898680-0f2a-4944-8d3b-0e711cb7cb5c: DetachedLogEvent(LogMessage(debug,> server-post-command-cleanup))
Sending msg to client play-fork-run-06898680-0f2a-4944-8d3b-0e711cb7cb5c: ExecutionSuccess(7)
Sending msg to client play-fork-run-06898680-0f2a-4944-8d3b-0e711cb7cb5c: DetachedLogEvent(LogMessage(debug,> server-handle-next-server-request))
Got request: UnlistenToEvents()
Reading next message from client.
Sending msg to client play-fork-run-06898680-0f2a-4944-8d3b-0e711cb7cb5c: (9,ReceivedResponse())
Got request: UnlistenToValue(AttributeKey[play.forkrun.protocol.ForkConfig]("playForkConfig") in Scope(Build: file:/C:/Users/ligthartmeu/apps/myPAL/, , Project: ProjectReference(file:/C:/Users/ligthartmeu/apps/myPAL/,root)))
Reading next message from client.
Client play-fork-run-06898680-0f2a-4944-8d3b-0e711cb7cb5c EOF, shutting down.
Stopping client.
Client play-fork-run-06898680-0f2a-4944-8d3b-0e711cb7cb5c thread exiting.
Dropping message (10,ReceivedResponse()) to dead client play-fork-run-06898680-0f2a-4944-8d3b-0e711cb7cb5c
Dropping message (0,ReceivedResponse()) to dead client play-fork-run-06898680-0f2a-4944-8d3b-0e711cb7cb5c
