New log file opened at Fri Oct 16 16:50:51 CEST 2015 by 5788@PC-14874
Sending msg to client play-fork-run-d38deb9a-2280-4b3c-bf27-263331870319: DetachedLogEvent(LogMessage(debug,sbt server socket logs are in: C:\Users\ligthartmeu\apps\myPAL\.sbtserver\connections\master.log))
Sending msg to client play-fork-run-d38deb9a-2280-4b3c-bf27-263331870319: DetachedLogEvent(LogMessage(debug,sbt general server logs are in: C:\Users\ligthartmeu\apps\myPAL\.sbtserver\master.log))
Sending msg to client play-fork-run-d38deb9a-2280-4b3c-bf27-263331870319: DetachedLogEvent(LogMessage(debug,sbt client logs are in: C:\Users\ligthartmeu\apps\myPAL\.sbtserver\connections\play-fork-run-d38deb9a-2280-4b3c-bf27-263331870319.log))
Reading next message from client.
Got request: ListenToEvents()
Reading next message from client.
Sending msg to client play-fork-run-d38deb9a-2280-4b3c-bf27-263331870319: BackgroundJobStarted(6,BackgroundJobInfo(1,backgroundRun,AttributeKey[sbt.BackgroundJobHandle]("backgroundRun") in Scope(Build: file:/C:/Users/ligthartmeu/apps/myPAL/, , Project: ProjectReference(file:/C:/Users/ligthartmeu/apps/myPAL/,root), Config: compile)))
Sending msg to client play-fork-run-d38deb9a-2280-4b3c-bf27-263331870319: (3,ReceivedResponse())
Sending msg to client play-fork-run-d38deb9a-2280-4b3c-bf27-263331870319: ExecutionWaiting(19,{file:/C:/Users/ligthartmeu/apps/myPAL/}root/compile:mainClass,ClientInfo(5608feda-1585-4ef4-b683-3f595b663f69,activator,Activator,3,Vector()))
Sending msg to client play-fork-run-d38deb9a-2280-4b3c-bf27-263331870319: ExecutionStarting(19)
Sending msg to client play-fork-run-d38deb9a-2280-4b3c-bf27-263331870319: DetachedLogEvent(LogMessage(debug,> {file:/C:/Users/ligthartmeu/apps/myPAL/}root/compile:mainClass))
Sending msg to client play-fork-run-d38deb9a-2280-4b3c-bf27-263331870319: DetachedLogEvent(LogMessage(debug,Evaluating tasks: compile:mainClass))
Sending msg to client play-fork-run-d38deb9a-2280-4b3c-bf27-263331870319: ExecutionWaiting(20,{file:/C:/Users/ligthartmeu/apps/myPAL/}root/compile:discoveredMainClasses,ClientInfo(5608feda-1585-4ef4-b683-3f595b663f69,activator,Activator,3,Vector()))
Sending msg to client play-fork-run-d38deb9a-2280-4b3c-bf27-263331870319: DetachedLogEvent(LogMessage(debug,Running task... Cancel: sbt.server.ServerTaskCancellation@164c813, check cycles: false))
Sending msg to client play-fork-run-d38deb9a-2280-4b3c-bf27-263331870319: DetachedLogEvent(LogMessage(debug,cancel strategy start enabled=true lastCommand=Some(LastCommand(CommandExecutionWork(ExecutionId(19),{file:/C:/Users/ligthartmeu/apps/myPAL/}root/compile:mainClass,Set(LiveClient(activator 5608feda-1585-4ef4-b683-3f595b663f69)),sbt.server.WorkCancellationStatus$$anon$1@45104fe6)))))
Sending msg to client play-fork-run-d38deb9a-2280-4b3c-bf27-263331870319: TaskStarted(19,2016,Some(AttributeKey[scala.Option[java.lang.String]]("mainClass") in Scope(Build: file:/C:/Users/ligthartmeu/apps/myPAL/, , Project: ProjectReference(file:/C:/Users/ligthartmeu/apps/myPAL/,root), Config: compile)))
Sending msg to client play-fork-run-d38deb9a-2280-4b3c-bf27-263331870319: TaskFinished(19,2016,Some(AttributeKey[scala.Option[java.lang.String]]("mainClass") in Scope(Build: file:/C:/Users/ligthartmeu/apps/myPAL/, , Project: ProjectReference(file:/C:/Users/ligthartmeu/apps/myPAL/,root), Config: compile)),true,None)
Sending msg to client play-fork-run-d38deb9a-2280-4b3c-bf27-263331870319: TaskStarted(19,2015,None)
Sending msg to client play-fork-run-d38deb9a-2280-4b3c-bf27-263331870319: TaskFinished(19,2015,None,true,None)
Sending msg to client play-fork-run-d38deb9a-2280-4b3c-bf27-263331870319: TaskStarted(19,2014,None)
Sending msg to client play-fork-run-d38deb9a-2280-4b3c-bf27-263331870319: TaskFinished(19,2014,None,true,None)
Sending msg to client play-fork-run-d38deb9a-2280-4b3c-bf27-263331870319: DetachedLogEvent(LogMessage(debug,cancel strategy finish enabled=false lastCommand=Some(LastCommand(CommandExecutionWork(ExecutionId(19),{file:/C:/Users/ligthartmeu/apps/myPAL/}root/compile:mainClass,Set(LiveClient(activator 5608feda-1585-4ef4-b683-3f595b663f69)),sbt.server.WorkCancellationStatus$$anon$1@45104fe6)))))
Sending msg to client play-fork-run-d38deb9a-2280-4b3c-bf27-263331870319: DetachedLogEvent(LogSuccess(Total time: 0 s, completed 16-okt-2015 16:50:51))
Sending msg to client play-fork-run-d38deb9a-2280-4b3c-bf27-263331870319: DetachedLogEvent(LogMessage(debug,> server-post-command-cleanup))
Sending msg to client play-fork-run-d38deb9a-2280-4b3c-bf27-263331870319: ExecutionSuccess(19)
Sending msg to client play-fork-run-d38deb9a-2280-4b3c-bf27-263331870319: DetachedLogEvent(LogMessage(debug,> server-handle-next-server-request))
Sending msg to client play-fork-run-d38deb9a-2280-4b3c-bf27-263331870319: ExecutionStarting(20)
Sending msg to client play-fork-run-d38deb9a-2280-4b3c-bf27-263331870319: DetachedLogEvent(LogMessage(debug,> {file:/C:/Users/ligthartmeu/apps/myPAL/}root/compile:discoveredMainClasses))
Sending msg to client play-fork-run-d38deb9a-2280-4b3c-bf27-263331870319: DetachedLogEvent(LogMessage(debug,Evaluating tasks: compile:discoveredMainClasses))
Sending msg to client play-fork-run-d38deb9a-2280-4b3c-bf27-263331870319: DetachedLogEvent(LogMessage(debug,Running task... Cancel: sbt.server.ServerTaskCancellation@437e9d67, check cycles: false))
Sending msg to client play-fork-run-d38deb9a-2280-4b3c-bf27-263331870319: DetachedLogEvent(LogMessage(debug,cancel strategy start enabled=true lastCommand=Some(LastCommand(CommandExecutionWork(ExecutionId(20),{file:/C:/Users/ligthartmeu/apps/myPAL/}root/compile:discoveredMainClasses,Set(LiveClient(activator 5608feda-1585-4ef4-b683-3f595b663f69)),sbt.server.WorkCancellationStatus$$anon$1@64efccb1)))))
Sending msg to client play-fork-run-d38deb9a-2280-4b3c-bf27-263331870319: TaskStarted(20,2023,Some(AttributeKey[boolean]("skip") in Scope(Global)))
Sending msg to client play-fork-run-d38deb9a-2280-4b3c-bf27-263331870319: TaskStarted(20,2025,None)
Sending msg to client play-fork-run-d38deb9a-2280-4b3c-bf27-263331870319: TaskStarted(20,2027,None)
Sending msg to client play-fork-run-d38deb9a-2280-4b3c-bf27-263331870319: TaskStarted(20,2028,Some(AttributeKey[java.lang.String]("compileAnalysisFilename") in Scope(Build: file:/C:/Users/ligthartmeu/apps/myPAL/, , Project: ProjectReference(file:/C:/Users/ligthartmeu/apps/myPAL/,root), Config: compile)))
Sending msg to client play-fork-run-d38deb9a-2280-4b3c-bf27-263331870319: TaskStarted(20,2041,None)
Sending msg to client play-fork-run-d38deb9a-2280-4b3c-bf27-263331870319: TaskStarted(20,2044,None)
Sending msg to client play-fork-run-d38deb9a-2280-4b3c-bf27-263331870319: TaskStarted(20,2045,None)
Sending msg to client play-fork-run-d38deb9a-2280-4b3c-bf27-263331870319: TaskStarted(20,2056,Some(AttributeKey[scala.Option[scala.collection.Seq[sbt.Resolver]]]("bootResolvers") in Scope(Build: file:/C:/Users/ligthartmeu/apps/myPAL/, , Project: ProjectReference(file:/C:/Users/ligthartmeu/apps/myPAL/,root))))
Sending msg to client play-fork-run-d38deb9a-2280-4b3c-bf27-263331870319: TaskStarted(20,2057,Some(AttributeKey[scala.collection.Seq[sbt.Resolver]]("externalResolvers") in Scope(Build: file:/C:/Users/ligthartmeu/apps/myPAL/, , Project: ProjectReference(file:/C:/Users/ligthartmeu/apps/myPAL/,root))))
Sending msg to client play-fork-run-d38deb9a-2280-4b3c-bf27-263331870319: TaskStarted(20,2060,Some(AttributeKey[scala.collection.Seq[sbt.Credentials]]("credentials") in Scope(Global)))
Sending msg to client play-fork-run-d38deb9a-2280-4b3c-bf27-263331870319: TaskStarted(20,2061,None)
Sending msg to client play-fork-run-d38deb9a-2280-4b3c-bf27-263331870319: TaskStarted(20,2062,Some(AttributeKey[java.lang.String]("updateCacheName") in Scope(Build: file:/C:/Users/ligthartmeu/apps/myPAL/, , Project: ProjectReference(file:/C:/Users/ligthartmeu/apps/myPAL/,root))))
Sending msg to client play-fork-run-d38deb9a-2280-4b3c-bf27-263331870319: TaskStarted(20,2066,None)
Sending msg to client play-fork-run-d38deb9a-2280-4b3c-bf27-263331870319: TaskStarted(20,2077,Some(AttributeKey[scala.Function1[java.io.File,scala.Function1[java.lang.String,boolean]]]("definesClass") in Scope(Global)))
Sending msg to client play-fork-run-d38deb9a-2280-4b3c-bf27-263331870319: TaskStarted(20,2079,Some(AttributeKey[sbt.inc.IncOptions]("incOptions") in Scope(Global)))
Sending msg to client play-fork-run-d38deb9a-2280-4b3c-bf27-263331870319: TaskStarted(20,2085,None)
Sending msg to client play-fork-run-d38deb9a-2280-4b3c-bf27-263331870319: TaskStarted(20,2088,None)
Sending msg to client play-fork-run-d38deb9a-2280-4b3c-bf27-263331870319: TaskStarted(20,2090,Some(AttributeKey[scala.collection.Seq[scala.Function1[xsbti.Position,scala.Option[xsbti.Position]]]]("sourcePositionMappers") in Scope(Global)))
Sending msg to client play-fork-run-d38deb9a-2280-4b3c-bf27-263331870319: TaskStarted(20,2094,Some(AttributeKey[scala.collection.Seq[java.lang.String]]("scalacOptions") in Scope(Global)))
Sending msg to client play-fork-run-d38deb9a-2280-4b3c-bf27-263331870319: TaskStarted(20,2095,None)
Sending msg to client play-fork-run-d38deb9a-2280-4b3c-bf27-263331870319: TaskStarted(20,2100,None)
Sending msg to client play-fork-run-d38deb9a-2280-4b3c-bf27-263331870319: TaskStarted(20,2101,Some(AttributeKey[scala.collection.Seq[java.lang.String]]("javacOptions") in Scope(Global)))
Sending msg to client play-fork-run-d38deb9a-2280-4b3c-bf27-263331870319: TaskStarted(20,2104,Some(AttributeKey[scala.collection.Seq[java.io.File]]("unmanagedSources") in Scope(Build: file:/C:/Users/ligthartmeu/apps/myPAL/, , Project: ProjectReference(file:/C:/Users/ligthartmeu/apps/myPAL/,root), Config: compile)))
Sending msg to client play-fork-run-d38deb9a-2280-4b3c-bf27-263331870319: TaskStarted(20,2114,Some(AttributeKey[sbt.SendEventService]("sendEventService") in Scope(Global)))
Sending msg to client play-fork-run-d38deb9a-2280-4b3c-bf27-263331870319: TaskFinished(20,2023,Some(AttributeKey[boolean]("skip") in Scope(Global)),true,None)
Sending msg to client play-fork-run-d38deb9a-2280-4b3c-bf27-263331870319: TaskFinished(20,2025,None,true,None)
Sending msg to client play-fork-run-d38deb9a-2280-4b3c-bf27-263331870319: TaskStarted(20,2024,None)
Sending msg to client play-fork-run-d38deb9a-2280-4b3c-bf27-263331870319: TaskStarted(20,2030,None)
Sending msg to client play-fork-run-d38deb9a-2280-4b3c-bf27-263331870319: TaskStarted(20,2039,None)
Sending msg to client play-fork-run-d38deb9a-2280-4b3c-bf27-263331870319: TaskStarted(20,2055,None)
Sending msg to client play-fork-run-d38deb9a-2280-4b3c-bf27-263331870319: TaskStarted(20,2058,None)
Sending msg to client play-fork-run-d38deb9a-2280-4b3c-bf27-263331870319: TaskStarted(20,2059,None)
Sending msg to client play-fork-run-d38deb9a-2280-4b3c-bf27-263331870319: TaskStarted(20,2065,None)
Sending msg to client play-fork-run-d38deb9a-2280-4b3c-bf27-263331870319: TaskStarted(20,2067,None)
Sending msg to client play-fork-run-d38deb9a-2280-4b3c-bf27-263331870319: TaskStarted(20,2069,None)
Sending msg to client play-fork-run-d38deb9a-2280-4b3c-bf27-263331870319: TaskStarted(20,2072,None)
Sending msg to client play-fork-run-d38deb9a-2280-4b3c-bf27-263331870319: TaskStarted(20,2076,None)
Sending msg to client play-fork-run-d38deb9a-2280-4b3c-bf27-263331870319: TaskStarted(20,2086,None)
Sending msg to client play-fork-run-d38deb9a-2280-4b3c-bf27-263331870319: TaskStarted(20,2098,None)
Sending msg to client play-fork-run-d38deb9a-2280-4b3c-bf27-263331870319: TaskStarted(20,2110,None)
Sending msg to client play-fork-run-d38deb9a-2280-4b3c-bf27-263331870319: TaskStarted(20,2111,None)
Sending msg to client play-fork-run-d38deb9a-2280-4b3c-bf27-263331870319: TaskStarted(20,2113,None)
Sending msg to client play-fork-run-d38deb9a-2280-4b3c-bf27-263331870319: TaskFinished(20,2027,None,true,None)
Sending msg to client play-fork-run-d38deb9a-2280-4b3c-bf27-263331870319: TaskStarted(20,2026,Some(AttributeKey[xsbti.compile.GlobalsCache]("compilerCache") in Scope(Global)))
Sending msg to client play-fork-run-d38deb9a-2280-4b3c-bf27-263331870319: TaskStarted(20,2035,Some(AttributeKey[sbt.BuildStructure]("buildStructure") in Scope(Global)))
Sending msg to client play-fork-run-d38deb9a-2280-4b3c-bf27-263331870319: TaskStarted(20,2042,Some(AttributeKey[java.io.File]("dependencyCacheDirectory") in Scope(Build: file:/C:/Users/ligthartmeu/apps/myPAL/, , Project: ProjectReference(file:/C:/Users/ligthartmeu/apps/myPAL/,root))))
Sending msg to client play-fork-run-d38deb9a-2280-4b3c-bf27-263331870319: TaskStarted(20,2107,None)
Sending msg to client play-fork-run-d38deb9a-2280-4b3c-bf27-263331870319: TaskFinished(20,2028,Some(AttributeKey[java.lang.String]("compileAnalysisFilename") in Scope(Build: file:/C:/Users/ligthartmeu/apps/myPAL/, , Project: ProjectReference(file:/C:/Users/ligthartmeu/apps/myPAL/,root), Config: compile)),true,None)
Sending msg to client play-fork-run-d38deb9a-2280-4b3c-bf27-263331870319: TaskFinished(20,2041,None,true,None)
Sending msg to client play-fork-run-d38deb9a-2280-4b3c-bf27-263331870319: TaskFinished(20,2044,None,true,None)
Sending msg to client play-fork-run-d38deb9a-2280-4b3c-bf27-263331870319: TaskFinished(20,2045,None,true,None)
Sending msg to client play-fork-run-d38deb9a-2280-4b3c-bf27-263331870319: TaskStarted(20,2043,Some(AttributeKey[scala.collection.Seq[sbt.UpdateReport]]("transitiveUpdate") in Scope(Build: file:/C:/Users/ligthartmeu/apps/myPAL/, , Project: ProjectReference(file:/C:/Users/ligthartmeu/apps/myPAL/,root))))
Sending msg to client play-fork-run-d38deb9a-2280-4b3c-bf27-263331870319: TaskFinished(20,2056,Some(AttributeKey[scala.Option[scala.collection.Seq[sbt.Resolver]]]("bootResolvers") in Scope(Build: file:/C:/Users/ligthartmeu/apps/myPAL/, , Project: ProjectReference(file:/C:/Users/ligthartmeu/apps/myPAL/,root))),true,None)
Sending msg to client play-fork-run-d38deb9a-2280-4b3c-bf27-263331870319: TaskFinished(20,2057,Some(AttributeKey[scala.collection.Seq[sbt.Resolver]]("externalResolvers") in Scope(Build: file:/C:/Users/ligthartmeu/apps/myPAL/, , Project: ProjectReference(file:/C:/Users/ligthartmeu/apps/myPAL/,root))),true,None)
Sending msg to client play-fork-run-d38deb9a-2280-4b3c-bf27-263331870319: TaskFinished(20,2060,Some(AttributeKey[scala.collection.Seq[sbt.Credentials]]("credentials") in Scope(Global)),true,None)
Sending msg to client play-fork-run-d38deb9a-2280-4b3c-bf27-263331870319: TaskFinished(20,2061,None,true,None)
Sending msg to client play-fork-run-d38deb9a-2280-4b3c-bf27-263331870319: TaskFinished(20,2062,Some(AttributeKey[java.lang.String]("updateCacheName") in Scope(Build: file:/C:/Users/ligthartmeu/apps/myPAL/, , Project: ProjectReference(file:/C:/Users/ligthartmeu/apps/myPAL/,root))),true,None)
Sending msg to client play-fork-run-d38deb9a-2280-4b3c-bf27-263331870319: TaskFinished(20,2066,None,true,None)
Sending msg to client play-fork-run-d38deb9a-2280-4b3c-bf27-263331870319: TaskFinished(20,2077,Some(AttributeKey[scala.Function1[java.io.File,scala.Function1[java.lang.String,boolean]]]("definesClass") in Scope(Global)),true,None)
Sending msg to client play-fork-run-d38deb9a-2280-4b3c-bf27-263331870319: TaskFinished(20,2079,Some(AttributeKey[sbt.inc.IncOptions]("incOptions") in Scope(Global)),true,None)
Sending msg to client play-fork-run-d38deb9a-2280-4b3c-bf27-263331870319: TaskStarted(20,2078,Some(AttributeKey[sbt.inc.IncOptions]("incOptions") in Scope(Build: file:/C:/Users/ligthartmeu/apps/myPAL/, , Project: ProjectReference(file:/C:/Users/ligthartmeu/apps/myPAL/,root))))
Sending msg to client play-fork-run-d38deb9a-2280-4b3c-bf27-263331870319: TaskFinished(20,2085,None,true,None)
Sending msg to client play-fork-run-d38deb9a-2280-4b3c-bf27-263331870319: TaskFinished(20,2088,None,true,None)
Sending msg to client play-fork-run-d38deb9a-2280-4b3c-bf27-263331870319: TaskFinished(20,2090,Some(AttributeKey[scala.collection.Seq[scala.Function1[xsbti.Position,scala.Option[xsbti.Position]]]]("sourcePositionMappers") in Scope(Global)),true,None)
Sending msg to client play-fork-run-d38deb9a-2280-4b3c-bf27-263331870319: TaskFinished(20,2094,Some(AttributeKey[scala.collection.Seq[java.lang.String]]("scalacOptions") in Scope(Global)),true,None)
Sending msg to client play-fork-run-d38deb9a-2280-4b3c-bf27-263331870319: TaskFinished(20,2095,None,true,None)
Sending msg to client play-fork-run-d38deb9a-2280-4b3c-bf27-263331870319: TaskStarted(20,2093,Some(AttributeKey[scala.collection.Seq[java.lang.String]]("scalacOptions") in Scope(Build: file:/C:/Users/ligthartmeu/apps/myPAL/, , Project: ProjectReference(file:/C:/Users/ligthartmeu/apps/myPAL/,root))))
Sending msg to client play-fork-run-d38deb9a-2280-4b3c-bf27-263331870319: TaskFinished(20,2100,None,true,None)
Sending msg to client play-fork-run-d38deb9a-2280-4b3c-bf27-263331870319: TaskFinished(20,2101,Some(AttributeKey[scala.collection.Seq[java.lang.String]]("javacOptions") in Scope(Global)),true,None)
Sending msg to client play-fork-run-d38deb9a-2280-4b3c-bf27-263331870319: TaskStarted(20,2099,Some(AttributeKey[scala.collection.Seq[java.lang.String]]("javacOptions") in Scope(Build: file:/C:/Users/ligthartmeu/apps/myPAL/, , Project: ProjectReference(file:/C:/Users/ligthartmeu/apps/myPAL/,root), Config: compile)))
Sending msg to client play-fork-run-d38deb9a-2280-4b3c-bf27-263331870319: TaskFinished(20,2114,Some(AttributeKey[sbt.SendEventService]("sendEventService") in Scope(Global)),true,None)
Sending msg to client play-fork-run-d38deb9a-2280-4b3c-bf27-263331870319: TaskFinished(20,2024,None,true,None)
Sending msg to client play-fork-run-d38deb9a-2280-4b3c-bf27-263331870319: TaskFinished(20,2039,None,true,None)
Sending msg to client play-fork-run-d38deb9a-2280-4b3c-bf27-263331870319: TaskFinished(20,2104,Some(AttributeKey[scala.collection.Seq[java.io.File]]("unmanagedSources") in Scope(Build: file:/C:/Users/ligthartmeu/apps/myPAL/, , Project: ProjectReference(file:/C:/Users/ligthartmeu/apps/myPAL/,root), Config: compile)),true,None)
Sending msg to client play-fork-run-d38deb9a-2280-4b3c-bf27-263331870319: TaskStarted(20,2103,Some(AttributeKey[scala.collection.Seq[java.io.File]]("unmanagedSources") in Scope(Build: file:/C:/Users/ligthartmeu/apps/myPAL/, , Project: ProjectReference(file:/C:/Users/ligthartmeu/apps/myPAL/,root), Config: compile)))
Sending msg to client play-fork-run-d38deb9a-2280-4b3c-bf27-263331870319: TaskFinished(20,2058,None,true,None)
Sending msg to client play-fork-run-d38deb9a-2280-4b3c-bf27-263331870319: TaskFinished(20,2065,None,true,None)
Sending msg to client play-fork-run-d38deb9a-2280-4b3c-bf27-263331870319: TaskStarted(20,2064,Some(AttributeKey[scala.collection.immutable.Map[sbt.ModuleID,sbt.SourcePosition]]("dependencyPositions") in Scope(Build: file:/C:/Users/ligthartmeu/apps/myPAL/, , Project: ProjectReference(file:/C:/Users/ligthartmeu/apps/myPAL/,root))))
Sending msg to client play-fork-run-d38deb9a-2280-4b3c-bf27-263331870319: TaskFinished(20,2067,None,true,None)
Sending msg to client play-fork-run-d38deb9a-2280-4b3c-bf27-263331870319: TaskFinished(20,2030,None,true,None)
Sending msg to client play-fork-run-d38deb9a-2280-4b3c-bf27-263331870319: TaskFinished(20,2072,None,true,None)
Sending msg to client play-fork-run-d38deb9a-2280-4b3c-bf27-263331870319: TaskFinished(20,2076,None,true,None)
Sending msg to client play-fork-run-d38deb9a-2280-4b3c-bf27-263331870319: TaskFinished(20,2086,None,true,None)
Sending msg to client play-fork-run-d38deb9a-2280-4b3c-bf27-263331870319: TaskFinished(20,2098,None,true,None)
Sending msg to client play-fork-run-d38deb9a-2280-4b3c-bf27-263331870319: TaskFinished(20,2110,None,true,None)
Sending msg to client play-fork-run-d38deb9a-2280-4b3c-bf27-263331870319: TaskFinished(20,2111,None,true,None)
Sending msg to client play-fork-run-d38deb9a-2280-4b3c-bf27-263331870319: TaskFinished(20,2113,None,true,None)
Sending msg to client play-fork-run-d38deb9a-2280-4b3c-bf27-263331870319: TaskFinished(20,2026,Some(AttributeKey[xsbti.compile.GlobalsCache]("compilerCache") in Scope(Global)),true,None)
Sending msg to client play-fork-run-d38deb9a-2280-4b3c-bf27-263331870319: TaskFinished(20,2035,Some(AttributeKey[sbt.BuildStructure]("buildStructure") in Scope(Global)),true,None)
Sending msg to client play-fork-run-d38deb9a-2280-4b3c-bf27-263331870319: TaskStarted(20,2034,Some(AttributeKey[sbt.Settings[sbt.Scope]]("settingsData") in Scope(Global)))
Sending msg to client play-fork-run-d38deb9a-2280-4b3c-bf27-263331870319: TaskFinished(20,2069,None,true,None)
Sending msg to client play-fork-run-d38deb9a-2280-4b3c-bf27-263331870319: TaskFinished(20,2042,Some(AttributeKey[java.io.File]("dependencyCacheDirectory") in Scope(Build: file:/C:/Users/ligthartmeu/apps/myPAL/, , Project: ProjectReference(file:/C:/Users/ligthartmeu/apps/myPAL/,root))),true,None)
Sending msg to client play-fork-run-d38deb9a-2280-4b3c-bf27-263331870319: TaskFinished(20,2059,None,true,None)
Sending msg to client play-fork-run-d38deb9a-2280-4b3c-bf27-263331870319: TaskFinished(20,2043,Some(AttributeKey[scala.collection.Seq[sbt.UpdateReport]]("transitiveUpdate") in Scope(Build: file:/C:/Users/ligthartmeu/apps/myPAL/, , Project: ProjectReference(file:/C:/Users/ligthartmeu/apps/myPAL/,root))),true,None)
Sending msg to client play-fork-run-d38deb9a-2280-4b3c-bf27-263331870319: TaskFinished(20,2055,None,true,None)
Sending msg to client play-fork-run-d38deb9a-2280-4b3c-bf27-263331870319: TaskFinished(20,2107,None,true,None)
Sending msg to client play-fork-run-d38deb9a-2280-4b3c-bf27-263331870319: TaskFinished(20,2078,Some(AttributeKey[sbt.inc.IncOptions]("incOptions") in Scope(Build: file:/C:/Users/ligthartmeu/apps/myPAL/, , Project: ProjectReference(file:/C:/Users/ligthartmeu/apps/myPAL/,root))),true,None)
Sending msg to client play-fork-run-d38deb9a-2280-4b3c-bf27-263331870319: TaskFinished(20,2093,Some(AttributeKey[scala.collection.Seq[java.lang.String]]("scalacOptions") in Scope(Build: file:/C:/Users/ligthartmeu/apps/myPAL/, , Project: ProjectReference(file:/C:/Users/ligthartmeu/apps/myPAL/,root))),true,None)
Sending msg to client play-fork-run-d38deb9a-2280-4b3c-bf27-263331870319: TaskStarted(20,2092,Some(AttributeKey[java.lang.String]("twirlSourceEncoding") in Scope(Build: file:/C:/Users/ligthartmeu/apps/myPAL/, , Project: ProjectReference(file:/C:/Users/ligthartmeu/apps/myPAL/,root))))
Sending msg to client play-fork-run-d38deb9a-2280-4b3c-bf27-263331870319: TaskFinished(20,2103,Some(AttributeKey[scala.collection.Seq[java.io.File]]("unmanagedSources") in Scope(Build: file:/C:/Users/ligthartmeu/apps/myPAL/, , Project: ProjectReference(file:/C:/Users/ligthartmeu/apps/myPAL/,root), Config: compile)),true,None)
Sending msg to client play-fork-run-d38deb9a-2280-4b3c-bf27-263331870319: TaskFinished(20,2034,Some(AttributeKey[sbt.Settings[sbt.Scope]]("settingsData") in Scope(Global)),true,None)
Sending msg to client play-fork-run-d38deb9a-2280-4b3c-bf27-263331870319: TaskStarted(20,2040,None)
Sending msg to client play-fork-run-d38deb9a-2280-4b3c-bf27-263331870319: TaskStarted(20,2049,Some(AttributeKey[scala.collection.Seq[sbt.ModuleID]]("projectDependencies") in Scope(Build: file:/C:/Users/ligthartmeu/apps/myPAL/, , Project: ProjectReference(file:/C:/Users/ligthartmeu/apps/myPAL/,root))))
Sending msg to client play-fork-run-d38deb9a-2280-4b3c-bf27-263331870319: TaskStarted(20,2054,Some(AttributeKey[scala.collection.immutable.Map[org.apache.ivy.core.module.id.ModuleRevisionId,org.apache.ivy.core.module.descriptor.ModuleDescriptor]]("projectDescriptors") in Scope(Build: file:/C:/Users/ligthartmeu/apps/myPAL/, , Project: ProjectReference(file:/C:/Users/ligthartmeu/apps/myPAL/,root))))
Sending msg to client play-fork-run-d38deb9a-2280-4b3c-bf27-263331870319: TaskStarted(20,2075,None)
Sending msg to client play-fork-run-d38deb9a-2280-4b3c-bf27-263331870319: TaskStarted(20,2084,Some(AttributeKey[sbt.ScalaInstance]("scalaInstance") in Scope(Build: file:/C:/Users/ligthartmeu/apps/myPAL/, , Project: ProjectReference(file:/C:/Users/ligthartmeu/apps/myPAL/,root))))
Sending msg to client play-fork-run-d38deb9a-2280-4b3c-bf27-263331870319: TaskStarted(20,2097,None)
Sending msg to client play-fork-run-d38deb9a-2280-4b3c-bf27-263331870319: TaskStarted(20,2116,None)
Sending msg to client play-fork-run-d38deb9a-2280-4b3c-bf27-263331870319: TaskFinished(20,2049,Some(AttributeKey[scala.collection.Seq[sbt.ModuleID]]("projectDependencies") in Scope(Build: file:/C:/Users/ligthartmeu/apps/myPAL/, , Project: ProjectReference(file:/C:/Users/ligthartmeu/apps/myPAL/,root))),true,None)
Sending msg to client play-fork-run-d38deb9a-2280-4b3c-bf27-263331870319: TaskStarted(20,2048,Some(AttributeKey[scala.collection.Seq[sbt.ModuleID]]("allDependencies") in Scope(Build: file:/C:/Users/ligthartmeu/apps/myPAL/, , Project: ProjectReference(file:/C:/Users/ligthartmeu/apps/myPAL/,root))))
Sending msg to client play-fork-run-d38deb9a-2280-4b3c-bf27-263331870319: TaskStarted(20,2118,None)
Sending msg to client play-fork-run-d38deb9a-2280-4b3c-bf27-263331870319: TaskStarted(20,2123,None)
Sending msg to client play-fork-run-d38deb9a-2280-4b3c-bf27-263331870319: TaskStarted(20,2125,None)
Sending msg to client play-fork-run-d38deb9a-2280-4b3c-bf27-263331870319: TaskStarted(20,2126,None)
Sending msg to client play-fork-run-d38deb9a-2280-4b3c-bf27-263331870319: TaskFinished(20,2092,Some(AttributeKey[java.lang.String]("twirlSourceEncoding") in Scope(Build: file:/C:/Users/ligthartmeu/apps/myPAL/, , Project: ProjectReference(file:/C:/Users/ligthartmeu/apps/myPAL/,root))),true,None)
Sending msg to client play-fork-run-d38deb9a-2280-4b3c-bf27-263331870319: TaskStarted(20,2091,None)
Sending msg to client play-fork-run-d38deb9a-2280-4b3c-bf27-263331870319: TaskStarted(20,2109,None)
Sending msg to client play-fork-run-d38deb9a-2280-4b3c-bf27-263331870319: TaskFinished(20,2099,Some(AttributeKey[scala.collection.Seq[java.lang.String]]("javacOptions") in Scope(Build: file:/C:/Users/ligthartmeu/apps/myPAL/, , Project: ProjectReference(file:/C:/Users/ligthartmeu/apps/myPAL/,root), Config: compile)),true,None)
Sending msg to client play-fork-run-d38deb9a-2280-4b3c-bf27-263331870319: TaskFinished(20,2116,None,true,None)
Sending msg to client play-fork-run-d38deb9a-2280-4b3c-bf27-263331870319: TaskFinished(20,2040,None,true,None)
Sending msg to client play-fork-run-d38deb9a-2280-4b3c-bf27-263331870319: TaskStarted(20,2129,None)
Sending msg to client play-fork-run-d38deb9a-2280-4b3c-bf27-263331870319: TaskFinished(20,2118,None,true,None)
Sending msg to client play-fork-run-d38deb9a-2280-4b3c-bf27-263331870319: TaskStarted(20,2117,None)
Sending msg to client play-fork-run-d38deb9a-2280-4b3c-bf27-263331870319: TaskFinished(20,2125,None,true,None)
Sending msg to client play-fork-run-d38deb9a-2280-4b3c-bf27-263331870319: TaskFinished(20,2123,None,true,None)
Sending msg to client play-fork-run-d38deb9a-2280-4b3c-bf27-263331870319: TaskStarted(20,2122,None)
Sending msg to client play-fork-run-d38deb9a-2280-4b3c-bf27-263331870319: TaskFinished(20,2048,Some(AttributeKey[scala.collection.Seq[sbt.ModuleID]]("allDependencies") in Scope(Build: file:/C:/Users/ligthartmeu/apps/myPAL/, , Project: ProjectReference(file:/C:/Users/ligthartmeu/apps/myPAL/,root))),true,None)
Sending msg to client play-fork-run-d38deb9a-2280-4b3c-bf27-263331870319: TaskStarted(20,2047,Some(AttributeKey[sbt.ModuleSettings]("moduleSettings") in Scope(Build: file:/C:/Users/ligthartmeu/apps/myPAL/, , Project: ProjectReference(file:/C:/Users/ligthartmeu/apps/myPAL/,root))))
Sending msg to client play-fork-run-d38deb9a-2280-4b3c-bf27-263331870319: TaskFinished(20,2126,None,true,None)
Sending msg to client play-fork-run-d38deb9a-2280-4b3c-bf27-263331870319: TaskStarted(20,2124,Some(AttributeKey[scala.collection.Seq[sbt.Attributed[java.io.File]]]("unmanagedJars") in Scope(Build: file:/C:/Users/ligthartmeu/apps/myPAL/, , Project: ProjectReference(file:/C:/Users/ligthartmeu/apps/myPAL/,root), Config: compile)))
Sending msg to client play-fork-run-d38deb9a-2280-4b3c-bf27-263331870319: TaskFinished(20,2091,None,true,None)
Sending msg to client play-fork-run-d38deb9a-2280-4b3c-bf27-263331870319: TaskStarted(20,2089,Some(AttributeKey[scala.collection.Seq[scala.Function1[xsbti.Position,scala.Option[xsbti.Position]]]]("sourcePositionMappers") in Scope(Build: file:/C:/Users/ligthartmeu/apps/myPAL/, , Project: ProjectReference(file:/C:/Users/ligthartmeu/apps/myPAL/,root))))
Sending msg to client play-fork-run-d38deb9a-2280-4b3c-bf27-263331870319: TaskFinished(20,2064,Some(AttributeKey[scala.collection.immutable.Map[sbt.ModuleID,sbt.SourcePosition]]("dependencyPositions") in Scope(Build: file:/C:/Users/ligthartmeu/apps/myPAL/, , Project: ProjectReference(file:/C:/Users/ligthartmeu/apps/myPAL/,root))),true,None)
Sending msg to client play-fork-run-d38deb9a-2280-4b3c-bf27-263331870319: TaskStarted(20,2063,Some(AttributeKey[sbt.UnresolvedWarningConfiguration]("unresolvedWarningConfiguration") in Scope(Build: file:/C:/Users/ligthartmeu/apps/myPAL/, , Project: ProjectReference(file:/C:/Users/ligthartmeu/apps/myPAL/,root), Task: AttributeKey[sbt.UpdateReport]("update"))))
Sending msg to client play-fork-run-d38deb9a-2280-4b3c-bf27-263331870319: TaskFinished(20,2129,None,true,None)
Sending msg to client play-fork-run-d38deb9a-2280-4b3c-bf27-263331870319: TaskStarted(20,2128,None)
Sending msg to client play-fork-run-d38deb9a-2280-4b3c-bf27-263331870319: TaskFinished(20,2117,None,true,None)
Sending msg to client play-fork-run-d38deb9a-2280-4b3c-bf27-263331870319: TaskFinished(20,2054,Some(AttributeKey[scala.collection.immutable.Map[org.apache.ivy.core.module.id.ModuleRevisionId,org.apache.ivy.core.module.descriptor.ModuleDescriptor]]("projectDescriptors") in Scope(Build: file:/C:/Users/ligthartmeu/apps/myPAL/, , Project: ProjectReference(file:/C:/Users/ligthartmeu/apps/myPAL/,root))),true,None)
Sending msg to client play-fork-run-d38deb9a-2280-4b3c-bf27-263331870319: TaskStarted(20,2053,Some(AttributeKey[sbt.Resolver]("projectResolver") in Scope(Build: file:/C:/Users/ligthartmeu/apps/myPAL/, , Project: ProjectReference(file:/C:/Users/ligthartmeu/apps/myPAL/,root))))
Sending msg to client play-fork-run-d38deb9a-2280-4b3c-bf27-263331870319: TaskStarted(20,2130,None)
Sending msg to client play-fork-run-d38deb9a-2280-4b3c-bf27-263331870319: TaskFinished(20,2047,Some(AttributeKey[sbt.ModuleSettings]("moduleSettings") in Scope(Build: file:/C:/Users/ligthartmeu/apps/myPAL/, , Project: ProjectReference(file:/C:/Users/ligthartmeu/apps/myPAL/,root))),true,None)
Sending msg to client play-fork-run-d38deb9a-2280-4b3c-bf27-263331870319: TaskFinished(20,2124,Some(AttributeKey[scala.collection.Seq[sbt.Attributed[java.io.File]]]("unmanagedJars") in Scope(Build: file:/C:/Users/ligthartmeu/apps/myPAL/, , Project: ProjectReference(file:/C:/Users/ligthartmeu/apps/myPAL/,root), Config: compile)),true,None)
Sending msg to client play-fork-run-d38deb9a-2280-4b3c-bf27-263331870319: TaskFinished(20,2063,Some(AttributeKey[sbt.UnresolvedWarningConfiguration]("unresolvedWarningConfiguration") in Scope(Build: file:/C:/Users/ligthartmeu/apps/myPAL/, , Project: ProjectReference(file:/C:/Users/ligthartmeu/apps/myPAL/,root), Task: AttributeKey[sbt.UpdateReport]("update"))),true,None)
Sending msg to client play-fork-run-d38deb9a-2280-4b3c-bf27-263331870319: TaskFinished(20,2053,Some(AttributeKey[sbt.Resolver]("projectResolver") in Scope(Build: file:/C:/Users/ligthartmeu/apps/myPAL/, , Project: ProjectReference(file:/C:/Users/ligthartmeu/apps/myPAL/,root))),true,None)
Sending msg to client play-fork-run-d38deb9a-2280-4b3c-bf27-263331870319: TaskStarted(20,2052,Some(AttributeKey[scala.collection.Seq[sbt.Resolver]]("fullResolvers") in Scope(Build: file:/C:/Users/ligthartmeu/apps/myPAL/, , Project: ProjectReference(file:/C:/Users/ligthartmeu/apps/myPAL/,root))))
Sending msg to client play-fork-run-d38deb9a-2280-4b3c-bf27-263331870319: TaskFinished(20,2130,None,true,None)
Sending msg to client play-fork-run-d38deb9a-2280-4b3c-bf27-263331870319: TaskFinished(20,2122,None,true,None)
Sending msg to client play-fork-run-d38deb9a-2280-4b3c-bf27-263331870319: TaskStarted(20,2121,Some(AttributeKey[scala.collection.Seq[sbt.Attributed[java.io.File]]]("unmanagedJars") in Scope(Build: file:/C:/Users/ligthartmeu/apps/myPAL/, , Project: ProjectReference(file:/C:/Users/ligthartmeu/apps/myPAL/,root), Config: compile)))
Sending msg to client play-fork-run-d38deb9a-2280-4b3c-bf27-263331870319: TaskFinished(20,2089,Some(AttributeKey[scala.collection.Seq[scala.Function1[xsbti.Position,scala.Option[xsbti.Position]]]]("sourcePositionMappers") in Scope(Build: file:/C:/Users/ligthartmeu/apps/myPAL/, , Project: ProjectReference(file:/C:/Users/ligthartmeu/apps/myPAL/,root))),true,None)
Sending msg to client play-fork-run-d38deb9a-2280-4b3c-bf27-263331870319: TaskStarted(20,2087,Some(AttributeKey[scala.collection.Seq[scala.Function1[xsbti.Position,scala.Option[xsbti.Position]]]]("sourcePositionMappers") in Scope(Build: file:/C:/Users/ligthartmeu/apps/myPAL/, , Project: ProjectReference(file:/C:/Users/ligthartmeu/apps/myPAL/,root))))
Sending msg to client play-fork-run-d38deb9a-2280-4b3c-bf27-263331870319: TaskFinished(20,2052,Some(AttributeKey[scala.collection.Seq[sbt.Resolver]]("fullResolvers") in Scope(Build: file:/C:/Users/ligthartmeu/apps/myPAL/, , Project: ProjectReference(file:/C:/Users/ligthartmeu/apps/myPAL/,root))),true,None)
Sending msg to client play-fork-run-d38deb9a-2280-4b3c-bf27-263331870319: TaskStarted(20,2051,Some(AttributeKey[sbt.IvyConfiguration]("ivyConfiguration") in Scope(Build: file:/C:/Users/ligthartmeu/apps/myPAL/, , Project: ProjectReference(file:/C:/Users/ligthartmeu/apps/myPAL/,root))))
Sending msg to client play-fork-run-d38deb9a-2280-4b3c-bf27-263331870319: TaskFinished(20,2121,Some(AttributeKey[scala.collection.Seq[sbt.Attributed[java.io.File]]]("unmanagedJars") in Scope(Build: file:/C:/Users/ligthartmeu/apps/myPAL/, , Project: ProjectReference(file:/C:/Users/ligthartmeu/apps/myPAL/,root), Config: compile)),true,None)
Sending msg to client play-fork-run-d38deb9a-2280-4b3c-bf27-263331870319: TaskStarted(20,2120,None)
Sending msg to client play-fork-run-d38deb9a-2280-4b3c-bf27-263331870319: TaskFinished(20,2087,Some(AttributeKey[scala.collection.Seq[scala.Function1[xsbti.Position,scala.Option[xsbti.Position]]]]("sourcePositionMappers") in Scope(Build: file:/C:/Users/ligthartmeu/apps/myPAL/, , Project: ProjectReference(file:/C:/Users/ligthartmeu/apps/myPAL/,root))),true,None)
Sending msg to client play-fork-run-d38deb9a-2280-4b3c-bf27-263331870319: TaskFinished(20,2120,None,true,None)
Sending msg to client play-fork-run-d38deb9a-2280-4b3c-bf27-263331870319: TaskStarted(20,2119,None)
Sending msg to client play-fork-run-d38deb9a-2280-4b3c-bf27-263331870319: TaskFinished(20,2119,None,true,None)
Sending msg to client play-fork-run-d38deb9a-2280-4b3c-bf27-263331870319: TaskFinished(20,2075,None,true,None)
Sending msg to client play-fork-run-d38deb9a-2280-4b3c-bf27-263331870319: TaskStarted(20,2074,Some(AttributeKey[scala.collection.Seq[sbt.Attributed[java.io.File]]]("unmanagedClasspath") in Scope(Build: file:/C:/Users/ligthartmeu/apps/myPAL/, , Project: ProjectReference(file:/C:/Users/ligthartmeu/apps/myPAL/,root), Config: compile)))
Sending msg to client play-fork-run-d38deb9a-2280-4b3c-bf27-263331870319: TaskFinished(20,2074,Some(AttributeKey[scala.collection.Seq[sbt.Attributed[java.io.File]]]("unmanagedClasspath") in Scope(Build: file:/C:/Users/ligthartmeu/apps/myPAL/, , Project: ProjectReference(file:/C:/Users/ligthartmeu/apps/myPAL/,root), Config: compile)),true,None)
Sending msg to client play-fork-run-d38deb9a-2280-4b3c-bf27-263331870319: TaskFinished(20,2051,Some(AttributeKey[sbt.IvyConfiguration]("ivyConfiguration") in Scope(Build: file:/C:/Users/ligthartmeu/apps/myPAL/, , Project: ProjectReference(file:/C:/Users/ligthartmeu/apps/myPAL/,root))),true,None)
Sending msg to client play-fork-run-d38deb9a-2280-4b3c-bf27-263331870319: TaskStarted(20,2050,Some(AttributeKey[sbt.IvySbt]("ivySbt") in Scope(Build: file:/C:/Users/ligthartmeu/apps/myPAL/, , Project: ProjectReference(file:/C:/Users/ligthartmeu/apps/myPAL/,root))))
Sending msg to client play-fork-run-d38deb9a-2280-4b3c-bf27-263331870319: TaskFinished(20,2050,Some(AttributeKey[sbt.IvySbt]("ivySbt") in Scope(Build: file:/C:/Users/ligthartmeu/apps/myPAL/, , Project: ProjectReference(file:/C:/Users/ligthartmeu/apps/myPAL/,root))),true,None)
Sending msg to client play-fork-run-d38deb9a-2280-4b3c-bf27-263331870319: TaskStarted(20,2046,Some(AttributeKey[sbt.IvySbt$Module]("ivyModule") in Scope(Build: file:/C:/Users/ligthartmeu/apps/myPAL/, , Project: ProjectReference(file:/C:/Users/ligthartmeu/apps/myPAL/,root))))
Sending msg to client play-fork-run-d38deb9a-2280-4b3c-bf27-263331870319: TaskFinished(20,2046,Some(AttributeKey[sbt.IvySbt$Module]("ivyModule") in Scope(Build: file:/C:/Users/ligthartmeu/apps/myPAL/, , Project: ProjectReference(file:/C:/Users/ligthartmeu/apps/myPAL/,root))),true,None)
Sending msg to client play-fork-run-d38deb9a-2280-4b3c-bf27-263331870319: TaskStarted(20,2038,Some(AttributeKey[sbt.UpdateReport]("update") in Scope(Build: file:/C:/Users/ligthartmeu/apps/myPAL/, , Project: ProjectReference(file:/C:/Users/ligthartmeu/apps/myPAL/,root))))
Sending msg to client play-fork-run-d38deb9a-2280-4b3c-bf27-263331870319: TaskFinished(20,2128,None,true,None)
Sending msg to client play-fork-run-d38deb9a-2280-4b3c-bf27-263331870319: TaskFinished(20,2097,None,true,None)
Sending msg to client play-fork-run-d38deb9a-2280-4b3c-bf27-263331870319: TaskFinished(20,2109,None,true,None)
Sending msg to client play-fork-run-d38deb9a-2280-4b3c-bf27-263331870319: TaskStarted(20,2108,Some(AttributeKey[scala.collection.Seq[java.io.File]]("twirlCompileTemplates") in Scope(Build: file:/C:/Users/ligthartmeu/apps/myPAL/, , Project: ProjectReference(file:/C:/Users/ligthartmeu/apps/myPAL/,root), Config: compile)))
Sending msg to client play-fork-run-d38deb9a-2280-4b3c-bf27-263331870319: TaskFinished(20,2108,Some(AttributeKey[scala.collection.Seq[java.io.File]]("twirlCompileTemplates") in Scope(Build: file:/C:/Users/ligthartmeu/apps/myPAL/, , Project: ProjectReference(file:/C:/Users/ligthartmeu/apps/myPAL/,root), Config: compile)),true,None)
Sending msg to client play-fork-run-d38deb9a-2280-4b3c-bf27-263331870319: TaskStarted(20,2106,None)
Sending msg to client play-fork-run-d38deb9a-2280-4b3c-bf27-263331870319: TaskFinished(20,2106,None,true,None)
Sending msg to client play-fork-run-d38deb9a-2280-4b3c-bf27-263331870319: TaskStarted(20,2105,Some(AttributeKey[scala.collection.Seq[java.io.File]]("managedSources") in Scope(Build: file:/C:/Users/ligthartmeu/apps/myPAL/, , Project: ProjectReference(file:/C:/Users/ligthartmeu/apps/myPAL/,root), Config: compile)))
Sending msg to client play-fork-run-d38deb9a-2280-4b3c-bf27-263331870319: TaskFinished(20,2105,Some(AttributeKey[scala.collection.Seq[java.io.File]]("managedSources") in Scope(Build: file:/C:/Users/ligthartmeu/apps/myPAL/, , Project: ProjectReference(file:/C:/Users/ligthartmeu/apps/myPAL/,root), Config: compile)),true,None)
Sending msg to client play-fork-run-d38deb9a-2280-4b3c-bf27-263331870319: TaskStarted(20,2102,Some(AttributeKey[scala.collection.Seq[java.io.File]]("sources") in Scope(Build: file:/C:/Users/ligthartmeu/apps/myPAL/, , Project: ProjectReference(file:/C:/Users/ligthartmeu/apps/myPAL/,root), Config: compile)))
Sending msg to client play-fork-run-d38deb9a-2280-4b3c-bf27-263331870319: TaskFinished(20,2102,Some(AttributeKey[scala.collection.Seq[java.io.File]]("sources") in Scope(Build: file:/C:/Users/ligthartmeu/apps/myPAL/, , Project: ProjectReference(file:/C:/Users/ligthartmeu/apps/myPAL/,root), Config: compile)),true,None)
Sending msg to client play-fork-run-d38deb9a-2280-4b3c-bf27-263331870319: TaskFinished(20,2038,Some(AttributeKey[sbt.UpdateReport]("update") in Scope(Build: file:/C:/Users/ligthartmeu/apps/myPAL/, , Project: ProjectReference(file:/C:/Users/ligthartmeu/apps/myPAL/,root))),true,None)
Sending msg to client play-fork-run-d38deb9a-2280-4b3c-bf27-263331870319: TaskStarted(20,2037,Some(AttributeKey[sbt.UpdateReport]("update") in Scope(Build: file:/C:/Users/ligthartmeu/apps/myPAL/, , Project: ProjectReference(file:/C:/Users/ligthartmeu/apps/myPAL/,root))))
Sending msg to client play-fork-run-d38deb9a-2280-4b3c-bf27-263331870319: TaskFinished(20,2037,Some(AttributeKey[sbt.UpdateReport]("update") in Scope(Build: file:/C:/Users/ligthartmeu/apps/myPAL/, , Project: ProjectReference(file:/C:/Users/ligthartmeu/apps/myPAL/,root))),true,None)
Sending msg to client play-fork-run-d38deb9a-2280-4b3c-bf27-263331870319: TaskStarted(20,2036,Some(AttributeKey[sbt.Configuration]("classpathConfiguration") in Scope(Build: file:/C:/Users/ligthartmeu/apps/myPAL/, , Project: ProjectReference(file:/C:/Users/ligthartmeu/apps/myPAL/,root), Config: compile)))
Sending msg to client play-fork-run-d38deb9a-2280-4b3c-bf27-263331870319: TaskStarted(20,2096,Some(AttributeKey[scala.collection.Seq[java.lang.String]]("scalacOptions") in Scope(Build: file:/C:/Users/ligthartmeu/apps/myPAL/, , Project: ProjectReference(file:/C:/Users/ligthartmeu/apps/myPAL/,root), Config: compile)))
Sending msg to client play-fork-run-d38deb9a-2280-4b3c-bf27-263331870319: TaskStarted(20,2127,None)
Sending msg to client play-fork-run-d38deb9a-2280-4b3c-bf27-263331870319: TaskFinished(20,2036,Some(AttributeKey[sbt.Configuration]("classpathConfiguration") in Scope(Build: file:/C:/Users/ligthartmeu/apps/myPAL/, , Project: ProjectReference(file:/C:/Users/ligthartmeu/apps/myPAL/,root), Config: compile)),true,None)
Sending msg to client play-fork-run-d38deb9a-2280-4b3c-bf27-263331870319: TaskStarted(20,2033,None)
Sending msg to client play-fork-run-d38deb9a-2280-4b3c-bf27-263331870319: TaskStarted(20,2073,None)
Sending msg to client play-fork-run-d38deb9a-2280-4b3c-bf27-263331870319: TaskFinished(20,2096,Some(AttributeKey[scala.collection.Seq[java.lang.String]]("scalacOptions") in Scope(Build: file:/C:/Users/ligthartmeu/apps/myPAL/, , Project: ProjectReference(file:/C:/Users/ligthartmeu/apps/myPAL/,root), Config: compile)),true,None)
Sending msg to client play-fork-run-d38deb9a-2280-4b3c-bf27-263331870319: TaskStarted(20,2133,None)
Sending msg to client play-fork-run-d38deb9a-2280-4b3c-bf27-263331870319: TaskStarted(20,2134,None)
Sending msg to client play-fork-run-d38deb9a-2280-4b3c-bf27-263331870319: TaskFinished(20,2127,None,true,None)
Sending msg to client play-fork-run-d38deb9a-2280-4b3c-bf27-263331870319: TaskFinished(20,2084,Some(AttributeKey[sbt.ScalaInstance]("scalaInstance") in Scope(Build: file:/C:/Users/ligthartmeu/apps/myPAL/, , Project: ProjectReference(file:/C:/Users/ligthartmeu/apps/myPAL/,root))),true,None)
Sending msg to client play-fork-run-d38deb9a-2280-4b3c-bf27-263331870319: TaskStarted(20,2083,Some(AttributeKey[sbt.Compiler$Compilers]("compilers") in Scope(Global)))
Sending msg to client play-fork-run-d38deb9a-2280-4b3c-bf27-263331870319: TaskFinished(20,2073,None,true,None)
Sending msg to client play-fork-run-d38deb9a-2280-4b3c-bf27-263331870319: TaskStarted(20,2071,Some(AttributeKey[scala.collection.Seq[sbt.Attributed[java.io.File]]]("managedClasspath") in Scope(Build: file:/C:/Users/ligthartmeu/apps/myPAL/, , Project: ProjectReference(file:/C:/Users/ligthartmeu/apps/myPAL/,root), Config: compile)))
Sending msg to client play-fork-run-d38deb9a-2280-4b3c-bf27-263331870319: TaskFinished(20,2133,None,true,None)
Sending msg to client play-fork-run-d38deb9a-2280-4b3c-bf27-263331870319: TaskFinished(20,2134,None,true,None)
Sending msg to client play-fork-run-d38deb9a-2280-4b3c-bf27-263331870319: TaskStarted(20,2132,None)
Sending msg to client play-fork-run-d38deb9a-2280-4b3c-bf27-263331870319: TaskFinished(20,2132,None,true,None)
Sending msg to client play-fork-run-d38deb9a-2280-4b3c-bf27-263331870319: TaskStarted(20,2131,None)
Sending msg to client play-fork-run-d38deb9a-2280-4b3c-bf27-263331870319: TaskFinished(20,2131,None,true,None)
Sending msg to client play-fork-run-d38deb9a-2280-4b3c-bf27-263331870319: TaskFinished(20,2033,None,true,None)
Sending msg to client play-fork-run-d38deb9a-2280-4b3c-bf27-263331870319: TaskStarted(20,2032,Some(AttributeKey[scala.collection.Seq[sbt.Attributed[java.io.File]]]("internalDependencyClasspath") in Scope(Build: file:/C:/Users/ligthartmeu/apps/myPAL/, , Project: ProjectReference(file:/C:/Users/ligthartmeu/apps/myPAL/,root), Config: compile)))
Sending msg to client play-fork-run-d38deb9a-2280-4b3c-bf27-263331870319: TaskFinished(20,2083,Some(AttributeKey[sbt.Compiler$Compilers]("compilers") in Scope(Global)),true,None)
Sending msg to client play-fork-run-d38deb9a-2280-4b3c-bf27-263331870319: TaskFinished(20,2071,Some(AttributeKey[scala.collection.Seq[sbt.Attributed[java.io.File]]]("managedClasspath") in Scope(Build: file:/C:/Users/ligthartmeu/apps/myPAL/, , Project: ProjectReference(file:/C:/Users/ligthartmeu/apps/myPAL/,root), Config: compile)),true,None)
Sending msg to client play-fork-run-d38deb9a-2280-4b3c-bf27-263331870319: TaskStarted(20,2070,None)
Sending msg to client play-fork-run-d38deb9a-2280-4b3c-bf27-263331870319: TaskFinished(20,2032,Some(AttributeKey[scala.collection.Seq[sbt.Attributed[java.io.File]]]("internalDependencyClasspath") in Scope(Build: file:/C:/Users/ligthartmeu/apps/myPAL/, , Project: ProjectReference(file:/C:/Users/ligthartmeu/apps/myPAL/,root), Config: compile)),true,None)
Sending msg to client play-fork-run-d38deb9a-2280-4b3c-bf27-263331870319: TaskFinished(20,2070,None,true,None)
Sending msg to client play-fork-run-d38deb9a-2280-4b3c-bf27-263331870319: TaskStarted(20,2068,Some(AttributeKey[scala.collection.Seq[sbt.Attributed[java.io.File]]]("externalDependencyClasspath") in Scope(Build: file:/C:/Users/ligthartmeu/apps/myPAL/, , Project: ProjectReference(file:/C:/Users/ligthartmeu/apps/myPAL/,root), Config: compile)))
Sending msg to client play-fork-run-d38deb9a-2280-4b3c-bf27-263331870319: TaskFinished(20,2068,Some(AttributeKey[scala.collection.Seq[sbt.Attributed[java.io.File]]]("externalDependencyClasspath") in Scope(Build: file:/C:/Users/ligthartmeu/apps/myPAL/, , Project: ProjectReference(file:/C:/Users/ligthartmeu/apps/myPAL/,root), Config: compile)),true,None)
Sending msg to client play-fork-run-d38deb9a-2280-4b3c-bf27-263331870319: TaskStarted(20,2031,None)
Sending msg to client play-fork-run-d38deb9a-2280-4b3c-bf27-263331870319: TaskFinished(20,2031,None,true,None)
Sending msg to client play-fork-run-d38deb9a-2280-4b3c-bf27-263331870319: TaskStarted(20,2029,Some(AttributeKey[scala.collection.Seq[sbt.Attributed[java.io.File]]]("dependencyClasspath") in Scope(Build: file:/C:/Users/ligthartmeu/apps/myPAL/, , Project: ProjectReference(file:/C:/Users/ligthartmeu/apps/myPAL/,root), Config: compile)))
Sending msg to client play-fork-run-d38deb9a-2280-4b3c-bf27-263331870319: TaskFinished(20,2029,Some(AttributeKey[scala.collection.Seq[sbt.Attributed[java.io.File]]]("dependencyClasspath") in Scope(Build: file:/C:/Users/ligthartmeu/apps/myPAL/, , Project: ProjectReference(file:/C:/Users/ligthartmeu/apps/myPAL/,root), Config: compile)),true,None)
Sending msg to client play-fork-run-d38deb9a-2280-4b3c-bf27-263331870319: TaskStarted(20,2022,Some(AttributeKey[sbt.Compiler$IncSetup]("incCompileSetup") in Scope(Build: file:/C:/Users/ligthartmeu/apps/myPAL/, , Project: ProjectReference(file:/C:/Users/ligthartmeu/apps/myPAL/,root), Config: compile)))
Sending msg to client play-fork-run-d38deb9a-2280-4b3c-bf27-263331870319: TaskFinished(20,2022,Some(AttributeKey[sbt.Compiler$IncSetup]("incCompileSetup") in Scope(Build: file:/C:/Users/ligthartmeu/apps/myPAL/, , Project: ProjectReference(file:/C:/Users/ligthartmeu/apps/myPAL/,root), Config: compile)),true,None)
Sending msg to client play-fork-run-d38deb9a-2280-4b3c-bf27-263331870319: TaskStarted(20,2082,Some(AttributeKey[sbt.Compiler$Inputs]("compileInputs") in Scope(Build: file:/C:/Users/ligthartmeu/apps/myPAL/, , Project: ProjectReference(file:/C:/Users/ligthartmeu/apps/myPAL/,root), Config: compile, Task: AttributeKey[sbt.inc.Analysis]("compile"))))
Sending msg to client play-fork-run-d38deb9a-2280-4b3c-bf27-263331870319: TaskStarted(20,2115,Some(AttributeKey[sbt.Compiler$PreviousAnalysis]("readAnalysis") in Scope(Build: file:/C:/Users/ligthartmeu/apps/myPAL/, , Project: ProjectReference(file:/C:/Users/ligthartmeu/apps/myPAL/,root), Config: compile)))
Sending msg to client play-fork-run-d38deb9a-2280-4b3c-bf27-263331870319: TaskFinished(20,2115,Some(AttributeKey[sbt.Compiler$PreviousAnalysis]("readAnalysis") in Scope(Build: file:/C:/Users/ligthartmeu/apps/myPAL/, , Project: ProjectReference(file:/C:/Users/ligthartmeu/apps/myPAL/,root), Config: compile)),true,None)
Sending msg to client play-fork-run-d38deb9a-2280-4b3c-bf27-263331870319: TaskFinished(20,2082,Some(AttributeKey[sbt.Compiler$Inputs]("compileInputs") in Scope(Build: file:/C:/Users/ligthartmeu/apps/myPAL/, , Project: ProjectReference(file:/C:/Users/ligthartmeu/apps/myPAL/,root), Config: compile, Task: AttributeKey[sbt.inc.Analysis]("compile"))),true,None)
Sending msg to client play-fork-run-d38deb9a-2280-4b3c-bf27-263331870319: TaskStarted(20,2112,Some(AttributeKey[scala.Option[xsbti.Reporter]]("compilerReporter") in Scope(Build: file:/C:/Users/ligthartmeu/apps/myPAL/, , Project: ProjectReference(file:/C:/Users/ligthartmeu/apps/myPAL/,root), Config: compile, Task: AttributeKey[sbt.inc.Analysis]("compile"))))
Sending msg to client play-fork-run-d38deb9a-2280-4b3c-bf27-263331870319: TaskFinished(20,2112,Some(AttributeKey[scala.Option[xsbti.Reporter]]("compilerReporter") in Scope(Build: file:/C:/Users/ligthartmeu/apps/myPAL/, , Project: ProjectReference(file:/C:/Users/ligthartmeu/apps/myPAL/,root), Config: compile, Task: AttributeKey[sbt.inc.Analysis]("compile"))),true,None)
Sending msg to client play-fork-run-d38deb9a-2280-4b3c-bf27-263331870319: TaskStarted(20,2081,Some(AttributeKey[sbt.compiler.IC$Result]("compileIncremental") in Scope(Build: file:/C:/Users/ligthartmeu/apps/myPAL/, , Project: ProjectReference(file:/C:/Users/ligthartmeu/apps/myPAL/,root), Config: compile)))
Sending msg to client play-fork-run-d38deb9a-2280-4b3c-bf27-263331870319: TaskLogEvent(2081,LogMessage(debug,
Initial source changes: 
	removed:Set()
	added: Set()
	modified: Set()
Removed products: Set()
External API changes: API Changes: Set()
Modified binary dependencies: Set()
Initial directly invalidated sources: Set()

Sources indirectly invalidated by:
	product: Set()
	binary dep: Set()
	external source: Set()))
Sending msg to client play-fork-run-d38deb9a-2280-4b3c-bf27-263331870319: TaskLogEvent(2081,LogMessage(debug,All initially invalidated sources: Set()
))
Sending msg to client play-fork-run-d38deb9a-2280-4b3c-bf27-263331870319: TaskFinished(20,2081,Some(AttributeKey[sbt.compiler.IC$Result]("compileIncremental") in Scope(Build: file:/C:/Users/ligthartmeu/apps/myPAL/, , Project: ProjectReference(file:/C:/Users/ligthartmeu/apps/myPAL/,root), Config: compile)),true,None)
Sending msg to client play-fork-run-d38deb9a-2280-4b3c-bf27-263331870319: TaskStarted(20,2080,Some(AttributeKey[sbt.compiler.IC$Result]("manipulateBytecode") in Scope(Build: file:/C:/Users/ligthartmeu/apps/myPAL/, , Project: ProjectReference(file:/C:/Users/ligthartmeu/apps/myPAL/,root), Config: compile)))
Sending msg to client play-fork-run-d38deb9a-2280-4b3c-bf27-263331870319: TaskFinished(20,2080,Some(AttributeKey[sbt.compiler.IC$Result]("manipulateBytecode") in Scope(Build: file:/C:/Users/ligthartmeu/apps/myPAL/, , Project: ProjectReference(file:/C:/Users/ligthartmeu/apps/myPAL/,root), Config: compile)),true,None)
Sending msg to client play-fork-run-d38deb9a-2280-4b3c-bf27-263331870319: TaskStarted(20,2021,Some(AttributeKey[sbt.inc.Analysis]("compile") in Scope(Build: file:/C:/Users/ligthartmeu/apps/myPAL/, , Project: ProjectReference(file:/C:/Users/ligthartmeu/apps/myPAL/,root), Config: compile)))
Sending msg to client play-fork-run-d38deb9a-2280-4b3c-bf27-263331870319: TaskFinished(20,2021,Some(AttributeKey[sbt.inc.Analysis]("compile") in Scope(Build: file:/C:/Users/ligthartmeu/apps/myPAL/, , Project: ProjectReference(file:/C:/Users/ligthartmeu/apps/myPAL/,root), Config: compile)),true,None)
Sending msg to client play-fork-run-d38deb9a-2280-4b3c-bf27-263331870319: TaskStarted(20,2020,Some(AttributeKey[sbt.inc.Analysis]("compile") in Scope(Build: file:/C:/Users/ligthartmeu/apps/myPAL/, , Project: ProjectReference(file:/C:/Users/ligthartmeu/apps/myPAL/,root), Config: compile)))
Sending msg to client play-fork-run-d38deb9a-2280-4b3c-bf27-263331870319: TaskFinished(20,2020,Some(AttributeKey[sbt.inc.Analysis]("compile") in Scope(Build: file:/C:/Users/ligthartmeu/apps/myPAL/, , Project: ProjectReference(file:/C:/Users/ligthartmeu/apps/myPAL/,root), Config: compile)),true,None)
Sending msg to client play-fork-run-d38deb9a-2280-4b3c-bf27-263331870319: TaskStarted(20,2019,Some(AttributeKey[scala.collection.Seq[java.lang.String]]("discoveredMainClasses") in Scope(Build: file:/C:/Users/ligthartmeu/apps/myPAL/, , Project: ProjectReference(file:/C:/Users/ligthartmeu/apps/myPAL/,root), Config: compile)))
Sending msg to client play-fork-run-d38deb9a-2280-4b3c-bf27-263331870319: TaskFinished(20,2019,Some(AttributeKey[scala.collection.Seq[java.lang.String]]("discoveredMainClasses") in Scope(Build: file:/C:/Users/ligthartmeu/apps/myPAL/, , Project: ProjectReference(file:/C:/Users/ligthartmeu/apps/myPAL/,root), Config: compile)),true,None)
Sending msg to client play-fork-run-d38deb9a-2280-4b3c-bf27-263331870319: TaskStarted(20,2018,None)
Sending msg to client play-fork-run-d38deb9a-2280-4b3c-bf27-263331870319: TaskFinished(20,2018,None,true,None)
Sending msg to client play-fork-run-d38deb9a-2280-4b3c-bf27-263331870319: TaskStarted(20,2017,None)
Sending msg to client play-fork-run-d38deb9a-2280-4b3c-bf27-263331870319: TaskFinished(20,2017,None,true,None)
Sending msg to client play-fork-run-d38deb9a-2280-4b3c-bf27-263331870319: DetachedLogEvent(LogMessage(debug,cancel strategy finish enabled=false lastCommand=Some(LastCommand(CommandExecutionWork(ExecutionId(20),{file:/C:/Users/ligthartmeu/apps/myPAL/}root/compile:discoveredMainClasses,Set(LiveClient(activator 5608feda-1585-4ef4-b683-3f595b663f69)),sbt.server.WorkCancellationStatus$$anon$1@64efccb1)))))
Sending msg to client play-fork-run-d38deb9a-2280-4b3c-bf27-263331870319: DetachedLogEvent(LogSuccess(Total time: 0 s, completed 16-okt-2015 16:50:51))
Sending msg to client play-fork-run-d38deb9a-2280-4b3c-bf27-263331870319: DetachedLogEvent(LogMessage(debug,> server-post-command-cleanup))
Sending msg to client play-fork-run-d38deb9a-2280-4b3c-bf27-263331870319: ExecutionSuccess(20)
Sending msg to client play-fork-run-d38deb9a-2280-4b3c-bf27-263331870319: DetachedLogEvent(LogMessage(debug,> server-handle-next-server-request))
