New log file opened at Thu Aug 20 10:13:11 CEST 2015 by 10128@Obsidian
jvm 10128@Obsidian
jvm vmName=Java HotSpot(TM) 64-Bit Server VM vmVendor=Oracle Corporation vmVersion=25.51-b03
jvm specName=Java Virtual Machine Specification specVendor=Oracle Corporation specVersion=1.8
jvm arguments: [-Xms256m, -Xmx1024m, -XX:MetaspaceSize=64m, -XX:MaxMetaspaceSize=256m]
Starting event engine
Starting sbt command engine
Waiting for sbt command engine
Command engine arguments=List()
Command engine baseDirectory=C:\Users\Mike\Documents\GitHub\myPAL\myPAL
Command engine initial remaining commands List(--initialize, onFailure load-failed, boot, server-send-ready-for-request, server-handle-next-server-request)
> --initialize
> initialize
> onFailure load-failed
> boot
> reload
[Loading] Scanning directory C:\Users\Mike\Documents\GitHub\myPAL\myPAL\project
[Loading] Found non-root projects 
[Loading] Done in C:\Users\Mike\Documents\GitHub\myPAL\myPAL\project, returning: ()
deducing auto plugins based on known facts Set(Atom(sbt.plugins.CorePlugin)) and clauses Clauses(List(Clause(Atom(sbt.plugins.JvmPlugin),Set(Atom(sbt.plugins.IvyPlugin))), Clause(Atom(sbt.plugins.JUnitXmlReportPlugin),Set(Atom(sbt.plugins.JvmPlugin))), Clause(Atom(sbt.plugins.CorePlugin),Set(Atom(sbt.plugins.IvyPlugin))), Clause(Atom(sbt.plugins.IvyPlugin),Set(Atom(sbt.plugins.JvmPlugin))), Clause(Atom(sbt.plugins.JvmPlugin),Set(Atom(sbt.plugins.JUnitXmlReportPlugin)))))
  :: deduced result: Matched(sbt.plugins.CorePlugin,sbt.plugins.IvyPlugin,sbt.plugins.JvmPlugin,sbt.plugins.JUnitXmlReportPlugin)
sorting: ns: List(sbt.plugins.CorePlugin, sbt.plugins.IvyPlugin, sbt.plugins.JvmPlugin, sbt.plugins.JUnitXmlReportPlugin)
  :: sorting:: found: List(sbt.plugins.CorePlugin) not found List(sbt.plugins.IvyPlugin, sbt.plugins.JvmPlugin, sbt.plugins.JUnitXmlReportPlugin)
  :: sorting:: found: List(sbt.plugins.CorePlugin, sbt.plugins.IvyPlugin) not found List(sbt.plugins.JvmPlugin, sbt.plugins.JUnitXmlReportPlugin)
  :: sorting:: found: List(sbt.plugins.CorePlugin, sbt.plugins.IvyPlugin, sbt.plugins.JvmPlugin) not found List(sbt.plugins.JUnitXmlReportPlugin)
  :: sorting:: found: List(sbt.plugins.CorePlugin, sbt.plugins.IvyPlugin, sbt.plugins.JvmPlugin, sbt.plugins.JUnitXmlReportPlugin) not found List()
  :: sorted deduced result: List(sbt.plugins.CorePlugin, sbt.plugins.IvyPlugin, sbt.plugins.JvmPlugin, sbt.plugins.JUnitXmlReportPlugin)
[Loading] Done in C:\Users\Mike\Documents\GitHub\myPAL\myPAL\project, returning: (mypal-build)
Loading project definition from C:\Users\Mike\Documents\GitHub\myPAL\myPAL\project
Running task... Cancel: sbt.TaskCancellationStrategy$Null$@120d7ad9, check cycles: false

Initial source changes: 
	removed:Set()
	added: Set()
	modified: Set()
Removed products: Set()
External API changes: API Changes: Set()
Modified binary dependencies: Set()
Initial directly invalidated sources: Set()

Sources indirectly invalidated by:
	product: Set()
	binary dep: Set()
	external source: Set()
All initially invalidated sources: Set()

Copy resource mappings: 
	
[Loading] Scanning directory C:\Users\Mike\Documents\GitHub\myPAL\myPAL
[Loading] Found root project root w/ remaining 
deducing auto plugins based on known facts Set(Atom(play.PlayJava), Atom(sbt.plugins.CorePlugin)) and clauses Clauses(List(Clause(Atom(sbt.plugins.JvmPlugin),Set(Atom(sbt.plugins.IvyPlugin))), Clause(Atom(sbt.plugins.JUnitXmlReportPlugin),Set(Atom(sbt.plugins.JvmPlugin))), Clause(Atom(play.sbt.forkrun.PlayForkRun),Set(Atom(sbt.plugins.BackgroundRunPlugin))), Clause(Atom(play.sbt.forkrun.PlayForkRun),Set(Atom(play.Play))), Clause(Atom(play.sbt.forkrun.PlayForkRun),Set(Atom(sbt.plugins.SerializersPlugin))), Clause(Atom(play.Play),Set(Atom(com.typesafe.sbt.webdriver.SbtWebDriver))), Clause(Atom(play.Play),Set(Atom(play.twirl.sbt.SbtTwirl))), Clause(Atom(play.Play),Set(Atom(com.typesafe.sbt.jse.SbtJsTask))), Clause(Atom(play.PlayJava),Set(Atom(play.Play))), Clause(Atom(play.PlayScala),Set(Atom(play.Play))), Clause(Atom(play.twirl.sbt.SbtTwirl),Set(Atom(sbt.plugins.JvmPlugin))), Clause(Atom(com.typesafe.sbt.jse.SbtJsEngine),Set(Atom(com.typesafe.sbt.web.SbtWeb))), Clause(Atom(com.typesafe.sbt.jse.SbtJsTask),Set(Atom(com.typesafe.sbt.jse.SbtJsEngine))), Clause(Atom(com.typesafe.sbt.webdriver.SbtWebDriver),Set(Atom(com.typesafe.sbt.web.SbtWeb))), Clause(Atom(sbt.plugins.BackgroundRunPlugin),Set(Atom(sbt.plugins.JvmPlugin))), Clause(Atom(com.typesafe.sbt.coffeescript.SbtCoffeeScript),Set(Atom(com.typesafe.sbt.jse.SbtJsTask))), Clause(Atom(com.typesafe.sbt.less.SbtLess),Set(Atom(com.typesafe.sbt.jse.SbtJsTask))), Clause(Atom(com.typesafe.sbt.jshint.SbtJSHint),Set(Atom(com.typesafe.sbt.jse.SbtJsTask))), Clause(Atom(com.typesafe.sbt.rjs.SbtRjs),Set(Atom(com.typesafe.sbt.jse.SbtJsTask))), Clause(Atom(com.typesafe.sbt.digest.SbtDigest),Set(Atom(com.typesafe.sbt.web.SbtWeb))), Clause(Atom(com.typesafe.sbt.mocha.SbtMocha),Set(Atom(com.typesafe.sbt.jse.SbtJsTask))), Clause(Atom(sbt.plugins.CorePlugin),Set(Atom(sbt.plugins.IvyPlugin))), Clause(Atom(sbt.plugins.IvyPlugin),Set(Atom(sbt.plugins.JvmPlugin))), Clause(Atom(sbt.plugins.JvmPlugin),Set(Atom(sbt.plugins.JUnitXmlReportPlugin))), Clause(And(Set(Atom(sbt.plugins.BackgroundRunPlugin), Atom(play.Play), Atom(sbt.plugins.SerializersPlugin))),Set(Atom(play.sbt.forkrun.PlayForkRun))), Clause(Atom(com.typesafe.sbt.web.SbtWeb),Set(Atom(com.typesafe.sbt.jse.SbtJsEngine))), Clause(Atom(com.typesafe.sbt.jse.SbtJsEngine),Set(Atom(com.typesafe.sbt.jse.SbtJsTask))), Clause(Atom(com.typesafe.sbt.web.SbtWeb),Set(Atom(com.typesafe.sbt.webdriver.SbtWebDriver))), Clause(Atom(sbt.plugins.JvmPlugin),Set(Atom(sbt.plugins.BackgroundRunPlugin))), Clause(Atom(sbt.plugins.CorePlugin),Set(Atom(sbt.plugins.InteractionServicePlugin))), Clause(Atom(sbt.plugins.CorePlugin),Set(Atom(sbt.plugins.SendEventServicePlugin))), Clause(Atom(sbt.plugins.CorePlugin),Set(Atom(sbt.plugins.SerializersPlugin))), Clause(Atom(com.typesafe.sbt.jse.SbtJsTask),Set(Atom(com.typesafe.sbt.coffeescript.SbtCoffeeScript))), Clause(Atom(com.typesafe.sbt.jse.SbtJsTask),Set(Atom(com.typesafe.sbt.less.SbtLess))), Clause(Atom(com.typesafe.sbt.jse.SbtJsTask),Set(Atom(com.typesafe.sbt.jshint.SbtJSHint))), Clause(Atom(com.typesafe.sbt.jse.SbtJsTask),Set(Atom(com.typesafe.sbt.rjs.SbtRjs))), Clause(Atom(com.typesafe.sbt.web.SbtWeb),Set(Atom(com.typesafe.sbt.digest.SbtDigest))), Clause(Atom(com.typesafe.sbt.jse.SbtJsTask),Set(Atom(com.typesafe.sbt.mocha.SbtMocha)))))
  :: deduced result: Matched(sbt.plugins.CorePlugin,play.PlayJava,sbt.plugins.InteractionServicePlugin,sbt.plugins.SendEventServicePlugin,play.Play,sbt.plugins.SerializersPlugin,sbt.plugins.IvyPlugin,sbt.plugins.JvmPlugin,com.typesafe.sbt.jse.SbtJsTask,play.twirl.sbt.SbtTwirl,com.typesafe.sbt.webdriver.SbtWebDriver,com.typesafe.sbt.jshint.SbtJSHint,sbt.plugins.JUnitXmlReportPlugin,com.typesafe.sbt.mocha.SbtMocha,com.typesafe.sbt.less.SbtLess,com.typesafe.sbt.web.SbtWeb,com.typesafe.sbt.rjs.SbtRjs,com.typesafe.sbt.jse.SbtJsEngine,com.typesafe.sbt.coffeescript.SbtCoffeeScript,sbt.plugins.BackgroundRunPlugin,com.typesafe.sbt.digest.SbtDigest,play.sbt.forkrun.PlayForkRun)
sorting: ns: List(sbt.plugins.CorePlugin, play.PlayJava, sbt.plugins.InteractionServicePlugin, sbt.plugins.SendEventServicePlugin, play.Play, sbt.plugins.SerializersPlugin, sbt.plugins.IvyPlugin, sbt.plugins.JvmPlugin, com.typesafe.sbt.jse.SbtJsTask, play.twirl.sbt.SbtTwirl, com.typesafe.sbt.webdriver.SbtWebDriver, com.typesafe.sbt.jshint.SbtJSHint, sbt.plugins.JUnitXmlReportPlugin, com.typesafe.sbt.mocha.SbtMocha, com.typesafe.sbt.less.SbtLess, com.typesafe.sbt.web.SbtWeb, com.typesafe.sbt.rjs.SbtRjs, com.typesafe.sbt.jse.SbtJsEngine, com.typesafe.sbt.coffeescript.SbtCoffeeScript, sbt.plugins.BackgroundRunPlugin, com.typesafe.sbt.digest.SbtDigest, play.sbt.forkrun.PlayForkRun)
  :: sorting:: found: List(sbt.plugins.CorePlugin, com.typesafe.sbt.web.SbtWeb) not found List(play.PlayJava, sbt.plugins.InteractionServicePlugin, sbt.plugins.SendEventServicePlugin, play.Play, sbt.plugins.SerializersPlugin, sbt.plugins.IvyPlugin, sbt.plugins.JvmPlugin, com.typesafe.sbt.jse.SbtJsTask, play.twirl.sbt.SbtTwirl, com.typesafe.sbt.webdriver.SbtWebDriver, com.typesafe.sbt.jshint.SbtJSHint, sbt.plugins.JUnitXmlReportPlugin, com.typesafe.sbt.mocha.SbtMocha, com.typesafe.sbt.less.SbtLess, com.typesafe.sbt.rjs.SbtRjs, com.typesafe.sbt.jse.SbtJsEngine, com.typesafe.sbt.coffeescript.SbtCoffeeScript, sbt.plugins.BackgroundRunPlugin, com.typesafe.sbt.digest.SbtDigest, play.sbt.forkrun.PlayForkRun)
  :: sorting:: found: List(sbt.plugins.CorePlugin, com.typesafe.sbt.web.SbtWeb, sbt.plugins.InteractionServicePlugin, sbt.plugins.SendEventServicePlugin, sbt.plugins.SerializersPlugin, sbt.plugins.IvyPlugin, com.typesafe.sbt.webdriver.SbtWebDriver, com.typesafe.sbt.jse.SbtJsEngine, com.typesafe.sbt.digest.SbtDigest) not found List(play.PlayJava, play.Play, sbt.plugins.JvmPlugin, com.typesafe.sbt.jse.SbtJsTask, play.twirl.sbt.SbtTwirl, com.typesafe.sbt.jshint.SbtJSHint, sbt.plugins.JUnitXmlReportPlugin, com.typesafe.sbt.mocha.SbtMocha, com.typesafe.sbt.less.SbtLess, com.typesafe.sbt.rjs.SbtRjs, com.typesafe.sbt.coffeescript.SbtCoffeeScript, sbt.plugins.BackgroundRunPlugin, play.sbt.forkrun.PlayForkRun)
  :: sorting:: found: List(sbt.plugins.CorePlugin, com.typesafe.sbt.web.SbtWeb, sbt.plugins.InteractionServicePlugin, sbt.plugins.SendEventServicePlugin, sbt.plugins.SerializersPlugin, sbt.plugins.IvyPlugin, com.typesafe.sbt.webdriver.SbtWebDriver, com.typesafe.sbt.jse.SbtJsEngine, com.typesafe.sbt.digest.SbtDigest, sbt.plugins.JvmPlugin, com.typesafe.sbt.jse.SbtJsTask) not found List(play.PlayJava, play.Play, play.twirl.sbt.SbtTwirl, com.typesafe.sbt.jshint.SbtJSHint, sbt.plugins.JUnitXmlReportPlugin, com.typesafe.sbt.mocha.SbtMocha, com.typesafe.sbt.less.SbtLess, com.typesafe.sbt.rjs.SbtRjs, com.typesafe.sbt.coffeescript.SbtCoffeeScript, sbt.plugins.BackgroundRunPlugin, play.sbt.forkrun.PlayForkRun)
  :: sorting:: found: List(sbt.plugins.CorePlugin, com.typesafe.sbt.web.SbtWeb, sbt.plugins.InteractionServicePlugin, sbt.plugins.SendEventServicePlugin, sbt.plugins.SerializersPlugin, sbt.plugins.IvyPlugin, com.typesafe.sbt.webdriver.SbtWebDriver, com.typesafe.sbt.jse.SbtJsEngine, com.typesafe.sbt.digest.SbtDigest, sbt.plugins.JvmPlugin, com.typesafe.sbt.jse.SbtJsTask, play.twirl.sbt.SbtTwirl, com.typesafe.sbt.jshint.SbtJSHint, sbt.plugins.JUnitXmlReportPlugin, com.typesafe.sbt.mocha.SbtMocha, com.typesafe.sbt.less.SbtLess, com.typesafe.sbt.rjs.SbtRjs, com.typesafe.sbt.coffeescript.SbtCoffeeScript, sbt.plugins.BackgroundRunPlugin) not found List(play.PlayJava, play.Play, play.sbt.forkrun.PlayForkRun)
  :: sorting:: found: List(sbt.plugins.CorePlugin, com.typesafe.sbt.web.SbtWeb, sbt.plugins.InteractionServicePlugin, sbt.plugins.SendEventServicePlugin, sbt.plugins.SerializersPlugin, sbt.plugins.IvyPlugin, com.typesafe.sbt.webdriver.SbtWebDriver, com.typesafe.sbt.jse.SbtJsEngine, com.typesafe.sbt.digest.SbtDigest, sbt.plugins.JvmPlugin, com.typesafe.sbt.jse.SbtJsTask, play.twirl.sbt.SbtTwirl, com.typesafe.sbt.jshint.SbtJSHint, sbt.plugins.JUnitXmlReportPlugin, com.typesafe.sbt.mocha.SbtMocha, com.typesafe.sbt.less.SbtLess, com.typesafe.sbt.rjs.SbtRjs, com.typesafe.sbt.coffeescript.SbtCoffeeScript, sbt.plugins.BackgroundRunPlugin, play.Play) not found List(play.PlayJava, play.sbt.forkrun.PlayForkRun)
  :: sorting:: found: List(sbt.plugins.CorePlugin, com.typesafe.sbt.web.SbtWeb, sbt.plugins.InteractionServicePlugin, sbt.plugins.SendEventServicePlugin, sbt.plugins.SerializersPlugin, sbt.plugins.IvyPlugin, com.typesafe.sbt.webdriver.SbtWebDriver, com.typesafe.sbt.jse.SbtJsEngine, com.typesafe.sbt.digest.SbtDigest, sbt.plugins.JvmPlugin, com.typesafe.sbt.jse.SbtJsTask, play.twirl.sbt.SbtTwirl, com.typesafe.sbt.jshint.SbtJSHint, sbt.plugins.JUnitXmlReportPlugin, com.typesafe.sbt.mocha.SbtMocha, com.typesafe.sbt.less.SbtLess, com.typesafe.sbt.rjs.SbtRjs, com.typesafe.sbt.coffeescript.SbtCoffeeScript, sbt.plugins.BackgroundRunPlugin, play.Play, play.PlayJava, play.sbt.forkrun.PlayForkRun) not found List()
  :: sorted deduced result: List(sbt.plugins.CorePlugin, com.typesafe.sbt.web.SbtWeb, sbt.plugins.InteractionServicePlugin, sbt.plugins.SendEventServicePlugin, sbt.plugins.SerializersPlugin, sbt.plugins.IvyPlugin, com.typesafe.sbt.webdriver.SbtWebDriver, com.typesafe.sbt.jse.SbtJsEngine, com.typesafe.sbt.digest.SbtDigest, sbt.plugins.JvmPlugin, com.typesafe.sbt.jse.SbtJsTask, play.twirl.sbt.SbtTwirl, com.typesafe.sbt.jshint.SbtJSHint, sbt.plugins.JUnitXmlReportPlugin, com.typesafe.sbt.mocha.SbtMocha, com.typesafe.sbt.less.SbtLess, com.typesafe.sbt.rjs.SbtRjs, com.typesafe.sbt.coffeescript.SbtCoffeeScript, sbt.plugins.BackgroundRunPlugin, play.Play, play.PlayJava, play.sbt.forkrun.PlayForkRun)
[Loading] Done in C:\Users\Mike\Documents\GitHub\myPAL\myPAL, returning: (root)
Set current project to myPAL (in build file:/C:/Users/Mike/Documents/GitHub/myPAL/myPAL/)
Reapplying settings...
Set current project to myPAL (in build file:/C:/Users/Mike/Documents/GitHub/myPAL/myPAL/)
> iflast shell
> server-send-ready-for-request
> server-handle-next-server-request
> compile
Evaluating tasks: compile:compile
Running task... Cancel: sbt.server.ServerTaskCancellation@21af9667, check cycles: false

Initial source changes: 
	removed:Set()
	added: Set()
	modified: Set()
Removed products: Set()
External API changes: API Changes: Set()
Modified binary dependencies: Set()
Initial directly invalidated sources: Set()

Sources indirectly invalidated by:
	product: Set()
	binary dep: Set()
	external source: Set()
All initially invalidated sources: Set()

Total time: 6 s, completed 20-aug-2015 10:13:33
> server-post-command-cleanup
> server-handle-next-server-request
> {file:/C:/Users/Mike/Documents/GitHub/myPAL/myPAL/}root/compile:discoveredMainClasses
Evaluating tasks: compile:discoveredMainClasses
Running task... Cancel: sbt.server.ServerTaskCancellation@54f2df17, check cycles: false

Initial source changes: 
	removed:Set()
	added: Set()
	modified: Set()
Removed products: Set()
External API changes: API Changes: Set()
Modified binary dependencies: Set()
Initial directly invalidated sources: Set()

Sources indirectly invalidated by:
	product: Set()
	binary dep: Set()
	external source: Set()
All initially invalidated sources: Set()

Total time: 1 s, completed 20-aug-2015 10:13:34
> server-post-command-cleanup
> server-handle-next-server-request
> {file:/C:/Users/Mike/Documents/GitHub/myPAL/myPAL/}root/compile:mainClass
Evaluating tasks: compile:mainClass
Running task... Cancel: sbt.server.ServerTaskCancellation@2e2ba0d8, check cycles: false
Total time: 0 s, completed 20-aug-2015 10:13:34
> server-post-command-cleanup
> server-handle-next-server-request
> {file:/C:/Users/Mike/Documents/GitHub/myPAL/myPAL/}root/compile:discoveredMainClasses
Evaluating tasks: compile:discoveredMainClasses
Running task... Cancel: sbt.server.ServerTaskCancellation@779d6815, check cycles: false

Initial source changes: 
	removed:Set()
	added: Set()
	modified: Set()
Removed products: Set()
External API changes: API Changes: Set()
Modified binary dependencies: Set()
Initial directly invalidated sources: Set()

Sources indirectly invalidated by:
	product: Set()
	binary dep: Set()
	external source: Set()
All initially invalidated sources: Set()

Total time: 1 s, completed 20-aug-2015 10:13:35
> server-post-command-cleanup
> server-handle-next-server-request
> backgroundRun
Evaluating tasks: compile:backgroundRun
Running task... Cancel: sbt.server.ServerTaskCancellation@2864fd68, check cycles: false
Total time: 0 s, completed 20-aug-2015 10:15:04
> server-post-command-cleanup
> server-handle-next-server-request
> {file:/C:/Users/Mike/Documents/GitHub/myPAL/myPAL/}root/*:playForkConfig
Evaluating tasks: *:playForkConfig
Running task... Cancel: sbt.server.ServerTaskCancellation@71041936, check cycles: false
Total time: 0 s, completed 20-aug-2015 10:15:07
> server-post-command-cleanup
> server-handle-next-server-request
> root/playForkNotifyStart http://localhost:9000
Evaluating tasks: *:playForkNotifyStart
Running task... Cancel: sbt.server.ServerTaskCancellation@11b6647c, check cycles: false
Total time: 0 s, completed 20-aug-2015 10:15:08
> server-post-command-cleanup
> server-handle-next-server-request
> {file:/C:/Users/Mike/Documents/GitHub/myPAL/myPAL/}root/*:playForkReload
Evaluating tasks: *:playForkReload
Running task... Cancel: sbt.server.ServerTaskCancellation@4bdc4e1, check cycles: false

Initial source changes: 
	removed:Set()
	added: Set()
	modified: Set()
Removed products: Set()
External API changes: API Changes: Set()
Modified binary dependencies: Set()
Initial directly invalidated sources: Set()

Sources indirectly invalidated by:
	product: Set()
	binary dep: Set()
	external source: Set()
All initially invalidated sources: Set()

Copy resource mappings: 
	(C:\Users\Mike\Documents\GitHub\myPAL\myPAL\conf\application.conf,C:\Users\Mike\Documents\GitHub\myPAL\myPAL\target\scala-2.11\classes\application.conf)
	(C:\Users\Mike\Documents\GitHub\myPAL\myPAL\conf\evolutions,C:\Users\Mike\Documents\GitHub\myPAL\myPAL\target\scala-2.11\classes\evolutions)
	(C:\Users\Mike\Documents\GitHub\myPAL\myPAL\conf\initial-data.yml,C:\Users\Mike\Documents\GitHub\myPAL\myPAL\target\scala-2.11\classes\initial-data.yml)
	(C:\Users\Mike\Documents\GitHub\myPAL\myPAL\conf\initial-data2.yml,C:\Users\Mike\Documents\GitHub\myPAL\myPAL\target\scala-2.11\classes\initial-data2.yml)
	(C:\Users\Mike\Documents\GitHub\myPAL\myPAL\conf\messages.en,C:\Users\Mike\Documents\GitHub\myPAL\myPAL\target\scala-2.11\classes\messages.en)
	(C:\Users\Mike\Documents\GitHub\myPAL\myPAL\conf\messages.nl,C:\Users\Mike\Documents\GitHub\myPAL\myPAL\target\scala-2.11\classes\messages.nl)
	(C:\Users\Mike\Documents\GitHub\myPAL\myPAL\conf\routes,C:\Users\Mike\Documents\GitHub\myPAL\myPAL\target\scala-2.11\classes\routes)
	(C:\Users\Mike\Documents\GitHub\myPAL\myPAL\conf\evolutions\default,C:\Users\Mike\Documents\GitHub\myPAL\myPAL\target\scala-2.11\classes\evolutions\default)
	(C:\Users\Mike\Documents\GitHub\myPAL\myPAL\conf\evolutions\default\1.sql,C:\Users\Mike\Documents\GitHub\myPAL\myPAL\target\scala-2.11\classes\evolutions\default\1.sql)
Total time: 1 s, completed 20-aug-2015 10:15:10
> server-post-command-cleanup
> server-handle-next-server-request
> {file:/C:/Users/Mike/Documents/GitHub/myPAL/myPAL/}root/*:playForkReload
Evaluating tasks: *:playForkReload
Running task... Cancel: sbt.server.ServerTaskCancellation@67d3ee6b, check cycles: false

Initial source changes: 
	removed:Set()
	added: Set()
	modified: Set()
Removed products: Set()
External API changes: API Changes: Set()
Modified binary dependencies: Set()
Initial directly invalidated sources: Set()

Sources indirectly invalidated by:
	product: Set()
	binary dep: Set()
	external source: Set()
All initially invalidated sources: Set()

Copy resource mappings: 
	(C:\Users\Mike\Documents\GitHub\myPAL\myPAL\conf\application.conf,C:\Users\Mike\Documents\GitHub\myPAL\myPAL\target\scala-2.11\classes\application.conf)
	(C:\Users\Mike\Documents\GitHub\myPAL\myPAL\conf\evolutions,C:\Users\Mike\Documents\GitHub\myPAL\myPAL\target\scala-2.11\classes\evolutions)
	(C:\Users\Mike\Documents\GitHub\myPAL\myPAL\conf\initial-data.yml,C:\Users\Mike\Documents\GitHub\myPAL\myPAL\target\scala-2.11\classes\initial-data.yml)
	(C:\Users\Mike\Documents\GitHub\myPAL\myPAL\conf\initial-data2.yml,C:\Users\Mike\Documents\GitHub\myPAL\myPAL\target\scala-2.11\classes\initial-data2.yml)
	(C:\Users\Mike\Documents\GitHub\myPAL\myPAL\conf\messages.en,C:\Users\Mike\Documents\GitHub\myPAL\myPAL\target\scala-2.11\classes\messages.en)
	(C:\Users\Mike\Documents\GitHub\myPAL\myPAL\conf\messages.nl,C:\Users\Mike\Documents\GitHub\myPAL\myPAL\target\scala-2.11\classes\messages.nl)
	(C:\Users\Mike\Documents\GitHub\myPAL\myPAL\conf\routes,C:\Users\Mike\Documents\GitHub\myPAL\myPAL\target\scala-2.11\classes\routes)
	(C:\Users\Mike\Documents\GitHub\myPAL\myPAL\conf\evolutions\default,C:\Users\Mike\Documents\GitHub\myPAL\myPAL\target\scala-2.11\classes\evolutions\default)
	(C:\Users\Mike\Documents\GitHub\myPAL\myPAL\conf\evolutions\default\1.sql,C:\Users\Mike\Documents\GitHub\myPAL\myPAL\target\scala-2.11\classes\evolutions\default\1.sql)
Total time: 1 s, completed 20-aug-2015 10:15:14
> server-post-command-cleanup
> server-handle-next-server-request
> compile
Evaluating tasks: compile:compile
Running task... Cancel: sbt.server.ServerTaskCancellation@60777d4c, check cycles: false

Initial source changes: 
	removed:Set()
	added: Set()
	modified: Set(C:\Users\Mike\Documents\GitHub\myPAL\myPAL\app\models\User.java)
Removed products: Set()
External API changes: API Changes: Set()
Modified binary dependencies: Set()
Initial directly invalidated sources: Set(C:\Users\Mike\Documents\GitHub\myPAL\myPAL\app\models\User.java)

Sources indirectly invalidated by:
	product: Set()
	binary dep: Set()
	external source: Set()
All initially invalidated sources: Set(C:\Users\Mike\Documents\GitHub\myPAL\myPAL\app\models\User.java)

Read from stdout: Compiling 1 Java source to C:\Users\Mike\Documents\GitHub\myPAL\myPAL\target\scala-2.11\classes...
Compiling 1 Java source to C:\Users\Mike\Documents\GitHub\myPAL\myPAL\target\scala-2.11\classes...
Java compilation took 2.047710245 s
Java analysis took 0.1808556 s
Java compile + analysis took 2.298391274 s
Invalidating C:\Users\Mike\Documents\GitHub\myPAL\myPAL\app\models\User.java...
Invalidating (transitively) by inheritance from C:\Users\Mike\Documents\GitHub\myPAL\myPAL\app\models\User.java...
Initial set of included nodes: Set(C:\Users\Mike\Documents\GitHub\myPAL\myPAL\app\models\User.java)
Invalidated by transitive inheritance dependency: Set(C:\Users\Mike\Documents\GitHub\myPAL\myPAL\app\models\User.java)
The C:\Users\Mike\Documents\GitHub\myPAL\myPAL\app\models\User.java source file has the following regular definitions changed:
	logActions, setBirthdate, diaryActivities, pictures, diaryMeasurements, userType.
All member reference dependencies will be considered within this context.
Name hashing optimization doesn't apply to non-Scala dependency: C:\Users\Mike\Documents\GitHub\myPAL\myPAL\app\models\diary\Picture.java
Name hashing optimization doesn't apply to non-Scala dependency: C:\Users\Mike\Documents\GitHub\myPAL\myPAL\app\models\User.java
Name hashing optimization doesn't apply to non-Scala dependency: C:\Users\Mike\Documents\GitHub\myPAL\myPAL\app\models\diary\DiaryActivity.java
Name hashing optimization doesn't apply to non-Scala dependency: C:\Users\Mike\Documents\GitHub\myPAL\myPAL\app\views\interfaces\UserToHTML.java
None of the modified names appears in C:\Users\Mike\Documents\GitHub\myPAL\myPAL\target\scala-2.11\twirl\main\views\html\admin\admin_users.template.scala. This dependency is not being considered for invalidation.
None of the modified names appears in C:\Users\Mike\Documents\GitHub\myPAL\myPAL\target\scala-2.11\twirl\main\views\html\admin\fieldsets\admin_user_update_fieldset.template.scala. This dependency is not being considered for invalidation.
Name hashing optimization doesn't apply to non-Scala dependency: C:\Users\Mike\Documents\GitHub\myPAL\myPAL\app\controllers\Admin.java
None of the modified names appears in C:\Users\Mike\Documents\GitHub\myPAL\myPAL\target\scala-2.11\twirl\main\views\html\admin\fieldsets\admin_user_fieldset.template.scala. This dependency is not being considered for invalidation.
Name hashing optimization doesn't apply to non-Scala dependency: C:\Users\Mike\Documents\GitHub\myPAL\myPAL\app\models\logging\LogAction.java
Name hashing optimization doesn't apply to non-Scala dependency: C:\Users\Mike\Documents\GitHub\myPAL\myPAL\app\Global.java
None of the modified names appears in C:\Users\Mike\Documents\GitHub\myPAL\myPAL\target\scala-2.11\twirl\main\views\html\controlFlow\login.template.scala. This dependency is not being considered for invalidation.
Name hashing optimization doesn't apply to non-Scala dependency: C:\Users\Mike\Documents\GitHub\myPAL\myPAL\app\controllers\Application.java
Name hashing optimization doesn't apply to non-Scala dependency: C:\Users\Mike\Documents\GitHub\myPAL\myPAL\app\models\diary\DiaryItem.java
Name hashing optimization doesn't apply to non-Scala dependency: C:\Users\Mike\Documents\GitHub\myPAL\myPAL\app\controllers\Diary.java
Name hashing optimization doesn't apply to non-Scala dependency: C:\Users\Mike\Documents\GitHub\myPAL\myPAL\app\util\PictureFactory.java
None of the modified names appears in C:\Users\Mike\Documents\GitHub\myPAL\myPAL\target\scala-2.11\twirl\main\views\html\admin\admin_user_update.template.scala. This dependency is not being considered for invalidation.
New invalidations:
	Set(C:\Users\Mike\Documents\GitHub\myPAL\myPAL\app\models\diary\Picture.java, C:\Users\Mike\Documents\GitHub\myPAL\myPAL\app\models\diary\DiaryActivity.java, C:\Users\Mike\Documents\GitHub\myPAL\myPAL\app\views\interfaces\UserToHTML.java, C:\Users\Mike\Documents\GitHub\myPAL\myPAL\app\controllers\Admin.java, C:\Users\Mike\Documents\GitHub\myPAL\myPAL\app\models\logging\LogAction.java, C:\Users\Mike\Documents\GitHub\myPAL\myPAL\app\Global.java, C:\Users\Mike\Documents\GitHub\myPAL\myPAL\app\controllers\Application.java, C:\Users\Mike\Documents\GitHub\myPAL\myPAL\app\models\diary\DiaryItem.java, C:\Users\Mike\Documents\GitHub\myPAL\myPAL\app\controllers\Diary.java, C:\Users\Mike\Documents\GitHub\myPAL\myPAL\app\util\PictureFactory.java)
Initial set of included nodes: Set(C:\Users\Mike\Documents\GitHub\myPAL\myPAL\app\models\diary\Picture.java, C:\Users\Mike\Documents\GitHub\myPAL\myPAL\app\models\diary\DiaryActivity.java, C:\Users\Mike\Documents\GitHub\myPAL\myPAL\app\views\interfaces\UserToHTML.java, C:\Users\Mike\Documents\GitHub\myPAL\myPAL\app\controllers\Admin.java, C:\Users\Mike\Documents\GitHub\myPAL\myPAL\app\models\logging\LogAction.java, C:\Users\Mike\Documents\GitHub\myPAL\myPAL\app\Global.java, C:\Users\Mike\Documents\GitHub\myPAL\myPAL\app\controllers\Application.java, C:\Users\Mike\Documents\GitHub\myPAL\myPAL\app\models\diary\DiaryItem.java, C:\Users\Mike\Documents\GitHub\myPAL\myPAL\app\controllers\Diary.java, C:\Users\Mike\Documents\GitHub\myPAL\myPAL\app\util\PictureFactory.java)
Including C:\Users\Mike\Documents\GitHub\myPAL\myPAL\app\models\User.java by C:\Users\Mike\Documents\GitHub\myPAL\myPAL\app\models\diary\Picture.java
Including C:\Users\Mike\Documents\GitHub\myPAL\myPAL\app\models\diary\DiaryActivity.java by C:\Users\Mike\Documents\GitHub\myPAL\myPAL\app\models\User.java
Including C:\Users\Mike\Documents\GitHub\myPAL\myPAL\target\scala-2.11\twirl\main\views\html\diary\diary_add_diaryActivity.template.scala by C:\Users\Mike\Documents\GitHub\myPAL\myPAL\app\models\diary\DiaryActivity.java
Including C:\Users\Mike\Documents\GitHub\myPAL\myPAL\app\controllers\Diary.java by C:\Users\Mike\Documents\GitHub\myPAL\myPAL\target\scala-2.11\twirl\main\views\html\diary\diary_add_diaryActivity.template.scala
Including C:\Users\Mike\Documents\GitHub\myPAL\myPAL\target\scala-2.11\src_managed\main\routes_reverseRouting.scala by C:\Users\Mike\Documents\GitHub\myPAL\myPAL\app\controllers\Diary.java
Including C:\Users\Mike\Documents\GitHub\myPAL\myPAL\target\scala-2.11\src_managed\main\controllers\routes.java by C:\Users\Mike\Documents\GitHub\myPAL\myPAL\target\scala-2.11\src_managed\main\routes_reverseRouting.scala
Including C:\Users\Mike\Documents\GitHub\myPAL\myPAL\target\scala-2.11\twirl\main\views\html\diary\fieldsets\diary_select_emotion.template.scala by C:\Users\Mike\Documents\GitHub\myPAL\myPAL\target\scala-2.11\src_managed\main\controllers\routes.java
Including C:\Users\Mike\Documents\GitHub\myPAL\myPAL\target\scala-2.11\twirl\main\views\html\diary\fieldsets\diary_update_diaryActivity_fieldset.template.scala by C:\Users\Mike\Documents\GitHub\myPAL\myPAL\target\scala-2.11\twirl\main\views\html\diary\fieldsets\diary_select_emotion.template.scala
Including C:\Users\Mike\Documents\GitHub\myPAL\myPAL\target\scala-2.11\twirl\main\views\html\diary\diary_update_diaryActivity.template.scala by C:\Users\Mike\Documents\GitHub\myPAL\myPAL\target\scala-2.11\twirl\main\views\html\diary\fieldsets\diary_update_diaryActivity_fieldset.template.scala
Including C:\Users\Mike\Documents\GitHub\myPAL\myPAL\target\scala-2.11\twirl\main\views\html\diary\fieldsets\diary_add_diaryActivity_fieldset.template.scala by C:\Users\Mike\Documents\GitHub\myPAL\myPAL\target\scala-2.11\twirl\main\views\html\diary\fieldsets\diary_select_emotion.template.scala
Including C:\Users\Mike\Documents\GitHub\myPAL\myPAL\target\scala-2.11\twirl\main\views\html\diary\fieldsets\diary_date.template.scala by C:\Users\Mike\Documents\GitHub\myPAL\myPAL\target\scala-2.11\src_managed\main\controllers\routes.java
Including C:\Users\Mike\Documents\GitHub\myPAL\myPAL\target\scala-2.11\twirl\main\views\html\diary\diary_avatar.template.scala by C:\Users\Mike\Documents\GitHub\myPAL\myPAL\target\scala-2.11\src_managed\main\controllers\routes.java
Including C:\Users\Mike\Documents\GitHub\myPAL\myPAL\target\scala-2.11\twirl\main\views\html\diary\diary.template.scala by C:\Users\Mike\Documents\GitHub\myPAL\myPAL\target\scala-2.11\twirl\main\views\html\diary\diary_avatar.template.scala
Including C:\Users\Mike\Documents\GitHub\myPAL\myPAL\target\scala-2.11\twirl\main\views\html\diary\diary_home.template.scala by C:\Users\Mike\Documents\GitHub\myPAL\myPAL\target\scala-2.11\twirl\main\views\html\diary\diary.template.scala
Including C:\Users\Mike\Documents\GitHub\myPAL\myPAL\target\scala-2.11\twirl\main\views\html\diary\diary_calendar.template.scala by C:\Users\Mike\Documents\GitHub\myPAL\myPAL\target\scala-2.11\twirl\main\views\html\diary\diary.template.scala
Including C:\Users\Mike\Documents\GitHub\myPAL\myPAL\target\scala-2.11\twirl\main\views\html\diary\diary_calendar_view_activity.template.scala by C:\Users\Mike\Documents\GitHub\myPAL\myPAL\target\scala-2.11\twirl\main\views\html\diary\diary.template.scala
Including C:\Users\Mike\Documents\GitHub\myPAL\myPAL\target\scala-2.11\twirl\main\views\html\diary\diary_goals.template.scala by C:\Users\Mike\Documents\GitHub\myPAL\myPAL\target\scala-2.11\twirl\main\views\html\diary\diary.template.scala
Including C:\Users\Mike\Documents\GitHub\myPAL\myPAL\target\scala-2.11\twirl\main\views\html\admin\admin_users.template.scala by C:\Users\Mike\Documents\GitHub\myPAL\myPAL\target\scala-2.11\src_managed\main\controllers\routes.java
Including C:\Users\Mike\Documents\GitHub\myPAL\myPAL\app\controllers\Admin.java by C:\Users\Mike\Documents\GitHub\myPAL\myPAL\target\scala-2.11\twirl\main\views\html\admin\admin_users.template.scala
Including C:\Users\Mike\Documents\GitHub\myPAL\myPAL\target\scala-2.11\src_managed\main\routes_routing.scala by C:\Users\Mike\Documents\GitHub\myPAL\myPAL\app\controllers\Admin.java
Including C:\Users\Mike\Documents\GitHub\myPAL\myPAL\target\scala-2.11\twirl\main\views\html\diary\diary_no_avatar.template.scala by C:\Users\Mike\Documents\GitHub\myPAL\myPAL\target\scala-2.11\src_managed\main\controllers\routes.java
Including C:\Users\Mike\Documents\GitHub\myPAL\myPAL\target\scala-2.11\twirl\main\views\html\diary\diary_gallery.template.scala by C:\Users\Mike\Documents\GitHub\myPAL\myPAL\target\scala-2.11\twirl\main\views\html\diary\diary_no_avatar.template.scala
Including C:\Users\Mike\Documents\GitHub\myPAL\myPAL\target\scala-2.11\twirl\main\views\html\test\dataTest.template.scala by C:\Users\Mike\Documents\GitHub\myPAL\myPAL\target\scala-2.11\src_managed\main\controllers\routes.java
Including C:\Users\Mike\Documents\GitHub\myPAL\myPAL\app\controllers\Test.java by C:\Users\Mike\Documents\GitHub\myPAL\myPAL\target\scala-2.11\twirl\main\views\html\test\dataTest.template.scala
Including C:\Users\Mike\Documents\GitHub\myPAL\myPAL\target\scala-2.11\twirl\main\views\html\admin\fieldsets\admin_user_update_fieldset.template.scala by C:\Users\Mike\Documents\GitHub\myPAL\myPAL\target\scala-2.11\src_managed\main\controllers\routes.java
Including C:\Users\Mike\Documents\GitHub\myPAL\myPAL\target\scala-2.11\twirl\main\views\html\admin\admin_user_update.template.scala by C:\Users\Mike\Documents\GitHub\myPAL\myPAL\target\scala-2.11\twirl\main\views\html\admin\fieldsets\admin_user_update_fieldset.template.scala
Including C:\Users\Mike\Documents\GitHub\myPAL\myPAL\target\scala-2.11\twirl\main\views\html\test\affect_button.template.scala by C:\Users\Mike\Documents\GitHub\myPAL\myPAL\target\scala-2.11\src_managed\main\controllers\routes.java
Including C:\Users\Mike\Documents\GitHub\myPAL\myPAL\target\scala-2.11\twirl\main\views\html\main.template.scala by C:\Users\Mike\Documents\GitHub\myPAL\myPAL\target\scala-2.11\src_managed\main\controllers\routes.java
Including C:\Users\Mike\Documents\GitHub\myPAL\myPAL\target\scala-2.11\twirl\main\views\html\main_basic.template.scala by C:\Users\Mike\Documents\GitHub\myPAL\myPAL\target\scala-2.11\twirl\main\views\html\main.template.scala
Including C:\Users\Mike\Documents\GitHub\myPAL\myPAL\target\scala-2.11\twirl\main\views\html\test\bootstrap.template.scala by C:\Users\Mike\Documents\GitHub\myPAL\myPAL\target\scala-2.11\twirl\main\views\html\main_basic.template.scala
Including C:\Users\Mike\Documents\GitHub\myPAL\myPAL\target\scala-2.11\twirl\main\views\html\controlFlow\no_content.template.scala by C:\Users\Mike\Documents\GitHub\myPAL\myPAL\target\scala-2.11\twirl\main\views\html\main_basic.template.scala
Including C:\Users\Mike\Documents\GitHub\myPAL\myPAL\app\controllers\Application.java by C:\Users\Mike\Documents\GitHub\myPAL\myPAL\target\scala-2.11\twirl\main\views\html\controlFlow\no_content.template.scala
Including C:\Users\Mike\Documents\GitHub\myPAL\myPAL\target\scala-2.11\twirl\main\views\html\controlFlow\no_access.template.scala by C:\Users\Mike\Documents\GitHub\myPAL\myPAL\target\scala-2.11\twirl\main\views\html\main_basic.template.scala
Including C:\Users\Mike\Documents\GitHub\myPAL\myPAL\target\scala-2.11\twirl\main\views\html\diary\greeting.template.scala by C:\Users\Mike\Documents\GitHub\myPAL\myPAL\target\scala-2.11\twirl\main\views\html\main_basic.template.scala
Including C:\Users\Mike\Documents\GitHub\myPAL\myPAL\target\scala-2.11\twirl\main\views\html\controlFlow\login.template.scala by C:\Users\Mike\Documents\GitHub\myPAL\myPAL\target\scala-2.11\twirl\main\views\html\main_basic.template.scala
Including C:\Users\Mike\Documents\GitHub\myPAL\myPAL\target\scala-2.11\twirl\main\views\html\diary\diary_add_picture_page.template.scala by C:\Users\Mike\Documents\GitHub\myPAL\myPAL\target\scala-2.11\twirl\main\views\html\main_basic.template.scala
Including C:\Users\Mike\Documents\GitHub\myPAL\myPAL\target\scala-2.11\twirl\main\views\html\main_datatables.template.scala by C:\Users\Mike\Documents\GitHub\myPAL\myPAL\target\scala-2.11\twirl\main\views\html\main.template.scala
Including C:\Users\Mike\Documents\GitHub\myPAL\myPAL\target\scala-2.11\twirl\main\views\html\admin\admin.template.scala by C:\Users\Mike\Documents\GitHub\myPAL\myPAL\target\scala-2.11\twirl\main\views\html\main_datatables.template.scala
Including C:\Users\Mike\Documents\GitHub\myPAL\myPAL\target\scala-2.11\twirl\main\views\html\admin\admin_home.template.scala by C:\Users\Mike\Documents\GitHub\myPAL\myPAL\target\scala-2.11\twirl\main\views\html\admin\admin.template.scala
Including C:\Users\Mike\Documents\GitHub\myPAL\myPAL\target\scala-2.11\twirl\main\views\html\admin\admin_user_view.template.scala by C:\Users\Mike\Documents\GitHub\myPAL\myPAL\target\scala-2.11\twirl\main\views\html\admin\admin.template.scala
Including C:\Users\Mike\Documents\GitHub\myPAL\myPAL\target\scala-2.11\twirl\main\views\html\admin\fieldsets\date.template.scala by C:\Users\Mike\Documents\GitHub\myPAL\myPAL\target\scala-2.11\src_managed\main\controllers\routes.java
Including C:\Users\Mike\Documents\GitHub\myPAL\myPAL\target\scala-2.11\twirl\main\views\html\admin\fieldsets\admin_user_fieldset.template.scala by C:\Users\Mike\Documents\GitHub\myPAL\myPAL\target\scala-2.11\twirl\main\views\html\admin\fieldsets\date.template.scala
Including C:\Users\Mike\Documents\GitHub\myPAL\myPAL\app\views\interfaces\DiaryActivityToHTML.java by C:\Users\Mike\Documents\GitHub\myPAL\myPAL\target\scala-2.11\src_managed\main\controllers\routes.java
Including C:\Users\Mike\Documents\GitHub\myPAL\myPAL\app\util\PictureFactory.java by C:\Users\Mike\Documents\GitHub\myPAL\myPAL\app\models\diary\DiaryActivity.java
Including C:\Users\Mike\Documents\GitHub\myPAL\myPAL\app\views\interfaces\UserToHTML.java by C:\Users\Mike\Documents\GitHub\myPAL\myPAL\app\models\User.java
Including C:\Users\Mike\Documents\GitHub\myPAL\myPAL\app\models\logging\LogAction.java by C:\Users\Mike\Documents\GitHub\myPAL\myPAL\app\models\User.java
Including C:\Users\Mike\Documents\GitHub\myPAL\myPAL\app\Global.java by C:\Users\Mike\Documents\GitHub\myPAL\myPAL\app\models\User.java
Including C:\Users\Mike\Documents\GitHub\myPAL\myPAL\app\models\diary\DiaryItem.java by C:\Users\Mike\Documents\GitHub\myPAL\myPAL\app\models\User.java
Previously invalidated, but (transitively) depend on new invalidations:
	Set(C:\Users\Mike\Documents\GitHub\myPAL\myPAL\app\models\User.java)
All newly invalidated sources after taking into account (previously) recompiled sources:Set(C:\Users\Mike\Documents\GitHub\myPAL\myPAL\app\models\diary\Picture.java, C:\Users\Mike\Documents\GitHub\myPAL\myPAL\app\models\diary\DiaryActivity.java, C:\Users\Mike\Documents\GitHub\myPAL\myPAL\app\views\interfaces\UserToHTML.java, C:\Users\Mike\Documents\GitHub\myPAL\myPAL\app\controllers\Admin.java, C:\Users\Mike\Documents\GitHub\myPAL\myPAL\app\models\logging\LogAction.java, C:\Users\Mike\Documents\GitHub\myPAL\myPAL\app\Global.java, C:\Users\Mike\Documents\GitHub\myPAL\myPAL\app\controllers\Application.java, C:\Users\Mike\Documents\GitHub\myPAL\myPAL\app\models\diary\DiaryItem.java, C:\Users\Mike\Documents\GitHub\myPAL\myPAL\app\controllers\Diary.java, C:\Users\Mike\Documents\GitHub\myPAL\myPAL\app\util\PictureFactory.java)
Read from stdout: Compiling 11 Java sources to C:\Users\Mike\Documents\GitHub\myPAL\myPAL\target\scala-2.11\classes...
Compiling 11 Java sources to C:\Users\Mike\Documents\GitHub\myPAL\myPAL\target\scala-2.11\classes...
Read from stdout: Note: C:\Users\Mike\Documents\GitHub\myPAL\myPAL\app\Global.java uses unchecked or unsafe operations.
Note: C:\Users\Mike\Documents\GitHub\myPAL\myPAL\app\Global.java uses unchecked or unsafe operations.
Read from stdout: Note: Recompile with -Xlint:unchecked for details.
Note: Recompile with -Xlint:unchecked for details.
Java compilation took 1.206190681 s
Java analysis took 0.223450133 s
Java compile + analysis took 1.459012146 s
New invalidations:
	Set()
Initial set of included nodes: Set()
Previously invalidated, but (transitively) depend on new invalidations:
	Set()
All newly invalidated sources after taking into account (previously) recompiled sources:Set()
transform> cls: models/User  msg: Error unepxected many type Lmodels/UserType;
Total time: 5 s, completed 20-aug-2015 10:15:51
> server-post-command-cleanup
> server-handle-next-server-request
> {file:/C:/Users/Mike/Documents/GitHub/myPAL/myPAL/}root/*:playForkReload
Evaluating tasks: *:playForkReload
Running task... Cancel: sbt.server.ServerTaskCancellation@7802d1c0, check cycles: false

Initial source changes: 
	removed:Set()
	added: Set()
	modified: Set()
Removed products: Set()
External API changes: API Changes: Set()
Modified binary dependencies: Set()
Initial directly invalidated sources: Set()

Sources indirectly invalidated by:
	product: Set()
	binary dep: Set()
	external source: Set()
All initially invalidated sources: Set()

Copy resource mappings: 
	(C:\Users\Mike\Documents\GitHub\myPAL\myPAL\conf\application.conf,C:\Users\Mike\Documents\GitHub\myPAL\myPAL\target\scala-2.11\classes\application.conf)
	(C:\Users\Mike\Documents\GitHub\myPAL\myPAL\conf\evolutions,C:\Users\Mike\Documents\GitHub\myPAL\myPAL\target\scala-2.11\classes\evolutions)
	(C:\Users\Mike\Documents\GitHub\myPAL\myPAL\conf\initial-data.yml,C:\Users\Mike\Documents\GitHub\myPAL\myPAL\target\scala-2.11\classes\initial-data.yml)
	(C:\Users\Mike\Documents\GitHub\myPAL\myPAL\conf\initial-data2.yml,C:\Users\Mike\Documents\GitHub\myPAL\myPAL\target\scala-2.11\classes\initial-data2.yml)
	(C:\Users\Mike\Documents\GitHub\myPAL\myPAL\conf\messages.en,C:\Users\Mike\Documents\GitHub\myPAL\myPAL\target\scala-2.11\classes\messages.en)
	(C:\Users\Mike\Documents\GitHub\myPAL\myPAL\conf\messages.nl,C:\Users\Mike\Documents\GitHub\myPAL\myPAL\target\scala-2.11\classes\messages.nl)
	(C:\Users\Mike\Documents\GitHub\myPAL\myPAL\conf\routes,C:\Users\Mike\Documents\GitHub\myPAL\myPAL\target\scala-2.11\classes\routes)
	(C:\Users\Mike\Documents\GitHub\myPAL\myPAL\conf\evolutions\default,C:\Users\Mike\Documents\GitHub\myPAL\myPAL\target\scala-2.11\classes\evolutions\default)
	(C:\Users\Mike\Documents\GitHub\myPAL\myPAL\conf\evolutions\default\1.sql,C:\Users\Mike\Documents\GitHub\myPAL\myPAL\target\scala-2.11\classes\evolutions\default\1.sql)
Total time: 0 s, completed 20-aug-2015 10:15:52
> server-post-command-cleanup
> server-handle-next-server-request
> compile
Evaluating tasks: compile:compile
Running task... Cancel: sbt.server.ServerTaskCancellation@5c34be39, check cycles: false

Initial source changes: 
	removed:Set()
	added: Set()
	modified: Set(C:\Users\Mike\Documents\GitHub\myPAL\myPAL\app\models\User.java)
Removed products: Set()
External API changes: API Changes: Set()
Modified binary dependencies: Set()
Initial directly invalidated sources: Set(C:\Users\Mike\Documents\GitHub\myPAL\myPAL\app\models\User.java)

Sources indirectly invalidated by:
	product: Set()
	binary dep: Set()
	external source: Set()
All initially invalidated sources: Set(C:\Users\Mike\Documents\GitHub\myPAL\myPAL\app\models\User.java)

Read from stdout: Compiling 1 Java source to C:\Users\Mike\Documents\GitHub\myPAL\myPAL\target\scala-2.11\classes...
Compiling 1 Java source to C:\Users\Mike\Documents\GitHub\myPAL\myPAL\target\scala-2.11\classes...
Java compilation took 0.740454011 s
Java analysis took 0.079063863 s
Java compile + analysis took 0.840913132 s
New invalidations:
	Set()
Initial set of included nodes: Set()
Previously invalidated, but (transitively) depend on new invalidations:
	Set()
All newly invalidated sources after taking into account (previously) recompiled sources:Set()
transform> cls: models/User  msg: Error unepxected many type Lmodels/UserType;
Total time: 1 s, completed 20-aug-2015 10:18:41
> server-post-command-cleanup
> server-handle-next-server-request
> {file:/C:/Users/Mike/Documents/GitHub/myPAL/myPAL/}root/compile:discoveredMainClasses
Evaluating tasks: compile:discoveredMainClasses
Running task... Cancel: sbt.server.ServerTaskCancellation@2c93bb0, check cycles: false

Initial source changes: 
	removed:Set()
	added: Set()
	modified: Set()
Removed products: Set()
External API changes: API Changes: Set()
Modified binary dependencies: Set()
Initial directly invalidated sources: Set()

Sources indirectly invalidated by:
	product: Set()
	binary dep: Set()
	external source: Set()
All initially invalidated sources: Set()

Total time: 0 s, completed 20-aug-2015 10:18:42
> server-post-command-cleanup
> server-handle-next-server-request
> {file:/C:/Users/Mike/Documents/GitHub/myPAL/myPAL/}root/compile:mainClass
Evaluating tasks: compile:mainClass
Running task... Cancel: sbt.server.ServerTaskCancellation@3e3b098f, check cycles: false
Total time: 0 s, completed 20-aug-2015 10:18:42
> server-post-command-cleanup
> server-handle-next-server-request
Done executing sbt server engine, result Right(Exit(0))
Closing listening server socket
Waiting for socket thread
Waiting for request processor thread
Waiting for command engine result
Returning control to sbt launcher with result Exit(0)
Closing the 10128@Obsidian logs at Thu Aug 20 10:18:44 CEST 2015, goodbye.
