New log file opened at Fri Aug 21 13:18:32 CEST 2015 by 3696@Obsidian
Sending msg to client activator-f97f4107-b4bf-4de5-bb2f-f73916f0d60a: TaskFinished(87,10883,None,true,None)
Sending msg to client activator-f97f4107-b4bf-4de5-bb2f-f73916f0d60a: TaskStarted(87,10882,Some(AttributeKey[scala.collection.immutable.Map[sbt.ModuleID,sbt.SourcePosition]]("dependencyPositions") in Scope(Build: file:/C:/Users/Mike/Documents/GitHub/myPAL/myPAL/, , Project: ProjectReference(file:/C:/Users/Mike/Documents/GitHub/myPAL/myPAL/,root))))
Sending msg to client activator-f97f4107-b4bf-4de5-bb2f-f73916f0d60a: TaskFinished(87,10898,None,true,None)
Sending msg to client activator-f97f4107-b4bf-4de5-bb2f-f73916f0d60a: TaskFinished(87,10899,None,true,None)
Sending msg to client activator-f97f4107-b4bf-4de5-bb2f-f73916f0d60a: TaskFinished(87,10900,None,true,None)
Sending msg to client activator-f97f4107-b4bf-4de5-bb2f-f73916f0d60a: TaskFinished(87,10909,None,true,None)
Sending msg to client activator-f97f4107-b4bf-4de5-bb2f-f73916f0d60a: TaskFinished(87,10913,None,true,None)
Sending msg to client activator-f97f4107-b4bf-4de5-bb2f-f73916f0d60a: TaskFinished(87,10919,None,true,None)
Sending msg to client activator-f97f4107-b4bf-4de5-bb2f-f73916f0d60a: TaskFinished(87,10924,None,true,None)
Sending msg to client activator-f97f4107-b4bf-4de5-bb2f-f73916f0d60a: TaskFinished(87,10927,None,true,None)
Sending msg to client activator-f97f4107-b4bf-4de5-bb2f-f73916f0d60a: TaskFinished(87,10928,None,true,None)
Sending msg to client activator-f97f4107-b4bf-4de5-bb2f-f73916f0d60a: TaskFinished(87,10929,None,true,None)
Sending msg to client activator-f97f4107-b4bf-4de5-bb2f-f73916f0d60a: TaskFinished(87,10936,None,true,None)
Sending msg to client activator-f97f4107-b4bf-4de5-bb2f-f73916f0d60a: TaskFinished(87,10957,None,true,None)
Sending msg to client activator-f97f4107-b4bf-4de5-bb2f-f73916f0d60a: TaskFinished(87,10959,None,true,None)
Sending msg to client activator-f97f4107-b4bf-4de5-bb2f-f73916f0d60a: TaskFinished(87,10960,None,true,None)
Sending msg to client activator-f97f4107-b4bf-4de5-bb2f-f73916f0d60a: TaskFinished(87,10962,None,true,None)
Sending msg to client activator-f97f4107-b4bf-4de5-bb2f-f73916f0d60a: TaskFinished(87,10942,None,true,None)
Sending msg to client activator-f97f4107-b4bf-4de5-bb2f-f73916f0d60a: TaskFinished(87,10971,None,true,None)
Sending msg to client activator-f97f4107-b4bf-4de5-bb2f-f73916f0d60a: TaskFinished(87,10973,Some(AttributeKey[scala.collection.Seq[java.io.File]]("unmanagedResources") in Scope(Build: file:/C:/Users/Mike/Documents/GitHub/myPAL/myPAL/, , Project: ProjectReference(file:/C:/Users/Mike/Documents/GitHub/myPAL/myPAL/,root), Config: compile)),true,None)
Sending msg to client activator-f97f4107-b4bf-4de5-bb2f-f73916f0d60a: TaskFinished(87,10867,Some(AttributeKey[scala.collection.Seq[java.lang.String]]("javacOptions") in Scope(Build: file:/C:/Users/Mike/Documents/GitHub/myPAL/myPAL/, , Project: ProjectReference(file:/C:/Users/Mike/Documents/GitHub/myPAL/myPAL/,root), Config: compile)),true,None)
Sending msg to client activator-f97f4107-b4bf-4de5-bb2f-f73916f0d60a: TaskFinished(87,10873,Some(AttributeKey[sbt.BuildStructure]("buildStructure") in Scope(Global)),true,None)
Sending msg to client activator-f97f4107-b4bf-4de5-bb2f-f73916f0d60a: TaskStarted(87,10872,Some(AttributeKey[sbt.Settings[sbt.Scope]]("settingsData") in Scope(Global)))
Sending msg to client activator-f97f4107-b4bf-4de5-bb2f-f73916f0d60a: TaskFinished(87,10931,Some(AttributeKey[xsbti.compile.GlobalsCache]("compilerCache") in Scope(Global)),true,None)
Sending msg to client activator-f97f4107-b4bf-4de5-bb2f-f73916f0d60a: TaskFinished(87,10904,Some(AttributeKey[java.io.File]("dependencyCacheDirectory") in Scope(Build: file:/C:/Users/Mike/Documents/GitHub/myPAL/myPAL/, , Project: ProjectReference(file:/C:/Users/Mike/Documents/GitHub/myPAL/myPAL/,root))),true,None)
Sending msg to client activator-f97f4107-b4bf-4de5-bb2f-f73916f0d60a: TaskStarted(87,10982,None)
Sending msg to client activator-f97f4107-b4bf-4de5-bb2f-f73916f0d60a: TaskStarted(87,10984,Some(AttributeKey[scala.collection.Seq[scala.Function1[scala.collection.Seq[java.io.File],scala.Option[java.io.File]]]]("webDeduplicators") in Scope(Build: file:/C:/Users/Mike/Documents/GitHub/myPAL/myPAL/, , Project: ProjectReference(file:/C:/Users/Mike/Documents/GitHub/myPAL/myPAL/,root), Config: web-assets)))
Sending msg to client activator-f97f4107-b4bf-4de5-bb2f-f73916f0d60a: TaskStarted(87,10987,None)
Sending msg to client activator-f97f4107-b4bf-4de5-bb2f-f73916f0d60a: TaskStarted(87,10990,Some(AttributeKey[scala.collection.Seq[java.io.File]]("unmanagedSources") in Scope(Build: file:/C:/Users/Mike/Documents/GitHub/myPAL/myPAL/, , Project: ProjectReference(file:/C:/Users/Mike/Documents/GitHub/myPAL/myPAL/,root), Config: web-assets)))
Sending msg to client activator-f97f4107-b4bf-4de5-bb2f-f73916f0d60a: TaskStarted(87,10993,None)
Sending msg to client activator-f97f4107-b4bf-4de5-bb2f-f73916f0d60a: TaskStarted(87,11011,Some(AttributeKey[java.lang.ClassLoader]("webJarsClassloader") in Scope(Build: file:/C:/Users/Mike/Documents/GitHub/myPAL/myPAL/, , Project: ProjectReference(file:/C:/Users/Mike/Documents/GitHub/myPAL/myPAL/,root), Config: web-plugin)))
Sending msg to client activator-f97f4107-b4bf-4de5-bb2f-f73916f0d60a: TaskStarted(87,11014,Some(AttributeKey[scala.collection.Seq[java.io.File]]("unmanagedResources") in Scope(Build: file:/C:/Users/Mike/Documents/GitHub/myPAL/myPAL/, , Project: ProjectReference(file:/C:/Users/Mike/Documents/GitHub/myPAL/myPAL/,root), Config: web-assets)))
Sending msg to client activator-f97f4107-b4bf-4de5-bb2f-f73916f0d60a: TaskFinished(87,10885,Some(AttributeKey[scala.collection.Seq[sbt.UpdateReport]]("transitiveUpdate") in Scope(Build: file:/C:/Users/Mike/Documents/GitHub/myPAL/myPAL/, , Project: ProjectReference(file:/C:/Users/Mike/Documents/GitHub/myPAL/myPAL/,root))),true,None)
Sending msg to client activator-f97f4107-b4bf-4de5-bb2f-f73916f0d60a: TaskFinished(87,10905,Some(AttributeKey[scala.collection.Seq[java.lang.String]]("scalacOptions") in Scope(Build: file:/C:/Users/Mike/Documents/GitHub/myPAL/myPAL/, , Project: ProjectReference(file:/C:/Users/Mike/Documents/GitHub/myPAL/myPAL/,root))),true,None)
Sending msg to client activator-f97f4107-b4bf-4de5-bb2f-f73916f0d60a: TaskStarted(87,10943,Some(AttributeKey[java.lang.String]("twirlSourceEncoding") in Scope(Build: file:/C:/Users/Mike/Documents/GitHub/myPAL/myPAL/, , Project: ProjectReference(file:/C:/Users/Mike/Documents/GitHub/myPAL/myPAL/,root))))
Sending msg to client activator-f97f4107-b4bf-4de5-bb2f-f73916f0d60a: TaskFinished(87,10934,Some(AttributeKey[sbt.inc.IncOptions]("incOptions") in Scope(Build: file:/C:/Users/Mike/Documents/GitHub/myPAL/myPAL/, , Project: ProjectReference(file:/C:/Users/Mike/Documents/GitHub/myPAL/myPAL/,root))),true,None)
Sending msg to client activator-f97f4107-b4bf-4de5-bb2f-f73916f0d60a: TaskFinished(87,10946,Some(AttributeKey[scala.collection.Seq[java.io.File]]("unmanagedSources") in Scope(Build: file:/C:/Users/Mike/Documents/GitHub/myPAL/myPAL/, , Project: ProjectReference(file:/C:/Users/Mike/Documents/GitHub/myPAL/myPAL/,root), Config: compile)),true,None)
Sending msg to client activator-f97f4107-b4bf-4de5-bb2f-f73916f0d60a: TaskStarted(87,10945,Some(AttributeKey[scala.collection.Seq[java.io.File]]("unmanagedSources") in Scope(Build: file:/C:/Users/Mike/Documents/GitHub/myPAL/myPAL/, , Project: ProjectReference(file:/C:/Users/Mike/Documents/GitHub/myPAL/myPAL/,root), Config: compile)))
Sending msg to client activator-f97f4107-b4bf-4de5-bb2f-f73916f0d60a: TaskFinished(87,10944,None,true,None)
Sending msg to client activator-f97f4107-b4bf-4de5-bb2f-f73916f0d60a: TaskFinished(87,10882,Some(AttributeKey[scala.collection.immutable.Map[sbt.ModuleID,sbt.SourcePosition]]("dependencyPositions") in Scope(Build: file:/C:/Users/Mike/Documents/GitHub/myPAL/myPAL/, , Project: ProjectReference(file:/C:/Users/Mike/Documents/GitHub/myPAL/myPAL/,root))),true,None)
Sending msg to client activator-f97f4107-b4bf-4de5-bb2f-f73916f0d60a: TaskStarted(87,10881,Some(AttributeKey[sbt.UnresolvedWarningConfiguration]("unresolvedWarningConfiguration") in Scope(Build: file:/C:/Users/Mike/Documents/GitHub/myPAL/myPAL/, , Project: ProjectReference(file:/C:/Users/Mike/Documents/GitHub/myPAL/myPAL/,root), Task: AttributeKey[sbt.UpdateReport]("update"))))
Sending msg to client activator-f97f4107-b4bf-4de5-bb2f-f73916f0d60a: TaskFinished(87,10872,Some(AttributeKey[sbt.Settings[sbt.Scope]]("settingsData") in Scope(Global)),true,None)
Sending msg to client activator-f97f4107-b4bf-4de5-bb2f-f73916f0d60a: TaskStarted(87,10871,None)
Sending msg to client activator-f97f4107-b4bf-4de5-bb2f-f73916f0d60a: TaskStarted(87,10879,None)
Sending msg to client activator-f97f4107-b4bf-4de5-bb2f-f73916f0d60a: TaskStarted(87,10897,Some(AttributeKey[scala.collection.immutable.Map[org.apache.ivy.core.module.id.ModuleRevisionId,org.apache.ivy.core.module.descriptor.ModuleDescriptor]]("projectDescriptors") in Scope(Build: file:/C:/Users/Mike/Documents/GitHub/myPAL/myPAL/, , Project: ProjectReference(file:/C:/Users/Mike/Documents/GitHub/myPAL/myPAL/,root))))
Sending msg to client activator-f97f4107-b4bf-4de5-bb2f-f73916f0d60a: TaskStarted(87,10903,Some(AttributeKey[scala.collection.Seq[sbt.ModuleID]]("projectDependencies") in Scope(Build: file:/C:/Users/Mike/Documents/GitHub/myPAL/myPAL/, , Project: ProjectReference(file:/C:/Users/Mike/Documents/GitHub/myPAL/myPAL/,root))))
Sending msg to client activator-f97f4107-b4bf-4de5-bb2f-f73916f0d60a: TaskStarted(87,10910,Some(AttributeKey[sbt.ScalaInstance]("scalaInstance") in Scope(Build: file:/C:/Users/Mike/Documents/GitHub/myPAL/myPAL/, , Project: ProjectReference(file:/C:/Users/Mike/Documents/GitHub/myPAL/myPAL/,root))))
Sending msg to client activator-f97f4107-b4bf-4de5-bb2f-f73916f0d60a: TaskStarted(87,10926,None)
Sending msg to client activator-f97f4107-b4bf-4de5-bb2f-f73916f0d60a: TaskFinished(87,10982,None,true,None)
Sending msg to client activator-f97f4107-b4bf-4de5-bb2f-f73916f0d60a: TaskFinished(87,10984,Some(AttributeKey[scala.collection.Seq[scala.Function1[scala.collection.Seq[java.io.File],scala.Option[java.io.File]]]]("webDeduplicators") in Scope(Build: file:/C:/Users/Mike/Documents/GitHub/myPAL/myPAL/, , Project: ProjectReference(file:/C:/Users/Mike/Documents/GitHub/myPAL/myPAL/,root), Config: web-assets)),true,None)
Sending msg to client activator-f97f4107-b4bf-4de5-bb2f-f73916f0d60a: TaskFinished(87,10987,None,true,None)
Sending msg to client activator-f97f4107-b4bf-4de5-bb2f-f73916f0d60a: TaskStarted(87,10986,Some(AttributeKey[scala.Function1[scala.collection.Seq[scala.Tuple2[java.io.File,java.lang.String]],scala.collection.Seq[scala.Tuple2[java.io.File,java.lang.String]]]]("webAllPipelineStages") in Scope(Build: file:/C:/Users/Mike/Documents/GitHub/myPAL/myPAL/, , Project: ProjectReference(file:/C:/Users/Mike/Documents/GitHub/myPAL/myPAL/,root), Config: web-assets)))
Sending msg to client activator-f97f4107-b4bf-4de5-bb2f-f73916f0d60a: TaskFinished(87,10993,None,true,None)
Sending msg to client activator-f97f4107-b4bf-4de5-bb2f-f73916f0d60a: TaskStarted(87,10992,None)
Sending msg to client activator-f97f4107-b4bf-4de5-bb2f-f73916f0d60a: TaskFinished(87,10990,Some(AttributeKey[scala.collection.Seq[java.io.File]]("unmanagedSources") in Scope(Build: file:/C:/Users/Mike/Documents/GitHub/myPAL/myPAL/, , Project: ProjectReference(file:/C:/Users/Mike/Documents/GitHub/myPAL/myPAL/,root), Config: web-assets)),true,None)
Sending msg to client activator-f97f4107-b4bf-4de5-bb2f-f73916f0d60a: TaskFinished(87,11011,Some(AttributeKey[java.lang.ClassLoader]("webJarsClassloader") in Scope(Build: file:/C:/Users/Mike/Documents/GitHub/myPAL/myPAL/, , Project: ProjectReference(file:/C:/Users/Mike/Documents/GitHub/myPAL/myPAL/,root), Config: web-plugin)),true,None)
Sending msg to client activator-f97f4107-b4bf-4de5-bb2f-f73916f0d60a: TaskStarted(87,11010,Some(AttributeKey[scala.collection.Seq[java.io.File]]("webJarsNodeModules") in Scope(Build: file:/C:/Users/Mike/Documents/GitHub/myPAL/myPAL/, , Project: ProjectReference(file:/C:/Users/Mike/Documents/GitHub/myPAL/myPAL/,root), Config: web-plugin)))
Sending msg to client activator-f97f4107-b4bf-4de5-bb2f-f73916f0d60a: TaskFinished(87,10943,Some(AttributeKey[java.lang.String]("twirlSourceEncoding") in Scope(Build: file:/C:/Users/Mike/Documents/GitHub/myPAL/myPAL/, , Project: ProjectReference(file:/C:/Users/Mike/Documents/GitHub/myPAL/myPAL/,root))),true,None)
Sending msg to client activator-f97f4107-b4bf-4de5-bb2f-f73916f0d60a: TaskStarted(87,10941,None)
Sending msg to client activator-f97f4107-b4bf-4de5-bb2f-f73916f0d60a: TaskStarted(87,10950,None)
Sending msg to client activator-f97f4107-b4bf-4de5-bb2f-f73916f0d60a: TaskFinished(87,10945,Some(AttributeKey[scala.collection.Seq[java.io.File]]("unmanagedSources") in Scope(Build: file:/C:/Users/Mike/Documents/GitHub/myPAL/myPAL/, , Project: ProjectReference(file:/C:/Users/Mike/Documents/GitHub/myPAL/myPAL/,root), Config: compile)),true,None)
Sending msg to client activator-f97f4107-b4bf-4de5-bb2f-f73916f0d60a: TaskFinished(87,10881,Some(AttributeKey[sbt.UnresolvedWarningConfiguration]("unresolvedWarningConfiguration") in Scope(Build: file:/C:/Users/Mike/Documents/GitHub/myPAL/myPAL/, , Project: ProjectReference(file:/C:/Users/Mike/Documents/GitHub/myPAL/myPAL/,root), Task: AttributeKey[sbt.UpdateReport]("update"))),true,None)
Sending msg to client activator-f97f4107-b4bf-4de5-bb2f-f73916f0d60a: TaskStarted(87,11015,None)
Sending msg to client activator-f97f4107-b4bf-4de5-bb2f-f73916f0d60a: TaskStarted(87,11017,None)
Sending msg to client activator-f97f4107-b4bf-4de5-bb2f-f73916f0d60a: TaskFinished(87,10903,Some(AttributeKey[scala.collection.Seq[sbt.ModuleID]]("projectDependencies") in Scope(Build: file:/C:/Users/Mike/Documents/GitHub/myPAL/myPAL/, , Project: ProjectReference(file:/C:/Users/Mike/Documents/GitHub/myPAL/myPAL/,root))),true,None)
Sending msg to client activator-f97f4107-b4bf-4de5-bb2f-f73916f0d60a: TaskStarted(87,10902,Some(AttributeKey[scala.collection.Seq[sbt.ModuleID]]("allDependencies") in Scope(Build: file:/C:/Users/Mike/Documents/GitHub/myPAL/myPAL/, , Project: ProjectReference(file:/C:/Users/Mike/Documents/GitHub/myPAL/myPAL/,root))))
Sending msg to client activator-f97f4107-b4bf-4de5-bb2f-f73916f0d60a: TaskStarted(87,11022,None)
Sending msg to client activator-f97f4107-b4bf-4de5-bb2f-f73916f0d60a: TaskStarted(87,11023,None)
Sending msg to client activator-f97f4107-b4bf-4de5-bb2f-f73916f0d60a: TaskStarted(87,11025,None)
Sending msg to client activator-f97f4107-b4bf-4de5-bb2f-f73916f0d60a: TaskStarted(87,11028,None)
Sending msg to client activator-f97f4107-b4bf-4de5-bb2f-f73916f0d60a: TaskStarted(87,11029,None)
Sending msg to client activator-f97f4107-b4bf-4de5-bb2f-f73916f0d60a: TaskFinished(87,10992,None,true,None)
Sending msg to client activator-f97f4107-b4bf-4de5-bb2f-f73916f0d60a: TaskStarted(87,10991,Some(AttributeKey[scala.collection.Seq[java.io.File]]("managedSources") in Scope(Build: file:/C:/Users/Mike/Documents/GitHub/myPAL/myPAL/, , Project: ProjectReference(file:/C:/Users/Mike/Documents/GitHub/myPAL/myPAL/,root), Config: web-assets)))
Sending msg to client activator-f97f4107-b4bf-4de5-bb2f-f73916f0d60a: TaskFinished(87,10950,None,true,None)
Sending msg to client activator-f97f4107-b4bf-4de5-bb2f-f73916f0d60a: TaskStarted(87,10949,Some(AttributeKey[scala.collection.Seq[scala.Function1[xsbti.Position,scala.Option[xsbti.Position]]]]("sourcePositionMappers") in Scope(Build: file:/C:/Users/Mike/Documents/GitHub/myPAL/myPAL/, , Project: ProjectReference(file:/C:/Users/Mike/Documents/GitHub/myPAL/myPAL/,root))))
Sending msg to client activator-f97f4107-b4bf-4de5-bb2f-f73916f0d60a: TaskFinished(87,11015,None,true,None)
Sending msg to client activator-f97f4107-b4bf-4de5-bb2f-f73916f0d60a: TaskFinished(87,10879,None,true,None)
Sending msg to client activator-f97f4107-b4bf-4de5-bb2f-f73916f0d60a: TaskFinished(87,11017,None,true,None)
Sending msg to client activator-f97f4107-b4bf-4de5-bb2f-f73916f0d60a: TaskStarted(87,11016,None)
Sending msg to client activator-f97f4107-b4bf-4de5-bb2f-f73916f0d60a: TaskFinished(87,10902,Some(AttributeKey[scala.collection.Seq[sbt.ModuleID]]("allDependencies") in Scope(Build: file:/C:/Users/Mike/Documents/GitHub/myPAL/myPAL/, , Project: ProjectReference(file:/C:/Users/Mike/Documents/GitHub/myPAL/myPAL/,root))),true,None)
Sending msg to client activator-f97f4107-b4bf-4de5-bb2f-f73916f0d60a: TaskStarted(87,10901,Some(AttributeKey[sbt.ModuleSettings]("moduleSettings") in Scope(Build: file:/C:/Users/Mike/Documents/GitHub/myPAL/myPAL/, , Project: ProjectReference(file:/C:/Users/Mike/Documents/GitHub/myPAL/myPAL/,root))))
Sending msg to client activator-f97f4107-b4bf-4de5-bb2f-f73916f0d60a: TaskFinished(87,11023,None,true,None)
Sending msg to client activator-f97f4107-b4bf-4de5-bb2f-f73916f0d60a: TaskFinished(87,11022,None,true,None)
Sending msg to client activator-f97f4107-b4bf-4de5-bb2f-f73916f0d60a: TaskStarted(87,11021,Some(AttributeKey[scala.collection.Seq[sbt.Attributed[java.io.File]]]("unmanagedJars") in Scope(Build: file:/C:/Users/Mike/Documents/GitHub/myPAL/myPAL/, , Project: ProjectReference(file:/C:/Users/Mike/Documents/GitHub/myPAL/myPAL/,root), Config: compile)))
Sending msg to client activator-f97f4107-b4bf-4de5-bb2f-f73916f0d60a: TaskFinished(87,11025,None,true,None)
Sending msg to client activator-f97f4107-b4bf-4de5-bb2f-f73916f0d60a: TaskStarted(87,11024,None)
Sending msg to client activator-f97f4107-b4bf-4de5-bb2f-f73916f0d60a: TaskFinished(87,11028,None,true,None)
Sending msg to client activator-f97f4107-b4bf-4de5-bb2f-f73916f0d60a: TaskStarted(87,11027,None)
Sending msg to client activator-f97f4107-b4bf-4de5-bb2f-f73916f0d60a: TaskFinished(87,11029,None,true,None)
Sending msg to client activator-f97f4107-b4bf-4de5-bb2f-f73916f0d60a: TaskFinished(87,10986,Some(AttributeKey[scala.Function1[scala.collection.Seq[scala.Tuple2[java.io.File,java.lang.String]],scala.collection.Seq[scala.Tuple2[java.io.File,java.lang.String]]]]("webAllPipelineStages") in Scope(Build: file:/C:/Users/Mike/Documents/GitHub/myPAL/myPAL/, , Project: ProjectReference(file:/C:/Users/Mike/Documents/GitHub/myPAL/myPAL/,root), Config: web-assets)),true,None)
Sending msg to client activator-f97f4107-b4bf-4de5-bb2f-f73916f0d60a: TaskFinished(87,10991,Some(AttributeKey[scala.collection.Seq[java.io.File]]("managedSources") in Scope(Build: file:/C:/Users/Mike/Documents/GitHub/myPAL/myPAL/, , Project: ProjectReference(file:/C:/Users/Mike/Documents/GitHub/myPAL/myPAL/,root), Config: web-assets)),true,None)
Sending msg to client activator-f97f4107-b4bf-4de5-bb2f-f73916f0d60a: TaskStarted(87,10989,Some(AttributeKey[scala.collection.Seq[java.io.File]]("sources") in Scope(Build: file:/C:/Users/Mike/Documents/GitHub/myPAL/myPAL/, , Project: ProjectReference(file:/C:/Users/Mike/Documents/GitHub/myPAL/myPAL/,root), Config: web-assets)))
Sending msg to client activator-f97f4107-b4bf-4de5-bb2f-f73916f0d60a: TaskFinished(87,10949,Some(AttributeKey[scala.collection.Seq[scala.Function1[xsbti.Position,scala.Option[xsbti.Position]]]]("sourcePositionMappers") in Scope(Build: file:/C:/Users/Mike/Documents/GitHub/myPAL/myPAL/, , Project: ProjectReference(file:/C:/Users/Mike/Documents/GitHub/myPAL/myPAL/,root))),true,None)
Sending msg to client activator-f97f4107-b4bf-4de5-bb2f-f73916f0d60a: TaskStarted(87,10947,Some(AttributeKey[scala.collection.Seq[scala.Function1[xsbti.Position,scala.Option[xsbti.Position]]]]("sourcePositionMappers") in Scope(Build: file:/C:/Users/Mike/Documents/GitHub/myPAL/myPAL/, , Project: ProjectReference(file:/C:/Users/Mike/Documents/GitHub/myPAL/myPAL/,root))))
Sending msg to client activator-f97f4107-b4bf-4de5-bb2f-f73916f0d60a: TaskFinished(87,11016,None,true,None)
Sending msg to client activator-f97f4107-b4bf-4de5-bb2f-f73916f0d60a: TaskFinished(87,10871,None,true,None)
Sending msg to client activator-f97f4107-b4bf-4de5-bb2f-f73916f0d60a: TaskFinished(87,11014,Some(AttributeKey[scala.collection.Seq[java.io.File]]("unmanagedResources") in Scope(Build: file:/C:/Users/Mike/Documents/GitHub/myPAL/myPAL/, , Project: ProjectReference(file:/C:/Users/Mike/Documents/GitHub/myPAL/myPAL/,root), Config: web-assets)),true,None)
Sending msg to client activator-f97f4107-b4bf-4de5-bb2f-f73916f0d60a: TaskFinished(87,10901,Some(AttributeKey[sbt.ModuleSettings]("moduleSettings") in Scope(Build: file:/C:/Users/Mike/Documents/GitHub/myPAL/myPAL/, , Project: ProjectReference(file:/C:/Users/Mike/Documents/GitHub/myPAL/myPAL/,root))),true,None)
Sending msg to client activator-f97f4107-b4bf-4de5-bb2f-f73916f0d60a: TaskStarted(87,11030,None)
Sending msg to client activator-f97f4107-b4bf-4de5-bb2f-f73916f0d60a: TaskFinished(87,11027,None,true,None)
Sending msg to client activator-f97f4107-b4bf-4de5-bb2f-f73916f0d60a: TaskFinished(87,10897,Some(AttributeKey[scala.collection.immutable.Map[org.apache.ivy.core.module.id.ModuleRevisionId,org.apache.ivy.core.module.descriptor.ModuleDescriptor]]("projectDescriptors") in Scope(Build: file:/C:/Users/Mike/Documents/GitHub/myPAL/myPAL/, , Project: ProjectReference(file:/C:/Users/Mike/Documents/GitHub/myPAL/myPAL/,root))),true,None)
Sending msg to client activator-f97f4107-b4bf-4de5-bb2f-f73916f0d60a: TaskStarted(87,10896,Some(AttributeKey[sbt.Resolver]("projectResolver") in Scope(Build: file:/C:/Users/Mike/Documents/GitHub/myPAL/myPAL/, , Project: ProjectReference(file:/C:/Users/Mike/Documents/GitHub/myPAL/myPAL/,root))))
Sending msg to client activator-f97f4107-b4bf-4de5-bb2f-f73916f0d60a: TaskFinished(87,11021,Some(AttributeKey[scala.collection.Seq[sbt.Attributed[java.io.File]]]("unmanagedJars") in Scope(Build: file:/C:/Users/Mike/Documents/GitHub/myPAL/myPAL/, , Project: ProjectReference(file:/C:/Users/Mike/Documents/GitHub/myPAL/myPAL/,root), Config: compile)),true,None)
Sending msg to client activator-f97f4107-b4bf-4de5-bb2f-f73916f0d60a: TaskFinished(87,10989,Some(AttributeKey[scala.collection.Seq[java.io.File]]("sources") in Scope(Build: file:/C:/Users/Mike/Documents/GitHub/myPAL/myPAL/, , Project: ProjectReference(file:/C:/Users/Mike/Documents/GitHub/myPAL/myPAL/,root), Config: web-assets)),true,None)
Sending msg to client activator-f97f4107-b4bf-4de5-bb2f-f73916f0d60a: TaskFinished(87,10947,Some(AttributeKey[scala.collection.Seq[scala.Function1[xsbti.Position,scala.Option[xsbti.Position]]]]("sourcePositionMappers") in Scope(Build: file:/C:/Users/Mike/Documents/GitHub/myPAL/myPAL/, , Project: ProjectReference(file:/C:/Users/Mike/Documents/GitHub/myPAL/myPAL/,root))),true,None)
Sending msg to client activator-f97f4107-b4bf-4de5-bb2f-f73916f0d60a: TaskFinished(87,11030,None,true,None)
Sending msg to client activator-f97f4107-b4bf-4de5-bb2f-f73916f0d60a: TaskFinished(87,11024,None,true,None)
Sending msg to client activator-f97f4107-b4bf-4de5-bb2f-f73916f0d60a: TaskStarted(87,11020,Some(AttributeKey[scala.collection.Seq[sbt.Attributed[java.io.File]]]("unmanagedJars") in Scope(Build: file:/C:/Users/Mike/Documents/GitHub/myPAL/myPAL/, , Project: ProjectReference(file:/C:/Users/Mike/Documents/GitHub/myPAL/myPAL/,root), Config: compile)))
Sending msg to client activator-f97f4107-b4bf-4de5-bb2f-f73916f0d60a: TaskFinished(87,10896,Some(AttributeKey[sbt.Resolver]("projectResolver") in Scope(Build: file:/C:/Users/Mike/Documents/GitHub/myPAL/myPAL/, , Project: ProjectReference(file:/C:/Users/Mike/Documents/GitHub/myPAL/myPAL/,root))),true,None)
Sending msg to client activator-f97f4107-b4bf-4de5-bb2f-f73916f0d60a: TaskStarted(87,10893,Some(AttributeKey[scala.collection.Seq[sbt.Resolver]]("fullResolvers") in Scope(Build: file:/C:/Users/Mike/Documents/GitHub/myPAL/myPAL/, , Project: ProjectReference(file:/C:/Users/Mike/Documents/GitHub/myPAL/myPAL/,root))))
Sending msg to client activator-f97f4107-b4bf-4de5-bb2f-f73916f0d60a: TaskFinished(87,11020,Some(AttributeKey[scala.collection.Seq[sbt.Attributed[java.io.File]]]("unmanagedJars") in Scope(Build: file:/C:/Users/Mike/Documents/GitHub/myPAL/myPAL/, , Project: ProjectReference(file:/C:/Users/Mike/Documents/GitHub/myPAL/myPAL/,root), Config: compile)),true,None)
Sending msg to client activator-f97f4107-b4bf-4de5-bb2f-f73916f0d60a: TaskStarted(87,11019,None)
Sending msg to client activator-f97f4107-b4bf-4de5-bb2f-f73916f0d60a: TaskFinished(87,10893,Some(AttributeKey[scala.collection.Seq[sbt.Resolver]]("fullResolvers") in Scope(Build: file:/C:/Users/Mike/Documents/GitHub/myPAL/myPAL/, , Project: ProjectReference(file:/C:/Users/Mike/Documents/GitHub/myPAL/myPAL/,root))),true,None)
Sending msg to client activator-f97f4107-b4bf-4de5-bb2f-f73916f0d60a: TaskStarted(87,10892,Some(AttributeKey[sbt.IvyConfiguration]("ivyConfiguration") in Scope(Build: file:/C:/Users/Mike/Documents/GitHub/myPAL/myPAL/, , Project: ProjectReference(file:/C:/Users/Mike/Documents/GitHub/myPAL/myPAL/,root))))
Sending msg to client activator-f97f4107-b4bf-4de5-bb2f-f73916f0d60a: TaskFinished(87,11019,None,true,None)
Sending msg to client activator-f97f4107-b4bf-4de5-bb2f-f73916f0d60a: TaskStarted(87,11018,None)
Sending msg to client activator-f97f4107-b4bf-4de5-bb2f-f73916f0d60a: TaskFinished(87,11018,None,true,None)
Sending msg to client activator-f97f4107-b4bf-4de5-bb2f-f73916f0d60a: TaskFinished(87,10926,None,true,None)
Sending msg to client activator-f97f4107-b4bf-4de5-bb2f-f73916f0d60a: TaskStarted(87,10925,Some(AttributeKey[scala.collection.Seq[sbt.Attributed[java.io.File]]]("unmanagedClasspath") in Scope(Build: file:/C:/Users/Mike/Documents/GitHub/myPAL/myPAL/, , Project: ProjectReference(file:/C:/Users/Mike/Documents/GitHub/myPAL/myPAL/,root), Config: compile)))
Sending msg to client activator-f97f4107-b4bf-4de5-bb2f-f73916f0d60a: TaskFinished(87,10892,Some(AttributeKey[sbt.IvyConfiguration]("ivyConfiguration") in Scope(Build: file:/C:/Users/Mike/Documents/GitHub/myPAL/myPAL/, , Project: ProjectReference(file:/C:/Users/Mike/Documents/GitHub/myPAL/myPAL/,root))),true,None)
Sending msg to client activator-f97f4107-b4bf-4de5-bb2f-f73916f0d60a: TaskStarted(87,10890,Some(AttributeKey[sbt.IvySbt]("ivySbt") in Scope(Build: file:/C:/Users/Mike/Documents/GitHub/myPAL/myPAL/, , Project: ProjectReference(file:/C:/Users/Mike/Documents/GitHub/myPAL/myPAL/,root))))
Sending msg to client activator-f97f4107-b4bf-4de5-bb2f-f73916f0d60a: TaskFinished(87,10925,Some(AttributeKey[scala.collection.Seq[sbt.Attributed[java.io.File]]]("unmanagedClasspath") in Scope(Build: file:/C:/Users/Mike/Documents/GitHub/myPAL/myPAL/, , Project: ProjectReference(file:/C:/Users/Mike/Documents/GitHub/myPAL/myPAL/,root), Config: compile)),true,None)
Sending msg to client activator-f97f4107-b4bf-4de5-bb2f-f73916f0d60a: TaskFinished(87,10890,Some(AttributeKey[sbt.IvySbt]("ivySbt") in Scope(Build: file:/C:/Users/Mike/Documents/GitHub/myPAL/myPAL/, , Project: ProjectReference(file:/C:/Users/Mike/Documents/GitHub/myPAL/myPAL/,root))),true,None)
Sending msg to client activator-f97f4107-b4bf-4de5-bb2f-f73916f0d60a: TaskStarted(87,10889,Some(AttributeKey[sbt.IvySbt$Module]("ivyModule") in Scope(Build: file:/C:/Users/Mike/Documents/GitHub/myPAL/myPAL/, , Project: ProjectReference(file:/C:/Users/Mike/Documents/GitHub/myPAL/myPAL/,root))))
Sending msg to client activator-f97f4107-b4bf-4de5-bb2f-f73916f0d60a: TaskFinished(87,10889,Some(AttributeKey[sbt.IvySbt$Module]("ivyModule") in Scope(Build: file:/C:/Users/Mike/Documents/GitHub/myPAL/myPAL/, , Project: ProjectReference(file:/C:/Users/Mike/Documents/GitHub/myPAL/myPAL/,root))),true,None)
Sending msg to client activator-f97f4107-b4bf-4de5-bb2f-f73916f0d60a: TaskStarted(87,10877,Some(AttributeKey[sbt.UpdateReport]("update") in Scope(Build: file:/C:/Users/Mike/Documents/GitHub/myPAL/myPAL/, , Project: ProjectReference(file:/C:/Users/Mike/Documents/GitHub/myPAL/myPAL/,root))))
Sending msg to client activator-f97f4107-b4bf-4de5-bb2f-f73916f0d60a: TaskFinished(87,10941,None,true,None)
Sending msg to client activator-f97f4107-b4bf-4de5-bb2f-f73916f0d60a: TaskStarted(87,10940,Some(AttributeKey[scala.collection.Seq[java.io.File]]("twirlCompileTemplates") in Scope(Build: file:/C:/Users/Mike/Documents/GitHub/myPAL/myPAL/, , Project: ProjectReference(file:/C:/Users/Mike/Documents/GitHub/myPAL/myPAL/,root), Config: compile)))
Sending msg to client activator-f97f4107-b4bf-4de5-bb2f-f73916f0d60a: TaskFinished(87,10940,Some(AttributeKey[scala.collection.Seq[java.io.File]]("twirlCompileTemplates") in Scope(Build: file:/C:/Users/Mike/Documents/GitHub/myPAL/myPAL/, , Project: ProjectReference(file:/C:/Users/Mike/Documents/GitHub/myPAL/myPAL/,root), Config: compile)),true,None)
Sending msg to client activator-f97f4107-b4bf-4de5-bb2f-f73916f0d60a: TaskStarted(87,10939,None)
Sending msg to client activator-f97f4107-b4bf-4de5-bb2f-f73916f0d60a: TaskFinished(87,10939,None,true,None)
Sending msg to client activator-f97f4107-b4bf-4de5-bb2f-f73916f0d60a: TaskStarted(87,10938,Some(AttributeKey[scala.collection.Seq[java.io.File]]("managedSources") in Scope(Build: file:/C:/Users/Mike/Documents/GitHub/myPAL/myPAL/, , Project: ProjectReference(file:/C:/Users/Mike/Documents/GitHub/myPAL/myPAL/,root), Config: compile)))
Sending msg to client activator-f97f4107-b4bf-4de5-bb2f-f73916f0d60a: TaskFinished(87,10938,Some(AttributeKey[scala.collection.Seq[java.io.File]]("managedSources") in Scope(Build: file:/C:/Users/Mike/Documents/GitHub/myPAL/myPAL/, , Project: ProjectReference(file:/C:/Users/Mike/Documents/GitHub/myPAL/myPAL/,root), Config: compile)),true,None)
Sending msg to client activator-f97f4107-b4bf-4de5-bb2f-f73916f0d60a: TaskStarted(87,10937,Some(AttributeKey[scala.collection.Seq[java.io.File]]("sources") in Scope(Build: file:/C:/Users/Mike/Documents/GitHub/myPAL/myPAL/, , Project: ProjectReference(file:/C:/Users/Mike/Documents/GitHub/myPAL/myPAL/,root), Config: compile)))
Sending msg to client activator-f97f4107-b4bf-4de5-bb2f-f73916f0d60a: TaskFinished(87,10937,Some(AttributeKey[scala.collection.Seq[java.io.File]]("sources") in Scope(Build: file:/C:/Users/Mike/Documents/GitHub/myPAL/myPAL/, , Project: ProjectReference(file:/C:/Users/Mike/Documents/GitHub/myPAL/myPAL/,root), Config: compile)),true,None)
Sending msg to client activator-f97f4107-b4bf-4de5-bb2f-f73916f0d60a: TaskFinished(87,10877,Some(AttributeKey[sbt.UpdateReport]("update") in Scope(Build: file:/C:/Users/Mike/Documents/GitHub/myPAL/myPAL/, , Project: ProjectReference(file:/C:/Users/Mike/Documents/GitHub/myPAL/myPAL/,root))),true,None)
Sending msg to client activator-f97f4107-b4bf-4de5-bb2f-f73916f0d60a: TaskStarted(87,10875,Some(AttributeKey[sbt.UpdateReport]("update") in Scope(Build: file:/C:/Users/Mike/Documents/GitHub/myPAL/myPAL/, , Project: ProjectReference(file:/C:/Users/Mike/Documents/GitHub/myPAL/myPAL/,root))))
Sending msg to client activator-f97f4107-b4bf-4de5-bb2f-f73916f0d60a: TaskFinished(87,10875,Some(AttributeKey[sbt.UpdateReport]("update") in Scope(Build: file:/C:/Users/Mike/Documents/GitHub/myPAL/myPAL/, , Project: ProjectReference(file:/C:/Users/Mike/Documents/GitHub/myPAL/myPAL/,root))),true,None)
Sending msg to client activator-f97f4107-b4bf-4de5-bb2f-f73916f0d60a: TaskStarted(87,10870,Some(AttributeKey[scala.collection.Seq[java.lang.String]]("scalacOptions") in Scope(Build: file:/C:/Users/Mike/Documents/GitHub/myPAL/myPAL/, , Project: ProjectReference(file:/C:/Users/Mike/Documents/GitHub/myPAL/myPAL/,root), Config: compile)))
Sending msg to client activator-f97f4107-b4bf-4de5-bb2f-f73916f0d60a: TaskStarted(87,10917,Some(AttributeKey[sbt.Configuration]("classpathConfiguration") in Scope(Build: file:/C:/Users/Mike/Documents/GitHub/myPAL/myPAL/, , Project: ProjectReference(file:/C:/Users/Mike/Documents/GitHub/myPAL/myPAL/,root), Config: compile)))
Sending msg to client activator-f97f4107-b4bf-4de5-bb2f-f73916f0d60a: TaskStarted(87,11026,None)
Sending msg to client activator-f97f4107-b4bf-4de5-bb2f-f73916f0d60a: TaskFinished(87,10917,Some(AttributeKey[sbt.Configuration]("classpathConfiguration") in Scope(Build: file:/C:/Users/Mike/Documents/GitHub/myPAL/myPAL/, , Project: ProjectReference(file:/C:/Users/Mike/Documents/GitHub/myPAL/myPAL/,root), Config: compile)),true,None)
Sending msg to client activator-f97f4107-b4bf-4de5-bb2f-f73916f0d60a: TaskStarted(87,10916,None)
Sending msg to client activator-f97f4107-b4bf-4de5-bb2f-f73916f0d60a: TaskStarted(87,10923,None)
Sending msg to client activator-f97f4107-b4bf-4de5-bb2f-f73916f0d60a: TaskStarted(87,10965,None)
Sending msg to client activator-f97f4107-b4bf-4de5-bb2f-f73916f0d60a: TaskStarted(87,11033,None)
Sending msg to client activator-f97f4107-b4bf-4de5-bb2f-f73916f0d60a: TaskStarted(87,11034,None)
Sending msg to client activator-f97f4107-b4bf-4de5-bb2f-f73916f0d60a: TaskFinished(87,11026,None,true,None)
Sending msg to client activator-f97f4107-b4bf-4de5-bb2f-f73916f0d60a: TaskFinished(87,10910,Some(AttributeKey[sbt.ScalaInstance]("scalaInstance") in Scope(Build: file:/C:/Users/Mike/Documents/GitHub/myPAL/myPAL/, , Project: ProjectReference(file:/C:/Users/Mike/Documents/GitHub/myPAL/myPAL/,root))),true,None)
Sending msg to client activator-f97f4107-b4bf-4de5-bb2f-f73916f0d60a: TaskStarted(87,10908,Some(AttributeKey[sbt.Compiler$Compilers]("compilers") in Scope(Global)))
Sending msg to client activator-f97f4107-b4bf-4de5-bb2f-f73916f0d60a: TaskFinished(87,10965,None,true,None)
Sending msg to client activator-f97f4107-b4bf-4de5-bb2f-f73916f0d60a: TaskStarted(87,10964,Some(AttributeKey[sbt.Configuration]("classpathConfiguration") in Scope(Build: file:/C:/Users/Mike/Documents/GitHub/myPAL/myPAL/, , Project: ProjectReference(file:/C:/Users/Mike/Documents/GitHub/myPAL/myPAL/,root), Config: runtime)))
Sending msg to client activator-f97f4107-b4bf-4de5-bb2f-f73916f0d60a: TaskFinished(87,10870,Some(AttributeKey[scala.collection.Seq[java.lang.String]]("scalacOptions") in Scope(Build: file:/C:/Users/Mike/Documents/GitHub/myPAL/myPAL/, , Project: ProjectReference(file:/C:/Users/Mike/Documents/GitHub/myPAL/myPAL/,root), Config: compile)),true,None)
Sending msg to client activator-f97f4107-b4bf-4de5-bb2f-f73916f0d60a: TaskFinished(87,11033,None,true,None)
Sending msg to client activator-f97f4107-b4bf-4de5-bb2f-f73916f0d60a: TaskFinished(87,10923,None,true,None)
Sending msg to client activator-f97f4107-b4bf-4de5-bb2f-f73916f0d60a: TaskStarted(87,10922,Some(AttributeKey[scala.collection.Seq[sbt.Attributed[java.io.File]]]("managedClasspath") in Scope(Build: file:/C:/Users/Mike/Documents/GitHub/myPAL/myPAL/, , Project: ProjectReference(file:/C:/Users/Mike/Documents/GitHub/myPAL/myPAL/,root), Config: compile)))
Sending msg to client activator-f97f4107-b4bf-4de5-bb2f-f73916f0d60a: TaskFinished(87,11034,None,true,None)
Sending msg to client activator-f97f4107-b4bf-4de5-bb2f-f73916f0d60a: TaskStarted(87,11032,None)
Sending msg to client activator-f97f4107-b4bf-4de5-bb2f-f73916f0d60a: TaskFinished(87,10964,Some(AttributeKey[sbt.Configuration]("classpathConfiguration") in Scope(Build: file:/C:/Users/Mike/Documents/GitHub/myPAL/myPAL/, , Project: ProjectReference(file:/C:/Users/Mike/Documents/GitHub/myPAL/myPAL/,root), Config: runtime)),true,None)
Sending msg to client activator-f97f4107-b4bf-4de5-bb2f-f73916f0d60a: TaskStarted(87,10963,None)
Sending msg to client activator-f97f4107-b4bf-4de5-bb2f-f73916f0d60a: TaskFinished(87,10908,Some(AttributeKey[sbt.Compiler$Compilers]("compilers") in Scope(Global)),true,None)
Sending msg to client activator-f97f4107-b4bf-4de5-bb2f-f73916f0d60a: TaskFinished(87,11032,None,true,None)
Sending msg to client activator-f97f4107-b4bf-4de5-bb2f-f73916f0d60a: TaskStarted(87,11031,None)
Sending msg to client activator-f97f4107-b4bf-4de5-bb2f-f73916f0d60a: TaskStarted(87,11039,None)
Sending msg to client activator-f97f4107-b4bf-4de5-bb2f-f73916f0d60a: TaskStarted(87,11040,None)
Sending msg to client activator-f97f4107-b4bf-4de5-bb2f-f73916f0d60a: TaskStarted(87,11041,None)
Sending msg to client activator-f97f4107-b4bf-4de5-bb2f-f73916f0d60a: TaskFinished(87,11031,None,true,None)
Sending msg to client activator-f97f4107-b4bf-4de5-bb2f-f73916f0d60a: TaskFinished(87,10916,None,true,None)
Sending msg to client activator-f97f4107-b4bf-4de5-bb2f-f73916f0d60a: TaskStarted(87,10915,Some(AttributeKey[scala.collection.Seq[sbt.Attributed[java.io.File]]]("internalDependencyClasspath") in Scope(Build: file:/C:/Users/Mike/Documents/GitHub/myPAL/myPAL/, , Project: ProjectReference(file:/C:/Users/Mike/Documents/GitHub/myPAL/myPAL/,root), Config: compile)))
Sending msg to client activator-f97f4107-b4bf-4de5-bb2f-f73916f0d60a: TaskFinished(87,10922,Some(AttributeKey[scala.collection.Seq[sbt.Attributed[java.io.File]]]("managedClasspath") in Scope(Build: file:/C:/Users/Mike/Documents/GitHub/myPAL/myPAL/, , Project: ProjectReference(file:/C:/Users/Mike/Documents/GitHub/myPAL/myPAL/,root), Config: compile)),true,None)
Sending msg to client activator-f97f4107-b4bf-4de5-bb2f-f73916f0d60a: TaskStarted(87,10921,None)
Sending msg to client activator-f97f4107-b4bf-4de5-bb2f-f73916f0d60a: TaskFinished(87,11040,None,true,None)
Sending msg to client activator-f97f4107-b4bf-4de5-bb2f-f73916f0d60a: TaskFinished(87,11041,None,true,None)
Sending msg to client activator-f97f4107-b4bf-4de5-bb2f-f73916f0d60a: TaskFinished(87,10921,None,true,None)
Sending msg to client activator-f97f4107-b4bf-4de5-bb2f-f73916f0d60a: TaskStarted(87,10920,Some(AttributeKey[scala.collection.Seq[sbt.Attributed[java.io.File]]]("externalDependencyClasspath") in Scope(Build: file:/C:/Users/Mike/Documents/GitHub/myPAL/myPAL/, , Project: ProjectReference(file:/C:/Users/Mike/Documents/GitHub/myPAL/myPAL/,root), Config: compile)))
Sending msg to client activator-f97f4107-b4bf-4de5-bb2f-f73916f0d60a: TaskFinished(87,10915,Some(AttributeKey[scala.collection.Seq[sbt.Attributed[java.io.File]]]("internalDependencyClasspath") in Scope(Build: file:/C:/Users/Mike/Documents/GitHub/myPAL/myPAL/, , Project: ProjectReference(file:/C:/Users/Mike/Documents/GitHub/myPAL/myPAL/,root), Config: compile)),true,None)
Sending msg to client activator-f97f4107-b4bf-4de5-bb2f-f73916f0d60a: TaskFinished(87,10920,Some(AttributeKey[scala.collection.Seq[sbt.Attributed[java.io.File]]]("externalDependencyClasspath") in Scope(Build: file:/C:/Users/Mike/Documents/GitHub/myPAL/myPAL/, , Project: ProjectReference(file:/C:/Users/Mike/Documents/GitHub/myPAL/myPAL/,root), Config: compile)),true,None)
Sending msg to client activator-f97f4107-b4bf-4de5-bb2f-f73916f0d60a: TaskStarted(87,10914,None)
Sending msg to client activator-f97f4107-b4bf-4de5-bb2f-f73916f0d60a: TaskFinished(87,10914,None,true,None)
Sending msg to client activator-f97f4107-b4bf-4de5-bb2f-f73916f0d60a: TaskStarted(87,10912,Some(AttributeKey[scala.collection.Seq[sbt.Attributed[java.io.File]]]("dependencyClasspath") in Scope(Build: file:/C:/Users/Mike/Documents/GitHub/myPAL/myPAL/, , Project: ProjectReference(file:/C:/Users/Mike/Documents/GitHub/myPAL/myPAL/,root), Config: compile)))
Sending msg to client activator-f97f4107-b4bf-4de5-bb2f-f73916f0d60a: TaskFinished(87,10912,Some(AttributeKey[scala.collection.Seq[sbt.Attributed[java.io.File]]]("dependencyClasspath") in Scope(Build: file:/C:/Users/Mike/Documents/GitHub/myPAL/myPAL/, , Project: ProjectReference(file:/C:/Users/Mike/Documents/GitHub/myPAL/myPAL/,root), Config: compile)),true,None)
Sending msg to client activator-f97f4107-b4bf-4de5-bb2f-f73916f0d60a: TaskStarted(87,10930,Some(AttributeKey[sbt.Compiler$IncSetup]("incCompileSetup") in Scope(Build: file:/C:/Users/Mike/Documents/GitHub/myPAL/myPAL/, , Project: ProjectReference(file:/C:/Users/Mike/Documents/GitHub/myPAL/myPAL/,root), Config: compile)))
Sending msg to client activator-f97f4107-b4bf-4de5-bb2f-f73916f0d60a: TaskStarted(87,11004,Some(AttributeKey[java.lang.ClassLoader]("webJarsClassloader") in Scope(Build: file:/C:/Users/Mike/Documents/GitHub/myPAL/myPAL/, , Project: ProjectReference(file:/C:/Users/Mike/Documents/GitHub/myPAL/myPAL/,root), Config: web-assets)))
Sending msg to client activator-f97f4107-b4bf-4de5-bb2f-f73916f0d60a: TaskFinished(87,10930,Some(AttributeKey[sbt.Compiler$IncSetup]("incCompileSetup") in Scope(Build: file:/C:/Users/Mike/Documents/GitHub/myPAL/myPAL/, , Project: ProjectReference(file:/C:/Users/Mike/Documents/GitHub/myPAL/myPAL/,root), Config: compile)),true,None)
Sending msg to client activator-f97f4107-b4bf-4de5-bb2f-f73916f0d60a: TaskStarted(87,10866,Some(AttributeKey[sbt.Compiler$Inputs]("compileInputs") in Scope(Build: file:/C:/Users/Mike/Documents/GitHub/myPAL/myPAL/, , Project: ProjectReference(file:/C:/Users/Mike/Documents/GitHub/myPAL/myPAL/,root), Config: compile, Task: AttributeKey[sbt.inc.Analysis]("compile"))))
Sending msg to client activator-f97f4107-b4bf-4de5-bb2f-f73916f0d60a: TaskStarted(87,10958,Some(AttributeKey[sbt.Compiler$PreviousAnalysis]("readAnalysis") in Scope(Build: file:/C:/Users/Mike/Documents/GitHub/myPAL/myPAL/, , Project: ProjectReference(file:/C:/Users/Mike/Documents/GitHub/myPAL/myPAL/,root), Config: compile)))
Sending msg to client activator-f97f4107-b4bf-4de5-bb2f-f73916f0d60a: TaskFinished(87,10958,Some(AttributeKey[sbt.Compiler$PreviousAnalysis]("readAnalysis") in Scope(Build: file:/C:/Users/Mike/Documents/GitHub/myPAL/myPAL/, , Project: ProjectReference(file:/C:/Users/Mike/Documents/GitHub/myPAL/myPAL/,root), Config: compile)),true,None)
Sending msg to client activator-f97f4107-b4bf-4de5-bb2f-f73916f0d60a: TaskFinished(87,10866,Some(AttributeKey[sbt.Compiler$Inputs]("compileInputs") in Scope(Build: file:/C:/Users/Mike/Documents/GitHub/myPAL/myPAL/, , Project: ProjectReference(file:/C:/Users/Mike/Documents/GitHub/myPAL/myPAL/,root), Config: compile, Task: AttributeKey[sbt.inc.Analysis]("compile"))),true,None)
Sending msg to client activator-f97f4107-b4bf-4de5-bb2f-f73916f0d60a: TaskStarted(87,10955,Some(AttributeKey[scala.Option[xsbti.Reporter]]("compilerReporter") in Scope(Build: file:/C:/Users/Mike/Documents/GitHub/myPAL/myPAL/, , Project: ProjectReference(file:/C:/Users/Mike/Documents/GitHub/myPAL/myPAL/,root), Config: compile, Task: AttributeKey[sbt.inc.Analysis]("compile"))))
Sending msg to client activator-f97f4107-b4bf-4de5-bb2f-f73916f0d60a: TaskFinished(87,10955,Some(AttributeKey[scala.Option[xsbti.Reporter]]("compilerReporter") in Scope(Build: file:/C:/Users/Mike/Documents/GitHub/myPAL/myPAL/, , Project: ProjectReference(file:/C:/Users/Mike/Documents/GitHub/myPAL/myPAL/,root), Config: compile, Task: AttributeKey[sbt.inc.Analysis]("compile"))),true,None)
Sending msg to client activator-f97f4107-b4bf-4de5-bb2f-f73916f0d60a: TaskStarted(87,10954,Some(AttributeKey[sbt.compiler.IC$Result]("compileIncremental") in Scope(Build: file:/C:/Users/Mike/Documents/GitHub/myPAL/myPAL/, , Project: ProjectReference(file:/C:/Users/Mike/Documents/GitHub/myPAL/myPAL/,root), Config: compile)))
Sending msg to client activator-f97f4107-b4bf-4de5-bb2f-f73916f0d60a: TaskFinished(87,11004,Some(AttributeKey[java.lang.ClassLoader]("webJarsClassloader") in Scope(Build: file:/C:/Users/Mike/Documents/GitHub/myPAL/myPAL/, , Project: ProjectReference(file:/C:/Users/Mike/Documents/GitHub/myPAL/myPAL/,root), Config: web-assets)),true,None)
Sending msg to client activator-f97f4107-b4bf-4de5-bb2f-f73916f0d60a: TaskStarted(87,11003,Some(AttributeKey[scala.collection.Seq[java.io.File]]("webJars") in Scope(Build: file:/C:/Users/Mike/Documents/GitHub/myPAL/myPAL/, , Project: ProjectReference(file:/C:/Users/Mike/Documents/GitHub/myPAL/myPAL/,root), Config: web-assets)))
Sending msg to client activator-f97f4107-b4bf-4de5-bb2f-f73916f0d60a: TaskFinished(87,11003,Some(AttributeKey[scala.collection.Seq[java.io.File]]("webJars") in Scope(Build: file:/C:/Users/Mike/Documents/GitHub/myPAL/myPAL/, , Project: ProjectReference(file:/C:/Users/Mike/Documents/GitHub/myPAL/myPAL/,root), Config: web-assets)),true,None)
Sending msg to client activator-f97f4107-b4bf-4de5-bb2f-f73916f0d60a: TaskStarted(87,11002,None)
Sending msg to client activator-f97f4107-b4bf-4de5-bb2f-f73916f0d60a: TaskFinished(87,11002,None,true,None)
Sending msg to client activator-f97f4107-b4bf-4de5-bb2f-f73916f0d60a: TaskStarted(87,11001,None)
Sending msg to client activator-f97f4107-b4bf-4de5-bb2f-f73916f0d60a: TaskFinished(87,11001,None,true,None)
Sending msg to client activator-f97f4107-b4bf-4de5-bb2f-f73916f0d60a: TaskStarted(87,11000,Some(AttributeKey[scala.collection.Seq[java.io.File]]("webModules") in Scope(Build: file:/C:/Users/Mike/Documents/GitHub/myPAL/myPAL/, , Project: ProjectReference(file:/C:/Users/Mike/Documents/GitHub/myPAL/myPAL/,root), Config: web-assets)))
Sending msg to client activator-f97f4107-b4bf-4de5-bb2f-f73916f0d60a: TaskFinished(87,11000,Some(AttributeKey[scala.collection.Seq[java.io.File]]("webModules") in Scope(Build: file:/C:/Users/Mike/Documents/GitHub/myPAL/myPAL/, , Project: ProjectReference(file:/C:/Users/Mike/Documents/GitHub/myPAL/myPAL/,root), Config: web-assets)),true,None)
Sending msg to client activator-f97f4107-b4bf-4de5-bb2f-f73916f0d60a: TaskStarted(87,10999,None)
Sending msg to client activator-f97f4107-b4bf-4de5-bb2f-f73916f0d60a: TaskStarted(87,11013,None)
Sending msg to client activator-f97f4107-b4bf-4de5-bb2f-f73916f0d60a: TaskLogEvent(10954,LogMessage(debug,
Initial source changes: 
	removed:Set()
	added: Set()
	modified: Set()
Removed products: Set()
External API changes: API Changes: Set()
Modified binary dependencies: Set()
Initial directly invalidated sources: Set()

Sources indirectly invalidated by:
	product: Set()
	binary dep: Set()
	external source: Set()))
Sending msg to client activator-f97f4107-b4bf-4de5-bb2f-f73916f0d60a: TaskLogEvent(10954,LogMessage(debug,All initially invalidated sources: Set()
))
Sending msg to client activator-f97f4107-b4bf-4de5-bb2f-f73916f0d60a: TaskFinished(87,10954,Some(AttributeKey[sbt.compiler.IC$Result]("compileIncremental") in Scope(Build: file:/C:/Users/Mike/Documents/GitHub/myPAL/myPAL/, , Project: ProjectReference(file:/C:/Users/Mike/Documents/GitHub/myPAL/myPAL/,root), Config: compile)),true,None)
Sending msg to client activator-f97f4107-b4bf-4de5-bb2f-f73916f0d60a: TaskStarted(87,10953,Some(AttributeKey[sbt.compiler.IC$Result]("manipulateBytecode") in Scope(Build: file:/C:/Users/Mike/Documents/GitHub/myPAL/myPAL/, , Project: ProjectReference(file:/C:/Users/Mike/Documents/GitHub/myPAL/myPAL/,root), Config: compile)))
Sending msg to client activator-f97f4107-b4bf-4de5-bb2f-f73916f0d60a: TaskFinished(87,10953,Some(AttributeKey[sbt.compiler.IC$Result]("manipulateBytecode") in Scope(Build: file:/C:/Users/Mike/Documents/GitHub/myPAL/myPAL/, , Project: ProjectReference(file:/C:/Users/Mike/Documents/GitHub/myPAL/myPAL/,root), Config: compile)),true,None)
Sending msg to client activator-f97f4107-b4bf-4de5-bb2f-f73916f0d60a: TaskStarted(87,10952,Some(AttributeKey[sbt.inc.Analysis]("compile") in Scope(Build: file:/C:/Users/Mike/Documents/GitHub/myPAL/myPAL/, , Project: ProjectReference(file:/C:/Users/Mike/Documents/GitHub/myPAL/myPAL/,root), Config: compile)))
Sending msg to client activator-f97f4107-b4bf-4de5-bb2f-f73916f0d60a: TaskFinished(87,10952,Some(AttributeKey[sbt.inc.Analysis]("compile") in Scope(Build: file:/C:/Users/Mike/Documents/GitHub/myPAL/myPAL/, , Project: ProjectReference(file:/C:/Users/Mike/Documents/GitHub/myPAL/myPAL/,root), Config: compile)),true,None)
Sending msg to client activator-f97f4107-b4bf-4de5-bb2f-f73916f0d60a: TaskStarted(87,10865,Some(AttributeKey[sbt.inc.Analysis]("compile") in Scope(Build: file:/C:/Users/Mike/Documents/GitHub/myPAL/myPAL/, , Project: ProjectReference(file:/C:/Users/Mike/Documents/GitHub/myPAL/myPAL/,root), Config: compile)))
Sending msg to client activator-f97f4107-b4bf-4de5-bb2f-f73916f0d60a: TaskFinished(87,10865,Some(AttributeKey[sbt.inc.Analysis]("compile") in Scope(Build: file:/C:/Users/Mike/Documents/GitHub/myPAL/myPAL/, , Project: ProjectReference(file:/C:/Users/Mike/Documents/GitHub/myPAL/myPAL/,root), Config: compile)),true,None)
Sending msg to client activator-f97f4107-b4bf-4de5-bb2f-f73916f0d60a: TaskStarted(87,10977,Some(AttributeKey[sbt.PluginDiscovery$DiscoveredNames]("discoveredSbtPlugins") in Scope(Build: file:/C:/Users/Mike/Documents/GitHub/myPAL/myPAL/, , Project: ProjectReference(file:/C:/Users/Mike/Documents/GitHub/myPAL/myPAL/,root), Config: compile)))
Sending msg to client activator-f97f4107-b4bf-4de5-bb2f-f73916f0d60a: TaskStarted(87,11047,Some(AttributeKey[scala.collection.Seq[java.lang.String]]("discoveredMainClasses") in Scope(Build: file:/C:/Users/Mike/Documents/GitHub/myPAL/myPAL/, , Project: ProjectReference(file:/C:/Users/Mike/Documents/GitHub/myPAL/myPAL/,root), Config: compile)))
Sending msg to client activator-f97f4107-b4bf-4de5-bb2f-f73916f0d60a: TaskFinished(87,10977,Some(AttributeKey[sbt.PluginDiscovery$DiscoveredNames]("discoveredSbtPlugins") in Scope(Build: file:/C:/Users/Mike/Documents/GitHub/myPAL/myPAL/, , Project: ProjectReference(file:/C:/Users/Mike/Documents/GitHub/myPAL/myPAL/,root), Config: compile)),true,None)
Sending msg to client activator-f97f4107-b4bf-4de5-bb2f-f73916f0d60a: TaskStarted(87,10976,None)
Sending msg to client activator-f97f4107-b4bf-4de5-bb2f-f73916f0d60a: TaskFinished(87,11010,Some(AttributeKey[scala.collection.Seq[java.io.File]]("webJarsNodeModules") in Scope(Build: file:/C:/Users/Mike/Documents/GitHub/myPAL/myPAL/, , Project: ProjectReference(file:/C:/Users/Mike/Documents/GitHub/myPAL/myPAL/,root), Config: web-plugin)),true,None)
Sending msg to client activator-f97f4107-b4bf-4de5-bb2f-f73916f0d60a: TaskStarted(87,11009,None)
Sending msg to client activator-f97f4107-b4bf-4de5-bb2f-f73916f0d60a: TaskFinished(87,11009,None,true,None)
Sending msg to client activator-f97f4107-b4bf-4de5-bb2f-f73916f0d60a: TaskStarted(87,11008,None)
Sending msg to client activator-f97f4107-b4bf-4de5-bb2f-f73916f0d60a: TaskFinished(87,10976,None,true,None)
Sending msg to client activator-f97f4107-b4bf-4de5-bb2f-f73916f0d60a: TaskStarted(87,10975,None)
Sending msg to client activator-f97f4107-b4bf-4de5-bb2f-f73916f0d60a: TaskFinished(87,11047,Some(AttributeKey[scala.collection.Seq[java.lang.String]]("discoveredMainClasses") in Scope(Build: file:/C:/Users/Mike/Documents/GitHub/myPAL/myPAL/, , Project: ProjectReference(file:/C:/Users/Mike/Documents/GitHub/myPAL/myPAL/,root), Config: compile)),true,None)
Sending msg to client activator-f97f4107-b4bf-4de5-bb2f-f73916f0d60a: ValueChanged(AttributeKey[scala.collection.Seq[java.lang.String]]("discoveredMainClasses") in Scope(Build: file:/C:/Users/Mike/Documents/GitHub/myPAL/myPAL/, , Project: ProjectReference(file:/C:/Users/Mike/Documents/GitHub/myPAL/myPAL/,root), Config: compile),TaskSuccess(BuildValue(LazyValue(List(),scala.pickling.PicklerUnpickler$DelegatingPicklerUnpickler@5d14353d),List())))
Sending msg to client activator-f97f4107-b4bf-4de5-bb2f-f73916f0d60a: TaskFinished(87,11008,None,true,None)
Sending msg to client activator-f97f4107-b4bf-4de5-bb2f-f73916f0d60a: TaskStarted(87,11007,Some(AttributeKey[scala.collection.Seq[java.io.File]]("webNodeModules") in Scope(Build: file:/C:/Users/Mike/Documents/GitHub/myPAL/myPAL/, , Project: ProjectReference(file:/C:/Users/Mike/Documents/GitHub/myPAL/myPAL/,root), Config: web-plugin)))
Sending msg to client activator-f97f4107-b4bf-4de5-bb2f-f73916f0d60a: TaskFinished(87,10975,None,true,None)
Sending msg to client activator-f97f4107-b4bf-4de5-bb2f-f73916f0d60a: TaskStarted(87,10974,Some(AttributeKey[scala.collection.Seq[java.io.File]]("managedResources") in Scope(Build: file:/C:/Users/Mike/Documents/GitHub/myPAL/myPAL/, , Project: ProjectReference(file:/C:/Users/Mike/Documents/GitHub/myPAL/myPAL/,root), Config: compile)))
Sending msg to client activator-f97f4107-b4bf-4de5-bb2f-f73916f0d60a: TaskFinished(87,11007,Some(AttributeKey[scala.collection.Seq[java.io.File]]("webNodeModules") in Scope(Build: file:/C:/Users/Mike/Documents/GitHub/myPAL/myPAL/, , Project: ProjectReference(file:/C:/Users/Mike/Documents/GitHub/myPAL/myPAL/,root), Config: web-plugin)),true,None)
Sending msg to client activator-f97f4107-b4bf-4de5-bb2f-f73916f0d60a: TaskStarted(87,11006,None)
Sending msg to client activator-f97f4107-b4bf-4de5-bb2f-f73916f0d60a: TaskStarted(87,11044,None)
Sending msg to client activator-f97f4107-b4bf-4de5-bb2f-f73916f0d60a: TaskStarted(87,11046,None)
Sending msg to client activator-f97f4107-b4bf-4de5-bb2f-f73916f0d60a: TaskFinished(87,10974,Some(AttributeKey[scala.collection.Seq[java.io.File]]("managedResources") in Scope(Build: file:/C:/Users/Mike/Documents/GitHub/myPAL/myPAL/, , Project: ProjectReference(file:/C:/Users/Mike/Documents/GitHub/myPAL/myPAL/,root), Config: compile)),true,None)
Sending msg to client activator-f97f4107-b4bf-4de5-bb2f-f73916f0d60a: TaskStarted(87,10972,Some(AttributeKey[scala.collection.Seq[java.io.File]]("resources") in Scope(Build: file:/C:/Users/Mike/Documents/GitHub/myPAL/myPAL/, , Project: ProjectReference(file:/C:/Users/Mike/Documents/GitHub/myPAL/myPAL/,root), Config: compile)))
Sending msg to client activator-f97f4107-b4bf-4de5-bb2f-f73916f0d60a: TaskStarted(87,11050,Some(AttributeKey[scala.Option[java.io.File]]("jshintResolvedConfig") in Scope(Build: file:/C:/Users/Mike/Documents/GitHub/myPAL/myPAL/, , Project: ProjectReference(file:/C:/Users/Mike/Documents/GitHub/myPAL/myPAL/,root))))
Sending msg to client activator-f97f4107-b4bf-4de5-bb2f-f73916f0d60a: TaskStarted(87,11051,None)
Sending msg to client activator-f97f4107-b4bf-4de5-bb2f-f73916f0d60a: TaskStarted(87,11056,None)
Sending msg to client activator-f97f4107-b4bf-4de5-bb2f-f73916f0d60a: TaskStarted(87,11059,None)
Sending msg to client activator-f97f4107-b4bf-4de5-bb2f-f73916f0d60a: TaskStarted(87,11061,None)
Sending msg to client activator-f97f4107-b4bf-4de5-bb2f-f73916f0d60a: TaskStarted(87,11064,None)
Sending msg to client activator-f97f4107-b4bf-4de5-bb2f-f73916f0d60a: TaskStarted(87,11065,None)
Sending msg to client activator-f97f4107-b4bf-4de5-bb2f-f73916f0d60a: TaskStarted(87,11066,Some(AttributeKey[java.lang.String]("jstaskJsOptions") in Scope(Build: file:/C:/Users/Mike/Documents/GitHub/myPAL/myPAL/, , Project: ProjectReference(file:/C:/Users/Mike/Documents/GitHub/myPAL/myPAL/,root), Config: web-assets, Task: AttributeKey[scala.collection.Seq[java.io.File]]("coffeescript"))))
Sending msg to client activator-f97f4107-b4bf-4de5-bb2f-f73916f0d60a: TaskStarted(87,11071,None)
Sending msg to client activator-f97f4107-b4bf-4de5-bb2f-f73916f0d60a: TaskStarted(87,11074,Some(AttributeKey[java.lang.String]("jstaskJsOptions") in Scope(Build: file:/C:/Users/Mike/Documents/GitHub/myPAL/myPAL/, , Project: ProjectReference(file:/C:/Users/Mike/Documents/GitHub/myPAL/myPAL/,root), Config: web-assets, Task: AttributeKey[scala.collection.Seq[java.io.File]]("less"))))
Sending msg to client activator-f97f4107-b4bf-4de5-bb2f-f73916f0d60a: TaskStarted(87,11075,None)
Sending msg to client activator-f97f4107-b4bf-4de5-bb2f-f73916f0d60a: TaskStarted(87,11076,None)
Sending msg to client activator-f97f4107-b4bf-4de5-bb2f-f73916f0d60a: TaskStarted(87,11082,None)
Sending msg to client activator-f97f4107-b4bf-4de5-bb2f-f73916f0d60a: TaskFinished(87,10972,Some(AttributeKey[scala.collection.Seq[java.io.File]]("resources") in Scope(Build: file:/C:/Users/Mike/Documents/GitHub/myPAL/myPAL/, , Project: ProjectReference(file:/C:/Users/Mike/Documents/GitHub/myPAL/myPAL/,root), Config: compile)),true,None)
Sending msg to client activator-f97f4107-b4bf-4de5-bb2f-f73916f0d60a: TaskStarted(87,10970,Some(AttributeKey[scala.collection.Seq[scala.Tuple2[java.io.File,java.io.File]]]("copyResources") in Scope(Build: file:/C:/Users/Mike/Documents/GitHub/myPAL/myPAL/, , Project: ProjectReference(file:/C:/Users/Mike/Documents/GitHub/myPAL/myPAL/,root), Config: compile)))
Sending msg to client activator-f97f4107-b4bf-4de5-bb2f-f73916f0d60a: TaskFinished(87,11050,Some(AttributeKey[scala.Option[java.io.File]]("jshintResolvedConfig") in Scope(Build: file:/C:/Users/Mike/Documents/GitHub/myPAL/myPAL/, , Project: ProjectReference(file:/C:/Users/Mike/Documents/GitHub/myPAL/myPAL/,root))),true,None)
Sending msg to client activator-f97f4107-b4bf-4de5-bb2f-f73916f0d60a: TaskStarted(87,11049,Some(AttributeKey[java.lang.String]("jstaskJsOptions") in Scope(Build: file:/C:/Users/Mike/Documents/GitHub/myPAL/myPAL/, , Project: ProjectReference(file:/C:/Users/Mike/Documents/GitHub/myPAL/myPAL/,root), Task: AttributeKey[scala.collection.Seq[java.io.File]]("jshint"))))
Sending msg to client activator-f97f4107-b4bf-4de5-bb2f-f73916f0d60a: TaskFinished(87,11051,None,true,None)
Sending msg to client activator-f97f4107-b4bf-4de5-bb2f-f73916f0d60a: TaskFinished(87,11056,None,true,None)
Sending msg to client activator-f97f4107-b4bf-4de5-bb2f-f73916f0d60a: TaskStarted(87,11055,None)
Sending msg to client activator-f97f4107-b4bf-4de5-bb2f-f73916f0d60a: TaskFinished(87,11059,None,true,None)
Sending msg to client activator-f97f4107-b4bf-4de5-bb2f-f73916f0d60a: TaskStarted(87,11058,Some(AttributeKey[java.io.File]("jstaskShellSource") in Scope(Build: file:/C:/Users/Mike/Documents/GitHub/myPAL/myPAL/, , Project: ProjectReference(file:/C:/Users/Mike/Documents/GitHub/myPAL/myPAL/,root), Task: AttributeKey[scala.collection.Seq[java.io.File]]("jshint"))))
Sending msg to client activator-f97f4107-b4bf-4de5-bb2f-f73916f0d60a: TaskFinished(87,11061,None,true,None)
Sending msg to client activator-f97f4107-b4bf-4de5-bb2f-f73916f0d60a: TaskStarted(87,11060,Some(AttributeKey[sbt.LoggerReporter]("webReporter") in Scope(Build: file:/C:/Users/Mike/Documents/GitHub/myPAL/myPAL/, , Project: ProjectReference(file:/C:/Users/Mike/Documents/GitHub/myPAL/myPAL/,root))))
Sending msg to client activator-f97f4107-b4bf-4de5-bb2f-f73916f0d60a: TaskFinished(87,11064,None,true,None)
Sending msg to client activator-f97f4107-b4bf-4de5-bb2f-f73916f0d60a: TaskStarted(87,11063,Some(AttributeKey[java.io.File]("jstaskShellSource") in Scope(Build: file:/C:/Users/Mike/Documents/GitHub/myPAL/myPAL/, , Project: ProjectReference(file:/C:/Users/Mike/Documents/GitHub/myPAL/myPAL/,root), Task: AttributeKey[scala.collection.Seq[java.io.File]]("coffeescript"))))
Sending msg to client activator-f97f4107-b4bf-4de5-bb2f-f73916f0d60a: TaskFinished(87,11065,None,true,None)
Sending msg to client activator-f97f4107-b4bf-4de5-bb2f-f73916f0d60a: TaskFinished(87,11066,Some(AttributeKey[java.lang.String]("jstaskJsOptions") in Scope(Build: file:/C:/Users/Mike/Documents/GitHub/myPAL/myPAL/, , Project: ProjectReference(file:/C:/Users/Mike/Documents/GitHub/myPAL/myPAL/,root), Config: web-assets, Task: AttributeKey[scala.collection.Seq[java.io.File]]("coffeescript"))),true,None)
Sending msg to client activator-f97f4107-b4bf-4de5-bb2f-f73916f0d60a: TaskLogEvent(10970,LogMessage(debug,Copy resource mappings: 
	(C:\Users\Mike\Documents\GitHub\myPAL\myPAL\conf\application.conf,C:\Users\Mike\Documents\GitHub\myPAL\myPAL\target\scala-2.11\classes\application.conf)
	(C:\Users\Mike\Documents\GitHub\myPAL\myPAL\conf\evolutions,C:\Users\Mike\Documents\GitHub\myPAL\myPAL\target\scala-2.11\classes\evolutions)
	(C:\Users\Mike\Documents\GitHub\myPAL\myPAL\conf\initial-data.yml,C:\Users\Mike\Documents\GitHub\myPAL\myPAL\target\scala-2.11\classes\initial-data.yml)
	(C:\Users\Mike\Documents\GitHub\myPAL\myPAL\conf\initial-data2.yml,C:\Users\Mike\Documents\GitHub\myPAL\myPAL\target\scala-2.11\classes\initial-data2.yml)
	(C:\Users\Mike\Documents\GitHub\myPAL\myPAL\conf\messages.en,C:\Users\Mike\Documents\GitHub\myPAL\myPAL\target\scala-2.11\classes\messages.en)
	(C:\Users\Mike\Documents\GitHub\myPAL\myPAL\conf\messages.nl,C:\Users\Mike\Documents\GitHub\myPAL\myPAL\target\scala-2.11\classes\messages.nl)
	(C:\Users\Mike\Documents\GitHub\myPAL\myPAL\conf\routes,C:\Users\Mike\Documents\GitHub\myPAL\myPAL\target\scala-2.11\classes\routes)
	(C:\Users\Mike\Documents\GitHub\myPAL\myPAL\conf\evolutions\default,C:\Users\Mike\Documents\GitHub\myPAL\myPAL\target\scala-2.11\classes\evolutions\default)
	(C:\Users\Mike\Documents\GitHub\myPAL\myPAL\conf\evolutions\default\1.sql,C:\Users\Mike\Documents\GitHub\myPAL\myPAL\target\scala-2.11\classes\evolutions\default\1.sql)))
Sending msg to client activator-f97f4107-b4bf-4de5-bb2f-f73916f0d60a: TaskStarted(87,11072,Some(AttributeKey[com.typesafe.sbt.web.incremental.OpInputHasher[java.io.File]]("jstaskFileInputHasher") in Scope(Build: file:/C:/Users/Mike/Documents/GitHub/myPAL/myPAL/, , Project: ProjectReference(file:/C:/Users/Mike/Documents/GitHub/myPAL/myPAL/,root), Config: web-assets, Task: AttributeKey[scala.collection.Seq[java.io.File]]("coffeescript"))))
Sending msg to client activator-f97f4107-b4bf-4de5-bb2f-f73916f0d60a: TaskFinished(87,11071,None,true,None)
Sending msg to client activator-f97f4107-b4bf-4de5-bb2f-f73916f0d60a: TaskStarted(87,11070,None)
Sending msg to client activator-f97f4107-b4bf-4de5-bb2f-f73916f0d60a: TaskFinished(87,11075,None,true,None)
Sending msg to client activator-f97f4107-b4bf-4de5-bb2f-f73916f0d60a: TaskStarted(87,11083,Some(AttributeKey[java.io.File]("jstaskShellSource") in Scope(Build: file:/C:/Users/Mike/Documents/GitHub/myPAL/myPAL/, , Project: ProjectReference(file:/C:/Users/Mike/Documents/GitHub/myPAL/myPAL/,root), Task: AttributeKey[scala.collection.Seq[java.io.File]]("less"))))
Sending msg to client activator-f97f4107-b4bf-4de5-bb2f-f73916f0d60a: TaskFinished(87,11076,None,true,None)
Sending msg to client activator-f97f4107-b4bf-4de5-bb2f-f73916f0d60a: TaskFinished(87,11074,Some(AttributeKey[java.lang.String]("jstaskJsOptions") in Scope(Build: file:/C:/Users/Mike/Documents/GitHub/myPAL/myPAL/, , Project: ProjectReference(file:/C:/Users/Mike/Documents/GitHub/myPAL/myPAL/,root), Config: web-assets, Task: AttributeKey[scala.collection.Seq[java.io.File]]("less"))),true,None)
Sending msg to client activator-f97f4107-b4bf-4de5-bb2f-f73916f0d60a: TaskStarted(87,11077,Some(AttributeKey[com.typesafe.sbt.web.incremental.OpInputHasher[java.io.File]]("jstaskFileInputHasher") in Scope(Build: file:/C:/Users/Mike/Documents/GitHub/myPAL/myPAL/, , Project: ProjectReference(file:/C:/Users/Mike/Documents/GitHub/myPAL/myPAL/,root), Config: web-assets, Task: AttributeKey[scala.collection.Seq[java.io.File]]("less"))))
Sending msg to client activator-f97f4107-b4bf-4de5-bb2f-f73916f0d60a: TaskFinished(87,11082,None,true,None)
Sending msg to client activator-f97f4107-b4bf-4de5-bb2f-f73916f0d60a: TaskStarted(87,11081,None)
Sending msg to client activator-f97f4107-b4bf-4de5-bb2f-f73916f0d60a: TaskFinished(87,11049,Some(AttributeKey[java.lang.String]("jstaskJsOptions") in Scope(Build: file:/C:/Users/Mike/Documents/GitHub/myPAL/myPAL/, , Project: ProjectReference(file:/C:/Users/Mike/Documents/GitHub/myPAL/myPAL/,root), Task: AttributeKey[scala.collection.Seq[java.io.File]]("jshint"))),true,None)
Sending msg to client activator-f97f4107-b4bf-4de5-bb2f-f73916f0d60a: TaskStarted(87,11057,Some(AttributeKey[com.typesafe.sbt.web.incremental.OpInputHasher[java.io.File]]("jstaskFileInputHasher") in Scope(Build: file:/C:/Users/Mike/Documents/GitHub/myPAL/myPAL/, , Project: ProjectReference(file:/C:/Users/Mike/Documents/GitHub/myPAL/myPAL/,root), Config: web-assets, Task: AttributeKey[scala.collection.Seq[java.io.File]]("jshint"))))
Sending msg to client activator-f97f4107-b4bf-4de5-bb2f-f73916f0d60a: TaskStarted(87,11085,None)
Sending msg to client activator-f97f4107-b4bf-4de5-bb2f-f73916f0d60a: TaskFinished(87,11060,Some(AttributeKey[sbt.LoggerReporter]("webReporter") in Scope(Build: file:/C:/Users/Mike/Documents/GitHub/myPAL/myPAL/, , Project: ProjectReference(file:/C:/Users/Mike/Documents/GitHub/myPAL/myPAL/,root))),true,None)
Sending msg to client activator-f97f4107-b4bf-4de5-bb2f-f73916f0d60a: TaskFinished(87,11072,Some(AttributeKey[com.typesafe.sbt.web.incremental.OpInputHasher[java.io.File]]("jstaskFileInputHasher") in Scope(Build: file:/C:/Users/Mike/Documents/GitHub/myPAL/myPAL/, , Project: ProjectReference(file:/C:/Users/Mike/Documents/GitHub/myPAL/myPAL/,root), Config: web-assets, Task: AttributeKey[scala.collection.Seq[java.io.File]]("coffeescript"))),true,None)
Sending msg to client activator-f97f4107-b4bf-4de5-bb2f-f73916f0d60a: TaskStarted(87,11087,None)
Sending msg to client activator-f97f4107-b4bf-4de5-bb2f-f73916f0d60a: TaskFinished(87,11058,Some(AttributeKey[java.io.File]("jstaskShellSource") in Scope(Build: file:/C:/Users/Mike/Documents/GitHub/myPAL/myPAL/, , Project: ProjectReference(file:/C:/Users/Mike/Documents/GitHub/myPAL/myPAL/,root), Task: AttributeKey[scala.collection.Seq[java.io.File]]("jshint"))),true,None)
Sending msg to client activator-f97f4107-b4bf-4de5-bb2f-f73916f0d60a: TaskFinished(87,11063,Some(AttributeKey[java.io.File]("jstaskShellSource") in Scope(Build: file:/C:/Users/Mike/Documents/GitHub/myPAL/myPAL/, , Project: ProjectReference(file:/C:/Users/Mike/Documents/GitHub/myPAL/myPAL/,root), Task: AttributeKey[scala.collection.Seq[java.io.File]]("coffeescript"))),true,None)
Sending msg to client activator-f97f4107-b4bf-4de5-bb2f-f73916f0d60a: TaskFinished(87,11077,Some(AttributeKey[com.typesafe.sbt.web.incremental.OpInputHasher[java.io.File]]("jstaskFileInputHasher") in Scope(Build: file:/C:/Users/Mike/Documents/GitHub/myPAL/myPAL/, , Project: ProjectReference(file:/C:/Users/Mike/Documents/GitHub/myPAL/myPAL/,root), Config: web-assets, Task: AttributeKey[scala.collection.Seq[java.io.File]]("less"))),true,None)
Sending msg to client activator-f97f4107-b4bf-4de5-bb2f-f73916f0d60a: TaskStarted(87,11089,None)
Sending msg to client activator-f97f4107-b4bf-4de5-bb2f-f73916f0d60a: TaskFinished(87,11057,Some(AttributeKey[com.typesafe.sbt.web.incremental.OpInputHasher[java.io.File]]("jstaskFileInputHasher") in Scope(Build: file:/C:/Users/Mike/Documents/GitHub/myPAL/myPAL/, , Project: ProjectReference(file:/C:/Users/Mike/Documents/GitHub/myPAL/myPAL/,root), Config: web-assets, Task: AttributeKey[scala.collection.Seq[java.io.File]]("jshint"))),true,None)
Sending msg to client activator-f97f4107-b4bf-4de5-bb2f-f73916f0d60a: TaskFinished(87,11083,Some(AttributeKey[java.io.File]("jstaskShellSource") in Scope(Build: file:/C:/Users/Mike/Documents/GitHub/myPAL/myPAL/, , Project: ProjectReference(file:/C:/Users/Mike/Documents/GitHub/myPAL/myPAL/,root), Task: AttributeKey[scala.collection.Seq[java.io.File]]("less"))),true,None)
Sending msg to client activator-f97f4107-b4bf-4de5-bb2f-f73916f0d60a: TaskFinished(87,11085,None,true,None)
Sending msg to client activator-f97f4107-b4bf-4de5-bb2f-f73916f0d60a: TaskStarted(87,11084,None)
Sending msg to client activator-f97f4107-b4bf-4de5-bb2f-f73916f0d60a: TaskFinished(87,11087,None,true,None)
Sending msg to client activator-f97f4107-b4bf-4de5-bb2f-f73916f0d60a: TaskStarted(87,11086,None)
Sending msg to client activator-f97f4107-b4bf-4de5-bb2f-f73916f0d60a: TaskFinished(87,10970,Some(AttributeKey[scala.collection.Seq[scala.Tuple2[java.io.File,java.io.File]]]("copyResources") in Scope(Build: file:/C:/Users/Mike/Documents/GitHub/myPAL/myPAL/, , Project: ProjectReference(file:/C:/Users/Mike/Documents/GitHub/myPAL/myPAL/,root), Config: compile)),true,None)
Sending msg to client activator-f97f4107-b4bf-4de5-bb2f-f73916f0d60a: TaskStarted(87,10969,Some(AttributeKey[scala.collection.Seq[java.io.File]]("products") in Scope(Build: file:/C:/Users/Mike/Documents/GitHub/myPAL/myPAL/, , Project: ProjectReference(file:/C:/Users/Mike/Documents/GitHub/myPAL/myPAL/,root), Config: runtime)))
Sending msg to client activator-f97f4107-b4bf-4de5-bb2f-f73916f0d60a: TaskStarted(87,11042,Some(AttributeKey[scala.collection.Seq[java.io.File]]("products") in Scope(Build: file:/C:/Users/Mike/Documents/GitHub/myPAL/myPAL/, , Project: ProjectReference(file:/C:/Users/Mike/Documents/GitHub/myPAL/myPAL/,root), Config: compile)))
Sending msg to client activator-f97f4107-b4bf-4de5-bb2f-f73916f0d60a: TaskFinished(87,11089,None,true,None)
Sending msg to client activator-f97f4107-b4bf-4de5-bb2f-f73916f0d60a: TaskStarted(87,11088,None)
Sending msg to client activator-f97f4107-b4bf-4de5-bb2f-f73916f0d60a: TaskFinished(87,11084,None,true,None)
Sending msg to client activator-f97f4107-b4bf-4de5-bb2f-f73916f0d60a: TaskFinished(87,11055,None,true,None)
Sending msg to client activator-f97f4107-b4bf-4de5-bb2f-f73916f0d60a: TaskStarted(87,11054,None)
Sending msg to client activator-f97f4107-b4bf-4de5-bb2f-f73916f0d60a: TaskFinished(87,11086,None,true,None)
Sending msg to client activator-f97f4107-b4bf-4de5-bb2f-f73916f0d60a: TaskFinished(87,11070,None,true,None)
Sending msg to client activator-f97f4107-b4bf-4de5-bb2f-f73916f0d60a: TaskStarted(87,11069,None)
Sending msg to client activator-f97f4107-b4bf-4de5-bb2f-f73916f0d60a: TaskFinished(87,10969,Some(AttributeKey[scala.collection.Seq[java.io.File]]("products") in Scope(Build: file:/C:/Users/Mike/Documents/GitHub/myPAL/myPAL/, , Project: ProjectReference(file:/C:/Users/Mike/Documents/GitHub/myPAL/myPAL/,root), Config: runtime)),true,None)
Sending msg to client activator-f97f4107-b4bf-4de5-bb2f-f73916f0d60a: TaskFinished(87,10864,None,true,None)
Sending msg to client activator-f97f4107-b4bf-4de5-bb2f-f73916f0d60a: TaskStarted(87,10863,None)
Sending msg to client activator-f97f4107-b4bf-4de5-bb2f-f73916f0d60a: TaskFinished(87,11042,Some(AttributeKey[scala.collection.Seq[java.io.File]]("products") in Scope(Build: file:/C:/Users/Mike/Documents/GitHub/myPAL/myPAL/, , Project: ProjectReference(file:/C:/Users/Mike/Documents/GitHub/myPAL/myPAL/,root), Config: compile)),true,None)
Sending msg to client activator-f97f4107-b4bf-4de5-bb2f-f73916f0d60a: TaskFinished(87,11039,None,true,None)
Sending msg to client activator-f97f4107-b4bf-4de5-bb2f-f73916f0d60a: TaskStarted(87,11038,None)
Sending msg to client activator-f97f4107-b4bf-4de5-bb2f-f73916f0d60a: TaskFinished(87,11088,None,true,None)
Sending msg to client activator-f97f4107-b4bf-4de5-bb2f-f73916f0d60a: TaskFinished(87,11081,None,true,None)
Sending msg to client activator-f97f4107-b4bf-4de5-bb2f-f73916f0d60a: TaskStarted(87,11080,None)
Sending msg to client activator-f97f4107-b4bf-4de5-bb2f-f73916f0d60a: TaskFinished(87,11054,None,true,None)
Sending msg to client activator-f97f4107-b4bf-4de5-bb2f-f73916f0d60a: TaskStarted(87,11053,Some(AttributeKey[scala.collection.Seq[java.io.File]]("managedSources") in Scope(Build: file:/C:/Users/Mike/Documents/GitHub/myPAL/myPAL/, , Project: ProjectReference(file:/C:/Users/Mike/Documents/GitHub/myPAL/myPAL/,root), Config: web-assets, Task: AttributeKey[scala.collection.Seq[java.io.File]]("jshint"))))
Sending msg to client activator-f97f4107-b4bf-4de5-bb2f-f73916f0d60a: TaskFinished(87,11069,None,true,None)
Sending msg to client activator-f97f4107-b4bf-4de5-bb2f-f73916f0d60a: TaskStarted(87,11068,Some(AttributeKey[scala.collection.Seq[java.io.File]]("managedSources") in Scope(Build: file:/C:/Users/Mike/Documents/GitHub/myPAL/myPAL/, , Project: ProjectReference(file:/C:/Users/Mike/Documents/GitHub/myPAL/myPAL/,root), Config: web-assets, Task: AttributeKey[scala.collection.Seq[java.io.File]]("coffeescript"))))
Sending msg to client activator-f97f4107-b4bf-4de5-bb2f-f73916f0d60a: TaskFinished(87,10863,None,true,None)
Sending msg to client activator-f97f4107-b4bf-4de5-bb2f-f73916f0d60a: TaskStarted(87,10862,Some(AttributeKey[scala.collection.Seq[sbt.Attributed[java.io.File]]]("exportedProducts") in Scope(Build: file:/C:/Users/Mike/Documents/GitHub/myPAL/myPAL/, , Project: ProjectReference(file:/C:/Users/Mike/Documents/GitHub/myPAL/myPAL/,root), Config: runtime)))
Sending msg to client activator-f97f4107-b4bf-4de5-bb2f-f73916f0d60a: TaskFinished(87,11038,None,true,None)
Sending msg to client activator-f97f4107-b4bf-4de5-bb2f-f73916f0d60a: TaskStarted(87,11037,Some(AttributeKey[scala.collection.Seq[sbt.Attributed[java.io.File]]]("exportedProducts") in Scope(Build: file:/C:/Users/Mike/Documents/GitHub/myPAL/myPAL/, , Project: ProjectReference(file:/C:/Users/Mike/Documents/GitHub/myPAL/myPAL/,root), Config: compile)))
Sending msg to client activator-f97f4107-b4bf-4de5-bb2f-f73916f0d60a: TaskFinished(87,11080,None,true,None)
Sending msg to client activator-f97f4107-b4bf-4de5-bb2f-f73916f0d60a: TaskStarted(87,11079,Some(AttributeKey[scala.collection.Seq[java.io.File]]("managedSources") in Scope(Build: file:/C:/Users/Mike/Documents/GitHub/myPAL/myPAL/, , Project: ProjectReference(file:/C:/Users/Mike/Documents/GitHub/myPAL/myPAL/,root), Config: web-assets, Task: AttributeKey[scala.collection.Seq[java.io.File]]("less"))))
Sending msg to client activator-f97f4107-b4bf-4de5-bb2f-f73916f0d60a: TaskFinished(87,11053,Some(AttributeKey[scala.collection.Seq[java.io.File]]("managedSources") in Scope(Build: file:/C:/Users/Mike/Documents/GitHub/myPAL/myPAL/, , Project: ProjectReference(file:/C:/Users/Mike/Documents/GitHub/myPAL/myPAL/,root), Config: web-assets, Task: AttributeKey[scala.collection.Seq[java.io.File]]("jshint"))),true,None)
Sending msg to client activator-f97f4107-b4bf-4de5-bb2f-f73916f0d60a: TaskStarted(87,11052,Some(AttributeKey[scala.collection.Seq[java.io.File]]("sources") in Scope(Build: file:/C:/Users/Mike/Documents/GitHub/myPAL/myPAL/, , Project: ProjectReference(file:/C:/Users/Mike/Documents/GitHub/myPAL/myPAL/,root), Config: web-assets, Task: AttributeKey[scala.collection.Seq[java.io.File]]("jshint"))))
Sending msg to client activator-f97f4107-b4bf-4de5-bb2f-f73916f0d60a: TaskFinished(87,11068,Some(AttributeKey[scala.collection.Seq[java.io.File]]("managedSources") in Scope(Build: file:/C:/Users/Mike/Documents/GitHub/myPAL/myPAL/, , Project: ProjectReference(file:/C:/Users/Mike/Documents/GitHub/myPAL/myPAL/,root), Config: web-assets, Task: AttributeKey[scala.collection.Seq[java.io.File]]("coffeescript"))),true,None)
Sending msg to client activator-f97f4107-b4bf-4de5-bb2f-f73916f0d60a: TaskStarted(87,11067,Some(AttributeKey[scala.collection.Seq[java.io.File]]("sources") in Scope(Build: file:/C:/Users/Mike/Documents/GitHub/myPAL/myPAL/, , Project: ProjectReference(file:/C:/Users/Mike/Documents/GitHub/myPAL/myPAL/,root), Config: web-assets, Task: AttributeKey[scala.collection.Seq[java.io.File]]("coffeescript"))))
Sending msg to client activator-f97f4107-b4bf-4de5-bb2f-f73916f0d60a: TaskFinished(87,11079,Some(AttributeKey[scala.collection.Seq[java.io.File]]("managedSources") in Scope(Build: file:/C:/Users/Mike/Documents/GitHub/myPAL/myPAL/, , Project: ProjectReference(file:/C:/Users/Mike/Documents/GitHub/myPAL/myPAL/,root), Config: web-assets, Task: AttributeKey[scala.collection.Seq[java.io.File]]("less"))),true,None)
Sending msg to client activator-f97f4107-b4bf-4de5-bb2f-f73916f0d60a: TaskStarted(87,11078,Some(AttributeKey[scala.collection.Seq[java.io.File]]("sources") in Scope(Build: file:/C:/Users/Mike/Documents/GitHub/myPAL/myPAL/, , Project: ProjectReference(file:/C:/Users/Mike/Documents/GitHub/myPAL/myPAL/,root), Config: web-assets, Task: AttributeKey[scala.collection.Seq[java.io.File]]("less"))))
Sending msg to client activator-f97f4107-b4bf-4de5-bb2f-f73916f0d60a: TaskFinished(87,11052,Some(AttributeKey[scala.collection.Seq[java.io.File]]("sources") in Scope(Build: file:/C:/Users/Mike/Documents/GitHub/myPAL/myPAL/, , Project: ProjectReference(file:/C:/Users/Mike/Documents/GitHub/myPAL/myPAL/,root), Config: web-assets, Task: AttributeKey[scala.collection.Seq[java.io.File]]("jshint"))),true,None)
Sending msg to client activator-f97f4107-b4bf-4de5-bb2f-f73916f0d60a: TaskStarted(87,11048,None)
Sending msg to client activator-f97f4107-b4bf-4de5-bb2f-f73916f0d60a: TaskFinished(87,11037,Some(AttributeKey[scala.collection.Seq[sbt.Attributed[java.io.File]]]("exportedProducts") in Scope(Build: file:/C:/Users/Mike/Documents/GitHub/myPAL/myPAL/, , Project: ProjectReference(file:/C:/Users/Mike/Documents/GitHub/myPAL/myPAL/,root), Config: compile)),true,None)
Sending msg to client activator-f97f4107-b4bf-4de5-bb2f-f73916f0d60a: TaskStarted(87,11036,None)
Sending msg to client activator-f97f4107-b4bf-4de5-bb2f-f73916f0d60a: TaskFinished(87,10862,Some(AttributeKey[scala.collection.Seq[sbt.Attributed[java.io.File]]]("exportedProducts") in Scope(Build: file:/C:/Users/Mike/Documents/GitHub/myPAL/myPAL/, , Project: ProjectReference(file:/C:/Users/Mike/Documents/GitHub/myPAL/myPAL/,root), Config: runtime)),true,None)
Sending msg to client activator-f97f4107-b4bf-4de5-bb2f-f73916f0d60a: TaskFinished(87,11067,Some(AttributeKey[scala.collection.Seq[java.io.File]]("sources") in Scope(Build: file:/C:/Users/Mike/Documents/GitHub/myPAL/myPAL/, , Project: ProjectReference(file:/C:/Users/Mike/Documents/GitHub/myPAL/myPAL/,root), Config: web-assets, Task: AttributeKey[scala.collection.Seq[java.io.File]]("coffeescript"))),true,None)
Sending msg to client activator-f97f4107-b4bf-4de5-bb2f-f73916f0d60a: TaskStarted(87,11062,None)
Sending msg to client activator-f97f4107-b4bf-4de5-bb2f-f73916f0d60a: TaskFinished(87,11078,Some(AttributeKey[scala.collection.Seq[java.io.File]]("sources") in Scope(Build: file:/C:/Users/Mike/Documents/GitHub/myPAL/myPAL/, , Project: ProjectReference(file:/C:/Users/Mike/Documents/GitHub/myPAL/myPAL/,root), Config: web-assets, Task: AttributeKey[scala.collection.Seq[java.io.File]]("less"))),true,None)
Sending msg to client activator-f97f4107-b4bf-4de5-bb2f-f73916f0d60a: TaskStarted(87,11073,None)
Sending msg to client activator-f97f4107-b4bf-4de5-bb2f-f73916f0d60a: TaskFinished(87,11036,None,true,None)
Sending msg to client activator-f97f4107-b4bf-4de5-bb2f-f73916f0d60a: TaskStarted(87,11035,None)
Sending msg to client activator-f97f4107-b4bf-4de5-bb2f-f73916f0d60a: TaskFinished(87,11035,None,true,None)
Sending msg to client activator-f97f4107-b4bf-4de5-bb2f-f73916f0d60a: TaskFinished(87,10963,None,true,None)
Sending msg to client activator-f97f4107-b4bf-4de5-bb2f-f73916f0d60a: TaskStarted(87,10961,Some(AttributeKey[scala.collection.Seq[sbt.Attributed[java.io.File]]]("internalDependencyClasspath") in Scope(Build: file:/C:/Users/Mike/Documents/GitHub/myPAL/myPAL/, , Project: ProjectReference(file:/C:/Users/Mike/Documents/GitHub/myPAL/myPAL/,root), Config: runtime)))
Sending msg to client activator-f97f4107-b4bf-4de5-bb2f-f73916f0d60a: TaskFinished(87,11048,None,true,None)
Sending msg to client activator-f97f4107-b4bf-4de5-bb2f-f73916f0d60a: TaskFinished(87,11006,None,true,None)
Sending msg to client activator-f97f4107-b4bf-4de5-bb2f-f73916f0d60a: TaskStarted(87,11005,Some(AttributeKey[scala.collection.Seq[java.io.File]]("jshint") in Scope(Build: file:/C:/Users/Mike/Documents/GitHub/myPAL/myPAL/, , Project: ProjectReference(file:/C:/Users/Mike/Documents/GitHub/myPAL/myPAL/,root), Config: web-assets)))
Sending msg to client activator-f97f4107-b4bf-4de5-bb2f-f73916f0d60a: TaskFinished(87,11062,None,true,None)
Sending msg to client activator-f97f4107-b4bf-4de5-bb2f-f73916f0d60a: TaskFinished(87,11044,None,true,None)
Sending msg to client activator-f97f4107-b4bf-4de5-bb2f-f73916f0d60a: TaskStarted(87,11043,Some(AttributeKey[scala.collection.Seq[java.io.File]]("coffeescript") in Scope(Build: file:/C:/Users/Mike/Documents/GitHub/myPAL/myPAL/, , Project: ProjectReference(file:/C:/Users/Mike/Documents/GitHub/myPAL/myPAL/,root), Config: web-assets)))
Sending msg to client activator-f97f4107-b4bf-4de5-bb2f-f73916f0d60a: TaskFinished(87,11073,None,true,None)
Sending msg to client activator-f97f4107-b4bf-4de5-bb2f-f73916f0d60a: TaskFinished(87,11046,None,true,None)
Sending msg to client activator-f97f4107-b4bf-4de5-bb2f-f73916f0d60a: TaskStarted(87,11045,Some(AttributeKey[scala.collection.Seq[java.io.File]]("less") in Scope(Build: file:/C:/Users/Mike/Documents/GitHub/myPAL/myPAL/, , Project: ProjectReference(file:/C:/Users/Mike/Documents/GitHub/myPAL/myPAL/,root), Config: web-assets)))
Sending msg to client activator-f97f4107-b4bf-4de5-bb2f-f73916f0d60a: TaskFinished(87,11005,Some(AttributeKey[scala.collection.Seq[java.io.File]]("jshint") in Scope(Build: file:/C:/Users/Mike/Documents/GitHub/myPAL/myPAL/, , Project: ProjectReference(file:/C:/Users/Mike/Documents/GitHub/myPAL/myPAL/,root), Config: web-assets)),true,None)
Sending msg to client activator-f97f4107-b4bf-4de5-bb2f-f73916f0d60a: TaskFinished(87,10961,Some(AttributeKey[scala.collection.Seq[sbt.Attributed[java.io.File]]]("internalDependencyClasspath") in Scope(Build: file:/C:/Users/Mike/Documents/GitHub/myPAL/myPAL/, , Project: ProjectReference(file:/C:/Users/Mike/Documents/GitHub/myPAL/myPAL/,root), Config: runtime)),true,None)
Sending msg to client activator-f97f4107-b4bf-4de5-bb2f-f73916f0d60a: TaskStarted(87,10861,Some(AttributeKey[scala.collection.Seq[sbt.Attributed[java.io.File]]]("playReloaderClasspath") in Scope(Build: file:/C:/Users/Mike/Documents/GitHub/myPAL/myPAL/, , Project: ProjectReference(file:/C:/Users/Mike/Documents/GitHub/myPAL/myPAL/,root))))
Sending msg to client activator-f97f4107-b4bf-4de5-bb2f-f73916f0d60a: TaskFinished(87,11043,Some(AttributeKey[scala.collection.Seq[java.io.File]]("coffeescript") in Scope(Build: file:/C:/Users/Mike/Documents/GitHub/myPAL/myPAL/, , Project: ProjectReference(file:/C:/Users/Mike/Documents/GitHub/myPAL/myPAL/,root), Config: web-assets)),true,None)
Sending msg to client activator-f97f4107-b4bf-4de5-bb2f-f73916f0d60a: TaskFinished(87,11013,None,true,None)
Sending msg to client activator-f97f4107-b4bf-4de5-bb2f-f73916f0d60a: TaskStarted(87,11012,Some(AttributeKey[scala.collection.Seq[java.io.File]]("coffeescript") in Scope(Build: file:/C:/Users/Mike/Documents/GitHub/myPAL/myPAL/, , Project: ProjectReference(file:/C:/Users/Mike/Documents/GitHub/myPAL/myPAL/,root), Config: web-assets)))
Sending msg to client activator-f97f4107-b4bf-4de5-bb2f-f73916f0d60a: TaskFinished(87,11045,Some(AttributeKey[scala.collection.Seq[java.io.File]]("less") in Scope(Build: file:/C:/Users/Mike/Documents/GitHub/myPAL/myPAL/, , Project: ProjectReference(file:/C:/Users/Mike/Documents/GitHub/myPAL/myPAL/,root), Config: web-assets)),true,None)
Sending msg to client activator-f97f4107-b4bf-4de5-bb2f-f73916f0d60a: TaskFinished(87,10999,None,true,None)
Sending msg to client activator-f97f4107-b4bf-4de5-bb2f-f73916f0d60a: TaskStarted(87,10998,Some(AttributeKey[scala.collection.Seq[java.io.File]]("less") in Scope(Build: file:/C:/Users/Mike/Documents/GitHub/myPAL/myPAL/, , Project: ProjectReference(file:/C:/Users/Mike/Documents/GitHub/myPAL/myPAL/,root), Config: web-assets)))
Sending msg to client activator-f97f4107-b4bf-4de5-bb2f-f73916f0d60a: TaskFinished(87,10861,Some(AttributeKey[scala.collection.Seq[sbt.Attributed[java.io.File]]]("playReloaderClasspath") in Scope(Build: file:/C:/Users/Mike/Documents/GitHub/myPAL/myPAL/, , Project: ProjectReference(file:/C:/Users/Mike/Documents/GitHub/myPAL/myPAL/,root))),true,None)
Sending msg to client activator-f97f4107-b4bf-4de5-bb2f-f73916f0d60a: TaskStarted(87,10860,Some(AttributeKey[scala.collection.Seq[sbt.Attributed[java.io.File]]]("playReloaderClasspath") in Scope(Build: file:/C:/Users/Mike/Documents/GitHub/myPAL/myPAL/, , Project: ProjectReference(file:/C:/Users/Mike/Documents/GitHub/myPAL/myPAL/,root))))
Sending msg to client activator-f97f4107-b4bf-4de5-bb2f-f73916f0d60a: TaskFinished(87,11012,Some(AttributeKey[scala.collection.Seq[java.io.File]]("coffeescript") in Scope(Build: file:/C:/Users/Mike/Documents/GitHub/myPAL/myPAL/, , Project: ProjectReference(file:/C:/Users/Mike/Documents/GitHub/myPAL/myPAL/,root), Config: web-assets)),true,None)
Sending msg to client activator-f97f4107-b4bf-4de5-bb2f-f73916f0d60a: TaskFinished(87,10998,Some(AttributeKey[scala.collection.Seq[java.io.File]]("less") in Scope(Build: file:/C:/Users/Mike/Documents/GitHub/myPAL/myPAL/, , Project: ProjectReference(file:/C:/Users/Mike/Documents/GitHub/myPAL/myPAL/,root), Config: web-assets)),true,None)
Sending msg to client activator-f97f4107-b4bf-4de5-bb2f-f73916f0d60a: TaskStarted(87,10997,None)
Sending msg to client activator-f97f4107-b4bf-4de5-bb2f-f73916f0d60a: TaskFinished(87,10860,Some(AttributeKey[scala.collection.Seq[sbt.Attributed[java.io.File]]]("playReloaderClasspath") in Scope(Build: file:/C:/Users/Mike/Documents/GitHub/myPAL/myPAL/, , Project: ProjectReference(file:/C:/Users/Mike/Documents/GitHub/myPAL/myPAL/,root))),true,None)
Sending msg to client activator-f97f4107-b4bf-4de5-bb2f-f73916f0d60a: TaskStarted(87,10859,None)
Sending msg to client activator-f97f4107-b4bf-4de5-bb2f-f73916f0d60a: TaskFinished(87,10997,None,true,None)
Sending msg to client activator-f97f4107-b4bf-4de5-bb2f-f73916f0d60a: TaskStarted(87,10996,None)
Sending msg to client activator-f97f4107-b4bf-4de5-bb2f-f73916f0d60a: TaskFinished(87,10859,None,true,None)
Sending msg to client activator-f97f4107-b4bf-4de5-bb2f-f73916f0d60a: TaskFinished(87,10996,None,true,None)
Sending msg to client activator-f97f4107-b4bf-4de5-bb2f-f73916f0d60a: TaskStarted(87,10995,Some(AttributeKey[scala.collection.Seq[java.io.File]]("managedResources") in Scope(Build: file:/C:/Users/Mike/Documents/GitHub/myPAL/myPAL/, , Project: ProjectReference(file:/C:/Users/Mike/Documents/GitHub/myPAL/myPAL/,root), Config: web-assets)))
Sending msg to client activator-f97f4107-b4bf-4de5-bb2f-f73916f0d60a: TaskFinished(87,10995,Some(AttributeKey[scala.collection.Seq[java.io.File]]("managedResources") in Scope(Build: file:/C:/Users/Mike/Documents/GitHub/myPAL/myPAL/, , Project: ProjectReference(file:/C:/Users/Mike/Documents/GitHub/myPAL/myPAL/,root), Config: web-assets)),true,None)
Sending msg to client activator-f97f4107-b4bf-4de5-bb2f-f73916f0d60a: TaskStarted(87,10994,Some(AttributeKey[scala.collection.Seq[java.io.File]]("resources") in Scope(Build: file:/C:/Users/Mike/Documents/GitHub/myPAL/myPAL/, , Project: ProjectReference(file:/C:/Users/Mike/Documents/GitHub/myPAL/myPAL/,root), Config: web-assets)))
Sending msg to client activator-f97f4107-b4bf-4de5-bb2f-f73916f0d60a: TaskFinished(87,10994,Some(AttributeKey[scala.collection.Seq[java.io.File]]("resources") in Scope(Build: file:/C:/Users/Mike/Documents/GitHub/myPAL/myPAL/, , Project: ProjectReference(file:/C:/Users/Mike/Documents/GitHub/myPAL/myPAL/,root), Config: web-assets)),true,None)
Sending msg to client activator-f97f4107-b4bf-4de5-bb2f-f73916f0d60a: TaskStarted(87,10988,Some(AttributeKey[scala.collection.Seq[scala.Tuple2[java.io.File,java.lang.String]]]("mappings") in Scope(Build: file:/C:/Users/Mike/Documents/GitHub/myPAL/myPAL/, , Project: ProjectReference(file:/C:/Users/Mike/Documents/GitHub/myPAL/myPAL/,root), Config: web-assets)))
Sending msg to client activator-f97f4107-b4bf-4de5-bb2f-f73916f0d60a: TaskFinished(87,10988,Some(AttributeKey[scala.collection.Seq[scala.Tuple2[java.io.File,java.lang.String]]]("mappings") in Scope(Build: file:/C:/Users/Mike/Documents/GitHub/myPAL/myPAL/, , Project: ProjectReference(file:/C:/Users/Mike/Documents/GitHub/myPAL/myPAL/,root), Config: web-assets)),true,None)
Sending msg to client activator-f97f4107-b4bf-4de5-bb2f-f73916f0d60a: TaskStarted(87,10985,Some(AttributeKey[scala.collection.Seq[scala.Tuple2[java.io.File,java.lang.String]]]("mappings") in Scope(Build: file:/C:/Users/Mike/Documents/GitHub/myPAL/myPAL/, , Project: ProjectReference(file:/C:/Users/Mike/Documents/GitHub/myPAL/myPAL/,root), Config: web-assets)))
Sending msg to client activator-f97f4107-b4bf-4de5-bb2f-f73916f0d60a: TaskFinished(87,10985,Some(AttributeKey[scala.collection.Seq[scala.Tuple2[java.io.File,java.lang.String]]]("mappings") in Scope(Build: file:/C:/Users/Mike/Documents/GitHub/myPAL/myPAL/, , Project: ProjectReference(file:/C:/Users/Mike/Documents/GitHub/myPAL/myPAL/,root), Config: web-assets)),true,None)
Sending msg to client activator-f97f4107-b4bf-4de5-bb2f-f73916f0d60a: TaskStarted(87,10983,Some(AttributeKey[scala.collection.Seq[scala.Tuple2[java.io.File,java.lang.String]]]("mappings") in Scope(Build: file:/C:/Users/Mike/Documents/GitHub/myPAL/myPAL/, , Project: ProjectReference(file:/C:/Users/Mike/Documents/GitHub/myPAL/myPAL/,root), Config: web-assets)))
Sending msg to client activator-f97f4107-b4bf-4de5-bb2f-f73916f0d60a: TaskFinished(87,10983,Some(AttributeKey[scala.collection.Seq[scala.Tuple2[java.io.File,java.lang.String]]]("mappings") in Scope(Build: file:/C:/Users/Mike/Documents/GitHub/myPAL/myPAL/, , Project: ProjectReference(file:/C:/Users/Mike/Documents/GitHub/myPAL/myPAL/,root), Config: web-assets)),true,None)
Sending msg to client activator-f97f4107-b4bf-4de5-bb2f-f73916f0d60a: TaskStarted(87,10981,Some(AttributeKey[java.io.File]("assets") in Scope(Build: file:/C:/Users/Mike/Documents/GitHub/myPAL/myPAL/, , Project: ProjectReference(file:/C:/Users/Mike/Documents/GitHub/myPAL/myPAL/,root), Config: web-assets)))
Sending msg to client activator-f97f4107-b4bf-4de5-bb2f-f73916f0d60a: TaskFinished(87,10981,Some(AttributeKey[java.io.File]("assets") in Scope(Build: file:/C:/Users/Mike/Documents/GitHub/myPAL/myPAL/, , Project: ProjectReference(file:/C:/Users/Mike/Documents/GitHub/myPAL/myPAL/,root), Config: web-assets)),true,None)
Sending msg to client activator-f97f4107-b4bf-4de5-bb2f-f73916f0d60a: TaskStarted(87,10980,None)
Sending msg to client activator-f97f4107-b4bf-4de5-bb2f-f73916f0d60a: TaskFinished(87,10980,None,true,None)
Sending msg to client activator-f97f4107-b4bf-4de5-bb2f-f73916f0d60a: TaskStarted(87,10979,Some(AttributeKey[sbt.inc.Analysis]("playAssetsWithCompilation") in Scope(Build: file:/C:/Users/Mike/Documents/GitHub/myPAL/myPAL/, , Project: ProjectReference(file:/C:/Users/Mike/Documents/GitHub/myPAL/myPAL/,root))))
Sending msg to client activator-f97f4107-b4bf-4de5-bb2f-f73916f0d60a: TaskFinished(87,10979,Some(AttributeKey[sbt.inc.Analysis]("playAssetsWithCompilation") in Scope(Build: file:/C:/Users/Mike/Documents/GitHub/myPAL/myPAL/, , Project: ProjectReference(file:/C:/Users/Mike/Documents/GitHub/myPAL/myPAL/,root))),true,None)
Sending msg to client activator-f97f4107-b4bf-4de5-bb2f-f73916f0d60a: TaskStarted(87,10978,None)
Sending msg to client activator-f97f4107-b4bf-4de5-bb2f-f73916f0d60a: TaskFinished(87,10978,None,true,None)
Sending msg to client activator-f97f4107-b4bf-4de5-bb2f-f73916f0d60a: TaskFinished(87,10968,Some(AttributeKey[scala.collection.Seq[sbt.inc.Analysis]]("playCompileEverything") in Scope(Build: file:/C:/Users/Mike/Documents/GitHub/myPAL/myPAL/, , Project: ProjectReference(file:/C:/Users/Mike/Documents/GitHub/myPAL/myPAL/,root))),true,None)
Sending msg to client activator-f97f4107-b4bf-4de5-bb2f-f73916f0d60a: TaskStarted(87,10967,Some(AttributeKey[sbt.inc.Analysis]("playReload") in Scope(Build: file:/C:/Users/Mike/Documents/GitHub/myPAL/myPAL/, , Project: ProjectReference(file:/C:/Users/Mike/Documents/GitHub/myPAL/myPAL/,root))))
Sending msg to client activator-f97f4107-b4bf-4de5-bb2f-f73916f0d60a: TaskFinished(87,10967,Some(AttributeKey[sbt.inc.Analysis]("playReload") in Scope(Build: file:/C:/Users/Mike/Documents/GitHub/myPAL/myPAL/, , Project: ProjectReference(file:/C:/Users/Mike/Documents/GitHub/myPAL/myPAL/,root))),true,None)
Sending msg to client activator-f97f4107-b4bf-4de5-bb2f-f73916f0d60a: TaskStarted(87,10966,None)
Sending msg to client activator-f97f4107-b4bf-4de5-bb2f-f73916f0d60a: TaskFinished(87,10966,None,true,None)
Sending msg to client activator-f97f4107-b4bf-4de5-bb2f-f73916f0d60a: TaskStarted(87,10857,Some(AttributeKey[play.runsupport.Reloader$CompileResult]("playForkReload") in Scope(Build: file:/C:/Users/Mike/Documents/GitHub/myPAL/myPAL/, , Project: ProjectReference(file:/C:/Users/Mike/Documents/GitHub/myPAL/myPAL/,root))))
Sending msg to client activator-f97f4107-b4bf-4de5-bb2f-f73916f0d60a: TaskFinished(87,10857,Some(AttributeKey[play.runsupport.Reloader$CompileResult]("playForkReload") in Scope(Build: file:/C:/Users/Mike/Documents/GitHub/myPAL/myPAL/, , Project: ProjectReference(file:/C:/Users/Mike/Documents/GitHub/myPAL/myPAL/,root))),true,None)
Sending msg to client activator-f97f4107-b4bf-4de5-bb2f-f73916f0d60a: TaskStarted(87,10856,None)
Sending msg to client activator-f97f4107-b4bf-4de5-bb2f-f73916f0d60a: TaskFinished(87,10856,None,true,None)
Sending msg to client activator-f97f4107-b4bf-4de5-bb2f-f73916f0d60a: TaskStarted(87,10855,None)
Sending msg to client activator-f97f4107-b4bf-4de5-bb2f-f73916f0d60a: TaskFinished(87,10855,None,true,None)
Sending msg to client activator-f97f4107-b4bf-4de5-bb2f-f73916f0d60a: DetachedLogEvent(LogMessage(debug,cancel strategy finish enabled=false lastCommand=Some(LastCommand(CommandExecutionWork(ExecutionId(87),{file:/C:/Users/Mike/Documents/GitHub/myPAL/myPAL/}root/*:playForkReload,Set(LiveClient(play-fork-run 19535408-7c98-4614-abf3-b4ce7b6f5007)),sbt.server.WorkCancellationStatus$$anon$1@42ddb48d)))))
Sending msg to client activator-f97f4107-b4bf-4de5-bb2f-f73916f0d60a: DetachedLogEvent(LogSuccess(Total time: 0 s, completed 21-aug-2015 13:18:33))
Sending msg to client activator-f97f4107-b4bf-4de5-bb2f-f73916f0d60a: DetachedLogEvent(LogMessage(debug,> server-post-command-cleanup))
Sending msg to client activator-f97f4107-b4bf-4de5-bb2f-f73916f0d60a: ExecutionSuccess(87)
Sending msg to client activator-f97f4107-b4bf-4de5-bb2f-f73916f0d60a: DetachedLogEvent(LogMessage(debug,> server-handle-next-server-request))
Sending msg to client activator-f97f4107-b4bf-4de5-bb2f-f73916f0d60a: BackgroundJobLogEvent(1,LogMessage(info,))
Sending msg to client activator-f97f4107-b4bf-4de5-bb2f-f73916f0d60a: BackgroundJobLogEvent(1,LogMessage(info,--- (RELOAD) ---))
Sending msg to client activator-f97f4107-b4bf-4de5-bb2f-f73916f0d60a: BackgroundJobLogEvent(1,LogMessage(info,))
Sending msg to client activator-f97f4107-b4bf-4de5-bb2f-f73916f0d60a: BackgroundJobLogEvent(1,LogMessage(info,play - database [default] connected at jdbc:h2:mem:play))
Sending msg to client activator-f97f4107-b4bf-4de5-bb2f-f73916f0d60a: BackgroundJobLogEvent(1,LogMessage(info,play - Application started (Dev)))
