New log file opened at Mon Aug 17 16:20:07 CEST 2015 by 9044@Obsidian
Sending msg to client activator-4147145a-b23a-410b-96ff-b7c321747779: TaskFinished(51,10145,Some(AttributeKey[scala.collection.Seq[java.io.File]]("webJarsNodeModules") in Scope(Build: file:/C:/Users/Mike/Documents/GitHub/myPAL/myPAL/, , Project: ProjectReference(file:/C:/Users/Mike/Documents/GitHub/myPAL/myPAL/,root), Config: web-plugin)),true,None)
Sending msg to client activator-4147145a-b23a-410b-96ff-b7c321747779: TaskStarted(51,10144,None)
Sending msg to client activator-4147145a-b23a-410b-96ff-b7c321747779: TaskFinished(51,10144,None,true,None)
Sending msg to client activator-4147145a-b23a-410b-96ff-b7c321747779: TaskStarted(51,10143,None)
Sending msg to client activator-4147145a-b23a-410b-96ff-b7c321747779: TaskFinished(51,10143,None,true,None)
Sending msg to client activator-4147145a-b23a-410b-96ff-b7c321747779: TaskStarted(51,10142,Some(AttributeKey[scala.collection.Seq[java.io.File]]("webNodeModules") in Scope(Build: file:/C:/Users/Mike/Documents/GitHub/myPAL/myPAL/, , Project: ProjectReference(file:/C:/Users/Mike/Documents/GitHub/myPAL/myPAL/,root), Config: web-plugin)))
Sending msg to client activator-4147145a-b23a-410b-96ff-b7c321747779: TaskFinished(51,10142,Some(AttributeKey[scala.collection.Seq[java.io.File]]("webNodeModules") in Scope(Build: file:/C:/Users/Mike/Documents/GitHub/myPAL/myPAL/, , Project: ProjectReference(file:/C:/Users/Mike/Documents/GitHub/myPAL/myPAL/,root), Config: web-plugin)),true,None)
Sending msg to client activator-4147145a-b23a-410b-96ff-b7c321747779: TaskStarted(51,10141,None)
Sending msg to client activator-4147145a-b23a-410b-96ff-b7c321747779: TaskStarted(51,10189,None)
Sending msg to client activator-4147145a-b23a-410b-96ff-b7c321747779: TaskStarted(51,10191,None)
Sending msg to client activator-4147145a-b23a-410b-96ff-b7c321747779: TaskStarted(51,10194,None)
Sending msg to client activator-4147145a-b23a-410b-96ff-b7c321747779: TaskStarted(51,10196,Some(AttributeKey[scala.Option[java.io.File]]("jshintResolvedConfig") in Scope(Build: file:/C:/Users/Mike/Documents/GitHub/myPAL/myPAL/, , Project: ProjectReference(file:/C:/Users/Mike/Documents/GitHub/myPAL/myPAL/,root))))
Sending msg to client activator-4147145a-b23a-410b-96ff-b7c321747779: TaskStarted(51,10202,None)
Sending msg to client activator-4147145a-b23a-410b-96ff-b7c321747779: TaskStarted(51,10204,None)
Sending msg to client activator-4147145a-b23a-410b-96ff-b7c321747779: TaskStarted(51,10205,None)
Sending msg to client activator-4147145a-b23a-410b-96ff-b7c321747779: TaskStarted(51,10211,None)
Sending msg to client activator-4147145a-b23a-410b-96ff-b7c321747779: TaskStarted(51,10212,None)
Sending msg to client activator-4147145a-b23a-410b-96ff-b7c321747779: TaskStarted(51,10213,None)
Sending msg to client activator-4147145a-b23a-410b-96ff-b7c321747779: TaskStarted(51,10214,Some(AttributeKey[java.lang.String]("jstaskJsOptions") in Scope(Build: file:/C:/Users/Mike/Documents/GitHub/myPAL/myPAL/, , Project: ProjectReference(file:/C:/Users/Mike/Documents/GitHub/myPAL/myPAL/,root), Config: web-assets, Task: AttributeKey[scala.collection.Seq[java.io.File]]("less"))))
Sending msg to client activator-4147145a-b23a-410b-96ff-b7c321747779: TaskStarted(51,10219,None)
Sending msg to client activator-4147145a-b23a-410b-96ff-b7c321747779: TaskStarted(51,10220,None)
Sending msg to client activator-4147145a-b23a-410b-96ff-b7c321747779: TaskStarted(51,10222,Some(AttributeKey[java.lang.String]("jstaskJsOptions") in Scope(Build: file:/C:/Users/Mike/Documents/GitHub/myPAL/myPAL/, , Project: ProjectReference(file:/C:/Users/Mike/Documents/GitHub/myPAL/myPAL/,root), Config: web-assets, Task: AttributeKey[scala.collection.Seq[java.io.File]]("coffeescript"))))
Sending msg to client activator-4147145a-b23a-410b-96ff-b7c321747779: TaskStarted(51,10227,None)
Sending msg to client activator-4147145a-b23a-410b-96ff-b7c321747779: TaskFinished(51,10194,None,true,None)
Sending msg to client activator-4147145a-b23a-410b-96ff-b7c321747779: TaskStarted(51,10193,Some(AttributeKey[sbt.LoggerReporter]("webReporter") in Scope(Build: file:/C:/Users/Mike/Documents/GitHub/myPAL/myPAL/, , Project: ProjectReference(file:/C:/Users/Mike/Documents/GitHub/myPAL/myPAL/,root))))
Sending msg to client activator-4147145a-b23a-410b-96ff-b7c321747779: TaskFinished(51,10204,None,true,None)
Sending msg to client activator-4147145a-b23a-410b-96ff-b7c321747779: TaskStarted(51,10203,Some(AttributeKey[java.io.File]("jstaskShellSource") in Scope(Build: file:/C:/Users/Mike/Documents/GitHub/myPAL/myPAL/, , Project: ProjectReference(file:/C:/Users/Mike/Documents/GitHub/myPAL/myPAL/,root), Task: AttributeKey[scala.collection.Seq[java.io.File]]("jshint"))))
Sending msg to client activator-4147145a-b23a-410b-96ff-b7c321747779: TaskFinished(51,10205,None,true,None)
Sending msg to client activator-4147145a-b23a-410b-96ff-b7c321747779: TaskFinished(51,10202,None,true,None)
Sending msg to client activator-4147145a-b23a-410b-96ff-b7c321747779: TaskStarted(51,10201,None)
Sending msg to client activator-4147145a-b23a-410b-96ff-b7c321747779: TaskFinished(51,10196,Some(AttributeKey[scala.Option[java.io.File]]("jshintResolvedConfig") in Scope(Build: file:/C:/Users/Mike/Documents/GitHub/myPAL/myPAL/, , Project: ProjectReference(file:/C:/Users/Mike/Documents/GitHub/myPAL/myPAL/,root))),true,None)
Sending msg to client activator-4147145a-b23a-410b-96ff-b7c321747779: TaskStarted(51,10195,Some(AttributeKey[java.lang.String]("jstaskJsOptions") in Scope(Build: file:/C:/Users/Mike/Documents/GitHub/myPAL/myPAL/, , Project: ProjectReference(file:/C:/Users/Mike/Documents/GitHub/myPAL/myPAL/,root), Task: AttributeKey[scala.collection.Seq[java.io.File]]("jshint"))))
Sending msg to client activator-4147145a-b23a-410b-96ff-b7c321747779: TaskFinished(51,10211,None,true,None)
Sending msg to client activator-4147145a-b23a-410b-96ff-b7c321747779: TaskStarted(51,10210,None)
Sending msg to client activator-4147145a-b23a-410b-96ff-b7c321747779: TaskFinished(51,10212,None,true,None)
Sending msg to client activator-4147145a-b23a-410b-96ff-b7c321747779: TaskFinished(51,10213,None,true,None)
Sending msg to client activator-4147145a-b23a-410b-96ff-b7c321747779: TaskStarted(51,10215,Some(AttributeKey[java.io.File]("jstaskShellSource") in Scope(Build: file:/C:/Users/Mike/Documents/GitHub/myPAL/myPAL/, , Project: ProjectReference(file:/C:/Users/Mike/Documents/GitHub/myPAL/myPAL/,root), Task: AttributeKey[scala.collection.Seq[java.io.File]]("less"))))
Sending msg to client activator-4147145a-b23a-410b-96ff-b7c321747779: TaskFinished(51,10214,Some(AttributeKey[java.lang.String]("jstaskJsOptions") in Scope(Build: file:/C:/Users/Mike/Documents/GitHub/myPAL/myPAL/, , Project: ProjectReference(file:/C:/Users/Mike/Documents/GitHub/myPAL/myPAL/,root), Config: web-assets, Task: AttributeKey[scala.collection.Seq[java.io.File]]("less"))),true,None)
Sending msg to client activator-4147145a-b23a-410b-96ff-b7c321747779: TaskStarted(51,10216,Some(AttributeKey[com.typesafe.sbt.web.incremental.OpInputHasher[java.io.File]]("jstaskFileInputHasher") in Scope(Build: file:/C:/Users/Mike/Documents/GitHub/myPAL/myPAL/, , Project: ProjectReference(file:/C:/Users/Mike/Documents/GitHub/myPAL/myPAL/,root), Config: web-assets, Task: AttributeKey[scala.collection.Seq[java.io.File]]("less"))))
Sending msg to client activator-4147145a-b23a-410b-96ff-b7c321747779: TaskFinished(51,10219,None,true,None)
Sending msg to client activator-4147145a-b23a-410b-96ff-b7c321747779: TaskStarted(51,10218,Some(AttributeKey[java.io.File]("jstaskShellSource") in Scope(Build: file:/C:/Users/Mike/Documents/GitHub/myPAL/myPAL/, , Project: ProjectReference(file:/C:/Users/Mike/Documents/GitHub/myPAL/myPAL/,root), Task: AttributeKey[scala.collection.Seq[java.io.File]]("coffeescript"))))
Sending msg to client activator-4147145a-b23a-410b-96ff-b7c321747779: TaskFinished(51,10220,None,true,None)
Sending msg to client activator-4147145a-b23a-410b-96ff-b7c321747779: TaskFinished(51,10222,Some(AttributeKey[java.lang.String]("jstaskJsOptions") in Scope(Build: file:/C:/Users/Mike/Documents/GitHub/myPAL/myPAL/, , Project: ProjectReference(file:/C:/Users/Mike/Documents/GitHub/myPAL/myPAL/,root), Config: web-assets, Task: AttributeKey[scala.collection.Seq[java.io.File]]("coffeescript"))),true,None)
Sending msg to client activator-4147145a-b23a-410b-96ff-b7c321747779: TaskStarted(51,10221,Some(AttributeKey[com.typesafe.sbt.web.incremental.OpInputHasher[java.io.File]]("jstaskFileInputHasher") in Scope(Build: file:/C:/Users/Mike/Documents/GitHub/myPAL/myPAL/, , Project: ProjectReference(file:/C:/Users/Mike/Documents/GitHub/myPAL/myPAL/,root), Config: web-assets, Task: AttributeKey[scala.collection.Seq[java.io.File]]("coffeescript"))))
Sending msg to client activator-4147145a-b23a-410b-96ff-b7c321747779: TaskFinished(51,10227,None,true,None)
Sending msg to client activator-4147145a-b23a-410b-96ff-b7c321747779: TaskStarted(51,10226,None)
Sending msg to client activator-4147145a-b23a-410b-96ff-b7c321747779: TaskFinished(51,10193,Some(AttributeKey[sbt.LoggerReporter]("webReporter") in Scope(Build: file:/C:/Users/Mike/Documents/GitHub/myPAL/myPAL/, , Project: ProjectReference(file:/C:/Users/Mike/Documents/GitHub/myPAL/myPAL/,root))),true,None)
Sending msg to client activator-4147145a-b23a-410b-96ff-b7c321747779: TaskStarted(51,10229,None)
Sending msg to client activator-4147145a-b23a-410b-96ff-b7c321747779: TaskFinished(51,10195,Some(AttributeKey[java.lang.String]("jstaskJsOptions") in Scope(Build: file:/C:/Users/Mike/Documents/GitHub/myPAL/myPAL/, , Project: ProjectReference(file:/C:/Users/Mike/Documents/GitHub/myPAL/myPAL/,root), Task: AttributeKey[scala.collection.Seq[java.io.File]]("jshint"))),true,None)
Sending msg to client activator-4147145a-b23a-410b-96ff-b7c321747779: TaskStarted(51,10197,Some(AttributeKey[com.typesafe.sbt.web.incremental.OpInputHasher[java.io.File]]("jstaskFileInputHasher") in Scope(Build: file:/C:/Users/Mike/Documents/GitHub/myPAL/myPAL/, , Project: ProjectReference(file:/C:/Users/Mike/Documents/GitHub/myPAL/myPAL/,root), Config: web-assets, Task: AttributeKey[scala.collection.Seq[java.io.File]]("jshint"))))
Sending msg to client activator-4147145a-b23a-410b-96ff-b7c321747779: TaskStarted(51,10231,None)
Sending msg to client activator-4147145a-b23a-410b-96ff-b7c321747779: TaskFinished(51,10203,Some(AttributeKey[java.io.File]("jstaskShellSource") in Scope(Build: file:/C:/Users/Mike/Documents/GitHub/myPAL/myPAL/, , Project: ProjectReference(file:/C:/Users/Mike/Documents/GitHub/myPAL/myPAL/,root), Task: AttributeKey[scala.collection.Seq[java.io.File]]("jshint"))),true,None)
Sending msg to client activator-4147145a-b23a-410b-96ff-b7c321747779: TaskFinished(51,10216,Some(AttributeKey[com.typesafe.sbt.web.incremental.OpInputHasher[java.io.File]]("jstaskFileInputHasher") in Scope(Build: file:/C:/Users/Mike/Documents/GitHub/myPAL/myPAL/, , Project: ProjectReference(file:/C:/Users/Mike/Documents/GitHub/myPAL/myPAL/,root), Config: web-assets, Task: AttributeKey[scala.collection.Seq[java.io.File]]("less"))),true,None)
Sending msg to client activator-4147145a-b23a-410b-96ff-b7c321747779: TaskFinished(51,10215,Some(AttributeKey[java.io.File]("jstaskShellSource") in Scope(Build: file:/C:/Users/Mike/Documents/GitHub/myPAL/myPAL/, , Project: ProjectReference(file:/C:/Users/Mike/Documents/GitHub/myPAL/myPAL/,root), Task: AttributeKey[scala.collection.Seq[java.io.File]]("less"))),true,None)
Sending msg to client activator-4147145a-b23a-410b-96ff-b7c321747779: TaskFinished(51,10221,Some(AttributeKey[com.typesafe.sbt.web.incremental.OpInputHasher[java.io.File]]("jstaskFileInputHasher") in Scope(Build: file:/C:/Users/Mike/Documents/GitHub/myPAL/myPAL/, , Project: ProjectReference(file:/C:/Users/Mike/Documents/GitHub/myPAL/myPAL/,root), Config: web-assets, Task: AttributeKey[scala.collection.Seq[java.io.File]]("coffeescript"))),true,None)
Sending msg to client activator-4147145a-b23a-410b-96ff-b7c321747779: TaskStarted(51,10233,None)
Sending msg to client activator-4147145a-b23a-410b-96ff-b7c321747779: TaskFinished(51,10229,None,true,None)
Sending msg to client activator-4147145a-b23a-410b-96ff-b7c321747779: TaskStarted(51,10228,None)
Sending msg to client activator-4147145a-b23a-410b-96ff-b7c321747779: TaskFinished(51,10218,Some(AttributeKey[java.io.File]("jstaskShellSource") in Scope(Build: file:/C:/Users/Mike/Documents/GitHub/myPAL/myPAL/, , Project: ProjectReference(file:/C:/Users/Mike/Documents/GitHub/myPAL/myPAL/,root), Task: AttributeKey[scala.collection.Seq[java.io.File]]("coffeescript"))),true,None)
Sending msg to client activator-4147145a-b23a-410b-96ff-b7c321747779: TaskFinished(51,10197,Some(AttributeKey[com.typesafe.sbt.web.incremental.OpInputHasher[java.io.File]]("jstaskFileInputHasher") in Scope(Build: file:/C:/Users/Mike/Documents/GitHub/myPAL/myPAL/, , Project: ProjectReference(file:/C:/Users/Mike/Documents/GitHub/myPAL/myPAL/,root), Config: web-assets, Task: AttributeKey[scala.collection.Seq[java.io.File]]("jshint"))),true,None)
Sending msg to client activator-4147145a-b23a-410b-96ff-b7c321747779: TaskFinished(51,10231,None,true,None)
Sending msg to client activator-4147145a-b23a-410b-96ff-b7c321747779: TaskStarted(51,10230,None)
Sending msg to client activator-4147145a-b23a-410b-96ff-b7c321747779: TaskFinished(51,10233,None,true,None)
Sending msg to client activator-4147145a-b23a-410b-96ff-b7c321747779: TaskStarted(51,10232,None)
Sending msg to client activator-4147145a-b23a-410b-96ff-b7c321747779: TaskFinished(51,10228,None,true,None)
Sending msg to client activator-4147145a-b23a-410b-96ff-b7c321747779: TaskFinished(51,10201,None,true,None)
Sending msg to client activator-4147145a-b23a-410b-96ff-b7c321747779: TaskStarted(51,10200,None)
Sending msg to client activator-4147145a-b23a-410b-96ff-b7c321747779: TaskFinished(51,10230,None,true,None)
Sending msg to client activator-4147145a-b23a-410b-96ff-b7c321747779: TaskFinished(51,10210,None,true,None)
Sending msg to client activator-4147145a-b23a-410b-96ff-b7c321747779: TaskStarted(51,10209,None)
Sending msg to client activator-4147145a-b23a-410b-96ff-b7c321747779: TaskFinished(51,10232,None,true,None)
Sending msg to client activator-4147145a-b23a-410b-96ff-b7c321747779: TaskFinished(51,10226,None,true,None)
Sending msg to client activator-4147145a-b23a-410b-96ff-b7c321747779: TaskStarted(51,10225,None)
Sending msg to client activator-4147145a-b23a-410b-96ff-b7c321747779: TaskFinished(51,10200,None,true,None)
Sending msg to client activator-4147145a-b23a-410b-96ff-b7c321747779: TaskStarted(51,10199,Some(AttributeKey[scala.collection.Seq[java.io.File]]("managedSources") in Scope(Build: file:/C:/Users/Mike/Documents/GitHub/myPAL/myPAL/, , Project: ProjectReference(file:/C:/Users/Mike/Documents/GitHub/myPAL/myPAL/,root), Config: web-assets, Task: AttributeKey[scala.collection.Seq[java.io.File]]("jshint"))))
Sending msg to client activator-4147145a-b23a-410b-96ff-b7c321747779: TaskFinished(51,10209,None,true,None)
Sending msg to client activator-4147145a-b23a-410b-96ff-b7c321747779: TaskStarted(51,10208,Some(AttributeKey[scala.collection.Seq[java.io.File]]("managedSources") in Scope(Build: file:/C:/Users/Mike/Documents/GitHub/myPAL/myPAL/, , Project: ProjectReference(file:/C:/Users/Mike/Documents/GitHub/myPAL/myPAL/,root), Config: web-assets, Task: AttributeKey[scala.collection.Seq[java.io.File]]("less"))))
Sending msg to client activator-4147145a-b23a-410b-96ff-b7c321747779: TaskFinished(51,10225,None,true,None)
Sending msg to client activator-4147145a-b23a-410b-96ff-b7c321747779: TaskStarted(51,10224,Some(AttributeKey[scala.collection.Seq[java.io.File]]("managedSources") in Scope(Build: file:/C:/Users/Mike/Documents/GitHub/myPAL/myPAL/, , Project: ProjectReference(file:/C:/Users/Mike/Documents/GitHub/myPAL/myPAL/,root), Config: web-assets, Task: AttributeKey[scala.collection.Seq[java.io.File]]("coffeescript"))))
Sending msg to client activator-4147145a-b23a-410b-96ff-b7c321747779: TaskFinished(51,10199,Some(AttributeKey[scala.collection.Seq[java.io.File]]("managedSources") in Scope(Build: file:/C:/Users/Mike/Documents/GitHub/myPAL/myPAL/, , Project: ProjectReference(file:/C:/Users/Mike/Documents/GitHub/myPAL/myPAL/,root), Config: web-assets, Task: AttributeKey[scala.collection.Seq[java.io.File]]("jshint"))),true,None)
Sending msg to client activator-4147145a-b23a-410b-96ff-b7c321747779: TaskStarted(51,10198,Some(AttributeKey[scala.collection.Seq[java.io.File]]("sources") in Scope(Build: file:/C:/Users/Mike/Documents/GitHub/myPAL/myPAL/, , Project: ProjectReference(file:/C:/Users/Mike/Documents/GitHub/myPAL/myPAL/,root), Config: web-assets, Task: AttributeKey[scala.collection.Seq[java.io.File]]("jshint"))))
Sending msg to client activator-4147145a-b23a-410b-96ff-b7c321747779: TaskFinished(51,10208,Some(AttributeKey[scala.collection.Seq[java.io.File]]("managedSources") in Scope(Build: file:/C:/Users/Mike/Documents/GitHub/myPAL/myPAL/, , Project: ProjectReference(file:/C:/Users/Mike/Documents/GitHub/myPAL/myPAL/,root), Config: web-assets, Task: AttributeKey[scala.collection.Seq[java.io.File]]("less"))),true,None)
Sending msg to client activator-4147145a-b23a-410b-96ff-b7c321747779: TaskStarted(51,10207,Some(AttributeKey[scala.collection.Seq[java.io.File]]("sources") in Scope(Build: file:/C:/Users/Mike/Documents/GitHub/myPAL/myPAL/, , Project: ProjectReference(file:/C:/Users/Mike/Documents/GitHub/myPAL/myPAL/,root), Config: web-assets, Task: AttributeKey[scala.collection.Seq[java.io.File]]("less"))))
Sending msg to client activator-4147145a-b23a-410b-96ff-b7c321747779: TaskFinished(51,10224,Some(AttributeKey[scala.collection.Seq[java.io.File]]("managedSources") in Scope(Build: file:/C:/Users/Mike/Documents/GitHub/myPAL/myPAL/, , Project: ProjectReference(file:/C:/Users/Mike/Documents/GitHub/myPAL/myPAL/,root), Config: web-assets, Task: AttributeKey[scala.collection.Seq[java.io.File]]("coffeescript"))),true,None)
Sending msg to client activator-4147145a-b23a-410b-96ff-b7c321747779: TaskStarted(51,10223,Some(AttributeKey[scala.collection.Seq[java.io.File]]("sources") in Scope(Build: file:/C:/Users/Mike/Documents/GitHub/myPAL/myPAL/, , Project: ProjectReference(file:/C:/Users/Mike/Documents/GitHub/myPAL/myPAL/,root), Config: web-assets, Task: AttributeKey[scala.collection.Seq[java.io.File]]("coffeescript"))))
Sending msg to client activator-4147145a-b23a-410b-96ff-b7c321747779: TaskFinished(51,10198,Some(AttributeKey[scala.collection.Seq[java.io.File]]("sources") in Scope(Build: file:/C:/Users/Mike/Documents/GitHub/myPAL/myPAL/, , Project: ProjectReference(file:/C:/Users/Mike/Documents/GitHub/myPAL/myPAL/,root), Config: web-assets, Task: AttributeKey[scala.collection.Seq[java.io.File]]("jshint"))),true,None)
Sending msg to client activator-4147145a-b23a-410b-96ff-b7c321747779: TaskStarted(51,10192,None)
Sending msg to client activator-4147145a-b23a-410b-96ff-b7c321747779: TaskFinished(51,10207,Some(AttributeKey[scala.collection.Seq[java.io.File]]("sources") in Scope(Build: file:/C:/Users/Mike/Documents/GitHub/myPAL/myPAL/, , Project: ProjectReference(file:/C:/Users/Mike/Documents/GitHub/myPAL/myPAL/,root), Config: web-assets, Task: AttributeKey[scala.collection.Seq[java.io.File]]("less"))),true,None)
Sending msg to client activator-4147145a-b23a-410b-96ff-b7c321747779: TaskStarted(51,10206,None)
Sending msg to client activator-4147145a-b23a-410b-96ff-b7c321747779: TaskFinished(51,10223,Some(AttributeKey[scala.collection.Seq[java.io.File]]("sources") in Scope(Build: file:/C:/Users/Mike/Documents/GitHub/myPAL/myPAL/, , Project: ProjectReference(file:/C:/Users/Mike/Documents/GitHub/myPAL/myPAL/,root), Config: web-assets, Task: AttributeKey[scala.collection.Seq[java.io.File]]("coffeescript"))),true,None)
Sending msg to client activator-4147145a-b23a-410b-96ff-b7c321747779: TaskStarted(51,10217,None)
Sending msg to client activator-4147145a-b23a-410b-96ff-b7c321747779: TaskFinished(51,10192,None,true,None)
Sending msg to client activator-4147145a-b23a-410b-96ff-b7c321747779: TaskFinished(51,10141,None,true,None)
Sending msg to client activator-4147145a-b23a-410b-96ff-b7c321747779: TaskStarted(51,10140,Some(AttributeKey[scala.collection.Seq[java.io.File]]("jshint") in Scope(Build: file:/C:/Users/Mike/Documents/GitHub/myPAL/myPAL/, , Project: ProjectReference(file:/C:/Users/Mike/Documents/GitHub/myPAL/myPAL/,root), Config: web-assets)))
Sending msg to client activator-4147145a-b23a-410b-96ff-b7c321747779: TaskFinished(51,10217,None,true,None)
Sending msg to client activator-4147145a-b23a-410b-96ff-b7c321747779: TaskFinished(51,10191,None,true,None)
Sending msg to client activator-4147145a-b23a-410b-96ff-b7c321747779: TaskStarted(51,10190,Some(AttributeKey[scala.collection.Seq[java.io.File]]("coffeescript") in Scope(Build: file:/C:/Users/Mike/Documents/GitHub/myPAL/myPAL/, , Project: ProjectReference(file:/C:/Users/Mike/Documents/GitHub/myPAL/myPAL/,root), Config: web-assets)))
Sending msg to client activator-4147145a-b23a-410b-96ff-b7c321747779: TaskFinished(51,10206,None,true,None)
Sending msg to client activator-4147145a-b23a-410b-96ff-b7c321747779: TaskFinished(51,10189,None,true,None)
Sending msg to client activator-4147145a-b23a-410b-96ff-b7c321747779: TaskStarted(51,10188,Some(AttributeKey[scala.collection.Seq[java.io.File]]("less") in Scope(Build: file:/C:/Users/Mike/Documents/GitHub/myPAL/myPAL/, , Project: ProjectReference(file:/C:/Users/Mike/Documents/GitHub/myPAL/myPAL/,root), Config: web-assets)))
Sending msg to client activator-4147145a-b23a-410b-96ff-b7c321747779: TaskFinished(51,10140,Some(AttributeKey[scala.collection.Seq[java.io.File]]("jshint") in Scope(Build: file:/C:/Users/Mike/Documents/GitHub/myPAL/myPAL/, , Project: ProjectReference(file:/C:/Users/Mike/Documents/GitHub/myPAL/myPAL/,root), Config: web-assets)),true,None)
Sending msg to client activator-4147145a-b23a-410b-96ff-b7c321747779: TaskFinished(51,10190,Some(AttributeKey[scala.collection.Seq[java.io.File]]("coffeescript") in Scope(Build: file:/C:/Users/Mike/Documents/GitHub/myPAL/myPAL/, , Project: ProjectReference(file:/C:/Users/Mike/Documents/GitHub/myPAL/myPAL/,root), Config: web-assets)),true,None)
Sending msg to client activator-4147145a-b23a-410b-96ff-b7c321747779: TaskFinished(51,10155,None,true,None)
Sending msg to client activator-4147145a-b23a-410b-96ff-b7c321747779: TaskStarted(51,10154,Some(AttributeKey[scala.collection.Seq[java.io.File]]("coffeescript") in Scope(Build: file:/C:/Users/Mike/Documents/GitHub/myPAL/myPAL/, , Project: ProjectReference(file:/C:/Users/Mike/Documents/GitHub/myPAL/myPAL/,root), Config: web-assets)))
Sending msg to client activator-4147145a-b23a-410b-96ff-b7c321747779: TaskFinished(51,10188,Some(AttributeKey[scala.collection.Seq[java.io.File]]("less") in Scope(Build: file:/C:/Users/Mike/Documents/GitHub/myPAL/myPAL/, , Project: ProjectReference(file:/C:/Users/Mike/Documents/GitHub/myPAL/myPAL/,root), Config: web-assets)),true,None)
Sending msg to client activator-4147145a-b23a-410b-96ff-b7c321747779: TaskFinished(51,10148,None,true,None)
Sending msg to client activator-4147145a-b23a-410b-96ff-b7c321747779: TaskStarted(51,10147,Some(AttributeKey[scala.collection.Seq[java.io.File]]("less") in Scope(Build: file:/C:/Users/Mike/Documents/GitHub/myPAL/myPAL/, , Project: ProjectReference(file:/C:/Users/Mike/Documents/GitHub/myPAL/myPAL/,root), Config: web-assets)))
Sending msg to client activator-4147145a-b23a-410b-96ff-b7c321747779: TaskFinished(51,10154,Some(AttributeKey[scala.collection.Seq[java.io.File]]("coffeescript") in Scope(Build: file:/C:/Users/Mike/Documents/GitHub/myPAL/myPAL/, , Project: ProjectReference(file:/C:/Users/Mike/Documents/GitHub/myPAL/myPAL/,root), Config: web-assets)),true,None)
Sending msg to client activator-4147145a-b23a-410b-96ff-b7c321747779: TaskFinished(51,10147,Some(AttributeKey[scala.collection.Seq[java.io.File]]("less") in Scope(Build: file:/C:/Users/Mike/Documents/GitHub/myPAL/myPAL/, , Project: ProjectReference(file:/C:/Users/Mike/Documents/GitHub/myPAL/myPAL/,root), Config: web-assets)),true,None)
Sending msg to client activator-4147145a-b23a-410b-96ff-b7c321747779: TaskStarted(51,10139,None)
Sending msg to client activator-4147145a-b23a-410b-96ff-b7c321747779: TaskFinished(51,10139,None,true,None)
Sending msg to client activator-4147145a-b23a-410b-96ff-b7c321747779: TaskStarted(51,10138,None)
Sending msg to client activator-4147145a-b23a-410b-96ff-b7c321747779: TaskFinished(51,10138,None,true,None)
Sending msg to client activator-4147145a-b23a-410b-96ff-b7c321747779: TaskStarted(51,10137,Some(AttributeKey[scala.collection.Seq[java.io.File]]("managedResources") in Scope(Build: file:/C:/Users/Mike/Documents/GitHub/myPAL/myPAL/, , Project: ProjectReference(file:/C:/Users/Mike/Documents/GitHub/myPAL/myPAL/,root), Config: web-assets)))
Sending msg to client activator-4147145a-b23a-410b-96ff-b7c321747779: TaskFinished(51,10137,Some(AttributeKey[scala.collection.Seq[java.io.File]]("managedResources") in Scope(Build: file:/C:/Users/Mike/Documents/GitHub/myPAL/myPAL/, , Project: ProjectReference(file:/C:/Users/Mike/Documents/GitHub/myPAL/myPAL/,root), Config: web-assets)),true,None)
Sending msg to client activator-4147145a-b23a-410b-96ff-b7c321747779: TaskStarted(51,10135,Some(AttributeKey[scala.collection.Seq[java.io.File]]("resources") in Scope(Build: file:/C:/Users/Mike/Documents/GitHub/myPAL/myPAL/, , Project: ProjectReference(file:/C:/Users/Mike/Documents/GitHub/myPAL/myPAL/,root), Config: web-assets)))
Sending msg to client activator-4147145a-b23a-410b-96ff-b7c321747779: TaskFinished(51,10135,Some(AttributeKey[scala.collection.Seq[java.io.File]]("resources") in Scope(Build: file:/C:/Users/Mike/Documents/GitHub/myPAL/myPAL/, , Project: ProjectReference(file:/C:/Users/Mike/Documents/GitHub/myPAL/myPAL/,root), Config: web-assets)),true,None)
Sending msg to client activator-4147145a-b23a-410b-96ff-b7c321747779: TaskStarted(51,10129,Some(AttributeKey[scala.collection.Seq[scala.Tuple2[java.io.File,java.lang.String]]]("mappings") in Scope(Build: file:/C:/Users/Mike/Documents/GitHub/myPAL/myPAL/, , Project: ProjectReference(file:/C:/Users/Mike/Documents/GitHub/myPAL/myPAL/,root), Config: web-assets)))
Sending msg to client activator-4147145a-b23a-410b-96ff-b7c321747779: TaskFinished(51,10129,Some(AttributeKey[scala.collection.Seq[scala.Tuple2[java.io.File,java.lang.String]]]("mappings") in Scope(Build: file:/C:/Users/Mike/Documents/GitHub/myPAL/myPAL/, , Project: ProjectReference(file:/C:/Users/Mike/Documents/GitHub/myPAL/myPAL/,root), Config: web-assets)),true,None)
Sending msg to client activator-4147145a-b23a-410b-96ff-b7c321747779: TaskStarted(51,10128,Some(AttributeKey[scala.collection.Seq[scala.Tuple2[java.io.File,java.lang.String]]]("mappings") in Scope(Build: file:/C:/Users/Mike/Documents/GitHub/myPAL/myPAL/, , Project: ProjectReference(file:/C:/Users/Mike/Documents/GitHub/myPAL/myPAL/,root), Config: web-assets)))
Sending msg to client activator-4147145a-b23a-410b-96ff-b7c321747779: TaskFinished(51,10128,Some(AttributeKey[scala.collection.Seq[scala.Tuple2[java.io.File,java.lang.String]]]("mappings") in Scope(Build: file:/C:/Users/Mike/Documents/GitHub/myPAL/myPAL/, , Project: ProjectReference(file:/C:/Users/Mike/Documents/GitHub/myPAL/myPAL/,root), Config: web-assets)),true,None)
Sending msg to client activator-4147145a-b23a-410b-96ff-b7c321747779: TaskStarted(51,10127,Some(AttributeKey[scala.collection.Seq[scala.Tuple2[java.io.File,java.lang.String]]]("mappings") in Scope(Build: file:/C:/Users/Mike/Documents/GitHub/myPAL/myPAL/, , Project: ProjectReference(file:/C:/Users/Mike/Documents/GitHub/myPAL/myPAL/,root), Config: web-assets)))
Sending msg to client activator-4147145a-b23a-410b-96ff-b7c321747779: TaskFinished(51,10127,Some(AttributeKey[scala.collection.Seq[scala.Tuple2[java.io.File,java.lang.String]]]("mappings") in Scope(Build: file:/C:/Users/Mike/Documents/GitHub/myPAL/myPAL/, , Project: ProjectReference(file:/C:/Users/Mike/Documents/GitHub/myPAL/myPAL/,root), Config: web-assets)),true,None)
Sending msg to client activator-4147145a-b23a-410b-96ff-b7c321747779: TaskStarted(51,10126,Some(AttributeKey[java.io.File]("assets") in Scope(Build: file:/C:/Users/Mike/Documents/GitHub/myPAL/myPAL/, , Project: ProjectReference(file:/C:/Users/Mike/Documents/GitHub/myPAL/myPAL/,root), Config: web-assets)))
Sending msg to client activator-4147145a-b23a-410b-96ff-b7c321747779: TaskFinished(51,10126,Some(AttributeKey[java.io.File]("assets") in Scope(Build: file:/C:/Users/Mike/Documents/GitHub/myPAL/myPAL/, , Project: ProjectReference(file:/C:/Users/Mike/Documents/GitHub/myPAL/myPAL/,root), Config: web-assets)),true,None)
Sending msg to client activator-4147145a-b23a-410b-96ff-b7c321747779: TaskStarted(51,10125,None)
Sending msg to client activator-4147145a-b23a-410b-96ff-b7c321747779: TaskFinished(51,10125,None,true,None)
Sending msg to client activator-4147145a-b23a-410b-96ff-b7c321747779: TaskLogEvent(10107,LogMessage(debug,Scala compilation took 0.403547686 s))
Sending msg to client activator-4147145a-b23a-410b-96ff-b7c321747779: TaskLogEvent(10107,LogMessage(debug,New invalidations:
	Set()))
Sending msg to client activator-4147145a-b23a-410b-96ff-b7c321747779: TaskLogEvent(10107,LogMessage(debug,Initial set of included nodes: Set()))
Sending msg to client activator-4147145a-b23a-410b-96ff-b7c321747779: TaskLogEvent(10107,LogMessage(debug,Previously invalidated, but (transitively) depend on new invalidations:
	Set()))
Sending msg to client activator-4147145a-b23a-410b-96ff-b7c321747779: TaskLogEvent(10107,LogMessage(debug,All newly invalidated sources after taking into account (previously) recompiled sources:Set()))
Sending msg to client activator-4147145a-b23a-410b-96ff-b7c321747779: TaskFinished(51,10107,Some(AttributeKey[sbt.compiler.IC$Result]("compileIncremental") in Scope(Build: file:/C:/Users/Mike/Documents/GitHub/myPAL/myPAL/, , Project: ProjectReference(file:/C:/Users/Mike/Documents/GitHub/myPAL/myPAL/,root), Config: compile)),true,None)
Sending msg to client activator-4147145a-b23a-410b-96ff-b7c321747779: TaskStarted(51,10106,Some(AttributeKey[sbt.compiler.IC$Result]("manipulateBytecode") in Scope(Build: file:/C:/Users/Mike/Documents/GitHub/myPAL/myPAL/, , Project: ProjectReference(file:/C:/Users/Mike/Documents/GitHub/myPAL/myPAL/,root), Config: compile)))
Sending msg to client activator-4147145a-b23a-410b-96ff-b7c321747779: TaskFinished(51,10106,Some(AttributeKey[sbt.compiler.IC$Result]("manipulateBytecode") in Scope(Build: file:/C:/Users/Mike/Documents/GitHub/myPAL/myPAL/, , Project: ProjectReference(file:/C:/Users/Mike/Documents/GitHub/myPAL/myPAL/,root), Config: compile)),true,None)
Sending msg to client activator-4147145a-b23a-410b-96ff-b7c321747779: TaskStarted(51,10105,Some(AttributeKey[sbt.inc.Analysis]("compile") in Scope(Build: file:/C:/Users/Mike/Documents/GitHub/myPAL/myPAL/, , Project: ProjectReference(file:/C:/Users/Mike/Documents/GitHub/myPAL/myPAL/,root), Config: compile)))
Sending msg to client activator-4147145a-b23a-410b-96ff-b7c321747779: TaskFinished(51,10105,Some(AttributeKey[sbt.inc.Analysis]("compile") in Scope(Build: file:/C:/Users/Mike/Documents/GitHub/myPAL/myPAL/, , Project: ProjectReference(file:/C:/Users/Mike/Documents/GitHub/myPAL/myPAL/,root), Config: compile)),true,None)
Sending msg to client activator-4147145a-b23a-410b-96ff-b7c321747779: TaskStarted(51,10053,Some(AttributeKey[sbt.inc.Analysis]("compile") in Scope(Build: file:/C:/Users/Mike/Documents/GitHub/myPAL/myPAL/, , Project: ProjectReference(file:/C:/Users/Mike/Documents/GitHub/myPAL/myPAL/,root), Config: compile)))
Sending msg to client activator-4147145a-b23a-410b-96ff-b7c321747779: TaskFinished(51,10053,Some(AttributeKey[sbt.inc.Analysis]("compile") in Scope(Build: file:/C:/Users/Mike/Documents/GitHub/myPAL/myPAL/, , Project: ProjectReference(file:/C:/Users/Mike/Documents/GitHub/myPAL/myPAL/,root), Config: compile)),true,None)
Sending msg to client activator-4147145a-b23a-410b-96ff-b7c321747779: TaskStarted(51,10120,Some(AttributeKey[sbt.PluginDiscovery$DiscoveredNames]("discoveredSbtPlugins") in Scope(Build: file:/C:/Users/Mike/Documents/GitHub/myPAL/myPAL/, , Project: ProjectReference(file:/C:/Users/Mike/Documents/GitHub/myPAL/myPAL/,root), Config: compile)))
Sending msg to client activator-4147145a-b23a-410b-96ff-b7c321747779: TaskStarted(51,10124,Some(AttributeKey[sbt.inc.Analysis]("playAssetsWithCompilation") in Scope(Build: file:/C:/Users/Mike/Documents/GitHub/myPAL/myPAL/, , Project: ProjectReference(file:/C:/Users/Mike/Documents/GitHub/myPAL/myPAL/,root))))
Sending msg to client activator-4147145a-b23a-410b-96ff-b7c321747779: TaskStarted(51,10234,Some(AttributeKey[scala.collection.Seq[java.lang.String]]("discoveredMainClasses") in Scope(Build: file:/C:/Users/Mike/Documents/GitHub/myPAL/myPAL/, , Project: ProjectReference(file:/C:/Users/Mike/Documents/GitHub/myPAL/myPAL/,root), Config: compile)))
Sending msg to client activator-4147145a-b23a-410b-96ff-b7c321747779: TaskFinished(51,10120,Some(AttributeKey[sbt.PluginDiscovery$DiscoveredNames]("discoveredSbtPlugins") in Scope(Build: file:/C:/Users/Mike/Documents/GitHub/myPAL/myPAL/, , Project: ProjectReference(file:/C:/Users/Mike/Documents/GitHub/myPAL/myPAL/,root), Config: compile)),true,None)
Sending msg to client activator-4147145a-b23a-410b-96ff-b7c321747779: TaskStarted(51,10119,None)
Sending msg to client activator-4147145a-b23a-410b-96ff-b7c321747779: TaskFinished(51,10124,Some(AttributeKey[sbt.inc.Analysis]("playAssetsWithCompilation") in Scope(Build: file:/C:/Users/Mike/Documents/GitHub/myPAL/myPAL/, , Project: ProjectReference(file:/C:/Users/Mike/Documents/GitHub/myPAL/myPAL/,root))),true,None)
Sending msg to client activator-4147145a-b23a-410b-96ff-b7c321747779: TaskStarted(51,10123,None)
Sending msg to client activator-4147145a-b23a-410b-96ff-b7c321747779: TaskFinished(51,10123,None,true,None)
Sending msg to client activator-4147145a-b23a-410b-96ff-b7c321747779: TaskFinished(51,10005,Some(AttributeKey[scala.collection.Seq[sbt.inc.Analysis]]("playCompileEverything") in Scope(Build: file:/C:/Users/Mike/Documents/GitHub/myPAL/myPAL/, , Project: ProjectReference(file:/C:/Users/Mike/Documents/GitHub/myPAL/myPAL/,root))),true,None)
Sending msg to client activator-4147145a-b23a-410b-96ff-b7c321747779: TaskStarted(51,10004,Some(AttributeKey[sbt.inc.Analysis]("playReload") in Scope(Build: file:/C:/Users/Mike/Documents/GitHub/myPAL/myPAL/, , Project: ProjectReference(file:/C:/Users/Mike/Documents/GitHub/myPAL/myPAL/,root))))
Sending msg to client activator-4147145a-b23a-410b-96ff-b7c321747779: TaskFinished(51,10119,None,true,None)
Sending msg to client activator-4147145a-b23a-410b-96ff-b7c321747779: TaskStarted(51,10118,None)
Sending msg to client activator-4147145a-b23a-410b-96ff-b7c321747779: TaskFinished(51,10004,Some(AttributeKey[sbt.inc.Analysis]("playReload") in Scope(Build: file:/C:/Users/Mike/Documents/GitHub/myPAL/myPAL/, , Project: ProjectReference(file:/C:/Users/Mike/Documents/GitHub/myPAL/myPAL/,root))),true,None)
Sending msg to client activator-4147145a-b23a-410b-96ff-b7c321747779: TaskStarted(51,10003,None)
Sending msg to client activator-4147145a-b23a-410b-96ff-b7c321747779: TaskFinished(51,10234,Some(AttributeKey[scala.collection.Seq[java.lang.String]]("discoveredMainClasses") in Scope(Build: file:/C:/Users/Mike/Documents/GitHub/myPAL/myPAL/, , Project: ProjectReference(file:/C:/Users/Mike/Documents/GitHub/myPAL/myPAL/,root), Config: compile)),true,None)
Sending msg to client activator-4147145a-b23a-410b-96ff-b7c321747779: ValueChanged(AttributeKey[scala.collection.Seq[java.lang.String]]("discoveredMainClasses") in Scope(Build: file:/C:/Users/Mike/Documents/GitHub/myPAL/myPAL/, , Project: ProjectReference(file:/C:/Users/Mike/Documents/GitHub/myPAL/myPAL/,root), Config: compile),TaskSuccess(BuildValue(LazyValue(List(),scala.pickling.PicklerUnpickler$DelegatingPicklerUnpickler@27dcde49),List())))
Sending msg to client activator-4147145a-b23a-410b-96ff-b7c321747779: TaskFinished(51,10118,None,true,None)
Sending msg to client activator-4147145a-b23a-410b-96ff-b7c321747779: TaskStarted(51,10117,Some(AttributeKey[scala.collection.Seq[java.io.File]]("managedResources") in Scope(Build: file:/C:/Users/Mike/Documents/GitHub/myPAL/myPAL/, , Project: ProjectReference(file:/C:/Users/Mike/Documents/GitHub/myPAL/myPAL/,root), Config: compile)))
Sending msg to client activator-4147145a-b23a-410b-96ff-b7c321747779: TaskFinished(51,10003,None,true,None)
Sending msg to client activator-4147145a-b23a-410b-96ff-b7c321747779: TaskFinished(51,10117,Some(AttributeKey[scala.collection.Seq[java.io.File]]("managedResources") in Scope(Build: file:/C:/Users/Mike/Documents/GitHub/myPAL/myPAL/, , Project: ProjectReference(file:/C:/Users/Mike/Documents/GitHub/myPAL/myPAL/,root), Config: compile)),true,None)
Sending msg to client activator-4147145a-b23a-410b-96ff-b7c321747779: TaskStarted(51,10116,Some(AttributeKey[scala.collection.Seq[java.io.File]]("resources") in Scope(Build: file:/C:/Users/Mike/Documents/GitHub/myPAL/myPAL/, , Project: ProjectReference(file:/C:/Users/Mike/Documents/GitHub/myPAL/myPAL/,root), Config: compile)))
Sending msg to client activator-4147145a-b23a-410b-96ff-b7c321747779: TaskFinished(51,10116,Some(AttributeKey[scala.collection.Seq[java.io.File]]("resources") in Scope(Build: file:/C:/Users/Mike/Documents/GitHub/myPAL/myPAL/, , Project: ProjectReference(file:/C:/Users/Mike/Documents/GitHub/myPAL/myPAL/,root), Config: compile)),true,None)
Sending msg to client activator-4147145a-b23a-410b-96ff-b7c321747779: TaskStarted(51,10115,Some(AttributeKey[scala.collection.Seq[scala.Tuple2[java.io.File,java.io.File]]]("copyResources") in Scope(Build: file:/C:/Users/Mike/Documents/GitHub/myPAL/myPAL/, , Project: ProjectReference(file:/C:/Users/Mike/Documents/GitHub/myPAL/myPAL/,root), Config: compile)))
Sending msg to client activator-4147145a-b23a-410b-96ff-b7c321747779: TaskLogEvent(10115,LogMessage(debug,Copy resource mappings: 
	(C:\Users\Mike\Documents\GitHub\myPAL\myPAL\conf\application.conf,C:\Users\Mike\Documents\GitHub\myPAL\myPAL\target\scala-2.11\classes\application.conf)
	(C:\Users\Mike\Documents\GitHub\myPAL\myPAL\conf\evolutions,C:\Users\Mike\Documents\GitHub\myPAL\myPAL\target\scala-2.11\classes\evolutions)
	(C:\Users\Mike\Documents\GitHub\myPAL\myPAL\conf\initial-data.yml,C:\Users\Mike\Documents\GitHub\myPAL\myPAL\target\scala-2.11\classes\initial-data.yml)
	(C:\Users\Mike\Documents\GitHub\myPAL\myPAL\conf\initial-data2.yml,C:\Users\Mike\Documents\GitHub\myPAL\myPAL\target\scala-2.11\classes\initial-data2.yml)
	(C:\Users\Mike\Documents\GitHub\myPAL\myPAL\conf\messages.en,C:\Users\Mike\Documents\GitHub\myPAL\myPAL\target\scala-2.11\classes\messages.en)
	(C:\Users\Mike\Documents\GitHub\myPAL\myPAL\conf\messages.nl,C:\Users\Mike\Documents\GitHub\myPAL\myPAL\target\scala-2.11\classes\messages.nl)
	(C:\Users\Mike\Documents\GitHub\myPAL\myPAL\conf\routes,C:\Users\Mike\Documents\GitHub\myPAL\myPAL\target\scala-2.11\classes\routes)
	(C:\Users\Mike\Documents\GitHub\myPAL\myPAL\conf\evolutions\default,C:\Users\Mike\Documents\GitHub\myPAL\myPAL\target\scala-2.11\classes\evolutions\default)
	(C:\Users\Mike\Documents\GitHub\myPAL\myPAL\conf\evolutions\default\1.sql,C:\Users\Mike\Documents\GitHub\myPAL\myPAL\target\scala-2.11\classes\evolutions\default\1.sql)))
Sending msg to client activator-4147145a-b23a-410b-96ff-b7c321747779: TaskFinished(51,10115,Some(AttributeKey[scala.collection.Seq[scala.Tuple2[java.io.File,java.io.File]]]("copyResources") in Scope(Build: file:/C:/Users/Mike/Documents/GitHub/myPAL/myPAL/, , Project: ProjectReference(file:/C:/Users/Mike/Documents/GitHub/myPAL/myPAL/,root), Config: compile)),true,None)
Sending msg to client activator-4147145a-b23a-410b-96ff-b7c321747779: TaskStarted(51,10114,Some(AttributeKey[scala.collection.Seq[java.io.File]]("products") in Scope(Build: file:/C:/Users/Mike/Documents/GitHub/myPAL/myPAL/, , Project: ProjectReference(file:/C:/Users/Mike/Documents/GitHub/myPAL/myPAL/,root), Config: runtime)))
Sending msg to client activator-4147145a-b23a-410b-96ff-b7c321747779: TaskStarted(51,10187,Some(AttributeKey[scala.collection.Seq[java.io.File]]("products") in Scope(Build: file:/C:/Users/Mike/Documents/GitHub/myPAL/myPAL/, , Project: ProjectReference(file:/C:/Users/Mike/Documents/GitHub/myPAL/myPAL/,root), Config: compile)))
Sending msg to client activator-4147145a-b23a-410b-96ff-b7c321747779: TaskFinished(51,10114,Some(AttributeKey[scala.collection.Seq[java.io.File]]("products") in Scope(Build: file:/C:/Users/Mike/Documents/GitHub/myPAL/myPAL/, , Project: ProjectReference(file:/C:/Users/Mike/Documents/GitHub/myPAL/myPAL/,root), Config: runtime)),true,None)
Sending msg to client activator-4147145a-b23a-410b-96ff-b7c321747779: TaskFinished(51,10052,None,true,None)
Sending msg to client activator-4147145a-b23a-410b-96ff-b7c321747779: TaskStarted(51,10051,None)
Sending msg to client activator-4147145a-b23a-410b-96ff-b7c321747779: TaskFinished(51,10187,Some(AttributeKey[scala.collection.Seq[java.io.File]]("products") in Scope(Build: file:/C:/Users/Mike/Documents/GitHub/myPAL/myPAL/, , Project: ProjectReference(file:/C:/Users/Mike/Documents/GitHub/myPAL/myPAL/,root), Config: compile)),true,None)
Sending msg to client activator-4147145a-b23a-410b-96ff-b7c321747779: TaskFinished(51,10186,None,true,None)
Sending msg to client activator-4147145a-b23a-410b-96ff-b7c321747779: TaskStarted(51,10185,None)
Sending msg to client activator-4147145a-b23a-410b-96ff-b7c321747779: TaskFinished(51,10051,None,true,None)
Sending msg to client activator-4147145a-b23a-410b-96ff-b7c321747779: TaskStarted(51,10050,Some(AttributeKey[scala.collection.Seq[sbt.Attributed[java.io.File]]]("exportedProducts") in Scope(Build: file:/C:/Users/Mike/Documents/GitHub/myPAL/myPAL/, , Project: ProjectReference(file:/C:/Users/Mike/Documents/GitHub/myPAL/myPAL/,root), Config: runtime)))
Sending msg to client activator-4147145a-b23a-410b-96ff-b7c321747779: TaskFinished(51,10185,None,true,None)
Sending msg to client activator-4147145a-b23a-410b-96ff-b7c321747779: TaskStarted(51,10183,Some(AttributeKey[scala.collection.Seq[sbt.Attributed[java.io.File]]]("exportedProducts") in Scope(Build: file:/C:/Users/Mike/Documents/GitHub/myPAL/myPAL/, , Project: ProjectReference(file:/C:/Users/Mike/Documents/GitHub/myPAL/myPAL/,root), Config: compile)))
Sending msg to client activator-4147145a-b23a-410b-96ff-b7c321747779: TaskFinished(51,10183,Some(AttributeKey[scala.collection.Seq[sbt.Attributed[java.io.File]]]("exportedProducts") in Scope(Build: file:/C:/Users/Mike/Documents/GitHub/myPAL/myPAL/, , Project: ProjectReference(file:/C:/Users/Mike/Documents/GitHub/myPAL/myPAL/,root), Config: compile)),true,None)
Sending msg to client activator-4147145a-b23a-410b-96ff-b7c321747779: TaskStarted(51,10181,None)
Sending msg to client activator-4147145a-b23a-410b-96ff-b7c321747779: TaskFinished(51,10050,Some(AttributeKey[scala.collection.Seq[sbt.Attributed[java.io.File]]]("exportedProducts") in Scope(Build: file:/C:/Users/Mike/Documents/GitHub/myPAL/myPAL/, , Project: ProjectReference(file:/C:/Users/Mike/Documents/GitHub/myPAL/myPAL/,root), Config: runtime)),true,None)
Sending msg to client activator-4147145a-b23a-410b-96ff-b7c321747779: TaskFinished(51,10181,None,true,None)
Sending msg to client activator-4147145a-b23a-410b-96ff-b7c321747779: TaskStarted(51,10180,None)
Sending msg to client activator-4147145a-b23a-410b-96ff-b7c321747779: TaskFinished(51,10180,None,true,None)
Sending msg to client activator-4147145a-b23a-410b-96ff-b7c321747779: TaskFinished(51,10012,None,true,None)
Sending msg to client activator-4147145a-b23a-410b-96ff-b7c321747779: TaskStarted(51,10011,Some(AttributeKey[scala.collection.Seq[sbt.Attributed[java.io.File]]]("internalDependencyClasspath") in Scope(Build: file:/C:/Users/Mike/Documents/GitHub/myPAL/myPAL/, , Project: ProjectReference(file:/C:/Users/Mike/Documents/GitHub/myPAL/myPAL/,root), Config: runtime)))
Sending msg to client activator-4147145a-b23a-410b-96ff-b7c321747779: TaskFinished(51,10011,Some(AttributeKey[scala.collection.Seq[sbt.Attributed[java.io.File]]]("internalDependencyClasspath") in Scope(Build: file:/C:/Users/Mike/Documents/GitHub/myPAL/myPAL/, , Project: ProjectReference(file:/C:/Users/Mike/Documents/GitHub/myPAL/myPAL/,root), Config: runtime)),true,None)
Sending msg to client activator-4147145a-b23a-410b-96ff-b7c321747779: TaskStarted(51,10010,Some(AttributeKey[scala.collection.Seq[sbt.Attributed[java.io.File]]]("playReloaderClasspath") in Scope(Build: file:/C:/Users/Mike/Documents/GitHub/myPAL/myPAL/, , Project: ProjectReference(file:/C:/Users/Mike/Documents/GitHub/myPAL/myPAL/,root))))
Sending msg to client activator-4147145a-b23a-410b-96ff-b7c321747779: TaskFinished(51,10010,Some(AttributeKey[scala.collection.Seq[sbt.Attributed[java.io.File]]]("playReloaderClasspath") in Scope(Build: file:/C:/Users/Mike/Documents/GitHub/myPAL/myPAL/, , Project: ProjectReference(file:/C:/Users/Mike/Documents/GitHub/myPAL/myPAL/,root))),true,None)
Sending msg to client activator-4147145a-b23a-410b-96ff-b7c321747779: TaskStarted(51,10009,Some(AttributeKey[scala.collection.Seq[sbt.Attributed[java.io.File]]]("playReloaderClasspath") in Scope(Build: file:/C:/Users/Mike/Documents/GitHub/myPAL/myPAL/, , Project: ProjectReference(file:/C:/Users/Mike/Documents/GitHub/myPAL/myPAL/,root))))
Sending msg to client activator-4147145a-b23a-410b-96ff-b7c321747779: TaskFinished(51,10009,Some(AttributeKey[scala.collection.Seq[sbt.Attributed[java.io.File]]]("playReloaderClasspath") in Scope(Build: file:/C:/Users/Mike/Documents/GitHub/myPAL/myPAL/, , Project: ProjectReference(file:/C:/Users/Mike/Documents/GitHub/myPAL/myPAL/,root))),true,None)
Sending msg to client activator-4147145a-b23a-410b-96ff-b7c321747779: TaskStarted(51,10008,None)
Sending msg to client activator-4147145a-b23a-410b-96ff-b7c321747779: TaskFinished(51,10008,None,true,None)
Sending msg to client activator-4147145a-b23a-410b-96ff-b7c321747779: TaskStarted(51,10002,Some(AttributeKey[play.runsupport.Reloader$CompileResult]("playForkReload") in Scope(Build: file:/C:/Users/Mike/Documents/GitHub/myPAL/myPAL/, , Project: ProjectReference(file:/C:/Users/Mike/Documents/GitHub/myPAL/myPAL/,root))))
Sending msg to client activator-4147145a-b23a-410b-96ff-b7c321747779: TaskFinished(51,10002,Some(AttributeKey[play.runsupport.Reloader$CompileResult]("playForkReload") in Scope(Build: file:/C:/Users/Mike/Documents/GitHub/myPAL/myPAL/, , Project: ProjectReference(file:/C:/Users/Mike/Documents/GitHub/myPAL/myPAL/,root))),true,None)
Sending msg to client activator-4147145a-b23a-410b-96ff-b7c321747779: TaskStarted(51,10001,None)
Sending msg to client activator-4147145a-b23a-410b-96ff-b7c321747779: TaskFinished(51,10001,None,true,None)
Sending msg to client activator-4147145a-b23a-410b-96ff-b7c321747779: TaskStarted(51,10000,None)
Sending msg to client activator-4147145a-b23a-410b-96ff-b7c321747779: TaskFinished(51,10000,None,true,None)
Sending msg to client activator-4147145a-b23a-410b-96ff-b7c321747779: DetachedLogEvent(LogMessage(debug,cancel strategy finish enabled=false lastCommand=Some(LastCommand(CommandExecutionWork(ExecutionId(51),{file:/C:/Users/Mike/Documents/GitHub/myPAL/myPAL/}root/*:playForkReload,Set(LiveClient(play-fork-run ec16194a-86a6-4a50-8b05-ac767afd907b)),sbt.server.WorkCancellationStatus$$anon$1@5ce83fe4)))))
Sending msg to client activator-4147145a-b23a-410b-96ff-b7c321747779: DetachedLogEvent(LogSuccess(Total time: 1 s, completed 17-aug-2015 16:20:07))
Sending msg to client activator-4147145a-b23a-410b-96ff-b7c321747779: DetachedLogEvent(LogMessage(debug,> server-post-command-cleanup))
Sending msg to client activator-4147145a-b23a-410b-96ff-b7c321747779: ExecutionSuccess(51)
Sending msg to client activator-4147145a-b23a-410b-96ff-b7c321747779: DetachedLogEvent(LogMessage(debug,> server-handle-next-server-request))
Sending msg to client activator-4147145a-b23a-410b-96ff-b7c321747779: BackgroundJobLogEvent(1,LogMessage(info,))
Sending msg to client activator-4147145a-b23a-410b-96ff-b7c321747779: BackgroundJobLogEvent(1,LogMessage(info,--- (RELOAD) ---))
Sending msg to client activator-4147145a-b23a-410b-96ff-b7c321747779: BackgroundJobLogEvent(1,LogMessage(info,))
Sending msg to client activator-4147145a-b23a-410b-96ff-b7c321747779: BackgroundJobLogEvent(1,LogMessage(info,play - database [default] connected at jdbc:h2:mem:play))
Sending msg to client activator-4147145a-b23a-410b-96ff-b7c321747779: BackgroundJobLogEvent(1,LogMessage(info,play - Application started (Dev)))
Sending msg to client activator-4147145a-b23a-410b-96ff-b7c321747779: BackgroundJobLogEvent(1,LogMessage(debug,application - [Diary > getActivities] diaryAcitivites size: 2))
Sending msg to client activator-4147145a-b23a-410b-96ff-b7c321747779: BackgroundJobLogEvent(1,LogMessage(debug,application - [Diary > getActivities] diaryAcitivitestoHTML size: 2))
Sending msg to client activator-4147145a-b23a-410b-96ff-b7c321747779: BackgroundJobLogEvent(1,LogMessage(debug,application - [Diary > getActivities] JsonNode: ))
Got request: ExecutionRequest(jobStop 1)
Reading next message from client.
Sending msg to client activator-4147145a-b23a-410b-96ff-b7c321747779: (26,ExecutionRequestReceived(52))
Sending msg to client activator-4147145a-b23a-410b-96ff-b7c321747779: ExecutionWaiting(52,jobStop 1,ClientInfo(4147145a-b23a-410b-96ff-b7c321747779,activator,Activator,3,Vector()))
Sending msg to client activator-4147145a-b23a-410b-96ff-b7c321747779: ExecutionStarting(52)
Sending msg to client activator-4147145a-b23a-410b-96ff-b7c321747779: DetachedLogEvent(LogMessage(debug,> jobStop 1))
Sending msg to client activator-4147145a-b23a-410b-96ff-b7c321747779: DetachedLogEvent(LogMessage(debug,Evaluating tasks: *:jobStop))
Sending msg to client activator-4147145a-b23a-410b-96ff-b7c321747779: DetachedLogEvent(LogMessage(debug,Running task... Cancel: sbt.server.ServerTaskCancellation@6894aa96, check cycles: false))
Sending msg to client activator-4147145a-b23a-410b-96ff-b7c321747779: DetachedLogEvent(LogMessage(debug,cancel strategy start enabled=true lastCommand=Some(LastCommand(CommandExecutionWork(ExecutionId(52),jobStop 1,Set(LiveClient(activator 4147145a-b23a-410b-96ff-b7c321747779)),sbt.server.WorkCancellationStatus$$anon$1@6cd9d844)))))
Sending msg to client activator-4147145a-b23a-410b-96ff-b7c321747779: TaskStarted(52,10237,Some(AttributeKey[void]("jobStop") in Scope(Global)))
Sending msg to client activator-4147145a-b23a-410b-96ff-b7c321747779: TaskFinished(52,10237,Some(AttributeKey[void]("jobStop") in Scope(Global)),true,None)
Sending msg to client activator-4147145a-b23a-410b-96ff-b7c321747779: TaskStarted(52,10236,None)
Sending msg to client activator-4147145a-b23a-410b-96ff-b7c321747779: TaskFinished(52,10236,None,true,None)
Sending msg to client activator-4147145a-b23a-410b-96ff-b7c321747779: TaskStarted(52,10235,None)
Sending msg to client activator-4147145a-b23a-410b-96ff-b7c321747779: TaskFinished(52,10235,None,true,None)
Sending msg to client activator-4147145a-b23a-410b-96ff-b7c321747779: DetachedLogEvent(LogMessage(debug,cancel strategy finish enabled=false lastCommand=Some(LastCommand(CommandExecutionWork(ExecutionId(52),jobStop 1,Set(LiveClient(activator 4147145a-b23a-410b-96ff-b7c321747779)),sbt.server.WorkCancellationStatus$$anon$1@6cd9d844)))))
Sending msg to client activator-4147145a-b23a-410b-96ff-b7c321747779: DetachedLogEvent(LogSuccess(Total time: 0 s, completed 17-aug-2015 22:38:13))
Sending msg to client activator-4147145a-b23a-410b-96ff-b7c321747779: DetachedLogEvent(LogMessage(debug,> server-post-command-cleanup))
Sending msg to client activator-4147145a-b23a-410b-96ff-b7c321747779: ExecutionSuccess(52)
Sending msg to client activator-4147145a-b23a-410b-96ff-b7c321747779: BackgroundJobLogEvent(1,LogMessage(info,Stopping Play fork run ...))
Sending msg to client activator-4147145a-b23a-410b-96ff-b7c321747779: DetachedLogEvent(LogMessage(debug,> server-handle-next-server-request))
Got request: ExecutionRequest(jobStop 1)
Reading next message from client.
Sending msg to client activator-4147145a-b23a-410b-96ff-b7c321747779: (27,ExecutionRequestReceived(53))
Sending msg to client activator-4147145a-b23a-410b-96ff-b7c321747779: ExecutionWaiting(53,jobStop 1,ClientInfo(4147145a-b23a-410b-96ff-b7c321747779,activator,Activator,3,Vector()))
Sending msg to client activator-4147145a-b23a-410b-96ff-b7c321747779: ExecutionStarting(53)
Sending msg to client activator-4147145a-b23a-410b-96ff-b7c321747779: DetachedLogEvent(LogMessage(debug,> jobStop 1))
Sending msg to client activator-4147145a-b23a-410b-96ff-b7c321747779: DetachedLogEvent(LogMessage(debug,Evaluating tasks: *:jobStop))
Sending msg to client activator-4147145a-b23a-410b-96ff-b7c321747779: DetachedLogEvent(LogMessage(debug,Running task... Cancel: sbt.server.ServerTaskCancellation@508335cb, check cycles: false))
Sending msg to client activator-4147145a-b23a-410b-96ff-b7c321747779: DetachedLogEvent(LogMessage(debug,cancel strategy start enabled=true lastCommand=Some(LastCommand(CommandExecutionWork(ExecutionId(53),jobStop 1,Set(LiveClient(activator 4147145a-b23a-410b-96ff-b7c321747779)),sbt.server.WorkCancellationStatus$$anon$1@243d190b)))))
Sending msg to client activator-4147145a-b23a-410b-96ff-b7c321747779: TaskStarted(53,10240,Some(AttributeKey[void]("jobStop") in Scope(Global)))
Sending msg to client activator-4147145a-b23a-410b-96ff-b7c321747779: TaskFinished(53,10240,Some(AttributeKey[void]("jobStop") in Scope(Global)),true,None)
Sending msg to client activator-4147145a-b23a-410b-96ff-b7c321747779: TaskStarted(53,10239,None)
Sending msg to client activator-4147145a-b23a-410b-96ff-b7c321747779: TaskFinished(53,10239,None,true,None)
Sending msg to client activator-4147145a-b23a-410b-96ff-b7c321747779: TaskStarted(53,10238,None)
Sending msg to client activator-4147145a-b23a-410b-96ff-b7c321747779: TaskFinished(53,10238,None,true,None)
Sending msg to client activator-4147145a-b23a-410b-96ff-b7c321747779: DetachedLogEvent(LogMessage(debug,cancel strategy finish enabled=false lastCommand=Some(LastCommand(CommandExecutionWork(ExecutionId(53),jobStop 1,Set(LiveClient(activator 4147145a-b23a-410b-96ff-b7c321747779)),sbt.server.WorkCancellationStatus$$anon$1@243d190b)))))
Sending msg to client activator-4147145a-b23a-410b-96ff-b7c321747779: DetachedLogEvent(LogSuccess(Total time: 0 s, completed 17-aug-2015 22:38:19))
Sending msg to client activator-4147145a-b23a-410b-96ff-b7c321747779: DetachedLogEvent(LogMessage(debug,> server-post-command-cleanup))
Sending msg to client activator-4147145a-b23a-410b-96ff-b7c321747779: ExecutionSuccess(53)
Sending msg to client activator-4147145a-b23a-410b-96ff-b7c321747779: DetachedLogEvent(LogMessage(debug,> server-handle-next-server-request))
Sending msg to client activator-4147145a-b23a-410b-96ff-b7c321747779: DetachedLogEvent(LogStdErr(Exception in thread "sbt-bg-threads-1" java.lang.Error: java.lang.InterruptedException: sleep interrupted))
Sending msg to client activator-4147145a-b23a-410b-96ff-b7c321747779: BackgroundJobFinished(8,1)
Sending msg to client activator-4147145a-b23a-410b-96ff-b7c321747779: DetachedLogEvent(LogStdErr(	at java.util.concurrent.ThreadPoolExecutor.runWorker(Unknown Source)))
Sending msg to client activator-4147145a-b23a-410b-96ff-b7c321747779: DetachedLogEvent(LogStdErr(	at java.util.concurrent.ThreadPoolExecutor$Worker.run(Unknown Source)))
Sending msg to client activator-4147145a-b23a-410b-96ff-b7c321747779: DetachedLogEvent(LogStdErr(	at java.lang.Thread.run(Unknown Source)))
Sending msg to client activator-4147145a-b23a-410b-96ff-b7c321747779: DetachedLogEvent(LogStdErr(Caused by: java.lang.InterruptedException: sleep interrupted))
Sending msg to client activator-4147145a-b23a-410b-96ff-b7c321747779: DetachedLogEvent(LogStdErr(	at java.lang.Thread.sleep(Native Method)))
Sending msg to client activator-4147145a-b23a-410b-96ff-b7c321747779: DetachedLogEvent(LogStdErr(	at play.sbt.forkrun.PlayForkProcess$.timedWaitFor$1(PlayForkProcess.scala:57)))
Sending msg to client activator-4147145a-b23a-410b-96ff-b7c321747779: DetachedLogEvent(LogStdErr(	at play.sbt.forkrun.PlayForkProcess$.play$sbt$forkrun$PlayForkProcess$$stop$1(PlayForkProcess.scala:64)))
Sending msg to client activator-4147145a-b23a-410b-96ff-b7c321747779: DetachedLogEvent(LogStdErr(	at play.sbt.forkrun.PlayForkProcess$.run(PlayForkProcess.scala:82)))
Sending msg to client activator-4147145a-b23a-410b-96ff-b7c321747779: DetachedLogEvent(LogStdErr(	at play.sbt.forkrun.PlayForkProcess$.apply(PlayForkProcess.scala:34)))
Sending msg to client activator-4147145a-b23a-410b-96ff-b7c321747779: DetachedLogEvent(LogStdErr(	at play.sbt.forkrun.PlayForkRun$$anonfun$backgroundForkRunTask$1$$anonfun$apply$7$$anonfun$apply$8$$anonfun$apply$9.apply(PlayForkRun.scala:108)))
Sending msg to client activator-4147145a-b23a-410b-96ff-b7c321747779: DetachedLogEvent(LogStdErr(	at play.sbt.forkrun.PlayForkRun$$anonfun$backgroundForkRunTask$1$$anonfun$apply$7$$anonfun$apply$8$$anonfun$apply$9.apply(PlayForkRun.scala:107)))
Sending msg to client activator-4147145a-b23a-410b-96ff-b7c321747779: DetachedLogEvent(LogStdErr(	at sbt.BackgroundThreadPool$$anonfun$1.apply$mcV$sp(AbstractBackgroundJobService.scala:134)))
Sending msg to client activator-4147145a-b23a-410b-96ff-b7c321747779: DetachedLogEvent(LogStdErr(	at sbt.BackgroundThreadPool$BackgroundRunnable.run(AbstractBackgroundJobService.scala:68)))
Sending msg to client activator-4147145a-b23a-410b-96ff-b7c321747779: DetachedLogEvent(LogStdErr(	... 3 more))
