New log file opened at Thu Jul 23 13:56:41 CEST 2015 by 3844@PC-14874
Sending msg to client activator-fce85254-3f66-42e9-acef-52bcad1973f4: TaskFinished(13,1375,None,true,None)
Sending msg to client activator-fce85254-3f66-42e9-acef-52bcad1973f4: TaskFinished(13,1381,None,true,None)
Sending msg to client activator-fce85254-3f66-42e9-acef-52bcad1973f4: TaskFinished(13,1384,None,true,None)
Sending msg to client activator-fce85254-3f66-42e9-acef-52bcad1973f4: TaskFinished(13,1394,None,true,None)
Sending msg to client activator-fce85254-3f66-42e9-acef-52bcad1973f4: TaskFinished(13,1398,None,true,None)
Sending msg to client activator-fce85254-3f66-42e9-acef-52bcad1973f4: TaskFinished(13,1412,None,true,None)
Sending msg to client activator-fce85254-3f66-42e9-acef-52bcad1973f4: TaskFinished(13,1320,Some(AttributeKey[scala.collection.Seq[sbt.UpdateReport]]("transitiveUpdate") in Scope(Build: file:/C:/Users/ligthartmeu/apps/myPAL/myPAL/, , Project: ProjectReference(file:/C:/Users/ligthartmeu/apps/myPAL/myPAL/,root))),true,None)
Sending msg to client activator-fce85254-3f66-42e9-acef-52bcad1973f4: TaskFinished(13,1425,Some(AttributeKey[scala.collection.Seq[java.io.File]]("unmanagedResources") in Scope(Build: file:/C:/Users/ligthartmeu/apps/myPAL/myPAL/, , Project: ProjectReference(file:/C:/Users/ligthartmeu/apps/myPAL/myPAL/,root), Config: compile)),true,None)
Sending msg to client activator-fce85254-3f66-42e9-acef-52bcad1973f4: TaskFinished(13,1426,None,true,None)
Sending msg to client activator-fce85254-3f66-42e9-acef-52bcad1973f4: TaskFinished(13,1377,Some(AttributeKey[sbt.inc.IncOptions]("incOptions") in Scope(Build: file:/C:/Users/ligthartmeu/apps/myPAL/myPAL/, , Project: ProjectReference(file:/C:/Users/ligthartmeu/apps/myPAL/myPAL/,root))),true,None)
Sending msg to client activator-fce85254-3f66-42e9-acef-52bcad1973f4: TaskFinished(13,1386,Some(AttributeKey[scala.collection.Seq[java.lang.String]]("javacOptions") in Scope(Build: file:/C:/Users/ligthartmeu/apps/myPAL/myPAL/, , Project: ProjectReference(file:/C:/Users/ligthartmeu/apps/myPAL/myPAL/,root), Config: compile)),true,None)
Sending msg to client activator-fce85254-3f66-42e9-acef-52bcad1973f4: TaskFinished(13,1333,None,true,None)
Sending msg to client activator-fce85254-3f66-42e9-acef-52bcad1973f4: TaskFinished(13,1413,None,true,None)
Sending msg to client activator-fce85254-3f66-42e9-acef-52bcad1973f4: TaskStarted(13,1432,Some(AttributeKey[scala.collection.Seq[scala.Function1[scala.collection.Seq[java.io.File],scala.Option[java.io.File]]]]("webDeduplicators") in Scope(Build: file:/C:/Users/ligthartmeu/apps/myPAL/myPAL/, , Project: ProjectReference(file:/C:/Users/ligthartmeu/apps/myPAL/myPAL/,root), Config: web-assets)))
Sending msg to client activator-fce85254-3f66-42e9-acef-52bcad1973f4: TaskStarted(13,1435,None)
Sending msg to client activator-fce85254-3f66-42e9-acef-52bcad1973f4: TaskStarted(13,1454,Some(AttributeKey[java.lang.ClassLoader]("webJarsClassloader") in Scope(Build: file:/C:/Users/ligthartmeu/apps/myPAL/myPAL/, , Project: ProjectReference(file:/C:/Users/ligthartmeu/apps/myPAL/myPAL/,root), Config: web-plugin)))
Sending msg to client activator-fce85254-3f66-42e9-acef-52bcad1973f4: TaskStarted(13,1457,Some(AttributeKey[scala.collection.Seq[java.io.File]]("unmanagedResources") in Scope(Build: file:/C:/Users/ligthartmeu/apps/myPAL/myPAL/, , Project: ProjectReference(file:/C:/Users/ligthartmeu/apps/myPAL/myPAL/,root), Config: web-assets)))
Sending msg to client activator-fce85254-3f66-42e9-acef-52bcad1973f4: TaskStarted(13,1461,None)
Sending msg to client activator-fce85254-3f66-42e9-acef-52bcad1973f4: TaskStarted(13,1462,Some(AttributeKey[scala.collection.Seq[java.io.File]]("unmanagedSources") in Scope(Build: file:/C:/Users/ligthartmeu/apps/myPAL/myPAL/, , Project: ProjectReference(file:/C:/Users/ligthartmeu/apps/myPAL/myPAL/,root), Config: web-assets)))
Sending msg to client activator-fce85254-3f66-42e9-acef-52bcad1973f4: TaskStarted(13,1463,None)
Sending msg to client activator-fce85254-3f66-42e9-acef-52bcad1973f4: TaskFinished(13,1312,Some(AttributeKey[sbt.Settings[sbt.Scope]]("settingsData") in Scope(Global)),true,None)
Sending msg to client activator-fce85254-3f66-42e9-acef-52bcad1973f4: TaskStarted(13,1324,None)
Sending msg to client activator-fce85254-3f66-42e9-acef-52bcad1973f4: TaskStarted(13,1332,Some(AttributeKey[scala.collection.immutable.Map[org.apache.ivy.core.module.id.ModuleRevisionId,org.apache.ivy.core.module.descriptor.ModuleDescriptor]]("projectDescriptors") in Scope(Build: file:/C:/Users/ligthartmeu/apps/myPAL/myPAL/, , Project: ProjectReference(file:/C:/Users/ligthartmeu/apps/myPAL/myPAL/,root))))
Sending msg to client activator-fce85254-3f66-42e9-acef-52bcad1973f4: TaskStarted(13,1340,Some(AttributeKey[scala.collection.Seq[sbt.ModuleID]]("projectDependencies") in Scope(Build: file:/C:/Users/ligthartmeu/apps/myPAL/myPAL/, , Project: ProjectReference(file:/C:/Users/ligthartmeu/apps/myPAL/myPAL/,root))))
Sending msg to client activator-fce85254-3f66-42e9-acef-52bcad1973f4: TaskStarted(13,1369,None)
Sending msg to client activator-fce85254-3f66-42e9-acef-52bcad1973f4: TaskStarted(13,1390,None)
Sending msg to client activator-fce85254-3f66-42e9-acef-52bcad1973f4: TaskStarted(13,1396,Some(AttributeKey[sbt.ScalaInstance]("scalaInstance") in Scope(Build: file:/C:/Users/ligthartmeu/apps/myPAL/myPAL/, , Project: ProjectReference(file:/C:/Users/ligthartmeu/apps/myPAL/myPAL/,root))))
Sending msg to client activator-fce85254-3f66-42e9-acef-52bcad1973f4: TaskFinished(13,1391,Some(AttributeKey[scala.collection.Seq[java.lang.String]]("scalacOptions") in Scope(Build: file:/C:/Users/ligthartmeu/apps/myPAL/myPAL/, , Project: ProjectReference(file:/C:/Users/ligthartmeu/apps/myPAL/myPAL/,root))),true,None)
Sending msg to client activator-fce85254-3f66-42e9-acef-52bcad1973f4: TaskStarted(13,1403,Some(AttributeKey[java.lang.String]("twirlSourceEncoding") in Scope(Build: file:/C:/Users/ligthartmeu/apps/myPAL/myPAL/, , Project: ProjectReference(file:/C:/Users/ligthartmeu/apps/myPAL/myPAL/,root))))
Sending msg to client activator-fce85254-3f66-42e9-acef-52bcad1973f4: TaskFinished(13,1406,Some(AttributeKey[scala.collection.Seq[java.io.File]]("unmanagedSources") in Scope(Build: file:/C:/Users/ligthartmeu/apps/myPAL/myPAL/, , Project: ProjectReference(file:/C:/Users/ligthartmeu/apps/myPAL/myPAL/,root), Config: compile)),true,None)
Sending msg to client activator-fce85254-3f66-42e9-acef-52bcad1973f4: TaskFinished(13,1435,None,true,None)
Sending msg to client activator-fce85254-3f66-42e9-acef-52bcad1973f4: TaskStarted(13,1434,Some(AttributeKey[scala.Function1[scala.collection.Seq[scala.Tuple2[java.io.File,java.lang.String]],scala.collection.Seq[scala.Tuple2[java.io.File,java.lang.String]]]]("webAllPipelineStages") in Scope(Build: file:/C:/Users/ligthartmeu/apps/myPAL/myPAL/, , Project: ProjectReference(file:/C:/Users/ligthartmeu/apps/myPAL/myPAL/,root), Config: web-assets)))
Sending msg to client activator-fce85254-3f66-42e9-acef-52bcad1973f4: TaskFinished(13,1432,Some(AttributeKey[scala.collection.Seq[scala.Function1[scala.collection.Seq[java.io.File],scala.Option[java.io.File]]]]("webDeduplicators") in Scope(Build: file:/C:/Users/ligthartmeu/apps/myPAL/myPAL/, , Project: ProjectReference(file:/C:/Users/ligthartmeu/apps/myPAL/myPAL/,root), Config: web-assets)),true,None)
Sending msg to client activator-fce85254-3f66-42e9-acef-52bcad1973f4: TaskFinished(13,1454,Some(AttributeKey[java.lang.ClassLoader]("webJarsClassloader") in Scope(Build: file:/C:/Users/ligthartmeu/apps/myPAL/myPAL/, , Project: ProjectReference(file:/C:/Users/ligthartmeu/apps/myPAL/myPAL/,root), Config: web-plugin)),true,None)
Sending msg to client activator-fce85254-3f66-42e9-acef-52bcad1973f4: TaskStarted(13,1453,Some(AttributeKey[scala.collection.Seq[java.io.File]]("webJarsNodeModules") in Scope(Build: file:/C:/Users/ligthartmeu/apps/myPAL/myPAL/, , Project: ProjectReference(file:/C:/Users/ligthartmeu/apps/myPAL/myPAL/,root), Config: web-plugin)))
Sending msg to client activator-fce85254-3f66-42e9-acef-52bcad1973f4: TaskFinished(13,1344,Some(AttributeKey[scala.collection.immutable.Map[sbt.ModuleID,sbt.SourcePosition]]("dependencyPositions") in Scope(Build: file:/C:/Users/ligthartmeu/apps/myPAL/myPAL/, , Project: ProjectReference(file:/C:/Users/ligthartmeu/apps/myPAL/myPAL/,root))),true,None)
Sending msg to client activator-fce85254-3f66-42e9-acef-52bcad1973f4: TaskStarted(13,1343,Some(AttributeKey[sbt.UnresolvedWarningConfiguration]("unresolvedWarningConfiguration") in Scope(Build: file:/C:/Users/ligthartmeu/apps/myPAL/myPAL/, , Project: ProjectReference(file:/C:/Users/ligthartmeu/apps/myPAL/myPAL/,root), Task: AttributeKey[sbt.UpdateReport]("update"))))
Sending msg to client activator-fce85254-3f66-42e9-acef-52bcad1973f4: TaskFinished(13,1463,None,true,None)
Sending msg to client activator-fce85254-3f66-42e9-acef-52bcad1973f4: TaskStarted(13,1464,None)
Sending msg to client activator-fce85254-3f66-42e9-acef-52bcad1973f4: TaskFinished(13,1461,None,true,None)
Sending msg to client activator-fce85254-3f66-42e9-acef-52bcad1973f4: TaskStarted(13,1460,None)
Sending msg to client activator-fce85254-3f66-42e9-acef-52bcad1973f4: TaskStarted(13,1466,None)
Sending msg to client activator-fce85254-3f66-42e9-acef-52bcad1973f4: TaskFinished(13,1340,Some(AttributeKey[scala.collection.Seq[sbt.ModuleID]]("projectDependencies") in Scope(Build: file:/C:/Users/ligthartmeu/apps/myPAL/myPAL/, , Project: ProjectReference(file:/C:/Users/ligthartmeu/apps/myPAL/myPAL/,root))),true,None)
Sending msg to client activator-fce85254-3f66-42e9-acef-52bcad1973f4: TaskStarted(13,1339,Some(AttributeKey[scala.collection.Seq[sbt.ModuleID]]("allDependencies") in Scope(Build: file:/C:/Users/ligthartmeu/apps/myPAL/myPAL/, , Project: ProjectReference(file:/C:/Users/ligthartmeu/apps/myPAL/myPAL/,root))))
Sending msg to client activator-fce85254-3f66-42e9-acef-52bcad1973f4: TaskStarted(13,1468,None)
Sending msg to client activator-fce85254-3f66-42e9-acef-52bcad1973f4: TaskStarted(13,1473,None)
Sending msg to client activator-fce85254-3f66-42e9-acef-52bcad1973f4: TaskStarted(13,1475,None)
Sending msg to client activator-fce85254-3f66-42e9-acef-52bcad1973f4: TaskStarted(13,1476,None)
Sending msg to client activator-fce85254-3f66-42e9-acef-52bcad1973f4: TaskStarted(13,1478,None)
Sending msg to client activator-fce85254-3f66-42e9-acef-52bcad1973f4: TaskFinished(13,1457,Some(AttributeKey[scala.collection.Seq[java.io.File]]("unmanagedResources") in Scope(Build: file:/C:/Users/ligthartmeu/apps/myPAL/myPAL/, , Project: ProjectReference(file:/C:/Users/ligthartmeu/apps/myPAL/myPAL/,root), Config: web-assets)),true,None)
Sending msg to client activator-fce85254-3f66-42e9-acef-52bcad1973f4: TaskFinished(13,1403,Some(AttributeKey[java.lang.String]("twirlSourceEncoding") in Scope(Build: file:/C:/Users/ligthartmeu/apps/myPAL/myPAL/, , Project: ProjectReference(file:/C:/Users/ligthartmeu/apps/myPAL/myPAL/,root))),true,None)
Sending msg to client activator-fce85254-3f66-42e9-acef-52bcad1973f4: TaskStarted(13,1402,None)
Sending msg to client activator-fce85254-3f66-42e9-acef-52bcad1973f4: TaskStarted(13,1411,None)
Sending msg to client activator-fce85254-3f66-42e9-acef-52bcad1973f4: TaskFinished(13,1343,Some(AttributeKey[sbt.UnresolvedWarningConfiguration]("unresolvedWarningConfiguration") in Scope(Build: file:/C:/Users/ligthartmeu/apps/myPAL/myPAL/, , Project: ProjectReference(file:/C:/Users/ligthartmeu/apps/myPAL/myPAL/,root), Task: AttributeKey[sbt.UpdateReport]("update"))),true,None)
Sending msg to client activator-fce85254-3f66-42e9-acef-52bcad1973f4: TaskFinished(13,1460,None,true,None)
Sending msg to client activator-fce85254-3f66-42e9-acef-52bcad1973f4: TaskStarted(13,1459,Some(AttributeKey[scala.collection.Seq[java.io.File]]("managedSources") in Scope(Build: file:/C:/Users/ligthartmeu/apps/myPAL/myPAL/, , Project: ProjectReference(file:/C:/Users/ligthartmeu/apps/myPAL/myPAL/,root), Config: web-assets)))
Sending msg to client activator-fce85254-3f66-42e9-acef-52bcad1973f4: TaskFinished(13,1466,None,true,None)
Sending msg to client activator-fce85254-3f66-42e9-acef-52bcad1973f4: TaskStarted(13,1465,None)
Sending msg to client activator-fce85254-3f66-42e9-acef-52bcad1973f4: TaskFinished(13,1339,Some(AttributeKey[scala.collection.Seq[sbt.ModuleID]]("allDependencies") in Scope(Build: file:/C:/Users/ligthartmeu/apps/myPAL/myPAL/, , Project: ProjectReference(file:/C:/Users/ligthartmeu/apps/myPAL/myPAL/,root))),true,None)
Sending msg to client activator-fce85254-3f66-42e9-acef-52bcad1973f4: TaskStarted(13,1338,Some(AttributeKey[sbt.ModuleSettings]("moduleSettings") in Scope(Build: file:/C:/Users/ligthartmeu/apps/myPAL/myPAL/, , Project: ProjectReference(file:/C:/Users/ligthartmeu/apps/myPAL/myPAL/,root))))
Sending msg to client activator-fce85254-3f66-42e9-acef-52bcad1973f4: TaskFinished(13,1468,None,true,None)
Sending msg to client activator-fce85254-3f66-42e9-acef-52bcad1973f4: TaskStarted(13,1467,None)
Sending msg to client activator-fce85254-3f66-42e9-acef-52bcad1973f4: TaskFinished(13,1473,None,true,None)
Sending msg to client activator-fce85254-3f66-42e9-acef-52bcad1973f4: TaskStarted(13,1472,None)
Sending msg to client activator-fce85254-3f66-42e9-acef-52bcad1973f4: TaskFinished(13,1475,None,true,None)
Sending msg to client activator-fce85254-3f66-42e9-acef-52bcad1973f4: TaskFinished(13,1476,None,true,None)
Sending msg to client activator-fce85254-3f66-42e9-acef-52bcad1973f4: TaskStarted(13,1474,Some(AttributeKey[scala.collection.Seq[sbt.Attributed[java.io.File]]]("unmanagedJars") in Scope(Build: file:/C:/Users/ligthartmeu/apps/myPAL/myPAL/, , Project: ProjectReference(file:/C:/Users/ligthartmeu/apps/myPAL/myPAL/,root), Config: compile)))
Sending msg to client activator-fce85254-3f66-42e9-acef-52bcad1973f4: TaskFinished(13,1478,None,true,None)
Sending msg to client activator-fce85254-3f66-42e9-acef-52bcad1973f4: TaskFinished(13,1434,Some(AttributeKey[scala.Function1[scala.collection.Seq[scala.Tuple2[java.io.File,java.lang.String]],scala.collection.Seq[scala.Tuple2[java.io.File,java.lang.String]]]]("webAllPipelineStages") in Scope(Build: file:/C:/Users/ligthartmeu/apps/myPAL/myPAL/, , Project: ProjectReference(file:/C:/Users/ligthartmeu/apps/myPAL/myPAL/,root), Config: web-assets)),true,None)
Sending msg to client activator-fce85254-3f66-42e9-acef-52bcad1973f4: TaskFinished(13,1402,None,true,None)
Sending msg to client activator-fce85254-3f66-42e9-acef-52bcad1973f4: TaskStarted(13,1401,Some(AttributeKey[scala.collection.Seq[scala.Function1[xsbti.Position,scala.Option[xsbti.Position]]]]("sourcePositionMappers") in Scope(Build: file:/C:/Users/ligthartmeu/apps/myPAL/myPAL/, , Project: ProjectReference(file:/C:/Users/ligthartmeu/apps/myPAL/myPAL/,root))))
Sending msg to client activator-fce85254-3f66-42e9-acef-52bcad1973f4: TaskFinished(13,1464,None,true,None)
Sending msg to client activator-fce85254-3f66-42e9-acef-52bcad1973f4: TaskFinished(13,1324,None,true,None)
Sending msg to client activator-fce85254-3f66-42e9-acef-52bcad1973f4: TaskFinished(13,1462,Some(AttributeKey[scala.collection.Seq[java.io.File]]("unmanagedSources") in Scope(Build: file:/C:/Users/ligthartmeu/apps/myPAL/myPAL/, , Project: ProjectReference(file:/C:/Users/ligthartmeu/apps/myPAL/myPAL/,root), Config: web-assets)),true,None)
Sending msg to client activator-fce85254-3f66-42e9-acef-52bcad1973f4: TaskFinished(13,1465,None,true,None)
Sending msg to client activator-fce85254-3f66-42e9-acef-52bcad1973f4: TaskFinished(13,1332,Some(AttributeKey[scala.collection.immutable.Map[org.apache.ivy.core.module.id.ModuleRevisionId,org.apache.ivy.core.module.descriptor.ModuleDescriptor]]("projectDescriptors") in Scope(Build: file:/C:/Users/ligthartmeu/apps/myPAL/myPAL/, , Project: ProjectReference(file:/C:/Users/ligthartmeu/apps/myPAL/myPAL/,root))),true,None)
Sending msg to client activator-fce85254-3f66-42e9-acef-52bcad1973f4: TaskStarted(13,1331,Some(AttributeKey[sbt.Resolver]("projectResolver") in Scope(Build: file:/C:/Users/ligthartmeu/apps/myPAL/myPAL/, , Project: ProjectReference(file:/C:/Users/ligthartmeu/apps/myPAL/myPAL/,root))))
Sending msg to client activator-fce85254-3f66-42e9-acef-52bcad1973f4: TaskFinished(13,1338,Some(AttributeKey[sbt.ModuleSettings]("moduleSettings") in Scope(Build: file:/C:/Users/ligthartmeu/apps/myPAL/myPAL/, , Project: ProjectReference(file:/C:/Users/ligthartmeu/apps/myPAL/myPAL/,root))),true,None)
Sending msg to client activator-fce85254-3f66-42e9-acef-52bcad1973f4: TaskFinished(13,1467,None,true,None)
Sending msg to client activator-fce85254-3f66-42e9-acef-52bcad1973f4: TaskFinished(13,1390,None,true,None)
Sending msg to client activator-fce85254-3f66-42e9-acef-52bcad1973f4: TaskStarted(13,1479,None)
Sending msg to client activator-fce85254-3f66-42e9-acef-52bcad1973f4: TaskFinished(13,1474,Some(AttributeKey[scala.collection.Seq[sbt.Attributed[java.io.File]]]("unmanagedJars") in Scope(Build: file:/C:/Users/ligthartmeu/apps/myPAL/myPAL/, , Project: ProjectReference(file:/C:/Users/ligthartmeu/apps/myPAL/myPAL/,root), Config: compile)),true,None)
Sending msg to client activator-fce85254-3f66-42e9-acef-52bcad1973f4: TaskFinished(13,1401,Some(AttributeKey[scala.collection.Seq[scala.Function1[xsbti.Position,scala.Option[xsbti.Position]]]]("sourcePositionMappers") in Scope(Build: file:/C:/Users/ligthartmeu/apps/myPAL/myPAL/, , Project: ProjectReference(file:/C:/Users/ligthartmeu/apps/myPAL/myPAL/,root))),true,None)
Sending msg to client activator-fce85254-3f66-42e9-acef-52bcad1973f4: TaskStarted(13,1399,Some(AttributeKey[scala.collection.Seq[scala.Function1[xsbti.Position,scala.Option[xsbti.Position]]]]("sourcePositionMappers") in Scope(Build: file:/C:/Users/ligthartmeu/apps/myPAL/myPAL/, , Project: ProjectReference(file:/C:/Users/ligthartmeu/apps/myPAL/myPAL/,root))))
Sending msg to client activator-fce85254-3f66-42e9-acef-52bcad1973f4: TaskFinished(13,1331,Some(AttributeKey[sbt.Resolver]("projectResolver") in Scope(Build: file:/C:/Users/ligthartmeu/apps/myPAL/myPAL/, , Project: ProjectReference(file:/C:/Users/ligthartmeu/apps/myPAL/myPAL/,root))),true,None)
Sending msg to client activator-fce85254-3f66-42e9-acef-52bcad1973f4: TaskStarted(13,1330,Some(AttributeKey[scala.collection.Seq[sbt.Resolver]]("fullResolvers") in Scope(Build: file:/C:/Users/ligthartmeu/apps/myPAL/myPAL/, , Project: ProjectReference(file:/C:/Users/ligthartmeu/apps/myPAL/myPAL/,root))))
Sending msg to client activator-fce85254-3f66-42e9-acef-52bcad1973f4: TaskFinished(13,1459,Some(AttributeKey[scala.collection.Seq[java.io.File]]("managedSources") in Scope(Build: file:/C:/Users/ligthartmeu/apps/myPAL/myPAL/, , Project: ProjectReference(file:/C:/Users/ligthartmeu/apps/myPAL/myPAL/,root), Config: web-assets)),true,None)
Sending msg to client activator-fce85254-3f66-42e9-acef-52bcad1973f4: TaskStarted(13,1458,Some(AttributeKey[scala.collection.Seq[java.io.File]]("sources") in Scope(Build: file:/C:/Users/ligthartmeu/apps/myPAL/myPAL/, , Project: ProjectReference(file:/C:/Users/ligthartmeu/apps/myPAL/myPAL/,root), Config: web-assets)))
Sending msg to client activator-fce85254-3f66-42e9-acef-52bcad1973f4: TaskFinished(13,1399,Some(AttributeKey[scala.collection.Seq[scala.Function1[xsbti.Position,scala.Option[xsbti.Position]]]]("sourcePositionMappers") in Scope(Build: file:/C:/Users/ligthartmeu/apps/myPAL/myPAL/, , Project: ProjectReference(file:/C:/Users/ligthartmeu/apps/myPAL/myPAL/,root))),true,None)
Sending msg to client activator-fce85254-3f66-42e9-acef-52bcad1973f4: TaskFinished(13,1330,Some(AttributeKey[scala.collection.Seq[sbt.Resolver]]("fullResolvers") in Scope(Build: file:/C:/Users/ligthartmeu/apps/myPAL/myPAL/, , Project: ProjectReference(file:/C:/Users/ligthartmeu/apps/myPAL/myPAL/,root))),true,None)
Sending msg to client activator-fce85254-3f66-42e9-acef-52bcad1973f4: TaskStarted(13,1328,Some(AttributeKey[sbt.IvyConfiguration]("ivyConfiguration") in Scope(Build: file:/C:/Users/ligthartmeu/apps/myPAL/myPAL/, , Project: ProjectReference(file:/C:/Users/ligthartmeu/apps/myPAL/myPAL/,root))))
Sending msg to client activator-fce85254-3f66-42e9-acef-52bcad1973f4: TaskFinished(13,1411,None,true,None)
Sending msg to client activator-fce85254-3f66-42e9-acef-52bcad1973f4: TaskStarted(13,1410,Some(AttributeKey[scala.collection.Seq[java.io.File]]("twirlCompileTemplates") in Scope(Build: file:/C:/Users/ligthartmeu/apps/myPAL/myPAL/, , Project: ProjectReference(file:/C:/Users/ligthartmeu/apps/myPAL/myPAL/,root), Config: compile)))
Sending msg to client activator-fce85254-3f66-42e9-acef-52bcad1973f4: TaskFinished(13,1458,Some(AttributeKey[scala.collection.Seq[java.io.File]]("sources") in Scope(Build: file:/C:/Users/ligthartmeu/apps/myPAL/myPAL/, , Project: ProjectReference(file:/C:/Users/ligthartmeu/apps/myPAL/myPAL/,root), Config: web-assets)),true,None)
Sending msg to client activator-fce85254-3f66-42e9-acef-52bcad1973f4: TaskFinished(13,1328,Some(AttributeKey[sbt.IvyConfiguration]("ivyConfiguration") in Scope(Build: file:/C:/Users/ligthartmeu/apps/myPAL/myPAL/, , Project: ProjectReference(file:/C:/Users/ligthartmeu/apps/myPAL/myPAL/,root))),true,None)
Sending msg to client activator-fce85254-3f66-42e9-acef-52bcad1973f4: TaskStarted(13,1327,Some(AttributeKey[sbt.IvySbt]("ivySbt") in Scope(Build: file:/C:/Users/ligthartmeu/apps/myPAL/myPAL/, , Project: ProjectReference(file:/C:/Users/ligthartmeu/apps/myPAL/myPAL/,root))))
Sending msg to client activator-fce85254-3f66-42e9-acef-52bcad1973f4: TaskFinished(13,1410,Some(AttributeKey[scala.collection.Seq[java.io.File]]("twirlCompileTemplates") in Scope(Build: file:/C:/Users/ligthartmeu/apps/myPAL/myPAL/, , Project: ProjectReference(file:/C:/Users/ligthartmeu/apps/myPAL/myPAL/,root), Config: compile)),true,None)
Sending msg to client activator-fce85254-3f66-42e9-acef-52bcad1973f4: TaskStarted(13,1409,None)
Sending msg to client activator-fce85254-3f66-42e9-acef-52bcad1973f4: TaskFinished(13,1327,Some(AttributeKey[sbt.IvySbt]("ivySbt") in Scope(Build: file:/C:/Users/ligthartmeu/apps/myPAL/myPAL/, , Project: ProjectReference(file:/C:/Users/ligthartmeu/apps/myPAL/myPAL/,root))),true,None)
Sending msg to client activator-fce85254-3f66-42e9-acef-52bcad1973f4: TaskStarted(13,1326,Some(AttributeKey[sbt.IvySbt$Module]("ivyModule") in Scope(Build: file:/C:/Users/ligthartmeu/apps/myPAL/myPAL/, , Project: ProjectReference(file:/C:/Users/ligthartmeu/apps/myPAL/myPAL/,root))))
Sending msg to client activator-fce85254-3f66-42e9-acef-52bcad1973f4: TaskFinished(13,1409,None,true,None)
Sending msg to client activator-fce85254-3f66-42e9-acef-52bcad1973f4: TaskStarted(13,1408,Some(AttributeKey[scala.collection.Seq[java.io.File]]("managedSources") in Scope(Build: file:/C:/Users/ligthartmeu/apps/myPAL/myPAL/, , Project: ProjectReference(file:/C:/Users/ligthartmeu/apps/myPAL/myPAL/,root), Config: compile)))
Sending msg to client activator-fce85254-3f66-42e9-acef-52bcad1973f4: TaskFinished(13,1326,Some(AttributeKey[sbt.IvySbt$Module]("ivyModule") in Scope(Build: file:/C:/Users/ligthartmeu/apps/myPAL/myPAL/, , Project: ProjectReference(file:/C:/Users/ligthartmeu/apps/myPAL/myPAL/,root))),true,None)
Sending msg to client activator-fce85254-3f66-42e9-acef-52bcad1973f4: TaskStarted(13,1319,Some(AttributeKey[sbt.UpdateReport]("update") in Scope(Build: file:/C:/Users/ligthartmeu/apps/myPAL/myPAL/, , Project: ProjectReference(file:/C:/Users/ligthartmeu/apps/myPAL/myPAL/,root))))
Sending msg to client activator-fce85254-3f66-42e9-acef-52bcad1973f4: TaskFinished(13,1408,Some(AttributeKey[scala.collection.Seq[java.io.File]]("managedSources") in Scope(Build: file:/C:/Users/ligthartmeu/apps/myPAL/myPAL/, , Project: ProjectReference(file:/C:/Users/ligthartmeu/apps/myPAL/myPAL/,root), Config: compile)),true,None)
Sending msg to client activator-fce85254-3f66-42e9-acef-52bcad1973f4: TaskStarted(13,1405,Some(AttributeKey[scala.collection.Seq[java.io.File]]("sources") in Scope(Build: file:/C:/Users/ligthartmeu/apps/myPAL/myPAL/, , Project: ProjectReference(file:/C:/Users/ligthartmeu/apps/myPAL/myPAL/,root), Config: compile)))
Sending msg to client activator-fce85254-3f66-42e9-acef-52bcad1973f4: TaskFinished(13,1405,Some(AttributeKey[scala.collection.Seq[java.io.File]]("sources") in Scope(Build: file:/C:/Users/ligthartmeu/apps/myPAL/myPAL/, , Project: ProjectReference(file:/C:/Users/ligthartmeu/apps/myPAL/myPAL/,root), Config: compile)),true,None)
Sending msg to client activator-fce85254-3f66-42e9-acef-52bcad1973f4: TaskFinished(13,1479,None,true,None)
Sending msg to client activator-fce85254-3f66-42e9-acef-52bcad1973f4: TaskFinished(13,1472,None,true,None)
Sending msg to client activator-fce85254-3f66-42e9-acef-52bcad1973f4: TaskStarted(13,1471,Some(AttributeKey[scala.collection.Seq[sbt.Attributed[java.io.File]]]("unmanagedJars") in Scope(Build: file:/C:/Users/ligthartmeu/apps/myPAL/myPAL/, , Project: ProjectReference(file:/C:/Users/ligthartmeu/apps/myPAL/myPAL/,root), Config: compile)))
Sending msg to client activator-fce85254-3f66-42e9-acef-52bcad1973f4: TaskFinished(13,1471,Some(AttributeKey[scala.collection.Seq[sbt.Attributed[java.io.File]]]("unmanagedJars") in Scope(Build: file:/C:/Users/ligthartmeu/apps/myPAL/myPAL/, , Project: ProjectReference(file:/C:/Users/ligthartmeu/apps/myPAL/myPAL/,root), Config: compile)),true,None)
Sending msg to client activator-fce85254-3f66-42e9-acef-52bcad1973f4: TaskStarted(13,1470,None)
Sending msg to client activator-fce85254-3f66-42e9-acef-52bcad1973f4: TaskFinished(13,1470,None,true,None)
Sending msg to client activator-fce85254-3f66-42e9-acef-52bcad1973f4: TaskStarted(13,1469,None)
Sending msg to client activator-fce85254-3f66-42e9-acef-52bcad1973f4: TaskFinished(13,1469,None,true,None)
Sending msg to client activator-fce85254-3f66-42e9-acef-52bcad1973f4: TaskFinished(13,1369,None,true,None)
Sending msg to client activator-fce85254-3f66-42e9-acef-52bcad1973f4: TaskStarted(13,1368,Some(AttributeKey[scala.collection.Seq[sbt.Attributed[java.io.File]]]("unmanagedClasspath") in Scope(Build: file:/C:/Users/ligthartmeu/apps/myPAL/myPAL/, , Project: ProjectReference(file:/C:/Users/ligthartmeu/apps/myPAL/myPAL/,root), Config: compile)))
Sending msg to client activator-fce85254-3f66-42e9-acef-52bcad1973f4: TaskFinished(13,1368,Some(AttributeKey[scala.collection.Seq[sbt.Attributed[java.io.File]]]("unmanagedClasspath") in Scope(Build: file:/C:/Users/ligthartmeu/apps/myPAL/myPAL/, , Project: ProjectReference(file:/C:/Users/ligthartmeu/apps/myPAL/myPAL/,root), Config: compile)),true,None)
Sending msg to client activator-fce85254-3f66-42e9-acef-52bcad1973f4: TaskFinished(13,1319,Some(AttributeKey[sbt.UpdateReport]("update") in Scope(Build: file:/C:/Users/ligthartmeu/apps/myPAL/myPAL/, , Project: ProjectReference(file:/C:/Users/ligthartmeu/apps/myPAL/myPAL/,root))),true,None)
Sending msg to client activator-fce85254-3f66-42e9-acef-52bcad1973f4: TaskStarted(13,1316,Some(AttributeKey[sbt.UpdateReport]("update") in Scope(Build: file:/C:/Users/ligthartmeu/apps/myPAL/myPAL/, , Project: ProjectReference(file:/C:/Users/ligthartmeu/apps/myPAL/myPAL/,root))))
Sending msg to client activator-fce85254-3f66-42e9-acef-52bcad1973f4: TaskFinished(13,1316,Some(AttributeKey[sbt.UpdateReport]("update") in Scope(Build: file:/C:/Users/ligthartmeu/apps/myPAL/myPAL/, , Project: ProjectReference(file:/C:/Users/ligthartmeu/apps/myPAL/myPAL/,root))),true,None)
Sending msg to client activator-fce85254-3f66-42e9-acef-52bcad1973f4: TaskStarted(13,1348,Some(AttributeKey[sbt.Configuration]("classpathConfiguration") in Scope(Build: file:/C:/Users/ligthartmeu/apps/myPAL/myPAL/, , Project: ProjectReference(file:/C:/Users/ligthartmeu/apps/myPAL/myPAL/,root), Config: compile)))
Sending msg to client activator-fce85254-3f66-42e9-acef-52bcad1973f4: TaskStarted(13,1389,Some(AttributeKey[scala.collection.Seq[java.lang.String]]("scalacOptions") in Scope(Build: file:/C:/Users/ligthartmeu/apps/myPAL/myPAL/, , Project: ProjectReference(file:/C:/Users/ligthartmeu/apps/myPAL/myPAL/,root), Config: compile)))
Sending msg to client activator-fce85254-3f66-42e9-acef-52bcad1973f4: TaskStarted(13,1477,None)
Sending msg to client activator-fce85254-3f66-42e9-acef-52bcad1973f4: TaskFinished(13,1477,None,true,None)
Sending msg to client activator-fce85254-3f66-42e9-acef-52bcad1973f4: TaskFinished(13,1396,Some(AttributeKey[sbt.ScalaInstance]("scalaInstance") in Scope(Build: file:/C:/Users/ligthartmeu/apps/myPAL/myPAL/, , Project: ProjectReference(file:/C:/Users/ligthartmeu/apps/myPAL/myPAL/,root))),true,None)
Sending msg to client activator-fce85254-3f66-42e9-acef-52bcad1973f4: TaskStarted(13,1395,Some(AttributeKey[sbt.Compiler$Compilers]("compilers") in Scope(Global)))
Sending msg to client activator-fce85254-3f66-42e9-acef-52bcad1973f4: TaskFinished(13,1348,Some(AttributeKey[sbt.Configuration]("classpathConfiguration") in Scope(Build: file:/C:/Users/ligthartmeu/apps/myPAL/myPAL/, , Project: ProjectReference(file:/C:/Users/ligthartmeu/apps/myPAL/myPAL/,root), Config: compile)),true,None)
Sending msg to client activator-fce85254-3f66-42e9-acef-52bcad1973f4: TaskStarted(13,1347,None)
Sending msg to client activator-fce85254-3f66-42e9-acef-52bcad1973f4: TaskStarted(13,1366,None)
Sending msg to client activator-fce85254-3f66-42e9-acef-52bcad1973f4: TaskStarted(13,1373,None)
Sending msg to client activator-fce85254-3f66-42e9-acef-52bcad1973f4: TaskFinished(13,1347,None,true,None)
Sending msg to client activator-fce85254-3f66-42e9-acef-52bcad1973f4: TaskStarted(13,1315,Some(AttributeKey[sbt.Configuration]("classpathConfiguration") in Scope(Build: file:/C:/Users/ligthartmeu/apps/myPAL/myPAL/, , Project: ProjectReference(file:/C:/Users/ligthartmeu/apps/myPAL/myPAL/,root), Config: runtime)))
Sending msg to client activator-fce85254-3f66-42e9-acef-52bcad1973f4: TaskFinished(13,1366,None,true,None)
Sending msg to client activator-fce85254-3f66-42e9-acef-52bcad1973f4: TaskStarted(13,1365,Some(AttributeKey[scala.collection.Seq[sbt.Attributed[java.io.File]]]("managedClasspath") in Scope(Build: file:/C:/Users/ligthartmeu/apps/myPAL/myPAL/, , Project: ProjectReference(file:/C:/Users/ligthartmeu/apps/myPAL/myPAL/,root), Config: compile)))
Sending msg to client activator-fce85254-3f66-42e9-acef-52bcad1973f4: TaskStarted(13,1482,None)
Sending msg to client activator-fce85254-3f66-42e9-acef-52bcad1973f4: TaskStarted(13,1483,None)
Sending msg to client activator-fce85254-3f66-42e9-acef-52bcad1973f4: TaskFinished(13,1395,Some(AttributeKey[sbt.Compiler$Compilers]("compilers") in Scope(Global)),true,None)
Sending msg to client activator-fce85254-3f66-42e9-acef-52bcad1973f4: TaskFinished(13,1315,Some(AttributeKey[sbt.Configuration]("classpathConfiguration") in Scope(Build: file:/C:/Users/ligthartmeu/apps/myPAL/myPAL/, , Project: ProjectReference(file:/C:/Users/ligthartmeu/apps/myPAL/myPAL/,root), Config: runtime)),true,None)
Sending msg to client activator-fce85254-3f66-42e9-acef-52bcad1973f4: TaskStarted(13,1311,None)
Sending msg to client activator-fce85254-3f66-42e9-acef-52bcad1973f4: TaskFinished(13,1482,None,true,None)
Sending msg to client activator-fce85254-3f66-42e9-acef-52bcad1973f4: TaskFinished(13,1483,None,true,None)
Sending msg to client activator-fce85254-3f66-42e9-acef-52bcad1973f4: TaskStarted(13,1481,None)
Sending msg to client activator-fce85254-3f66-42e9-acef-52bcad1973f4: TaskStarted(13,1486,None)
Sending msg to client activator-fce85254-3f66-42e9-acef-52bcad1973f4: TaskStarted(13,1489,None)
Sending msg to client activator-fce85254-3f66-42e9-acef-52bcad1973f4: TaskStarted(13,1490,None)
Sending msg to client activator-fce85254-3f66-42e9-acef-52bcad1973f4: TaskFinished(13,1481,None,true,None)
Sending msg to client activator-fce85254-3f66-42e9-acef-52bcad1973f4: TaskStarted(13,1480,None)
Sending msg to client activator-fce85254-3f66-42e9-acef-52bcad1973f4: TaskFinished(13,1486,None,true,None)
Sending msg to client activator-fce85254-3f66-42e9-acef-52bcad1973f4: TaskFinished(13,1365,Some(AttributeKey[scala.collection.Seq[sbt.Attributed[java.io.File]]]("managedClasspath") in Scope(Build: file:/C:/Users/ligthartmeu/apps/myPAL/myPAL/, , Project: ProjectReference(file:/C:/Users/ligthartmeu/apps/myPAL/myPAL/,root), Config: compile)),true,None)
Sending msg to client activator-fce85254-3f66-42e9-acef-52bcad1973f4: TaskStarted(13,1364,None)
Sending msg to client activator-fce85254-3f66-42e9-acef-52bcad1973f4: TaskFinished(13,1490,None,true,None)
Sending msg to client activator-fce85254-3f66-42e9-acef-52bcad1973f4: TaskFinished(13,1364,None,true,None)
Sending msg to client activator-fce85254-3f66-42e9-acef-52bcad1973f4: TaskStarted(13,1362,Some(AttributeKey[scala.collection.Seq[sbt.Attributed[java.io.File]]]("externalDependencyClasspath") in Scope(Build: file:/C:/Users/ligthartmeu/apps/myPAL/myPAL/, , Project: ProjectReference(file:/C:/Users/ligthartmeu/apps/myPAL/myPAL/,root), Config: compile)))
Sending msg to client activator-fce85254-3f66-42e9-acef-52bcad1973f4: TaskFinished(13,1480,None,true,None)
Sending msg to client activator-fce85254-3f66-42e9-acef-52bcad1973f4: TaskFinished(13,1373,None,true,None)
Sending msg to client activator-fce85254-3f66-42e9-acef-52bcad1973f4: TaskStarted(13,1371,Some(AttributeKey[scala.collection.Seq[sbt.Attributed[java.io.File]]]("internalDependencyClasspath") in Scope(Build: file:/C:/Users/ligthartmeu/apps/myPAL/myPAL/, , Project: ProjectReference(file:/C:/Users/ligthartmeu/apps/myPAL/myPAL/,root), Config: compile)))
Sending msg to client activator-fce85254-3f66-42e9-acef-52bcad1973f4: TaskFinished(13,1371,Some(AttributeKey[scala.collection.Seq[sbt.Attributed[java.io.File]]]("internalDependencyClasspath") in Scope(Build: file:/C:/Users/ligthartmeu/apps/myPAL/myPAL/, , Project: ProjectReference(file:/C:/Users/ligthartmeu/apps/myPAL/myPAL/,root), Config: compile)),true,None)
Sending msg to client activator-fce85254-3f66-42e9-acef-52bcad1973f4: TaskFinished(13,1362,Some(AttributeKey[scala.collection.Seq[sbt.Attributed[java.io.File]]]("externalDependencyClasspath") in Scope(Build: file:/C:/Users/ligthartmeu/apps/myPAL/myPAL/, , Project: ProjectReference(file:/C:/Users/ligthartmeu/apps/myPAL/myPAL/,root), Config: compile)),true,None)
Sending msg to client activator-fce85254-3f66-42e9-acef-52bcad1973f4: TaskStarted(13,1361,None)
Sending msg to client activator-fce85254-3f66-42e9-acef-52bcad1973f4: TaskFinished(13,1361,None,true,None)
Sending msg to client activator-fce85254-3f66-42e9-acef-52bcad1973f4: TaskStarted(13,1360,Some(AttributeKey[scala.collection.Seq[sbt.Attributed[java.io.File]]]("dependencyClasspath") in Scope(Build: file:/C:/Users/ligthartmeu/apps/myPAL/myPAL/, , Project: ProjectReference(file:/C:/Users/ligthartmeu/apps/myPAL/myPAL/,root), Config: compile)))
Sending msg to client activator-fce85254-3f66-42e9-acef-52bcad1973f4: TaskFinished(13,1360,Some(AttributeKey[scala.collection.Seq[sbt.Attributed[java.io.File]]]("dependencyClasspath") in Scope(Build: file:/C:/Users/ligthartmeu/apps/myPAL/myPAL/, , Project: ProjectReference(file:/C:/Users/ligthartmeu/apps/myPAL/myPAL/,root), Config: compile)),true,None)
Sending msg to client activator-fce85254-3f66-42e9-acef-52bcad1973f4: TaskStarted(13,1357,Some(AttributeKey[sbt.Compiler$IncSetup]("incCompileSetup") in Scope(Build: file:/C:/Users/ligthartmeu/apps/myPAL/myPAL/, , Project: ProjectReference(file:/C:/Users/ligthartmeu/apps/myPAL/myPAL/,root), Config: compile)))
Sending msg to client activator-fce85254-3f66-42e9-acef-52bcad1973f4: TaskStarted(13,1447,Some(AttributeKey[java.lang.ClassLoader]("webJarsClassloader") in Scope(Build: file:/C:/Users/ligthartmeu/apps/myPAL/myPAL/, , Project: ProjectReference(file:/C:/Users/ligthartmeu/apps/myPAL/myPAL/,root), Config: web-assets)))
Sending msg to client activator-fce85254-3f66-42e9-acef-52bcad1973f4: TaskFinished(13,1357,Some(AttributeKey[sbt.Compiler$IncSetup]("incCompileSetup") in Scope(Build: file:/C:/Users/ligthartmeu/apps/myPAL/myPAL/, , Project: ProjectReference(file:/C:/Users/ligthartmeu/apps/myPAL/myPAL/,root), Config: compile)),true,None)
Sending msg to client activator-fce85254-3f66-42e9-acef-52bcad1973f4: TaskStarted(13,1414,Some(AttributeKey[sbt.Compiler$PreviousAnalysis]("readAnalysis") in Scope(Build: file:/C:/Users/ligthartmeu/apps/myPAL/myPAL/, , Project: ProjectReference(file:/C:/Users/ligthartmeu/apps/myPAL/myPAL/,root), Config: compile)))
Sending msg to client activator-fce85254-3f66-42e9-acef-52bcad1973f4: TaskFinished(13,1447,Some(AttributeKey[java.lang.ClassLoader]("webJarsClassloader") in Scope(Build: file:/C:/Users/ligthartmeu/apps/myPAL/myPAL/, , Project: ProjectReference(file:/C:/Users/ligthartmeu/apps/myPAL/myPAL/,root), Config: web-assets)),true,None)
Sending msg to client activator-fce85254-3f66-42e9-acef-52bcad1973f4: TaskStarted(13,1446,Some(AttributeKey[scala.collection.Seq[java.io.File]]("webJars") in Scope(Build: file:/C:/Users/ligthartmeu/apps/myPAL/myPAL/, , Project: ProjectReference(file:/C:/Users/ligthartmeu/apps/myPAL/myPAL/,root), Config: web-assets)))
Sending msg to client activator-fce85254-3f66-42e9-acef-52bcad1973f4: TaskFinished(13,1389,Some(AttributeKey[scala.collection.Seq[java.lang.String]]("scalacOptions") in Scope(Build: file:/C:/Users/ligthartmeu/apps/myPAL/myPAL/, , Project: ProjectReference(file:/C:/Users/ligthartmeu/apps/myPAL/myPAL/,root), Config: compile)),true,None)
Sending msg to client activator-fce85254-3f66-42e9-acef-52bcad1973f4: TaskStarted(13,1385,Some(AttributeKey[sbt.Compiler$Inputs]("compileInputs") in Scope(Build: file:/C:/Users/ligthartmeu/apps/myPAL/myPAL/, , Project: ProjectReference(file:/C:/Users/ligthartmeu/apps/myPAL/myPAL/,root), Config: compile, Task: AttributeKey[sbt.inc.Analysis]("compile"))))
Sending msg to client activator-fce85254-3f66-42e9-acef-52bcad1973f4: TaskFinished(13,1446,Some(AttributeKey[scala.collection.Seq[java.io.File]]("webJars") in Scope(Build: file:/C:/Users/ligthartmeu/apps/myPAL/myPAL/, , Project: ProjectReference(file:/C:/Users/ligthartmeu/apps/myPAL/myPAL/,root), Config: web-assets)),true,None)
Sending msg to client activator-fce85254-3f66-42e9-acef-52bcad1973f4: TaskStarted(13,1445,None)
Sending msg to client activator-fce85254-3f66-42e9-acef-52bcad1973f4: TaskFinished(13,1385,Some(AttributeKey[sbt.Compiler$Inputs]("compileInputs") in Scope(Build: file:/C:/Users/ligthartmeu/apps/myPAL/myPAL/, , Project: ProjectReference(file:/C:/Users/ligthartmeu/apps/myPAL/myPAL/,root), Config: compile, Task: AttributeKey[sbt.inc.Analysis]("compile"))),true,None)
Sending msg to client activator-fce85254-3f66-42e9-acef-52bcad1973f4: TaskStarted(13,1382,Some(AttributeKey[scala.Option[xsbti.Reporter]]("compilerReporter") in Scope(Build: file:/C:/Users/ligthartmeu/apps/myPAL/myPAL/, , Project: ProjectReference(file:/C:/Users/ligthartmeu/apps/myPAL/myPAL/,root), Config: compile, Task: AttributeKey[sbt.inc.Analysis]("compile"))))
Sending msg to client activator-fce85254-3f66-42e9-acef-52bcad1973f4: TaskFinished(13,1445,None,true,None)
Sending msg to client activator-fce85254-3f66-42e9-acef-52bcad1973f4: TaskStarted(13,1444,None)
Sending msg to client activator-fce85254-3f66-42e9-acef-52bcad1973f4: TaskFinished(13,1444,None,true,None)
Sending msg to client activator-fce85254-3f66-42e9-acef-52bcad1973f4: TaskStarted(13,1443,Some(AttributeKey[scala.collection.Seq[java.io.File]]("webModules") in Scope(Build: file:/C:/Users/ligthartmeu/apps/myPAL/myPAL/, , Project: ProjectReference(file:/C:/Users/ligthartmeu/apps/myPAL/myPAL/,root), Config: web-assets)))
Sending msg to client activator-fce85254-3f66-42e9-acef-52bcad1973f4: TaskFinished(13,1382,Some(AttributeKey[scala.Option[xsbti.Reporter]]("compilerReporter") in Scope(Build: file:/C:/Users/ligthartmeu/apps/myPAL/myPAL/, , Project: ProjectReference(file:/C:/Users/ligthartmeu/apps/myPAL/myPAL/,root), Config: compile, Task: AttributeKey[sbt.inc.Analysis]("compile"))),true,None)
Sending msg to client activator-fce85254-3f66-42e9-acef-52bcad1973f4: TaskFinished(13,1443,Some(AttributeKey[scala.collection.Seq[java.io.File]]("webModules") in Scope(Build: file:/C:/Users/ligthartmeu/apps/myPAL/myPAL/, , Project: ProjectReference(file:/C:/Users/ligthartmeu/apps/myPAL/myPAL/,root), Config: web-assets)),true,None)
Sending msg to client activator-fce85254-3f66-42e9-acef-52bcad1973f4: TaskStarted(13,1442,None)
Sending msg to client activator-fce85254-3f66-42e9-acef-52bcad1973f4: TaskStarted(13,1456,None)
Sending msg to client activator-fce85254-3f66-42e9-acef-52bcad1973f4: TaskFinished(13,1414,Some(AttributeKey[sbt.Compiler$PreviousAnalysis]("readAnalysis") in Scope(Build: file:/C:/Users/ligthartmeu/apps/myPAL/myPAL/, , Project: ProjectReference(file:/C:/Users/ligthartmeu/apps/myPAL/myPAL/,root), Config: compile)),true,None)
Sending msg to client activator-fce85254-3f66-42e9-acef-52bcad1973f4: TaskStarted(13,1380,Some(AttributeKey[sbt.compiler.IC$Result]("compileIncremental") in Scope(Build: file:/C:/Users/ligthartmeu/apps/myPAL/myPAL/, , Project: ProjectReference(file:/C:/Users/ligthartmeu/apps/myPAL/myPAL/,root), Config: compile)))
Sending msg to client activator-fce85254-3f66-42e9-acef-52bcad1973f4: TaskLogEvent(1380,LogMessage(debug,
Initial source changes: 
	removed:Set()
	added: Set()
	modified: Set()
Removed products: Set()
External API changes: API Changes: Set()
Modified binary dependencies: Set()
Initial directly invalidated sources: Set()

Sources indirectly invalidated by:
	product: Set()
	binary dep: Set()
	external source: Set()))
Sending msg to client activator-fce85254-3f66-42e9-acef-52bcad1973f4: TaskLogEvent(1380,LogMessage(debug,All initially invalidated sources: Set()
))
Sending msg to client activator-fce85254-3f66-42e9-acef-52bcad1973f4: TaskFinished(13,1380,Some(AttributeKey[sbt.compiler.IC$Result]("compileIncremental") in Scope(Build: file:/C:/Users/ligthartmeu/apps/myPAL/myPAL/, , Project: ProjectReference(file:/C:/Users/ligthartmeu/apps/myPAL/myPAL/,root), Config: compile)),true,None)
Sending msg to client activator-fce85254-3f66-42e9-acef-52bcad1973f4: TaskStarted(13,1379,Some(AttributeKey[sbt.compiler.IC$Result]("manipulateBytecode") in Scope(Build: file:/C:/Users/ligthartmeu/apps/myPAL/myPAL/, , Project: ProjectReference(file:/C:/Users/ligthartmeu/apps/myPAL/myPAL/,root), Config: compile)))
Sending msg to client activator-fce85254-3f66-42e9-acef-52bcad1973f4: TaskFinished(13,1379,Some(AttributeKey[sbt.compiler.IC$Result]("manipulateBytecode") in Scope(Build: file:/C:/Users/ligthartmeu/apps/myPAL/myPAL/, , Project: ProjectReference(file:/C:/Users/ligthartmeu/apps/myPAL/myPAL/,root), Config: compile)),true,None)
Sending msg to client activator-fce85254-3f66-42e9-acef-52bcad1973f4: TaskStarted(13,1356,Some(AttributeKey[sbt.inc.Analysis]("compile") in Scope(Build: file:/C:/Users/ligthartmeu/apps/myPAL/myPAL/, , Project: ProjectReference(file:/C:/Users/ligthartmeu/apps/myPAL/myPAL/,root), Config: compile)))
Sending msg to client activator-fce85254-3f66-42e9-acef-52bcad1973f4: TaskFinished(13,1356,Some(AttributeKey[sbt.inc.Analysis]("compile") in Scope(Build: file:/C:/Users/ligthartmeu/apps/myPAL/myPAL/, , Project: ProjectReference(file:/C:/Users/ligthartmeu/apps/myPAL/myPAL/,root), Config: compile)),true,None)
Sending msg to client activator-fce85254-3f66-42e9-acef-52bcad1973f4: TaskStarted(13,1355,Some(AttributeKey[sbt.inc.Analysis]("compile") in Scope(Build: file:/C:/Users/ligthartmeu/apps/myPAL/myPAL/, , Project: ProjectReference(file:/C:/Users/ligthartmeu/apps/myPAL/myPAL/,root), Config: compile)))
Sending msg to client activator-fce85254-3f66-42e9-acef-52bcad1973f4: TaskFinished(13,1355,Some(AttributeKey[sbt.inc.Analysis]("compile") in Scope(Build: file:/C:/Users/ligthartmeu/apps/myPAL/myPAL/, , Project: ProjectReference(file:/C:/Users/ligthartmeu/apps/myPAL/myPAL/,root), Config: compile)),true,None)
Sending msg to client activator-fce85254-3f66-42e9-acef-52bcad1973f4: TaskStarted(13,1424,Some(AttributeKey[sbt.PluginDiscovery$DiscoveredNames]("discoveredSbtPlugins") in Scope(Build: file:/C:/Users/ligthartmeu/apps/myPAL/myPAL/, , Project: ProjectReference(file:/C:/Users/ligthartmeu/apps/myPAL/myPAL/,root), Config: compile)))
Sending msg to client activator-fce85254-3f66-42e9-acef-52bcad1973f4: TaskStarted(13,1496,Some(AttributeKey[scala.collection.Seq[java.lang.String]]("discoveredMainClasses") in Scope(Build: file:/C:/Users/ligthartmeu/apps/myPAL/myPAL/, , Project: ProjectReference(file:/C:/Users/ligthartmeu/apps/myPAL/myPAL/,root), Config: compile)))
Sending msg to client activator-fce85254-3f66-42e9-acef-52bcad1973f4: TaskFinished(13,1424,Some(AttributeKey[sbt.PluginDiscovery$DiscoveredNames]("discoveredSbtPlugins") in Scope(Build: file:/C:/Users/ligthartmeu/apps/myPAL/myPAL/, , Project: ProjectReference(file:/C:/Users/ligthartmeu/apps/myPAL/myPAL/,root), Config: compile)),true,None)
Sending msg to client activator-fce85254-3f66-42e9-acef-52bcad1973f4: TaskStarted(13,1423,None)
Sending msg to client activator-fce85254-3f66-42e9-acef-52bcad1973f4: TaskFinished(13,1423,None,true,None)
Sending msg to client activator-fce85254-3f66-42e9-acef-52bcad1973f4: TaskStarted(13,1422,None)
Sending msg to client activator-fce85254-3f66-42e9-acef-52bcad1973f4: TaskFinished(13,1422,None,true,None)
Sending msg to client activator-fce85254-3f66-42e9-acef-52bcad1973f4: TaskStarted(13,1421,Some(AttributeKey[scala.collection.Seq[java.io.File]]("managedResources") in Scope(Build: file:/C:/Users/ligthartmeu/apps/myPAL/myPAL/, , Project: ProjectReference(file:/C:/Users/ligthartmeu/apps/myPAL/myPAL/,root), Config: compile)))
Sending msg to client activator-fce85254-3f66-42e9-acef-52bcad1973f4: TaskFinished(13,1421,Some(AttributeKey[scala.collection.Seq[java.io.File]]("managedResources") in Scope(Build: file:/C:/Users/ligthartmeu/apps/myPAL/myPAL/, , Project: ProjectReference(file:/C:/Users/ligthartmeu/apps/myPAL/myPAL/,root), Config: compile)),true,None)
Sending msg to client activator-fce85254-3f66-42e9-acef-52bcad1973f4: TaskStarted(13,1420,Some(AttributeKey[scala.collection.Seq[java.io.File]]("resources") in Scope(Build: file:/C:/Users/ligthartmeu/apps/myPAL/myPAL/, , Project: ProjectReference(file:/C:/Users/ligthartmeu/apps/myPAL/myPAL/,root), Config: compile)))
Sending msg to client activator-fce85254-3f66-42e9-acef-52bcad1973f4: TaskFinished(13,1420,Some(AttributeKey[scala.collection.Seq[java.io.File]]("resources") in Scope(Build: file:/C:/Users/ligthartmeu/apps/myPAL/myPAL/, , Project: ProjectReference(file:/C:/Users/ligthartmeu/apps/myPAL/myPAL/,root), Config: compile)),true,None)
Sending msg to client activator-fce85254-3f66-42e9-acef-52bcad1973f4: TaskStarted(13,1419,Some(AttributeKey[scala.collection.Seq[scala.Tuple2[java.io.File,java.io.File]]]("copyResources") in Scope(Build: file:/C:/Users/ligthartmeu/apps/myPAL/myPAL/, , Project: ProjectReference(file:/C:/Users/ligthartmeu/apps/myPAL/myPAL/,root), Config: compile)))
Sending msg to client activator-fce85254-3f66-42e9-acef-52bcad1973f4: TaskFinished(13,1496,Some(AttributeKey[scala.collection.Seq[java.lang.String]]("discoveredMainClasses") in Scope(Build: file:/C:/Users/ligthartmeu/apps/myPAL/myPAL/, , Project: ProjectReference(file:/C:/Users/ligthartmeu/apps/myPAL/myPAL/,root), Config: compile)),true,None)
Sending msg to client activator-fce85254-3f66-42e9-acef-52bcad1973f4: ValueChanged(AttributeKey[scala.collection.Seq[java.lang.String]]("discoveredMainClasses") in Scope(Build: file:/C:/Users/ligthartmeu/apps/myPAL/myPAL/, , Project: ProjectReference(file:/C:/Users/ligthartmeu/apps/myPAL/myPAL/,root), Config: compile),TaskSuccess(BuildValue(LazyValue(List(),scala.pickling.PicklerUnpickler$DelegatingPicklerUnpickler@5d2aa840),List())))
Sending msg to client activator-fce85254-3f66-42e9-acef-52bcad1973f4: TaskLogEvent(1419,LogMessage(debug,Copy resource mappings: 
	(C:\Users\ligthartmeu\apps\myPAL\myPAL\conf\application.conf,C:\Users\ligthartmeu\apps\myPAL\myPAL\target\scala-2.11\classes\application.conf)
	(C:\Users\ligthartmeu\apps\myPAL\myPAL\conf\evolutions,C:\Users\ligthartmeu\apps\myPAL\myPAL\target\scala-2.11\classes\evolutions)
	(C:\Users\ligthartmeu\apps\myPAL\myPAL\conf\initial-data.yml,C:\Users\ligthartmeu\apps\myPAL\myPAL\target\scala-2.11\classes\initial-data.yml)
	(C:\Users\ligthartmeu\apps\myPAL\myPAL\conf\initial-data2.yml,C:\Users\ligthartmeu\apps\myPAL\myPAL\target\scala-2.11\classes\initial-data2.yml)
	(C:\Users\ligthartmeu\apps\myPAL\myPAL\conf\messages.en,C:\Users\ligthartmeu\apps\myPAL\myPAL\target\scala-2.11\classes\messages.en)
	(C:\Users\ligthartmeu\apps\myPAL\myPAL\conf\messages.nl,C:\Users\ligthartmeu\apps\myPAL\myPAL\target\scala-2.11\classes\messages.nl)
	(C:\Users\ligthartmeu\apps\myPAL\myPAL\conf\routes,C:\Users\ligthartmeu\apps\myPAL\myPAL\target\scala-2.11\classes\routes)
	(C:\Users\ligthartmeu\apps\myPAL\myPAL\conf\test_activities.yml,C:\Users\ligthartmeu\apps\myPAL\myPAL\target\scala-2.11\classes\test_activities.yml)
	(C:\Users\ligthartmeu\apps\myPAL\myPAL\conf\evolutions\default,C:\Users\ligthartmeu\apps\myPAL\myPAL\target\scala-2.11\classes\evolutions\default)
	(C:\Users\ligthartmeu\apps\myPAL\myPAL\conf\evolutions\default\1.sql,C:\Users\ligthartmeu\apps\myPAL\myPAL\target\scala-2.11\classes\evolutions\default\1.sql)))
Sending msg to client activator-fce85254-3f66-42e9-acef-52bcad1973f4: TaskFinished(13,1419,Some(AttributeKey[scala.collection.Seq[scala.Tuple2[java.io.File,java.io.File]]]("copyResources") in Scope(Build: file:/C:/Users/ligthartmeu/apps/myPAL/myPAL/, , Project: ProjectReference(file:/C:/Users/ligthartmeu/apps/myPAL/myPAL/,root), Config: compile)),true,None)
Sending msg to client activator-fce85254-3f66-42e9-acef-52bcad1973f4: TaskStarted(13,1418,Some(AttributeKey[scala.collection.Seq[java.io.File]]("products") in Scope(Build: file:/C:/Users/ligthartmeu/apps/myPAL/myPAL/, , Project: ProjectReference(file:/C:/Users/ligthartmeu/apps/myPAL/myPAL/,root), Config: runtime)))
Sending msg to client activator-fce85254-3f66-42e9-acef-52bcad1973f4: TaskStarted(13,1491,Some(AttributeKey[scala.collection.Seq[java.io.File]]("products") in Scope(Build: file:/C:/Users/ligthartmeu/apps/myPAL/myPAL/, , Project: ProjectReference(file:/C:/Users/ligthartmeu/apps/myPAL/myPAL/,root), Config: compile)))
Sending msg to client activator-fce85254-3f66-42e9-acef-52bcad1973f4: TaskFinished(13,1418,Some(AttributeKey[scala.collection.Seq[java.io.File]]("products") in Scope(Build: file:/C:/Users/ligthartmeu/apps/myPAL/myPAL/, , Project: ProjectReference(file:/C:/Users/ligthartmeu/apps/myPAL/myPAL/,root), Config: runtime)),true,None)
Sending msg to client activator-fce85254-3f66-42e9-acef-52bcad1973f4: TaskFinished(13,1354,None,true,None)
Sending msg to client activator-fce85254-3f66-42e9-acef-52bcad1973f4: TaskStarted(13,1353,None)
Sending msg to client activator-fce85254-3f66-42e9-acef-52bcad1973f4: TaskFinished(13,1491,Some(AttributeKey[scala.collection.Seq[java.io.File]]("products") in Scope(Build: file:/C:/Users/ligthartmeu/apps/myPAL/myPAL/, , Project: ProjectReference(file:/C:/Users/ligthartmeu/apps/myPAL/myPAL/,root), Config: compile)),true,None)
Sending msg to client activator-fce85254-3f66-42e9-acef-52bcad1973f4: TaskFinished(13,1489,None,true,None)
Sending msg to client activator-fce85254-3f66-42e9-acef-52bcad1973f4: TaskStarted(13,1488,None)
Sending msg to client activator-fce85254-3f66-42e9-acef-52bcad1973f4: TaskFinished(13,1353,None,true,None)
Sending msg to client activator-fce85254-3f66-42e9-acef-52bcad1973f4: TaskStarted(13,1351,Some(AttributeKey[scala.collection.Seq[sbt.Attributed[java.io.File]]]("exportedProducts") in Scope(Build: file:/C:/Users/ligthartmeu/apps/myPAL/myPAL/, , Project: ProjectReference(file:/C:/Users/ligthartmeu/apps/myPAL/myPAL/,root), Config: runtime)))
Sending msg to client activator-fce85254-3f66-42e9-acef-52bcad1973f4: TaskFinished(13,1488,None,true,None)
Sending msg to client activator-fce85254-3f66-42e9-acef-52bcad1973f4: TaskStarted(13,1487,Some(AttributeKey[scala.collection.Seq[sbt.Attributed[java.io.File]]]("exportedProducts") in Scope(Build: file:/C:/Users/ligthartmeu/apps/myPAL/myPAL/, , Project: ProjectReference(file:/C:/Users/ligthartmeu/apps/myPAL/myPAL/,root), Config: compile)))
Sending msg to client activator-fce85254-3f66-42e9-acef-52bcad1973f4: TaskFinished(13,1487,Some(AttributeKey[scala.collection.Seq[sbt.Attributed[java.io.File]]]("exportedProducts") in Scope(Build: file:/C:/Users/ligthartmeu/apps/myPAL/myPAL/, , Project: ProjectReference(file:/C:/Users/ligthartmeu/apps/myPAL/myPAL/,root), Config: compile)),true,None)
Sending msg to client activator-fce85254-3f66-42e9-acef-52bcad1973f4: TaskStarted(13,1485,None)
Sending msg to client activator-fce85254-3f66-42e9-acef-52bcad1973f4: TaskFinished(13,1351,Some(AttributeKey[scala.collection.Seq[sbt.Attributed[java.io.File]]]("exportedProducts") in Scope(Build: file:/C:/Users/ligthartmeu/apps/myPAL/myPAL/, , Project: ProjectReference(file:/C:/Users/ligthartmeu/apps/myPAL/myPAL/,root), Config: runtime)),true,None)
Sending msg to client activator-fce85254-3f66-42e9-acef-52bcad1973f4: TaskFinished(13,1485,None,true,None)
Sending msg to client activator-fce85254-3f66-42e9-acef-52bcad1973f4: TaskStarted(13,1484,None)
Sending msg to client activator-fce85254-3f66-42e9-acef-52bcad1973f4: TaskFinished(13,1484,None,true,None)
Sending msg to client activator-fce85254-3f66-42e9-acef-52bcad1973f4: TaskFinished(13,1311,None,true,None)
Sending msg to client activator-fce85254-3f66-42e9-acef-52bcad1973f4: TaskStarted(13,1310,Some(AttributeKey[scala.collection.Seq[sbt.Attributed[java.io.File]]]("internalDependencyClasspath") in Scope(Build: file:/C:/Users/ligthartmeu/apps/myPAL/myPAL/, , Project: ProjectReference(file:/C:/Users/ligthartmeu/apps/myPAL/myPAL/,root), Config: runtime)))
Sending msg to client activator-fce85254-3f66-42e9-acef-52bcad1973f4: TaskFinished(13,1310,Some(AttributeKey[scala.collection.Seq[sbt.Attributed[java.io.File]]]("internalDependencyClasspath") in Scope(Build: file:/C:/Users/ligthartmeu/apps/myPAL/myPAL/, , Project: ProjectReference(file:/C:/Users/ligthartmeu/apps/myPAL/myPAL/,root), Config: runtime)),true,None)
Sending msg to client activator-fce85254-3f66-42e9-acef-52bcad1973f4: TaskStarted(13,1309,Some(AttributeKey[scala.collection.Seq[sbt.Attributed[java.io.File]]]("playReloaderClasspath") in Scope(Build: file:/C:/Users/ligthartmeu/apps/myPAL/myPAL/, , Project: ProjectReference(file:/C:/Users/ligthartmeu/apps/myPAL/myPAL/,root))))
Sending msg to client activator-fce85254-3f66-42e9-acef-52bcad1973f4: TaskFinished(13,1309,Some(AttributeKey[scala.collection.Seq[sbt.Attributed[java.io.File]]]("playReloaderClasspath") in Scope(Build: file:/C:/Users/ligthartmeu/apps/myPAL/myPAL/, , Project: ProjectReference(file:/C:/Users/ligthartmeu/apps/myPAL/myPAL/,root))),true,None)
Sending msg to client activator-fce85254-3f66-42e9-acef-52bcad1973f4: TaskStarted(13,1308,Some(AttributeKey[scala.collection.Seq[sbt.Attributed[java.io.File]]]("playReloaderClasspath") in Scope(Build: file:/C:/Users/ligthartmeu/apps/myPAL/myPAL/, , Project: ProjectReference(file:/C:/Users/ligthartmeu/apps/myPAL/myPAL/,root))))
Sending msg to client activator-fce85254-3f66-42e9-acef-52bcad1973f4: TaskFinished(13,1308,Some(AttributeKey[scala.collection.Seq[sbt.Attributed[java.io.File]]]("playReloaderClasspath") in Scope(Build: file:/C:/Users/ligthartmeu/apps/myPAL/myPAL/, , Project: ProjectReference(file:/C:/Users/ligthartmeu/apps/myPAL/myPAL/,root))),true,None)
Sending msg to client activator-fce85254-3f66-42e9-acef-52bcad1973f4: TaskStarted(13,1307,None)
Sending msg to client activator-fce85254-3f66-42e9-acef-52bcad1973f4: TaskFinished(13,1307,None,true,None)
Sending msg to client activator-fce85254-3f66-42e9-acef-52bcad1973f4: TaskFinished(13,1453,Some(AttributeKey[scala.collection.Seq[java.io.File]]("webJarsNodeModules") in Scope(Build: file:/C:/Users/ligthartmeu/apps/myPAL/myPAL/, , Project: ProjectReference(file:/C:/Users/ligthartmeu/apps/myPAL/myPAL/,root), Config: web-plugin)),true,None)
Sending msg to client activator-fce85254-3f66-42e9-acef-52bcad1973f4: TaskStarted(13,1452,None)
Sending msg to client activator-fce85254-3f66-42e9-acef-52bcad1973f4: TaskFinished(13,1452,None,true,None)
Sending msg to client activator-fce85254-3f66-42e9-acef-52bcad1973f4: TaskStarted(13,1451,None)
Sending msg to client activator-fce85254-3f66-42e9-acef-52bcad1973f4: TaskFinished(13,1451,None,true,None)
Sending msg to client activator-fce85254-3f66-42e9-acef-52bcad1973f4: TaskStarted(13,1450,Some(AttributeKey[scala.collection.Seq[java.io.File]]("webNodeModules") in Scope(Build: file:/C:/Users/ligthartmeu/apps/myPAL/myPAL/, , Project: ProjectReference(file:/C:/Users/ligthartmeu/apps/myPAL/myPAL/,root), Config: web-plugin)))
Sending msg to client activator-fce85254-3f66-42e9-acef-52bcad1973f4: TaskFinished(13,1450,Some(AttributeKey[scala.collection.Seq[java.io.File]]("webNodeModules") in Scope(Build: file:/C:/Users/ligthartmeu/apps/myPAL/myPAL/, , Project: ProjectReference(file:/C:/Users/ligthartmeu/apps/myPAL/myPAL/,root), Config: web-plugin)),true,None)
Sending msg to client activator-fce85254-3f66-42e9-acef-52bcad1973f4: TaskStarted(13,1449,None)
Sending msg to client activator-fce85254-3f66-42e9-acef-52bcad1973f4: TaskStarted(13,1493,None)
Sending msg to client activator-fce85254-3f66-42e9-acef-52bcad1973f4: TaskStarted(13,1495,None)
Sending msg to client activator-fce85254-3f66-42e9-acef-52bcad1973f4: TaskStarted(13,1499,Some(AttributeKey[scala.Option[java.io.File]]("jshintResolvedConfig") in Scope(Build: file:/C:/Users/ligthartmeu/apps/myPAL/myPAL/, , Project: ProjectReference(file:/C:/Users/ligthartmeu/apps/myPAL/myPAL/,root))))
Sending msg to client activator-fce85254-3f66-42e9-acef-52bcad1973f4: TaskStarted(13,1500,None)
Sending msg to client activator-fce85254-3f66-42e9-acef-52bcad1973f4: TaskStarted(13,1502,None)
Sending msg to client activator-fce85254-3f66-42e9-acef-52bcad1973f4: TaskStarted(13,1504,None)
Sending msg to client activator-fce85254-3f66-42e9-acef-52bcad1973f4: TaskStarted(13,1509,None)
Sending msg to client activator-fce85254-3f66-42e9-acef-52bcad1973f4: TaskStarted(13,1516,None)
Sending msg to client activator-fce85254-3f66-42e9-acef-52bcad1973f4: TaskStarted(13,1517,None)
Sending msg to client activator-fce85254-3f66-42e9-acef-52bcad1973f4: TaskStarted(13,1519,None)
Sending msg to client activator-fce85254-3f66-42e9-acef-52bcad1973f4: TaskStarted(13,1520,Some(AttributeKey[java.lang.String]("jstaskJsOptions") in Scope(Build: file:/C:/Users/ligthartmeu/apps/myPAL/myPAL/, , Project: ProjectReference(file:/C:/Users/ligthartmeu/apps/myPAL/myPAL/,root), Config: web-assets, Task: AttributeKey[scala.collection.Seq[java.io.File]]("less"))))
Sending msg to client activator-fce85254-3f66-42e9-acef-52bcad1973f4: TaskStarted(13,1523,Some(AttributeKey[java.lang.String]("jstaskJsOptions") in Scope(Build: file:/C:/Users/ligthartmeu/apps/myPAL/myPAL/, , Project: ProjectReference(file:/C:/Users/ligthartmeu/apps/myPAL/myPAL/,root), Config: web-assets, Task: AttributeKey[scala.collection.Seq[java.io.File]]("coffeescript"))))
Sending msg to client activator-fce85254-3f66-42e9-acef-52bcad1973f4: TaskStarted(13,1524,None)
Sending msg to client activator-fce85254-3f66-42e9-acef-52bcad1973f4: TaskStarted(13,1526,None)
Sending msg to client activator-fce85254-3f66-42e9-acef-52bcad1973f4: TaskStarted(13,1531,None)
Sending msg to client activator-fce85254-3f66-42e9-acef-52bcad1973f4: TaskFinished(13,1499,Some(AttributeKey[scala.Option[java.io.File]]("jshintResolvedConfig") in Scope(Build: file:/C:/Users/ligthartmeu/apps/myPAL/myPAL/, , Project: ProjectReference(file:/C:/Users/ligthartmeu/apps/myPAL/myPAL/,root))),true,None)
Sending msg to client activator-fce85254-3f66-42e9-acef-52bcad1973f4: TaskStarted(13,1498,Some(AttributeKey[java.lang.String]("jstaskJsOptions") in Scope(Build: file:/C:/Users/ligthartmeu/apps/myPAL/myPAL/, , Project: ProjectReference(file:/C:/Users/ligthartmeu/apps/myPAL/myPAL/,root), Task: AttributeKey[scala.collection.Seq[java.io.File]]("jshint"))))
Sending msg to client activator-fce85254-3f66-42e9-acef-52bcad1973f4: TaskFinished(13,1500,None,true,None)
Sending msg to client activator-fce85254-3f66-42e9-acef-52bcad1973f4: TaskStarted(13,1503,Some(AttributeKey[java.io.File]("jstaskShellSource") in Scope(Build: file:/C:/Users/ligthartmeu/apps/myPAL/myPAL/, , Project: ProjectReference(file:/C:/Users/ligthartmeu/apps/myPAL/myPAL/,root), Task: AttributeKey[scala.collection.Seq[java.io.File]]("jshint"))))
Sending msg to client activator-fce85254-3f66-42e9-acef-52bcad1973f4: TaskFinished(13,1502,None,true,None)
Sending msg to client activator-fce85254-3f66-42e9-acef-52bcad1973f4: TaskStarted(13,1501,Some(AttributeKey[sbt.LoggerReporter]("webReporter") in Scope(Build: file:/C:/Users/ligthartmeu/apps/myPAL/myPAL/, , Project: ProjectReference(file:/C:/Users/ligthartmeu/apps/myPAL/myPAL/,root))))
Sending msg to client activator-fce85254-3f66-42e9-acef-52bcad1973f4: TaskFinished(13,1504,None,true,None)
Sending msg to client activator-fce85254-3f66-42e9-acef-52bcad1973f4: TaskFinished(13,1509,None,true,None)
Sending msg to client activator-fce85254-3f66-42e9-acef-52bcad1973f4: TaskStarted(13,1508,None)
Sending msg to client activator-fce85254-3f66-42e9-acef-52bcad1973f4: TaskFinished(13,1516,None,true,None)
Sending msg to client activator-fce85254-3f66-42e9-acef-52bcad1973f4: TaskStarted(13,1515,None)
Sending msg to client activator-fce85254-3f66-42e9-acef-52bcad1973f4: TaskFinished(13,1517,None,true,None)
Sending msg to client activator-fce85254-3f66-42e9-acef-52bcad1973f4: TaskFinished(13,1519,None,true,None)
Sending msg to client activator-fce85254-3f66-42e9-acef-52bcad1973f4: TaskStarted(13,1518,Some(AttributeKey[java.io.File]("jstaskShellSource") in Scope(Build: file:/C:/Users/ligthartmeu/apps/myPAL/myPAL/, , Project: ProjectReference(file:/C:/Users/ligthartmeu/apps/myPAL/myPAL/,root), Task: AttributeKey[scala.collection.Seq[java.io.File]]("less"))))
Sending msg to client activator-fce85254-3f66-42e9-acef-52bcad1973f4: TaskFinished(13,1520,Some(AttributeKey[java.lang.String]("jstaskJsOptions") in Scope(Build: file:/C:/Users/ligthartmeu/apps/myPAL/myPAL/, , Project: ProjectReference(file:/C:/Users/ligthartmeu/apps/myPAL/myPAL/,root), Config: web-assets, Task: AttributeKey[scala.collection.Seq[java.io.File]]("less"))),true,None)
Sending msg to client activator-fce85254-3f66-42e9-acef-52bcad1973f4: TaskStarted(13,1521,Some(AttributeKey[com.typesafe.sbt.web.incremental.OpInputHasher[java.io.File]]("jstaskFileInputHasher") in Scope(Build: file:/C:/Users/ligthartmeu/apps/myPAL/myPAL/, , Project: ProjectReference(file:/C:/Users/ligthartmeu/apps/myPAL/myPAL/,root), Config: web-assets, Task: AttributeKey[scala.collection.Seq[java.io.File]]("less"))))
Sending msg to client activator-fce85254-3f66-42e9-acef-52bcad1973f4: TaskFinished(13,1523,Some(AttributeKey[java.lang.String]("jstaskJsOptions") in Scope(Build: file:/C:/Users/ligthartmeu/apps/myPAL/myPAL/, , Project: ProjectReference(file:/C:/Users/ligthartmeu/apps/myPAL/myPAL/,root), Config: web-assets, Task: AttributeKey[scala.collection.Seq[java.io.File]]("coffeescript"))),true,None)
Sending msg to client activator-fce85254-3f66-42e9-acef-52bcad1973f4: TaskStarted(13,1532,Some(AttributeKey[com.typesafe.sbt.web.incremental.OpInputHasher[java.io.File]]("jstaskFileInputHasher") in Scope(Build: file:/C:/Users/ligthartmeu/apps/myPAL/myPAL/, , Project: ProjectReference(file:/C:/Users/ligthartmeu/apps/myPAL/myPAL/,root), Config: web-assets, Task: AttributeKey[scala.collection.Seq[java.io.File]]("coffeescript"))))
Sending msg to client activator-fce85254-3f66-42e9-acef-52bcad1973f4: TaskFinished(13,1524,None,true,None)
Sending msg to client activator-fce85254-3f66-42e9-acef-52bcad1973f4: TaskStarted(13,1525,Some(AttributeKey[java.io.File]("jstaskShellSource") in Scope(Build: file:/C:/Users/ligthartmeu/apps/myPAL/myPAL/, , Project: ProjectReference(file:/C:/Users/ligthartmeu/apps/myPAL/myPAL/,root), Task: AttributeKey[scala.collection.Seq[java.io.File]]("coffeescript"))))
Sending msg to client activator-fce85254-3f66-42e9-acef-52bcad1973f4: TaskFinished(13,1526,None,true,None)
Sending msg to client activator-fce85254-3f66-42e9-acef-52bcad1973f4: TaskFinished(13,1531,None,true,None)
Sending msg to client activator-fce85254-3f66-42e9-acef-52bcad1973f4: TaskStarted(13,1530,None)
Sending msg to client activator-fce85254-3f66-42e9-acef-52bcad1973f4: TaskFinished(13,1498,Some(AttributeKey[java.lang.String]("jstaskJsOptions") in Scope(Build: file:/C:/Users/ligthartmeu/apps/myPAL/myPAL/, , Project: ProjectReference(file:/C:/Users/ligthartmeu/apps/myPAL/myPAL/,root), Task: AttributeKey[scala.collection.Seq[java.io.File]]("jshint"))),true,None)
Sending msg to client activator-fce85254-3f66-42e9-acef-52bcad1973f4: TaskStarted(13,1510,Some(AttributeKey[com.typesafe.sbt.web.incremental.OpInputHasher[java.io.File]]("jstaskFileInputHasher") in Scope(Build: file:/C:/Users/ligthartmeu/apps/myPAL/myPAL/, , Project: ProjectReference(file:/C:/Users/ligthartmeu/apps/myPAL/myPAL/,root), Config: web-assets, Task: AttributeKey[scala.collection.Seq[java.io.File]]("jshint"))))
Sending msg to client activator-fce85254-3f66-42e9-acef-52bcad1973f4: TaskStarted(13,1534,None)
Sending msg to client activator-fce85254-3f66-42e9-acef-52bcad1973f4: TaskStarted(13,1536,None)
Sending msg to client activator-fce85254-3f66-42e9-acef-52bcad1973f4: TaskFinished(13,1521,Some(AttributeKey[com.typesafe.sbt.web.incremental.OpInputHasher[java.io.File]]("jstaskFileInputHasher") in Scope(Build: file:/C:/Users/ligthartmeu/apps/myPAL/myPAL/, , Project: ProjectReference(file:/C:/Users/ligthartmeu/apps/myPAL/myPAL/,root), Config: web-assets, Task: AttributeKey[scala.collection.Seq[java.io.File]]("less"))),true,None)
Sending msg to client activator-fce85254-3f66-42e9-acef-52bcad1973f4: TaskFinished(13,1501,Some(AttributeKey[sbt.LoggerReporter]("webReporter") in Scope(Build: file:/C:/Users/ligthartmeu/apps/myPAL/myPAL/, , Project: ProjectReference(file:/C:/Users/ligthartmeu/apps/myPAL/myPAL/,root))),true,None)
Sending msg to client activator-fce85254-3f66-42e9-acef-52bcad1973f4: TaskFinished(13,1532,Some(AttributeKey[com.typesafe.sbt.web.incremental.OpInputHasher[java.io.File]]("jstaskFileInputHasher") in Scope(Build: file:/C:/Users/ligthartmeu/apps/myPAL/myPAL/, , Project: ProjectReference(file:/C:/Users/ligthartmeu/apps/myPAL/myPAL/,root), Config: web-assets, Task: AttributeKey[scala.collection.Seq[java.io.File]]("coffeescript"))),true,None)
Sending msg to client activator-fce85254-3f66-42e9-acef-52bcad1973f4: TaskFinished(13,1518,Some(AttributeKey[java.io.File]("jstaskShellSource") in Scope(Build: file:/C:/Users/ligthartmeu/apps/myPAL/myPAL/, , Project: ProjectReference(file:/C:/Users/ligthartmeu/apps/myPAL/myPAL/,root), Task: AttributeKey[scala.collection.Seq[java.io.File]]("less"))),true,None)
Sending msg to client activator-fce85254-3f66-42e9-acef-52bcad1973f4: TaskFinished(13,1510,Some(AttributeKey[com.typesafe.sbt.web.incremental.OpInputHasher[java.io.File]]("jstaskFileInputHasher") in Scope(Build: file:/C:/Users/ligthartmeu/apps/myPAL/myPAL/, , Project: ProjectReference(file:/C:/Users/ligthartmeu/apps/myPAL/myPAL/,root), Config: web-assets, Task: AttributeKey[scala.collection.Seq[java.io.File]]("jshint"))),true,None)
Sending msg to client activator-fce85254-3f66-42e9-acef-52bcad1973f4: TaskStarted(13,1538,None)
Sending msg to client activator-fce85254-3f66-42e9-acef-52bcad1973f4: TaskFinished(13,1534,None,true,None)
Sending msg to client activator-fce85254-3f66-42e9-acef-52bcad1973f4: TaskStarted(13,1533,None)
Sending msg to client activator-fce85254-3f66-42e9-acef-52bcad1973f4: TaskFinished(13,1503,Some(AttributeKey[java.io.File]("jstaskShellSource") in Scope(Build: file:/C:/Users/ligthartmeu/apps/myPAL/myPAL/, , Project: ProjectReference(file:/C:/Users/ligthartmeu/apps/myPAL/myPAL/,root), Task: AttributeKey[scala.collection.Seq[java.io.File]]("jshint"))),true,None)
Sending msg to client activator-fce85254-3f66-42e9-acef-52bcad1973f4: TaskFinished(13,1536,None,true,None)
Sending msg to client activator-fce85254-3f66-42e9-acef-52bcad1973f4: TaskStarted(13,1535,None)
Sending msg to client activator-fce85254-3f66-42e9-acef-52bcad1973f4: TaskFinished(13,1538,None,true,None)
Sending msg to client activator-fce85254-3f66-42e9-acef-52bcad1973f4: TaskStarted(13,1537,None)
Sending msg to client activator-fce85254-3f66-42e9-acef-52bcad1973f4: TaskFinished(13,1533,None,true,None)
Sending msg to client activator-fce85254-3f66-42e9-acef-52bcad1973f4: TaskFinished(13,1508,None,true,None)
Sending msg to client activator-fce85254-3f66-42e9-acef-52bcad1973f4: TaskStarted(13,1507,None)
Sending msg to client activator-fce85254-3f66-42e9-acef-52bcad1973f4: TaskFinished(13,1535,None,true,None)
Sending msg to client activator-fce85254-3f66-42e9-acef-52bcad1973f4: TaskFinished(13,1515,None,true,None)
Sending msg to client activator-fce85254-3f66-42e9-acef-52bcad1973f4: TaskStarted(13,1514,None)
Sending msg to client activator-fce85254-3f66-42e9-acef-52bcad1973f4: TaskFinished(13,1537,None,true,None)
Sending msg to client activator-fce85254-3f66-42e9-acef-52bcad1973f4: TaskFinished(13,1530,None,true,None)
Sending msg to client activator-fce85254-3f66-42e9-acef-52bcad1973f4: TaskStarted(13,1529,None)
Sending msg to client activator-fce85254-3f66-42e9-acef-52bcad1973f4: TaskFinished(13,1507,None,true,None)
Sending msg to client activator-fce85254-3f66-42e9-acef-52bcad1973f4: TaskStarted(13,1506,Some(AttributeKey[scala.collection.Seq[java.io.File]]("managedSources") in Scope(Build: file:/C:/Users/ligthartmeu/apps/myPAL/myPAL/, , Project: ProjectReference(file:/C:/Users/ligthartmeu/apps/myPAL/myPAL/,root), Config: web-assets, Task: AttributeKey[scala.collection.Seq[java.io.File]]("jshint"))))
Sending msg to client activator-fce85254-3f66-42e9-acef-52bcad1973f4: TaskFinished(13,1514,None,true,None)
Sending msg to client activator-fce85254-3f66-42e9-acef-52bcad1973f4: TaskStarted(13,1513,Some(AttributeKey[scala.collection.Seq[java.io.File]]("managedSources") in Scope(Build: file:/C:/Users/ligthartmeu/apps/myPAL/myPAL/, , Project: ProjectReference(file:/C:/Users/ligthartmeu/apps/myPAL/myPAL/,root), Config: web-assets, Task: AttributeKey[scala.collection.Seq[java.io.File]]("less"))))
Sending msg to client activator-fce85254-3f66-42e9-acef-52bcad1973f4: TaskFinished(13,1529,None,true,None)
Sending msg to client activator-fce85254-3f66-42e9-acef-52bcad1973f4: TaskStarted(13,1528,Some(AttributeKey[scala.collection.Seq[java.io.File]]("managedSources") in Scope(Build: file:/C:/Users/ligthartmeu/apps/myPAL/myPAL/, , Project: ProjectReference(file:/C:/Users/ligthartmeu/apps/myPAL/myPAL/,root), Config: web-assets, Task: AttributeKey[scala.collection.Seq[java.io.File]]("coffeescript"))))
Sending msg to client activator-fce85254-3f66-42e9-acef-52bcad1973f4: TaskFinished(13,1506,Some(AttributeKey[scala.collection.Seq[java.io.File]]("managedSources") in Scope(Build: file:/C:/Users/ligthartmeu/apps/myPAL/myPAL/, , Project: ProjectReference(file:/C:/Users/ligthartmeu/apps/myPAL/myPAL/,root), Config: web-assets, Task: AttributeKey[scala.collection.Seq[java.io.File]]("jshint"))),true,None)
Sending msg to client activator-fce85254-3f66-42e9-acef-52bcad1973f4: TaskStarted(13,1505,Some(AttributeKey[scala.collection.Seq[java.io.File]]("sources") in Scope(Build: file:/C:/Users/ligthartmeu/apps/myPAL/myPAL/, , Project: ProjectReference(file:/C:/Users/ligthartmeu/apps/myPAL/myPAL/,root), Config: web-assets, Task: AttributeKey[scala.collection.Seq[java.io.File]]("jshint"))))
Sending msg to client activator-fce85254-3f66-42e9-acef-52bcad1973f4: TaskFinished(13,1528,Some(AttributeKey[scala.collection.Seq[java.io.File]]("managedSources") in Scope(Build: file:/C:/Users/ligthartmeu/apps/myPAL/myPAL/, , Project: ProjectReference(file:/C:/Users/ligthartmeu/apps/myPAL/myPAL/,root), Config: web-assets, Task: AttributeKey[scala.collection.Seq[java.io.File]]("coffeescript"))),true,None)
Sending msg to client activator-fce85254-3f66-42e9-acef-52bcad1973f4: TaskStarted(13,1527,Some(AttributeKey[scala.collection.Seq[java.io.File]]("sources") in Scope(Build: file:/C:/Users/ligthartmeu/apps/myPAL/myPAL/, , Project: ProjectReference(file:/C:/Users/ligthartmeu/apps/myPAL/myPAL/,root), Config: web-assets, Task: AttributeKey[scala.collection.Seq[java.io.File]]("coffeescript"))))
Sending msg to client activator-fce85254-3f66-42e9-acef-52bcad1973f4: TaskFinished(13,1513,Some(AttributeKey[scala.collection.Seq[java.io.File]]("managedSources") in Scope(Build: file:/C:/Users/ligthartmeu/apps/myPAL/myPAL/, , Project: ProjectReference(file:/C:/Users/ligthartmeu/apps/myPAL/myPAL/,root), Config: web-assets, Task: AttributeKey[scala.collection.Seq[java.io.File]]("less"))),true,None)
Sending msg to client activator-fce85254-3f66-42e9-acef-52bcad1973f4: TaskStarted(13,1512,Some(AttributeKey[scala.collection.Seq[java.io.File]]("sources") in Scope(Build: file:/C:/Users/ligthartmeu/apps/myPAL/myPAL/, , Project: ProjectReference(file:/C:/Users/ligthartmeu/apps/myPAL/myPAL/,root), Config: web-assets, Task: AttributeKey[scala.collection.Seq[java.io.File]]("less"))))
Sending msg to client activator-fce85254-3f66-42e9-acef-52bcad1973f4: TaskFinished(13,1505,Some(AttributeKey[scala.collection.Seq[java.io.File]]("sources") in Scope(Build: file:/C:/Users/ligthartmeu/apps/myPAL/myPAL/, , Project: ProjectReference(file:/C:/Users/ligthartmeu/apps/myPAL/myPAL/,root), Config: web-assets, Task: AttributeKey[scala.collection.Seq[java.io.File]]("jshint"))),true,None)
Sending msg to client activator-fce85254-3f66-42e9-acef-52bcad1973f4: TaskStarted(13,1497,None)
Sending msg to client activator-fce85254-3f66-42e9-acef-52bcad1973f4: TaskFinished(13,1527,Some(AttributeKey[scala.collection.Seq[java.io.File]]("sources") in Scope(Build: file:/C:/Users/ligthartmeu/apps/myPAL/myPAL/, , Project: ProjectReference(file:/C:/Users/ligthartmeu/apps/myPAL/myPAL/,root), Config: web-assets, Task: AttributeKey[scala.collection.Seq[java.io.File]]("coffeescript"))),true,None)
Sending msg to client activator-fce85254-3f66-42e9-acef-52bcad1973f4: TaskFinished(13,1512,Some(AttributeKey[scala.collection.Seq[java.io.File]]("sources") in Scope(Build: file:/C:/Users/ligthartmeu/apps/myPAL/myPAL/, , Project: ProjectReference(file:/C:/Users/ligthartmeu/apps/myPAL/myPAL/,root), Config: web-assets, Task: AttributeKey[scala.collection.Seq[java.io.File]]("less"))),true,None)
Sending msg to client activator-fce85254-3f66-42e9-acef-52bcad1973f4: TaskStarted(13,1511,None)
Sending msg to client activator-fce85254-3f66-42e9-acef-52bcad1973f4: TaskFinished(13,1525,Some(AttributeKey[java.io.File]("jstaskShellSource") in Scope(Build: file:/C:/Users/ligthartmeu/apps/myPAL/myPAL/, , Project: ProjectReference(file:/C:/Users/ligthartmeu/apps/myPAL/myPAL/,root), Task: AttributeKey[scala.collection.Seq[java.io.File]]("coffeescript"))),true,None)
Sending msg to client activator-fce85254-3f66-42e9-acef-52bcad1973f4: TaskStarted(13,1522,None)
Sending msg to client activator-fce85254-3f66-42e9-acef-52bcad1973f4: TaskFinished(13,1497,None,true,None)
Sending msg to client activator-fce85254-3f66-42e9-acef-52bcad1973f4: TaskFinished(13,1449,None,true,None)
Sending msg to client activator-fce85254-3f66-42e9-acef-52bcad1973f4: TaskStarted(13,1448,Some(AttributeKey[scala.collection.Seq[java.io.File]]("jshint") in Scope(Build: file:/C:/Users/ligthartmeu/apps/myPAL/myPAL/, , Project: ProjectReference(file:/C:/Users/ligthartmeu/apps/myPAL/myPAL/,root), Config: web-assets)))
Sending msg to client activator-fce85254-3f66-42e9-acef-52bcad1973f4: TaskFinished(13,1448,Some(AttributeKey[scala.collection.Seq[java.io.File]]("jshint") in Scope(Build: file:/C:/Users/ligthartmeu/apps/myPAL/myPAL/, , Project: ProjectReference(file:/C:/Users/ligthartmeu/apps/myPAL/myPAL/,root), Config: web-assets)),true,None)
Sending msg to client activator-fce85254-3f66-42e9-acef-52bcad1973f4: TaskFinished(13,1511,None,true,None)
Sending msg to client activator-fce85254-3f66-42e9-acef-52bcad1973f4: TaskFinished(13,1493,None,true,None)
Sending msg to client activator-fce85254-3f66-42e9-acef-52bcad1973f4: TaskStarted(13,1492,Some(AttributeKey[scala.collection.Seq[java.io.File]]("less") in Scope(Build: file:/C:/Users/ligthartmeu/apps/myPAL/myPAL/, , Project: ProjectReference(file:/C:/Users/ligthartmeu/apps/myPAL/myPAL/,root), Config: web-assets)))
Sending msg to client activator-fce85254-3f66-42e9-acef-52bcad1973f4: TaskFinished(13,1522,None,true,None)
Sending msg to client activator-fce85254-3f66-42e9-acef-52bcad1973f4: TaskFinished(13,1495,None,true,None)
Sending msg to client activator-fce85254-3f66-42e9-acef-52bcad1973f4: TaskStarted(13,1494,Some(AttributeKey[scala.collection.Seq[java.io.File]]("coffeescript") in Scope(Build: file:/C:/Users/ligthartmeu/apps/myPAL/myPAL/, , Project: ProjectReference(file:/C:/Users/ligthartmeu/apps/myPAL/myPAL/,root), Config: web-assets)))
Sending msg to client activator-fce85254-3f66-42e9-acef-52bcad1973f4: TaskFinished(13,1492,Some(AttributeKey[scala.collection.Seq[java.io.File]]("less") in Scope(Build: file:/C:/Users/ligthartmeu/apps/myPAL/myPAL/, , Project: ProjectReference(file:/C:/Users/ligthartmeu/apps/myPAL/myPAL/,root), Config: web-assets)),true,None)
Sending msg to client activator-fce85254-3f66-42e9-acef-52bcad1973f4: TaskFinished(13,1456,None,true,None)
Sending msg to client activator-fce85254-3f66-42e9-acef-52bcad1973f4: TaskStarted(13,1455,Some(AttributeKey[scala.collection.Seq[java.io.File]]("less") in Scope(Build: file:/C:/Users/ligthartmeu/apps/myPAL/myPAL/, , Project: ProjectReference(file:/C:/Users/ligthartmeu/apps/myPAL/myPAL/,root), Config: web-assets)))
Sending msg to client activator-fce85254-3f66-42e9-acef-52bcad1973f4: TaskFinished(13,1494,Some(AttributeKey[scala.collection.Seq[java.io.File]]("coffeescript") in Scope(Build: file:/C:/Users/ligthartmeu/apps/myPAL/myPAL/, , Project: ProjectReference(file:/C:/Users/ligthartmeu/apps/myPAL/myPAL/,root), Config: web-assets)),true,None)
Sending msg to client activator-fce85254-3f66-42e9-acef-52bcad1973f4: TaskFinished(13,1442,None,true,None)
Sending msg to client activator-fce85254-3f66-42e9-acef-52bcad1973f4: TaskStarted(13,1441,Some(AttributeKey[scala.collection.Seq[java.io.File]]("coffeescript") in Scope(Build: file:/C:/Users/ligthartmeu/apps/myPAL/myPAL/, , Project: ProjectReference(file:/C:/Users/ligthartmeu/apps/myPAL/myPAL/,root), Config: web-assets)))
Sending msg to client activator-fce85254-3f66-42e9-acef-52bcad1973f4: TaskFinished(13,1455,Some(AttributeKey[scala.collection.Seq[java.io.File]]("less") in Scope(Build: file:/C:/Users/ligthartmeu/apps/myPAL/myPAL/, , Project: ProjectReference(file:/C:/Users/ligthartmeu/apps/myPAL/myPAL/,root), Config: web-assets)),true,None)
Sending msg to client activator-fce85254-3f66-42e9-acef-52bcad1973f4: TaskFinished(13,1441,Some(AttributeKey[scala.collection.Seq[java.io.File]]("coffeescript") in Scope(Build: file:/C:/Users/ligthartmeu/apps/myPAL/myPAL/, , Project: ProjectReference(file:/C:/Users/ligthartmeu/apps/myPAL/myPAL/,root), Config: web-assets)),true,None)
Sending msg to client activator-fce85254-3f66-42e9-acef-52bcad1973f4: TaskStarted(13,1440,None)
Sending msg to client activator-fce85254-3f66-42e9-acef-52bcad1973f4: TaskFinished(13,1440,None,true,None)
Sending msg to client activator-fce85254-3f66-42e9-acef-52bcad1973f4: TaskStarted(13,1439,None)
Sending msg to client activator-fce85254-3f66-42e9-acef-52bcad1973f4: TaskFinished(13,1439,None,true,None)
Sending msg to client activator-fce85254-3f66-42e9-acef-52bcad1973f4: TaskStarted(13,1438,Some(AttributeKey[scala.collection.Seq[java.io.File]]("managedResources") in Scope(Build: file:/C:/Users/ligthartmeu/apps/myPAL/myPAL/, , Project: ProjectReference(file:/C:/Users/ligthartmeu/apps/myPAL/myPAL/,root), Config: web-assets)))
Sending msg to client activator-fce85254-3f66-42e9-acef-52bcad1973f4: TaskFinished(13,1438,Some(AttributeKey[scala.collection.Seq[java.io.File]]("managedResources") in Scope(Build: file:/C:/Users/ligthartmeu/apps/myPAL/myPAL/, , Project: ProjectReference(file:/C:/Users/ligthartmeu/apps/myPAL/myPAL/,root), Config: web-assets)),true,None)
Sending msg to client activator-fce85254-3f66-42e9-acef-52bcad1973f4: TaskStarted(13,1437,Some(AttributeKey[scala.collection.Seq[java.io.File]]("resources") in Scope(Build: file:/C:/Users/ligthartmeu/apps/myPAL/myPAL/, , Project: ProjectReference(file:/C:/Users/ligthartmeu/apps/myPAL/myPAL/,root), Config: web-assets)))
Sending msg to client activator-fce85254-3f66-42e9-acef-52bcad1973f4: TaskFinished(13,1437,Some(AttributeKey[scala.collection.Seq[java.io.File]]("resources") in Scope(Build: file:/C:/Users/ligthartmeu/apps/myPAL/myPAL/, , Project: ProjectReference(file:/C:/Users/ligthartmeu/apps/myPAL/myPAL/,root), Config: web-assets)),true,None)
Sending msg to client activator-fce85254-3f66-42e9-acef-52bcad1973f4: TaskStarted(13,1436,Some(AttributeKey[scala.collection.Seq[scala.Tuple2[java.io.File,java.lang.String]]]("mappings") in Scope(Build: file:/C:/Users/ligthartmeu/apps/myPAL/myPAL/, , Project: ProjectReference(file:/C:/Users/ligthartmeu/apps/myPAL/myPAL/,root), Config: web-assets)))
Sending msg to client activator-fce85254-3f66-42e9-acef-52bcad1973f4: TaskFinished(13,1436,Some(AttributeKey[scala.collection.Seq[scala.Tuple2[java.io.File,java.lang.String]]]("mappings") in Scope(Build: file:/C:/Users/ligthartmeu/apps/myPAL/myPAL/, , Project: ProjectReference(file:/C:/Users/ligthartmeu/apps/myPAL/myPAL/,root), Config: web-assets)),true,None)
Sending msg to client activator-fce85254-3f66-42e9-acef-52bcad1973f4: TaskStarted(13,1433,Some(AttributeKey[scala.collection.Seq[scala.Tuple2[java.io.File,java.lang.String]]]("mappings") in Scope(Build: file:/C:/Users/ligthartmeu/apps/myPAL/myPAL/, , Project: ProjectReference(file:/C:/Users/ligthartmeu/apps/myPAL/myPAL/,root), Config: web-assets)))
Sending msg to client activator-fce85254-3f66-42e9-acef-52bcad1973f4: TaskFinished(13,1433,Some(AttributeKey[scala.collection.Seq[scala.Tuple2[java.io.File,java.lang.String]]]("mappings") in Scope(Build: file:/C:/Users/ligthartmeu/apps/myPAL/myPAL/, , Project: ProjectReference(file:/C:/Users/ligthartmeu/apps/myPAL/myPAL/,root), Config: web-assets)),true,None)
Sending msg to client activator-fce85254-3f66-42e9-acef-52bcad1973f4: TaskStarted(13,1431,Some(AttributeKey[scala.collection.Seq[scala.Tuple2[java.io.File,java.lang.String]]]("mappings") in Scope(Build: file:/C:/Users/ligthartmeu/apps/myPAL/myPAL/, , Project: ProjectReference(file:/C:/Users/ligthartmeu/apps/myPAL/myPAL/,root), Config: web-assets)))
Sending msg to client activator-fce85254-3f66-42e9-acef-52bcad1973f4: TaskFinished(13,1431,Some(AttributeKey[scala.collection.Seq[scala.Tuple2[java.io.File,java.lang.String]]]("mappings") in Scope(Build: file:/C:/Users/ligthartmeu/apps/myPAL/myPAL/, , Project: ProjectReference(file:/C:/Users/ligthartmeu/apps/myPAL/myPAL/,root), Config: web-assets)),true,None)
Sending msg to client activator-fce85254-3f66-42e9-acef-52bcad1973f4: TaskStarted(13,1430,Some(AttributeKey[java.io.File]("assets") in Scope(Build: file:/C:/Users/ligthartmeu/apps/myPAL/myPAL/, , Project: ProjectReference(file:/C:/Users/ligthartmeu/apps/myPAL/myPAL/,root), Config: web-assets)))
Sending msg to client activator-fce85254-3f66-42e9-acef-52bcad1973f4: TaskFinished(13,1430,Some(AttributeKey[java.io.File]("assets") in Scope(Build: file:/C:/Users/ligthartmeu/apps/myPAL/myPAL/, , Project: ProjectReference(file:/C:/Users/ligthartmeu/apps/myPAL/myPAL/,root), Config: web-assets)),true,None)
Sending msg to client activator-fce85254-3f66-42e9-acef-52bcad1973f4: TaskStarted(13,1429,None)
Sending msg to client activator-fce85254-3f66-42e9-acef-52bcad1973f4: TaskFinished(13,1429,None,true,None)
Sending msg to client activator-fce85254-3f66-42e9-acef-52bcad1973f4: TaskStarted(13,1428,Some(AttributeKey[sbt.inc.Analysis]("playAssetsWithCompilation") in Scope(Build: file:/C:/Users/ligthartmeu/apps/myPAL/myPAL/, , Project: ProjectReference(file:/C:/Users/ligthartmeu/apps/myPAL/myPAL/,root))))
Sending msg to client activator-fce85254-3f66-42e9-acef-52bcad1973f4: TaskFinished(13,1428,Some(AttributeKey[sbt.inc.Analysis]("playAssetsWithCompilation") in Scope(Build: file:/C:/Users/ligthartmeu/apps/myPAL/myPAL/, , Project: ProjectReference(file:/C:/Users/ligthartmeu/apps/myPAL/myPAL/,root))),true,None)
Sending msg to client activator-fce85254-3f66-42e9-acef-52bcad1973f4: TaskStarted(13,1427,None)
Sending msg to client activator-fce85254-3f66-42e9-acef-52bcad1973f4: TaskFinished(13,1427,None,true,None)
Sending msg to client activator-fce85254-3f66-42e9-acef-52bcad1973f4: TaskFinished(13,1417,Some(AttributeKey[scala.collection.Seq[sbt.inc.Analysis]]("playCompileEverything") in Scope(Build: file:/C:/Users/ligthartmeu/apps/myPAL/myPAL/, , Project: ProjectReference(file:/C:/Users/ligthartmeu/apps/myPAL/myPAL/,root))),true,None)
Sending msg to client activator-fce85254-3f66-42e9-acef-52bcad1973f4: TaskStarted(13,1416,Some(AttributeKey[sbt.inc.Analysis]("playReload") in Scope(Build: file:/C:/Users/ligthartmeu/apps/myPAL/myPAL/, , Project: ProjectReference(file:/C:/Users/ligthartmeu/apps/myPAL/myPAL/,root))))
Sending msg to client activator-fce85254-3f66-42e9-acef-52bcad1973f4: TaskFinished(13,1416,Some(AttributeKey[sbt.inc.Analysis]("playReload") in Scope(Build: file:/C:/Users/ligthartmeu/apps/myPAL/myPAL/, , Project: ProjectReference(file:/C:/Users/ligthartmeu/apps/myPAL/myPAL/,root))),true,None)
Sending msg to client activator-fce85254-3f66-42e9-acef-52bcad1973f4: TaskStarted(13,1415,None)
Sending msg to client activator-fce85254-3f66-42e9-acef-52bcad1973f4: TaskFinished(13,1415,None,true,None)
Sending msg to client activator-fce85254-3f66-42e9-acef-52bcad1973f4: TaskStarted(13,1306,Some(AttributeKey[play.runsupport.Reloader$CompileResult]("playForkReload") in Scope(Build: file:/C:/Users/ligthartmeu/apps/myPAL/myPAL/, , Project: ProjectReference(file:/C:/Users/ligthartmeu/apps/myPAL/myPAL/,root))))
Sending msg to client activator-fce85254-3f66-42e9-acef-52bcad1973f4: TaskFinished(13,1306,Some(AttributeKey[play.runsupport.Reloader$CompileResult]("playForkReload") in Scope(Build: file:/C:/Users/ligthartmeu/apps/myPAL/myPAL/, , Project: ProjectReference(file:/C:/Users/ligthartmeu/apps/myPAL/myPAL/,root))),true,None)
Sending msg to client activator-fce85254-3f66-42e9-acef-52bcad1973f4: TaskStarted(13,1305,None)
Sending msg to client activator-fce85254-3f66-42e9-acef-52bcad1973f4: TaskFinished(13,1305,None,true,None)
Sending msg to client activator-fce85254-3f66-42e9-acef-52bcad1973f4: TaskStarted(13,1304,None)
Sending msg to client activator-fce85254-3f66-42e9-acef-52bcad1973f4: TaskFinished(13,1304,None,true,None)
Sending msg to client activator-fce85254-3f66-42e9-acef-52bcad1973f4: DetachedLogEvent(LogMessage(debug,cancel strategy finish enabled=false lastCommand=Some(LastCommand(CommandExecutionWork(ExecutionId(13),{file:/C:/Users/ligthartmeu/apps/myPAL/myPAL/}root/*:playForkReload,Set(LiveClient(play-fork-run 243f936a-d47c-4956-a019-1ed59d7e1c94)),sbt.server.WorkCancellationStatus$$anon$1@44a63461)))))
Sending msg to client activator-fce85254-3f66-42e9-acef-52bcad1973f4: DetachedLogEvent(LogSuccess(Total time: 1 s, completed 23-jul-2015 13:56:41))
Sending msg to client activator-fce85254-3f66-42e9-acef-52bcad1973f4: DetachedLogEvent(LogMessage(debug,> server-post-command-cleanup))
Sending msg to client activator-fce85254-3f66-42e9-acef-52bcad1973f4: ExecutionSuccess(13)
Sending msg to client activator-fce85254-3f66-42e9-acef-52bcad1973f4: DetachedLogEvent(LogMessage(debug,> server-handle-next-server-request))
Sending msg to client activator-fce85254-3f66-42e9-acef-52bcad1973f4: BackgroundJobLogEvent(1,LogMessage(info,))
Sending msg to client activator-fce85254-3f66-42e9-acef-52bcad1973f4: BackgroundJobLogEvent(1,LogMessage(info,--- (RELOAD) ---))
Sending msg to client activator-fce85254-3f66-42e9-acef-52bcad1973f4: BackgroundJobLogEvent(1,LogMessage(info,))
Sending msg to client activator-fce85254-3f66-42e9-acef-52bcad1973f4: BackgroundJobLogEvent(1,LogMessage(info,play - database [default] connected at jdbc:h2:mem:play))
Sending msg to client activator-fce85254-3f66-42e9-acef-52bcad1973f4: BackgroundJobLogEvent(1,LogMessage(info,play - Application started (Dev)))
